2025-03-05 17:35:42,144 - curriculum - INFO - Starting curriculum learning for Liar's Dice with ppo agent
2025-03-05 17:35:42,144 - curriculum - INFO - Game setup: 2 players, 5 dice, 6 faces
2025-03-05 17:35:42,145 - curriculum - INFO - Curriculum: 1500000 episodes
2025-03-05 17:35:42,157 - curriculum - INFO - Using device: cuda
2025-03-05 17:35:42,160 - curriculum - INFO - Observation dimension: 52, Action dimension: 61
2025-03-05 17:35:42,670 - curriculum - INFO - Created ppo agent with 61 actions
2025-03-05 17:35:42,670 - curriculum - INFO - Curriculum schedule:
2025-03-05 17:35:42,671 - curriculum - INFO -   random: 15000 episodes (1.0%)
2025-03-05 17:35:42,671 - curriculum - INFO -   naive: 45000 episodes (3.0%)
2025-03-05 17:35:42,671 - curriculum - INFO -   conservative: 270000 episodes (18.0%)
2025-03-05 17:35:42,671 - curriculum - INFO -   bluff_punisher: 300000 episodes (20.0%)
2025-03-05 17:35:42,671 - curriculum - INFO -   anti_exploitation: 225000 episodes (15.0%)
2025-03-05 17:35:42,671 - curriculum - INFO -   aggressive: 45000 episodes (3.0%)
2025-03-05 17:35:42,671 - curriculum - INFO -   strategic: 180000 episodes (12.0%)
2025-03-05 17:35:42,672 - curriculum - INFO -   adaptive: 180000 episodes (12.0%)
2025-03-05 17:35:42,672 - curriculum - INFO -   counter_strategy: 180000 episodes (12.0%)
2025-03-05 17:35:42,672 - curriculum - INFO -   optimal: 60000 episodes (4.0%)
2025-03-05 17:35:42,672 - curriculum - INFO - 
=== Training against random (15000 episodes) ===
2025-03-05 17:35:42,672 - curriculum - INFO - Using position randomization probability of 0.00 for random
2025-03-05 17:36:12,125 - curriculum - INFO - New best model for random: 0.80 win rate
2025-03-05 17:36:12,132 - curriculum - INFO - New best overall model: 0.80 win rate
2025-03-05 17:36:39,070 - curriculum - INFO - New best model for random: 0.83 win rate
2025-03-05 17:36:39,076 - curriculum - INFO - New best overall model: 0.83 win rate
2025-03-05 17:37:26,973 - curriculum - INFO - Updated best win rate from training results: 1.00
2025-03-05 17:37:26,973 - curriculum - INFO - Using best model path from training results: new_results/curriculum_learning/ppo_5dice_2person\ppo_standard_2p5d_20250305_173542\checkpoints\level_0_random\best_model_episode_1500
2025-03-05 17:37:26,973 - curriculum - INFO - Loading best model for random (win rate: 1.00)
2025-03-05 17:37:27,822 - curriculum - INFO - Generated training progress graphs for random level
2025-03-05 17:37:27,822 - curriculum - INFO - Completed training against random
2025-03-05 17:37:27,822 - curriculum - INFO - Episodes: 15000, Duration: 104.30 seconds
2025-03-05 17:37:27,822 - curriculum - INFO - Final evaluation reward: 2.84
2025-03-05 17:37:27,822 - curriculum - INFO - Best win rate: 1.00
2025-03-05 17:37:27,822 - curriculum - INFO - 
=== Training against naive (45000 episodes) ===
2025-03-05 17:37:27,822 - curriculum - INFO - Using position randomization probability of 0.00 for naive
2025-03-05 17:38:17,010 - curriculum - INFO - New best model for naive: 0.07 win rate
2025-03-05 17:39:09,948 - curriculum - INFO - New best model for naive: 0.23 win rate
2025-03-05 17:40:32,512 - curriculum - INFO - New best model for naive: 0.30 win rate
2025-03-05 17:41:01,855 - curriculum - INFO - New best model for naive: 0.57 win rate
2025-03-05 17:42:00,016 - curriculum - INFO - New best model for naive: 0.60 win rate
2025-03-05 17:42:28,335 - curriculum - INFO - New best model for naive: 0.83 win rate
2025-03-05 17:44:40,995 - curriculum - INFO - Updated best win rate from training results: 0.97
2025-03-05 17:44:40,996 - curriculum - INFO - Using best model path from training results: new_results/curriculum_learning/ppo_5dice_2person\ppo_standard_2p5d_20250305_173542\checkpoints\level_1_naive\best_model_episode_7500
2025-03-05 17:44:40,996 - curriculum - INFO - Loading best model for naive (win rate: 0.97)
2025-03-05 17:44:41,450 - curriculum - INFO - Generated training progress graphs for naive level
2025-03-05 17:44:41,450 - curriculum - INFO - Completed training against naive
2025-03-05 17:44:41,450 - curriculum - INFO - Episodes: 45000, Duration: 433.17 seconds
2025-03-05 17:44:41,451 - curriculum - INFO - Final evaluation reward: 2.65
2025-03-05 17:44:41,451 - curriculum - INFO - Best win rate: 0.97
2025-03-05 17:44:41,451 - curriculum - INFO - Evaluating against all previous levels...
2025-03-05 17:44:42,725 - curriculum - INFO -   vs random: win rate = 1.00
2025-03-05 17:44:44,651 - curriculum - INFO -   vs naive: win rate = 0.90
2025-03-05 17:44:44,652 - curriculum - INFO -   Average win rate across all levels: 0.95
2025-03-05 17:44:44,652 - curriculum - INFO - 
=== Training against conservative (270000 episodes) ===
2025-03-05 17:44:44,652 - curriculum - INFO - Using position randomization probability of 0.25 for conservative
2025-03-05 17:45:04,365 - curriculum - INFO - New best model for conservative: 0.03 win rate
2025-03-05 17:48:01,906 - curriculum - INFO - New best model for conservative: 0.10 win rate
2025-03-05 17:48:26,756 - curriculum - INFO - New best model for conservative: 0.13 win rate
2025-03-05 17:50:07,193 - curriculum - INFO - New best model for conservative: 0.23 win rate
2025-03-05 17:51:26,966 - curriculum - INFO - New best model for conservative: 0.33 win rate
2025-03-05 17:51:53,795 - curriculum - INFO - New best model for conservative: 0.43 win rate
2025-03-05 17:54:09,871 - curriculum - INFO - New best model for conservative: 0.47 win rate
2025-03-05 17:55:04,468 - curriculum - INFO - New best model for conservative: 0.50 win rate
2025-03-05 17:55:32,157 - curriculum - INFO - New best model for conservative: 0.57 win rate
2025-03-05 17:56:27,201 - curriculum - INFO - New best model for conservative: 0.63 win rate
2025-03-05 18:03:43,378 - curriculum - INFO - New best model for conservative: 0.67 win rate
2025-03-05 18:04:10,116 - curriculum - INFO - New best model for conservative: 0.73 win rate
2025-03-05 18:07:50,197 - curriculum - INFO - New best model for conservative: 0.83 win rate
2025-03-05 18:20:13,479 - curriculum - INFO - New best model for conservative: 0.87 win rate
2025-03-05 18:20:13,487 - curriculum - INFO - New best overall model: 0.87 win rate
2025-03-05 18:30:42,929 - curriculum - INFO - Updated best win rate from training results: 0.93
2025-03-05 18:30:42,929 - curriculum - INFO - Using best model path from training results: new_results/curriculum_learning/ppo_5dice_2person\ppo_standard_2p5d_20250305_173542\checkpoints\level_2_conservative\best_model_episode_51500
2025-03-05 18:30:42,929 - curriculum - INFO - Loading best model for conservative (win rate: 0.93)
2025-03-05 18:30:43,867 - curriculum - INFO - Generated training progress graphs for conservative level
2025-03-05 18:30:43,867 - curriculum - INFO - Completed training against conservative
2025-03-05 18:30:43,867 - curriculum - INFO - Episodes: 270000, Duration: 2758.28 seconds
2025-03-05 18:30:43,868 - curriculum - INFO - Final evaluation reward: 1.50
2025-03-05 18:30:43,868 - curriculum - INFO - Best win rate: 0.93
2025-03-05 18:30:43,868 - curriculum - INFO - Evaluating against all previous levels...
2025-03-05 18:30:45,044 - curriculum - INFO -   vs random: win rate = 1.00
2025-03-05 18:30:46,754 - curriculum - INFO -   vs naive: win rate = 1.00
2025-03-05 18:30:48,868 - curriculum - INFO -   vs conservative: win rate = 0.80
2025-03-05 18:30:48,868 - curriculum - INFO -   Average win rate across all levels: 0.93
2025-03-05 18:30:48,868 - curriculum - INFO - 
=== Training against bluff_punisher (300000 episodes) ===
2025-03-05 18:30:48,868 - curriculum - INFO - Using position randomization probability of 0.50 for bluff_punisher
2025-03-05 18:31:13,916 - curriculum - INFO - New best model for bluff_punisher: 0.43 win rate
2025-03-05 18:32:03,409 - curriculum - INFO - New best model for bluff_punisher: 0.47 win rate
2025-03-05 18:32:52,987 - curriculum - INFO - New best model for bluff_punisher: 0.57 win rate
2025-03-05 18:57:35,462 - curriculum - INFO - New best model for bluff_punisher: 0.60 win rate
2025-03-05 19:07:24,908 - curriculum - INFO - New best model for bluff_punisher: 0.63 win rate
2025-03-05 19:09:52,059 - curriculum - INFO - New best model for bluff_punisher: 0.67 win rate
2025-03-05 20:08:15,886 - curriculum - INFO - New best model for bluff_punisher: 0.77 win rate
2025-03-05 20:38:18,998 - curriculum - INFO - New best model for bluff_punisher: 0.80 win rate
2025-03-05 21:30:17,730 - curriculum - INFO - New best model for bluff_punisher: 0.83 win rate
2025-03-05 22:06:49,422 - curriculum - INFO - Updated best win rate from training results: 0.90
2025-03-05 22:06:49,422 - curriculum - INFO - Using best model path from training results: new_results/curriculum_learning/ppo_5dice_2person\ppo_standard_2p5d_20250305_173542\checkpoints\level_3_bluff_punisher\best_model_episode_243500
2025-03-05 22:06:49,422 - curriculum - INFO - Loading best model for bluff_punisher (win rate: 0.90)
2025-03-05 22:06:51,516 - curriculum - INFO - Generated training progress graphs for bluff_punisher level
2025-03-05 22:06:51,517 - curriculum - INFO - Completed training against bluff_punisher
2025-03-05 22:06:51,517 - curriculum - INFO - Episodes: 300000, Duration: 12960.55 seconds
2025-03-05 22:06:51,517 - curriculum - INFO - Final evaluation reward: 0.69
2025-03-05 22:06:51,517 - curriculum - INFO - Best win rate: 0.90
2025-03-05 22:06:51,517 - curriculum - INFO - Evaluating against all previous levels...
2025-03-05 22:06:52,872 - curriculum - INFO -   vs random: win rate = 1.00
2025-03-05 22:06:54,473 - curriculum - INFO -   vs naive: win rate = 1.00
2025-03-05 22:06:56,588 - curriculum - INFO -   vs conservative: win rate = 0.70
2025-03-05 22:06:58,460 - curriculum - INFO -   vs bluff_punisher: win rate = 0.50
2025-03-05 22:06:58,461 - curriculum - INFO -   Average win rate across all levels: 0.80
2025-03-05 22:06:58,461 - curriculum - INFO - 
=== Training against anti_exploitation (225000 episodes) ===
2025-03-05 22:06:58,461 - curriculum - INFO - Using position randomization probability of 0.50 for anti_exploitation
2025-03-05 22:07:23,364 - curriculum - INFO - New best model for anti_exploitation: 0.87 win rate
2025-03-05 22:09:02,507 - curriculum - INFO - Updated best win rate from training results: 0.93
2025-03-05 22:09:02,508 - curriculum - INFO - Using best model path from training results: new_results/curriculum_learning/ppo_5dice_2person\ppo_standard_2p5d_20250305_173542\checkpoints\level_4_anti_exploitation\best_model_episode_2000
2025-03-05 22:09:02,508 - curriculum - INFO - Loading best model for anti_exploitation (win rate: 0.93)
2025-03-05 22:09:02,949 - curriculum - INFO - Generated training progress graphs for anti_exploitation level
2025-03-05 22:09:02,949 - curriculum - INFO - Completed training against anti_exploitation
2025-03-05 22:09:02,949 - curriculum - INFO - Episodes: 225000, Duration: 124.05 seconds
2025-03-05 22:09:02,949 - curriculum - INFO - Final evaluation reward: 2.04
2025-03-05 22:09:02,949 - curriculum - INFO - Best win rate: 0.93
2025-03-05 22:09:02,949 - curriculum - INFO - Evaluating against all previous levels...
2025-03-05 22:09:04,257 - curriculum - INFO -   vs random: win rate = 1.00
2025-03-05 22:09:06,034 - curriculum - INFO -   vs naive: win rate = 0.93
2025-03-05 22:09:08,063 - curriculum - INFO -   vs conservative: win rate = 0.77
2025-03-05 22:09:09,980 - curriculum - INFO -   vs bluff_punisher: win rate = 0.80
2025-03-05 22:09:11,860 - curriculum - INFO -   vs anti_exploitation: win rate = 0.73
2025-03-05 22:09:11,860 - curriculum - INFO -   Average win rate across all levels: 0.85
2025-03-05 22:09:11,860 - curriculum - INFO - 
=== Training against aggressive (45000 episodes) ===
2025-03-05 22:09:11,860 - curriculum - INFO - Using position randomization probability of 0.75 for aggressive
2025-03-05 22:09:44,214 - curriculum - INFO - Updated best win rate from training results: 1.00
2025-03-05 22:09:44,214 - curriculum - INFO - Using best model path from training results: new_results/curriculum_learning/ppo_5dice_2person\ppo_standard_2p5d_20250305_173542\checkpoints\level_5_aggressive\best_model_episode_500
2025-03-05 22:09:44,214 - curriculum - INFO - Loading best model for aggressive (win rate: 1.00)
2025-03-05 22:09:44,522 - curriculum - INFO - Generated training progress graphs for aggressive level
2025-03-05 22:09:44,522 - curriculum - INFO - Completed training against aggressive
2025-03-05 22:09:44,522 - curriculum - INFO - Episodes: 45000, Duration: 32.35 seconds
2025-03-05 22:09:44,522 - curriculum - INFO - Final evaluation reward: 4.75
2025-03-05 22:09:44,522 - curriculum - INFO - Best win rate: 1.00
2025-03-05 22:09:44,522 - curriculum - INFO - Evaluating against all previous levels...
2025-03-05 22:09:45,709 - curriculum - INFO -   vs random: win rate = 1.00
2025-03-05 22:09:47,518 - curriculum - INFO -   vs naive: win rate = 1.00
2025-03-05 22:09:49,580 - curriculum - INFO -   vs conservative: win rate = 0.73
2025-03-05 22:09:51,644 - curriculum - INFO -   vs bluff_punisher: win rate = 0.63
2025-03-05 22:09:53,510 - curriculum - INFO -   vs anti_exploitation: win rate = 0.87
2025-03-05 22:09:54,601 - curriculum - INFO -   vs aggressive: win rate = 1.00
2025-03-05 22:09:54,601 - curriculum - INFO -   Average win rate across all levels: 0.87
2025-03-05 22:09:54,601 - curriculum - INFO - 
=== Training against strategic (180000 episodes) ===
2025-03-05 22:09:54,601 - curriculum - INFO - Using position randomization probability of 0.75 for strategic
2025-03-05 22:10:51,197 - curriculum - INFO - Updated best win rate from training results: 0.93
2025-03-05 22:10:51,197 - curriculum - INFO - Using best model path from training results: new_results/curriculum_learning/ppo_5dice_2person\ppo_standard_2p5d_20250305_173542\checkpoints\level_6_strategic\best_model_episode_500
2025-03-05 22:10:51,198 - curriculum - INFO - Loading best model for strategic (win rate: 0.93)
2025-03-05 22:10:51,518 - curriculum - INFO - Generated training progress graphs for strategic level
2025-03-05 22:10:51,518 - curriculum - INFO - Completed training against strategic
2025-03-05 22:10:51,519 - curriculum - INFO - Episodes: 180000, Duration: 56.60 seconds
2025-03-05 22:10:51,519 - curriculum - INFO - Final evaluation reward: 1.80
2025-03-05 22:10:51,519 - curriculum - INFO - Best win rate: 0.93
2025-03-05 22:10:51,519 - curriculum - INFO - Evaluating against all previous levels...
2025-03-05 22:10:52,728 - curriculum - INFO -   vs random: win rate = 1.00
2025-03-05 22:10:54,555 - curriculum - INFO -   vs naive: win rate = 1.00
2025-03-05 22:10:56,629 - curriculum - INFO -   vs conservative: win rate = 0.80
2025-03-05 22:10:58,503 - curriculum - INFO -   vs bluff_punisher: win rate = 0.50
2025-03-05 22:11:00,345 - curriculum - INFO -   vs anti_exploitation: win rate = 0.90
2025-03-05 22:11:01,540 - curriculum - INFO -   vs aggressive: win rate = 1.00
2025-03-05 22:11:03,752 - curriculum - INFO -   vs strategic: win rate = 0.87
2025-03-05 22:11:03,752 - curriculum - INFO -   Average win rate across all levels: 0.87
2025-03-05 22:11:03,752 - curriculum - INFO - 
=== Training against adaptive (180000 episodes) ===
2025-03-05 22:11:03,752 - curriculum - INFO - Using position randomization probability of 1.00 for adaptive
2025-03-05 22:12:00,174 - curriculum - INFO - Updated best win rate from training results: 0.93
2025-03-05 22:12:00,174 - curriculum - INFO - Using best model path from training results: new_results/curriculum_learning/ppo_5dice_2person\ppo_standard_2p5d_20250305_173542\checkpoints\level_7_adaptive\best_model_episode_500
2025-03-05 22:12:00,174 - curriculum - INFO - Loading best model for adaptive (win rate: 0.93)
2025-03-05 22:12:00,492 - curriculum - INFO - Generated training progress graphs for adaptive level
2025-03-05 22:12:00,493 - curriculum - INFO - Completed training against adaptive
2025-03-05 22:12:00,493 - curriculum - INFO - Episodes: 180000, Duration: 56.42 seconds
2025-03-05 22:12:00,493 - curriculum - INFO - Final evaluation reward: 2.03
2025-03-05 22:12:00,493 - curriculum - INFO - Best win rate: 0.93
2025-03-05 22:12:00,493 - curriculum - INFO - Evaluating against all previous levels...
2025-03-05 22:12:01,666 - curriculum - INFO -   vs random: win rate = 1.00
2025-03-05 22:12:03,308 - curriculum - INFO -   vs naive: win rate = 1.00
2025-03-05 22:12:05,503 - curriculum - INFO -   vs conservative: win rate = 0.80
2025-03-05 22:12:07,483 - curriculum - INFO -   vs bluff_punisher: win rate = 0.67
2025-03-05 22:12:09,367 - curriculum - INFO -   vs anti_exploitation: win rate = 0.87
2025-03-05 22:12:10,542 - curriculum - INFO -   vs aggressive: win rate = 1.00
2025-03-05 22:12:12,762 - curriculum - INFO -   vs strategic: win rate = 0.87
2025-03-05 22:12:14,983 - curriculum - INFO -   vs adaptive: win rate = 0.90
2025-03-05 22:12:14,983 - curriculum - INFO -   Average win rate across all levels: 0.89
2025-03-05 22:12:14,983 - curriculum - INFO - 
=== Training against counter_strategy (180000 episodes) ===
2025-03-05 22:12:14,984 - curriculum - INFO - Using position randomization probability of 1.00 for counter_strategy
2025-03-05 22:12:39,721 - curriculum - INFO - New best model for counter_strategy: 0.63 win rate
2025-03-05 22:13:27,828 - curriculum - INFO - Updated best win rate from training results: 0.90
2025-03-05 22:13:27,828 - curriculum - INFO - Using best model path from training results: new_results/curriculum_learning/ppo_5dice_2person\ppo_standard_2p5d_20250305_173542\checkpoints\level_8_counter_strategy\best_model_episode_1000
2025-03-05 22:13:27,828 - curriculum - INFO - Loading best model for counter_strategy (win rate: 0.90)
2025-03-05 22:13:28,159 - curriculum - INFO - Generated training progress graphs for counter_strategy level
2025-03-05 22:13:28,161 - curriculum - INFO - Completed training against counter_strategy
2025-03-05 22:13:28,161 - curriculum - INFO - Episodes: 180000, Duration: 72.84 seconds
2025-03-05 22:13:28,161 - curriculum - INFO - Final evaluation reward: 1.48
2025-03-05 22:13:28,161 - curriculum - INFO - Best win rate: 0.90
2025-03-05 22:13:28,161 - curriculum - INFO - Evaluating against all previous levels...
2025-03-05 22:13:29,411 - curriculum - INFO -   vs random: win rate = 1.00
2025-03-05 22:13:31,110 - curriculum - INFO -   vs naive: win rate = 1.00
2025-03-05 22:13:33,299 - curriculum - INFO -   vs conservative: win rate = 0.90
2025-03-05 22:13:35,293 - curriculum - INFO -   vs bluff_punisher: win rate = 0.67
2025-03-05 22:13:37,157 - curriculum - INFO -   vs anti_exploitation: win rate = 0.73
2025-03-05 22:13:38,320 - curriculum - INFO -   vs aggressive: win rate = 1.00
2025-03-05 22:13:40,519 - curriculum - INFO -   vs strategic: win rate = 0.77
2025-03-05 22:13:42,815 - curriculum - INFO -   vs adaptive: win rate = 0.83
2025-03-05 22:13:44,688 - curriculum - INFO -   vs counter_strategy: win rate = 0.80
2025-03-05 22:13:44,688 - curriculum - INFO -   Average win rate across all levels: 0.86
2025-03-05 22:13:44,688 - curriculum - INFO - 
=== Training against optimal (60000 episodes) ===
2025-03-05 22:13:44,688 - curriculum - INFO - Using position randomization probability of 1.00 for optimal
2025-03-05 22:14:08,587 - curriculum - INFO - New best model for optimal: 0.47 win rate
2025-03-05 22:15:44,731 - curriculum - INFO - New best model for optimal: 0.50 win rate
2025-03-05 22:18:29,969 - curriculum - INFO - New best model for optimal: 0.53 win rate
2025-03-05 22:23:37,928 - curriculum - INFO - New best model for optimal: 0.60 win rate
2025-03-05 22:40:08,727 - curriculum - INFO - New best model for optimal: 0.63 win rate
2025-03-05 22:44:11,147 - curriculum - INFO - New best model for optimal: 0.77 win rate
2025-03-05 23:01:23,699 - curriculum - INFO - Using best model path from training results: new_results/curriculum_learning/ppo_5dice_2person\ppo_standard_2p5d_20250305_173542\checkpoints\level_9_optimal\best_model_episode_38500
2025-03-05 23:01:23,699 - curriculum - INFO - Loading best model for optimal (win rate: 0.77)
2025-03-05 23:01:24,956 - curriculum - INFO - Generated training progress graphs for optimal level
2025-03-05 23:01:24,957 - curriculum - INFO - Completed training against optimal
2025-03-05 23:01:24,957 - curriculum - INFO - Episodes: 60000, Duration: 2859.01 seconds
2025-03-05 23:01:24,957 - curriculum - INFO - Final evaluation reward: -1.40
2025-03-05 23:01:24,957 - curriculum - INFO - Best win rate: 0.77
2025-03-05 23:01:24,957 - curriculum - INFO - Evaluating against all previous levels...
2025-03-05 23:01:26,189 - curriculum - INFO -   vs random: win rate = 1.00
2025-03-05 23:01:28,050 - curriculum - INFO -   vs naive: win rate = 1.00
2025-03-05 23:01:30,217 - curriculum - INFO -   vs conservative: win rate = 0.73
2025-03-05 23:01:32,132 - curriculum - INFO -   vs bluff_punisher: win rate = 0.50
2025-03-05 23:01:34,134 - curriculum - INFO -   vs anti_exploitation: win rate = 0.77
2025-03-05 23:01:35,271 - curriculum - INFO -   vs aggressive: win rate = 1.00
2025-03-05 23:01:37,509 - curriculum - INFO -   vs strategic: win rate = 0.73
2025-03-05 23:01:39,731 - curriculum - INFO -   vs adaptive: win rate = 0.90
2025-03-05 23:01:41,614 - curriculum - INFO -   vs counter_strategy: win rate = 0.73
2025-03-05 23:01:43,379 - curriculum - INFO -   vs optimal: win rate = 0.43
2025-03-05 23:01:43,379 - curriculum - INFO -   Average win rate across all levels: 0.78
2025-03-05 23:01:43,389 - curriculum - INFO - 
=== First Evaluation: Finding Best Overall Model ===
2025-03-05 23:01:43,389 - curriculum - INFO - Found 12 candidate models to evaluate
2025-03-05 23:01:43,389 - curriculum - INFO - Evaluating candidate model: level_random
2025-03-05 23:04:31,223 - curriculum - INFO -   level_random: Overall win rate = 0.4948
2025-03-05 23:04:31,223 - curriculum - INFO -   New best overall model: level_random with 0.4948 win rate
2025-03-05 23:04:31,223 - curriculum - INFO - Evaluating candidate model: level_naive
2025-03-05 23:07:58,821 - curriculum - INFO -   level_naive: Overall win rate = 0.5094
2025-03-05 23:07:58,822 - curriculum - INFO -   New best overall model: level_naive with 0.5094 win rate
2025-03-05 23:07:58,822 - curriculum - INFO - Evaluating candidate model: level_conservative
2025-03-05 23:11:48,514 - curriculum - INFO -   level_conservative: Overall win rate = 0.5149
2025-03-05 23:11:48,514 - curriculum - INFO -   New best overall model: level_conservative with 0.5149 win rate
2025-03-05 23:11:48,515 - curriculum - INFO - Evaluating candidate model: level_bluff_punisher
2025-03-05 23:15:31,363 - curriculum - INFO -   level_bluff_punisher: Overall win rate = 0.5184
2025-03-05 23:15:31,363 - curriculum - INFO -   New best overall model: level_bluff_punisher with 0.5184 win rate
2025-03-05 23:15:31,364 - curriculum - INFO - Evaluating candidate model: level_anti_exploitation
2025-03-05 23:19:14,147 - curriculum - INFO -   level_anti_exploitation: Overall win rate = 0.5195
2025-03-05 23:19:14,147 - curriculum - INFO -   New best overall model: level_anti_exploitation with 0.5195 win rate
2025-03-05 23:19:14,148 - curriculum - INFO - Evaluating candidate model: level_aggressive
2025-03-05 23:22:57,391 - curriculum - INFO -   level_aggressive: Overall win rate = 0.5166
2025-03-05 23:22:57,391 - curriculum - INFO - Evaluating candidate model: level_strategic
2025-03-05 23:26:43,386 - curriculum - INFO -   level_strategic: Overall win rate = 0.5108
2025-03-05 23:26:43,386 - curriculum - INFO - Evaluating candidate model: level_adaptive
2025-03-05 23:30:31,053 - curriculum - INFO -   level_adaptive: Overall win rate = 0.5194
2025-03-05 23:30:31,053 - curriculum - INFO - Evaluating candidate model: level_counter_strategy
2025-03-05 23:34:19,844 - curriculum - INFO -   level_counter_strategy: Overall win rate = 0.5108
2025-03-05 23:34:19,845 - curriculum - INFO - Evaluating candidate model: level_optimal
2025-03-05 23:38:14,361 - curriculum - INFO -   level_optimal: Overall win rate = 0.5147
2025-03-05 23:38:14,361 - curriculum - INFO - Evaluating candidate model: final_agent
2025-03-05 23:42:05,798 - curriculum - INFO -   final_agent: Overall win rate = 0.5175
2025-03-05 23:42:05,799 - curriculum - INFO - Evaluating candidate model: best_overall_model
2025-03-05 23:45:47,642 - curriculum - INFO -   best_overall_model: Overall win rate = 0.5229
2025-03-05 23:45:47,642 - curriculum - INFO -   New best overall model: best_overall_model with 0.5229 win rate
2025-03-05 23:45:47,643 - curriculum - INFO - 
Best overall model selected: with overall win rate: 0.5229
2025-03-05 23:45:47,656 - curriculum - INFO - 
=== Starting Remedial Training on Best Overall Model ===
2025-03-05 23:45:47,656 - curriculum - INFO - Identified 10 levels needing remedial training: ['random', 'naive', 'conservative', 'bluff_punisher', 'anti_exploitation', 'aggressive', 'strategic', 'adaptive', 'counter_strategy', 'optimal']
2025-03-05 23:45:47,708 - curriculum - INFO - Starting remedial training against random
2025-03-05 23:46:03,902 - curriculum - INFO - Remedial training new best: 1.00
2025-03-05 23:46:03,903 - curriculum - INFO - Remedial training goal achieved with 1.00
2025-03-05 23:46:18,912 - curriculum - INFO - Completed remedial training against random
2025-03-05 23:46:18,912 - curriculum - INFO - Final remedial win rate: 1.00
2025-03-05 23:46:18,912 - curriculum - INFO - Starting remedial training against naive
2025-03-05 23:46:42,877 - curriculum - INFO - Remedial training new best: 0.93
2025-03-05 23:46:42,877 - curriculum - INFO - Remedial training goal achieved with 0.93
2025-03-05 23:47:05,262 - curriculum - INFO - Completed remedial training against naive
2025-03-05 23:47:05,263 - curriculum - INFO - Final remedial win rate: 0.93
2025-03-05 23:47:05,264 - curriculum - INFO - Starting remedial training against conservative
2025-03-05 23:47:33,450 - curriculum - INFO - Remedial training new best: 0.73
2025-03-05 23:48:29,558 - curriculum - INFO - Remedial training new best: 0.87
2025-03-05 23:50:19,805 - curriculum - INFO - Completed remedial training against conservative
2025-03-05 23:50:19,805 - curriculum - INFO - Final remedial win rate: 0.87
2025-03-05 23:50:19,805 - curriculum - INFO - Starting remedial training against bluff_punisher
2025-03-05 23:50:44,590 - curriculum - INFO - Remedial training new best: 0.20
2025-03-05 23:51:09,487 - curriculum - INFO - Remedial training new best: 0.37
2025-03-05 23:51:58,696 - curriculum - INFO - Remedial training new best: 0.40
2025-03-05 23:53:11,512 - curriculum - INFO - Completed remedial training against bluff_punisher
2025-03-05 23:53:11,512 - curriculum - INFO - Final remedial win rate: 0.40
2025-03-05 23:53:11,512 - curriculum - INFO - Starting remedial training against anti_exploitation
2025-03-05 23:53:36,259 - curriculum - INFO - Remedial training new best: 0.80
2025-03-05 23:54:00,738 - curriculum - INFO - Remedial training new best: 0.83
2025-03-05 23:54:25,793 - curriculum - INFO - Remedial training new best: 0.93
2025-03-05 23:54:25,793 - curriculum - INFO - Remedial training goal achieved with 0.93
2025-03-05 23:54:49,097 - curriculum - INFO - Completed remedial training against anti_exploitation
2025-03-05 23:54:49,097 - curriculum - INFO - Final remedial win rate: 0.93
2025-03-05 23:54:49,097 - curriculum - INFO - Starting remedial training against aggressive
2025-03-05 23:55:03,984 - curriculum - INFO - Remedial training new best: 1.00
2025-03-05 23:55:03,984 - curriculum - INFO - Remedial training goal achieved with 1.00
2025-03-05 23:55:18,460 - curriculum - INFO - Completed remedial training against aggressive
2025-03-05 23:55:18,460 - curriculum - INFO - Final remedial win rate: 1.00
2025-03-05 23:55:18,460 - curriculum - INFO - Starting remedial training against strategic
2025-03-05 23:55:46,918 - curriculum - INFO - Remedial training new best: 0.90
2025-03-05 23:55:46,918 - curriculum - INFO - Remedial training goal achieved with 0.90
2025-03-05 23:56:14,337 - curriculum - INFO - Completed remedial training against strategic
2025-03-05 23:56:14,337 - curriculum - INFO - Final remedial win rate: 0.90
2025-03-05 23:56:14,337 - curriculum - INFO - Starting remedial training against adaptive
2025-03-05 23:56:43,640 - curriculum - INFO - Remedial training new best: 0.90
2025-03-05 23:56:43,640 - curriculum - INFO - Remedial training goal achieved with 0.90
2025-03-05 23:57:10,416 - curriculum - INFO - Completed remedial training against adaptive
2025-03-05 23:57:10,416 - curriculum - INFO - Final remedial win rate: 0.90
2025-03-05 23:57:10,426 - curriculum - INFO - Starting remedial training against counter_strategy
2025-03-05 23:57:38,581 - curriculum - INFO - Remedial training new best: 0.87
2025-03-05 23:59:04,489 - curriculum - INFO - Remedial training new best: 0.90
2025-03-05 23:59:04,489 - curriculum - INFO - Remedial training goal achieved with 0.90
2025-03-05 23:59:44,350 - curriculum - INFO - Completed remedial training against counter_strategy
2025-03-05 23:59:44,350 - curriculum - INFO - Final remedial win rate: 0.90
2025-03-05 23:59:44,351 - curriculum - INFO - Starting remedial training against optimal
2025-03-06 00:00:08,940 - curriculum - INFO - Remedial training new best: 0.10
2025-03-06 00:00:32,891 - curriculum - INFO - Remedial training new best: 0.40
2025-03-06 00:01:46,496 - curriculum - INFO - Remedial training new best: 0.50
2025-03-06 00:02:32,324 - curriculum - INFO - Completed remedial training against optimal
2025-03-06 00:02:32,324 - curriculum - INFO - Final remedial win rate: 0.50
2025-03-06 00:02:32,324 - curriculum - INFO - 
=== Evaluating Remedial-Trained Model ===
2025-03-06 00:06:25,471 - curriculum - INFO - Pre-remedial overall win rate: 0.5229
2025-03-06 00:06:25,471 - curriculum - INFO - Post-remedial overall win rate: 0.5101
2025-03-06 00:06:25,471 - curriculum - INFO - Remedial training did not improve overall performance - reverting to pre-remedial model
2025-03-06 00:06:25,488 - curriculum - INFO - Saved best overall model to new_results/curriculum_learning/ppo_5dice_2person\ppo_standard_2p5d_20250305_173542\checkpoints\best_overall_0.5229
2025-03-06 00:06:25,489 - curriculum - INFO - 
=== Final Evaluation of Best Model ===
2025-03-06 00:06:25,489 - curriculum - INFO - Loading best overall model with win rate 0.5229 for final evaluation
2025-03-06 00:10:13,385 - curriculum - INFO - Saved final evaluation visualization to new_results/curriculum_learning/ppo_5dice_2person\ppo_standard_2p5d_20250305_173542\logs\final_evaluation.png
2025-03-06 00:10:13,672 - curriculum - INFO - Created additional visualization charts at new_results/curriculum_learning/ppo_5dice_2person\ppo_standard_2p5d_20250305_173542\logs
2025-03-06 00:10:13,706 - curriculum - INFO - Saved final model to new_results/curriculum_learning/ppo_5dice_2person\models\ppo_2p5d_0.52wr_20250305_173542
2025-03-06 00:10:13,706 - curriculum - INFO - 
Curriculum learning completed!
