2025-03-02 15:26:32,695 - train - INFO - Starting training for 20000 episodes with agent type: PPOAgent
2025-03-02 15:26:32,696 - train - INFO - Agent config: {'obs_dim': 35, 'action_dim': 37, 'hidden_dims': [256, 128, 64], 'learning_rate': 0.0005, 'min_learning_rate': 3e-05, 'gamma': 0.99, 'gae_lambda': 0.95, 'policy_clip': 0.2, 'value_coef': 0.5, 'entropy_coef': 0.016015625000000012, 'batch_size': 64, 'update_frequency': 2048, 'max_grad_norm': 0.5, 'update_counter': 11, 'step_counter': 32, 'total_training_steps': 1000000, 'current_lr': 0.0004994110182440647, 'device': 'cuda', 'memory_size': 1545, 'avg_policy_loss': 0.0, 'avg_value_loss': 0.0, 'avg_entropy': 0.0, 'avg_reward': 9.575000000000003}
2025-03-02 15:26:33,575 - train - INFO - Episode 100/20000 | Reward: -2.68 | Length: 4.85 | Loss: 0.0000
2025-03-02 15:26:34,595 - train - INFO - Evaluation at episode 100: -3.00 reward, Win rate: 0.03
2025-03-02 15:26:35,480 - train - INFO - Episode 200/20000 | Reward: -2.93 | Length: 4.82 | Loss: 0.0000
2025-03-02 15:26:36,500 - train - INFO - Evaluation at episode 200: -3.00 reward, Win rate: 0.03
2025-03-02 15:26:37,390 - train - INFO - Episode 300/20000 | Reward: -2.76 | Length: 4.87 | Loss: 0.0000
2025-03-02 15:26:38,381 - train - INFO - Evaluation at episode 300: -3.00 reward, Win rate: 0.00
2025-03-02 15:26:39,326 - train - INFO - Episode 400/20000 | Reward: -2.66 | Length: 5.14 | Loss: 0.0000
2025-03-02 15:26:40,357 - train - INFO - Evaluation at episode 400: -3.00 reward, Win rate: 0.00
2025-03-02 15:26:42,111 - train - INFO - Episode 500/20000 | Reward: -2.49 | Length: 5.32 | Loss: 0.0000
2025-03-02 15:26:43,090 - train - INFO - Evaluation at episode 500: -3.00 reward, Win rate: 0.00
2025-03-02 15:26:43,956 - train - INFO - Episode 600/20000 | Reward: -2.80 | Length: 5.09 | Loss: 0.0000
2025-03-02 15:26:44,979 - train - INFO - Evaluation at episode 600: -3.00 reward, Win rate: 0.03
2025-03-02 15:26:45,854 - train - INFO - Episode 700/20000 | Reward: -2.82 | Length: 5.02 | Loss: 0.0000
2025-03-02 15:26:46,879 - train - INFO - Evaluation at episode 700: -3.00 reward, Win rate: 0.00
2025-03-02 15:26:47,788 - train - INFO - Episode 800/20000 | Reward: -2.88 | Length: 5.02 | Loss: 0.0000
2025-03-02 15:26:48,865 - train - INFO - Evaluation at episode 800: -3.00 reward, Win rate: 0.00
2025-03-02 15:26:50,203 - train - INFO - Episode 900/20000 | Reward: -2.80 | Length: 5.01 | Loss: 0.0000
2025-03-02 15:26:51,165 - train - INFO - Evaluation at episode 900: -3.00 reward, Win rate: 0.07
2025-03-02 15:26:52,023 - train - INFO - Episode 1000/20000 | Reward: -2.92 | Length: 5.16 | Loss: 0.0000
2025-03-02 15:26:52,031 - train - INFO - Saved checkpoint to results/ppo_3dice\ppo_basic_2p3d_20250302_152449\checkpoints\level_2_conservative\agent_episode_1000
2025-03-02 15:26:53,026 - train - INFO - Evaluation at episode 1000: -3.00 reward, Win rate: 0.00
2025-03-02 15:26:53,909 - train - INFO - Episode 1100/20000 | Reward: -2.75 | Length: 4.97 | Loss: 0.0000
2025-03-02 15:26:54,929 - train - INFO - Evaluation at episode 1100: -3.00 reward, Win rate: 0.00
2025-03-02 15:26:55,780 - train - INFO - Episode 1200/20000 | Reward: -2.72 | Length: 4.75 | Loss: 0.0000
2025-03-02 15:26:56,819 - train - INFO - Evaluation at episode 1200: -3.00 reward, Win rate: 0.07
2025-03-02 15:26:58,193 - train - INFO - Episode 1300/20000 | Reward: -2.47 | Length: 5.24 | Loss: 0.0000
2025-03-02 15:26:59,162 - train - INFO - Evaluation at episode 1300: -3.00 reward, Win rate: 0.00
2025-03-02 15:27:00,029 - train - INFO - Episode 1400/20000 | Reward: -2.76 | Length: 5.15 | Loss: 0.0000
2025-03-02 15:27:00,974 - train - INFO - Evaluation at episode 1400: -3.00 reward, Win rate: 0.07
2025-03-02 15:27:01,876 - train - INFO - Episode 1500/20000 | Reward: -2.79 | Length: 5.21 | Loss: 0.0000
2025-03-02 15:27:02,910 - train - INFO - Evaluation at episode 1500: -3.00 reward, Win rate: 0.03
2025-03-02 15:27:03,774 - train - INFO - Episode 1600/20000 | Reward: -2.61 | Length: 4.96 | Loss: 0.0000
2025-03-02 15:27:04,824 - train - INFO - Evaluation at episode 1600: -3.00 reward, Win rate: 0.07
2025-03-02 15:27:06,155 - train - INFO - Episode 1700/20000 | Reward: -2.81 | Length: 5.00 | Loss: 0.0000
2025-03-02 15:27:07,093 - train - INFO - Evaluation at episode 1700: 4.00 reward, Win rate: 0.03
2025-03-02 15:27:07,993 - train - INFO - Episode 1800/20000 | Reward: -2.56 | Length: 5.21 | Loss: 0.0000
2025-03-02 15:27:09,023 - train - INFO - Evaluation at episode 1800: -3.00 reward, Win rate: 0.13
2025-03-02 15:27:09,923 - train - INFO - Episode 1900/20000 | Reward: -2.70 | Length: 5.02 | Loss: 0.0000
2025-03-02 15:27:10,966 - train - INFO - Evaluation at episode 1900: -3.00 reward, Win rate: 0.07
2025-03-02 15:27:11,847 - train - INFO - Episode 2000/20000 | Reward: -2.70 | Length: 4.91 | Loss: 0.0000
2025-03-02 15:27:11,854 - train - INFO - Saved checkpoint to results/ppo_3dice\ppo_basic_2p3d_20250302_152449\checkpoints\level_2_conservative\agent_episode_2000
2025-03-02 15:27:12,924 - train - INFO - Evaluation at episode 2000: -3.00 reward, Win rate: 0.03
2025-03-02 15:27:14,300 - train - INFO - Episode 2100/20000 | Reward: -2.53 | Length: 5.39 | Loss: 0.0000
2025-03-02 15:27:15,279 - train - INFO - Evaluation at episode 2100: -3.00 reward, Win rate: 0.10
2025-03-02 15:27:16,143 - train - INFO - Episode 2200/20000 | Reward: -2.18 | Length: 5.04 | Loss: 0.0000
2025-03-02 15:27:17,187 - train - INFO - Evaluation at episode 2200: -3.00 reward, Win rate: 0.03
2025-03-02 15:27:18,132 - train - INFO - Episode 2300/20000 | Reward: -2.49 | Length: 5.27 | Loss: 0.0000
2025-03-02 15:27:19,250 - train - INFO - Evaluation at episode 2300: -3.00 reward, Win rate: 0.10
2025-03-02 15:27:20,183 - train - INFO - Episode 2400/20000 | Reward: -2.44 | Length: 5.33 | Loss: 0.0000
2025-03-02 15:27:21,323 - train - INFO - Evaluation at episode 2400: -3.00 reward, Win rate: 0.10
2025-03-02 15:27:22,669 - train - INFO - Episode 2500/20000 | Reward: -2.52 | Length: 5.08 | Loss: 0.0000
2025-03-02 15:27:23,619 - train - INFO - Evaluation at episode 2500: -3.00 reward, Win rate: 0.10
2025-03-02 15:27:24,530 - train - INFO - Episode 2600/20000 | Reward: -2.48 | Length: 5.40 | Loss: 0.0000
2025-03-02 15:27:25,630 - train - INFO - Evaluation at episode 2600: 3.00 reward, Win rate: 0.10
2025-03-02 15:27:26,564 - train - INFO - Episode 2700/20000 | Reward: -2.69 | Length: 5.45 | Loss: 0.0000
2025-03-02 15:27:27,628 - train - INFO - Evaluation at episode 2700: -3.00 reward, Win rate: 0.03
2025-03-02 15:27:28,548 - train - INFO - Episode 2800/20000 | Reward: -2.72 | Length: 5.13 | Loss: 0.0000
2025-03-02 15:27:29,626 - train - INFO - Evaluation at episode 2800: -3.00 reward, Win rate: 0.13
2025-03-02 15:27:30,909 - train - INFO - Episode 2900/20000 | Reward: -2.60 | Length: 5.10 | Loss: 0.0000
2025-03-02 15:27:31,919 - train - INFO - Evaluation at episode 2900: -3.00 reward, Win rate: 0.13
2025-03-02 15:27:32,800 - train - INFO - Episode 3000/20000 | Reward: -2.35 | Length: 5.37 | Loss: 0.0000
2025-03-02 15:27:32,808 - train - INFO - Saved checkpoint to results/ppo_3dice\ppo_basic_2p3d_20250302_152449\checkpoints\level_2_conservative\agent_episode_3000
2025-03-02 15:27:33,919 - train - INFO - Evaluation at episode 3000: -3.00 reward, Win rate: 0.13
2025-03-02 15:27:34,865 - train - INFO - Episode 3100/20000 | Reward: -2.25 | Length: 5.32 | Loss: 0.0000
2025-03-02 15:27:35,992 - train - INFO - Evaluation at episode 3100: -3.00 reward, Win rate: 0.10
2025-03-02 15:27:37,513 - train - INFO - Episode 3200/20000 | Reward: -2.35 | Length: 5.44 | Loss: 0.0000
2025-03-02 15:27:38,617 - train - INFO - Evaluation at episode 3200: 3.00 reward, Win rate: 0.20
2025-03-02 15:27:39,529 - train - INFO - Episode 3300/20000 | Reward: -2.16 | Length: 5.64 | Loss: 0.0000
2025-03-02 15:27:40,615 - train - INFO - Evaluation at episode 3300: -3.00 reward, Win rate: 0.03
2025-03-02 15:27:41,620 - train - INFO - Episode 3400/20000 | Reward: -2.15 | Length: 5.89 | Loss: 0.0000
2025-03-02 15:27:42,781 - train - INFO - Evaluation at episode 3400: -3.00 reward, Win rate: 0.13
2025-03-02 15:27:43,816 - train - INFO - Episode 3500/20000 | Reward: -2.21 | Length: 5.83 | Loss: 0.0000
2025-03-02 15:27:45,047 - train - INFO - Evaluation at episode 3500: -3.00 reward, Win rate: 0.13
2025-03-02 15:27:46,542 - train - INFO - Episode 3600/20000 | Reward: -2.18 | Length: 5.70 | Loss: 0.0000
2025-03-02 15:27:47,615 - train - INFO - Evaluation at episode 3600: -3.00 reward, Win rate: 0.10
2025-03-02 15:27:48,507 - train - INFO - Episode 3700/20000 | Reward: -2.63 | Length: 5.58 | Loss: 0.0000
2025-03-02 15:27:49,624 - train - INFO - Evaluation at episode 3700: -3.00 reward, Win rate: 0.10
2025-03-02 15:27:50,627 - train - INFO - Episode 3800/20000 | Reward: -1.85 | Length: 5.72 | Loss: 0.0000
2025-03-02 15:27:51,732 - train - INFO - Evaluation at episode 3800: -3.00 reward, Win rate: 0.13
2025-03-02 15:27:52,722 - train - INFO - Episode 3900/20000 | Reward: -2.29 | Length: 5.55 | Loss: 0.0000
2025-03-02 15:27:53,921 - train - INFO - Evaluation at episode 3900: 3.00 reward, Win rate: 0.20
2025-03-02 15:27:55,336 - train - INFO - Episode 4000/20000 | Reward: -2.07 | Length: 5.69 | Loss: 0.0000
2025-03-02 15:27:55,344 - train - INFO - Saved checkpoint to results/ppo_3dice\ppo_basic_2p3d_20250302_152449\checkpoints\level_2_conservative\agent_episode_4000
2025-03-02 15:27:56,356 - train - INFO - Evaluation at episode 4000: -3.00 reward, Win rate: 0.07
2025-03-02 15:27:57,322 - train - INFO - Episode 4100/20000 | Reward: -2.12 | Length: 5.71 | Loss: 0.0000
2025-03-02 15:27:58,465 - train - INFO - Evaluation at episode 4100: -3.00 reward, Win rate: 0.13
2025-03-02 15:27:59,476 - train - INFO - Episode 4200/20000 | Reward: -1.53 | Length: 5.89 | Loss: 0.0000
2025-03-02 15:28:00,612 - train - INFO - Evaluation at episode 4200: -3.00 reward, Win rate: 0.23
2025-03-02 15:28:02,135 - train - INFO - Episode 4300/20000 | Reward: -2.09 | Length: 5.70 | Loss: 0.0000
2025-03-02 15:28:03,216 - train - INFO - Evaluation at episode 4300: -3.00 reward, Win rate: 0.10
2025-03-02 15:28:04,192 - train - INFO - Episode 4400/20000 | Reward: -1.96 | Length: 5.61 | Loss: 0.0000
2025-03-02 15:28:05,373 - train - INFO - Evaluation at episode 4400: -3.00 reward, Win rate: 0.13
2025-03-02 15:28:06,406 - train - INFO - Episode 4500/20000 | Reward: -1.87 | Length: 5.90 | Loss: 0.0000
2025-03-02 15:28:07,584 - train - INFO - Evaluation at episode 4500: -3.00 reward, Win rate: 0.20
2025-03-02 15:28:08,590 - train - INFO - Episode 4600/20000 | Reward: -1.97 | Length: 5.62 | Loss: 0.0000
2025-03-02 15:28:09,840 - train - INFO - Evaluation at episode 4600: -3.00 reward, Win rate: 0.23
2025-03-02 15:28:11,299 - train - INFO - Episode 4700/20000 | Reward: -1.61 | Length: 5.95 | Loss: 0.0000
2025-03-02 15:28:12,399 - train - INFO - Evaluation at episode 4700: -3.00 reward, Win rate: 0.23
2025-03-02 15:28:13,418 - train - INFO - Episode 4800/20000 | Reward: -1.45 | Length: 5.94 | Loss: 0.0000
2025-03-02 15:28:14,647 - train - INFO - Evaluation at episode 4800: 5.00 reward, Win rate: 0.27
2025-03-02 15:28:15,730 - train - INFO - Episode 4900/20000 | Reward: -1.73 | Length: 6.07 | Loss: 0.0000
2025-03-02 15:28:16,947 - train - INFO - Evaluation at episode 4900: -3.00 reward, Win rate: 0.47
2025-03-02 15:28:18,472 - train - INFO - Episode 5000/20000 | Reward: -1.86 | Length: 5.90 | Loss: 0.0000
2025-03-02 15:28:18,481 - train - INFO - Saved checkpoint to results/ppo_3dice\ppo_basic_2p3d_20250302_152449\checkpoints\level_2_conservative\agent_episode_5000
2025-03-02 15:28:19,593 - train - INFO - Evaluation at episode 5000: -3.00 reward, Win rate: 0.10
2025-03-02 15:28:20,620 - train - INFO - Episode 5100/20000 | Reward: -1.57 | Length: 6.09 | Loss: 0.0000
2025-03-02 15:28:21,820 - train - INFO - Evaluation at episode 5100: -3.00 reward, Win rate: 0.33
2025-03-02 15:28:22,996 - train - INFO - Episode 5200/20000 | Reward: -1.69 | Length: 6.40 | Loss: 0.0000
2025-03-02 15:28:24,221 - train - INFO - Evaluation at episode 5200: 4.00 reward, Win rate: 0.23
2025-03-02 15:28:25,272 - train - INFO - Episode 5300/20000 | Reward: -1.34 | Length: 5.99 | Loss: 0.0000
2025-03-02 15:28:26,518 - train - INFO - Evaluation at episode 5300: -3.00 reward, Win rate: 0.27
2025-03-02 15:28:27,991 - train - INFO - Episode 5400/20000 | Reward: -1.32 | Length: 6.18 | Loss: 0.0000
2025-03-02 15:28:29,145 - train - INFO - Evaluation at episode 5400: -3.00 reward, Win rate: 0.17
2025-03-02 15:28:30,226 - train - INFO - Episode 5500/20000 | Reward: -1.22 | Length: 6.25 | Loss: 0.0000
2025-03-02 15:28:31,406 - train - INFO - Evaluation at episode 5500: -3.00 reward, Win rate: 0.23
2025-03-02 15:28:32,467 - train - INFO - Episode 5600/20000 | Reward: -1.35 | Length: 6.04 | Loss: 0.0000
2025-03-02 15:28:33,731 - train - INFO - Evaluation at episode 5600: -3.00 reward, Win rate: 0.20
2025-03-02 15:28:35,264 - train - INFO - Episode 5700/20000 | Reward: -1.46 | Length: 6.34 | Loss: 0.0000
2025-03-02 15:28:36,406 - train - INFO - Evaluation at episode 5700: -3.00 reward, Win rate: 0.23
2025-03-02 15:28:37,473 - train - INFO - Episode 5800/20000 | Reward: -0.60 | Length: 6.40 | Loss: 0.0000
2025-03-02 15:28:38,697 - train - INFO - Evaluation at episode 5800: -3.00 reward, Win rate: 0.37
2025-03-02 15:28:39,862 - train - INFO - Episode 5900/20000 | Reward: -1.32 | Length: 6.54 | Loss: 0.0000
2025-03-02 15:28:41,093 - train - INFO - Evaluation at episode 5900: -3.00 reward, Win rate: 0.23
2025-03-02 15:28:42,597 - train - INFO - Episode 6000/20000 | Reward: -1.29 | Length: 5.96 | Loss: 0.0000
2025-03-02 15:28:42,606 - train - INFO - Saved checkpoint to results/ppo_3dice\ppo_basic_2p3d_20250302_152449\checkpoints\level_2_conservative\agent_episode_6000
2025-03-02 15:28:43,826 - train - INFO - Evaluation at episode 6000: -3.00 reward, Win rate: 0.30
2025-03-02 15:28:44,849 - train - INFO - Episode 6100/20000 | Reward: -1.34 | Length: 6.31 | Loss: 0.0000
2025-03-02 15:28:46,134 - train - INFO - Evaluation at episode 6100: -3.00 reward, Win rate: 0.33
2025-03-02 15:28:47,231 - train - INFO - Episode 6200/20000 | Reward: -1.53 | Length: 6.32 | Loss: 0.0000
2025-03-02 15:28:48,495 - train - INFO - Evaluation at episode 6200: -3.00 reward, Win rate: 0.20
2025-03-02 15:28:50,182 - train - INFO - Episode 6300/20000 | Reward: -0.76 | Length: 6.51 | Loss: 0.0000
2025-03-02 15:28:51,385 - train - INFO - Evaluation at episode 6300: -3.00 reward, Win rate: 0.33
2025-03-02 15:28:52,402 - train - INFO - Episode 6400/20000 | Reward: -1.13 | Length: 6.09 | Loss: 0.0000
2025-03-02 15:28:53,695 - train - INFO - Evaluation at episode 6400: -3.00 reward, Win rate: 0.37
2025-03-02 15:28:54,791 - train - INFO - Episode 6500/20000 | Reward: -0.84 | Length: 6.29 | Loss: 0.0000
2025-03-02 15:28:56,101 - train - INFO - Evaluation at episode 6500: -3.00 reward, Win rate: 0.27
2025-03-02 15:28:57,296 - train - INFO - Episode 6600/20000 | Reward: -0.96 | Length: 6.74 | Loss: 0.0000
2025-03-02 15:28:58,579 - train - INFO - Evaluation at episode 6600: 5.00 reward, Win rate: 0.40
2025-03-02 15:29:00,142 - train - INFO - Episode 6700/20000 | Reward: -0.82 | Length: 6.45 | Loss: 0.0000
2025-03-02 15:29:01,435 - train - INFO - Evaluation at episode 6700: 5.00 reward, Win rate: 0.50
2025-03-02 15:29:02,599 - train - INFO - Episode 6800/20000 | Reward: -0.62 | Length: 6.63 | Loss: 0.0000
2025-03-02 15:29:03,922 - train - INFO - Evaluation at episode 6800: -3.00 reward, Win rate: 0.33
2025-03-02 15:29:05,051 - train - INFO - Episode 6900/20000 | Reward: -0.98 | Length: 6.35 | Loss: 0.0000
2025-03-02 15:29:06,387 - train - INFO - Evaluation at episode 6900: -3.00 reward, Win rate: 0.23
2025-03-02 15:29:08,027 - train - INFO - Episode 7000/20000 | Reward: -0.52 | Length: 6.95 | Loss: 0.0000
2025-03-02 15:29:08,035 - train - INFO - Saved checkpoint to results/ppo_3dice\ppo_basic_2p3d_20250302_152449\checkpoints\level_2_conservative\agent_episode_7000
2025-03-02 15:29:09,307 - train - INFO - Evaluation at episode 7000: -3.00 reward, Win rate: 0.40
2025-03-02 15:29:10,543 - train - INFO - Episode 7100/20000 | Reward: 0.32 | Length: 6.80 | Loss: 0.0000
2025-03-02 15:29:11,892 - train - INFO - Evaluation at episode 7100: 4.00 reward, Win rate: 0.57
2025-03-02 15:29:13,059 - train - INFO - Episode 7200/20000 | Reward: -0.22 | Length: 6.53 | Loss: 0.0000
2025-03-02 15:29:14,439 - train - INFO - Evaluation at episode 7200: -3.00 reward, Win rate: 0.30
2025-03-02 15:29:16,038 - train - INFO - Episode 7300/20000 | Reward: 0.18 | Length: 6.48 | Loss: 0.0000
2025-03-02 15:29:17,338 - train - INFO - Evaluation at episode 7300: -3.00 reward, Win rate: 0.30
2025-03-02 15:29:18,580 - train - INFO - Episode 7400/20000 | Reward: -0.03 | Length: 6.96 | Loss: 0.0000
2025-03-02 15:29:19,992 - train - INFO - Evaluation at episode 7400: -3.00 reward, Win rate: 0.33
2025-03-02 15:29:21,199 - train - INFO - Episode 7500/20000 | Reward: -0.10 | Length: 6.79 | Loss: 0.0000
2025-03-02 15:29:22,559 - train - INFO - Evaluation at episode 7500: 4.00 reward, Win rate: 0.33
2025-03-02 15:29:24,183 - train - INFO - Episode 7600/20000 | Reward: 0.58 | Length: 6.90 | Loss: 0.0000
2025-03-02 15:29:25,531 - train - INFO - Evaluation at episode 7600: 3.00 reward, Win rate: 0.50
2025-03-02 15:29:26,695 - train - INFO - Episode 7700/20000 | Reward: -0.14 | Length: 6.68 | Loss: 0.0000
2025-03-02 15:29:28,146 - train - INFO - Evaluation at episode 7700: 3.00 reward, Win rate: 0.50
2025-03-02 15:29:29,344 - train - INFO - Episode 7800/20000 | Reward: -0.12 | Length: 6.76 | Loss: 0.0000
2025-03-02 15:29:30,692 - train - INFO - Evaluation at episode 7800: 3.00 reward, Win rate: 0.40
2025-03-02 15:29:32,376 - train - INFO - Episode 7900/20000 | Reward: 0.31 | Length: 7.14 | Loss: 0.0000
2025-03-02 15:29:33,686 - train - INFO - Evaluation at episode 7900: -3.00 reward, Win rate: 0.63
2025-03-02 15:29:34,899 - train - INFO - Episode 8000/20000 | Reward: -0.06 | Length: 6.98 | Loss: 0.0000
2025-03-02 15:29:34,912 - train - INFO - Saved checkpoint to results/ppo_3dice\ppo_basic_2p3d_20250302_152449\checkpoints\level_2_conservative\agent_episode_8000
2025-03-02 15:29:36,315 - train - INFO - Evaluation at episode 8000: 3.00 reward, Win rate: 0.53
2025-03-02 15:29:37,511 - train - INFO - Episode 8100/20000 | Reward: 0.45 | Length: 6.93 | Loss: 0.0000
2025-03-02 15:29:38,879 - train - INFO - Evaluation at episode 8100: 4.00 reward, Win rate: 0.37
2025-03-02 15:29:40,472 - train - INFO - Episode 8200/20000 | Reward: 0.39 | Length: 6.81 | Loss: 0.0000
2025-03-02 15:29:41,776 - train - INFO - Evaluation at episode 8200: 4.00 reward, Win rate: 0.40
2025-03-02 15:29:42,920 - train - INFO - Episode 8300/20000 | Reward: 0.62 | Length: 6.69 | Loss: 0.0000
2025-03-02 15:29:44,262 - train - INFO - Evaluation at episode 8300: 4.00 reward, Win rate: 0.63
2025-03-02 15:29:45,463 - train - INFO - Episode 8400/20000 | Reward: 0.72 | Length: 6.71 | Loss: 0.0000
2025-03-02 15:29:46,826 - train - INFO - Evaluation at episode 8400: 5.00 reward, Win rate: 0.53
2025-03-02 15:29:48,565 - train - INFO - Episode 8500/20000 | Reward: 1.02 | Length: 6.94 | Loss: 0.0000
2025-03-02 15:29:49,905 - train - INFO - Evaluation at episode 8500: -3.00 reward, Win rate: 0.43
2025-03-02 15:29:51,135 - train - INFO - Episode 8600/20000 | Reward: 0.96 | Length: 7.14 | Loss: 0.0000
2025-03-02 15:29:52,573 - train - INFO - Evaluation at episode 8600: 3.00 reward, Win rate: 0.47
2025-03-02 15:29:53,809 - train - INFO - Episode 8700/20000 | Reward: 0.46 | Length: 7.05 | Loss: 0.0000
2025-03-02 15:29:55,252 - train - INFO - Evaluation at episode 8700: 4.00 reward, Win rate: 0.57
2025-03-02 15:29:56,902 - train - INFO - Episode 8800/20000 | Reward: 0.65 | Length: 6.88 | Loss: 0.0000
2025-03-02 15:29:58,147 - train - INFO - Evaluation at episode 8800: 4.00 reward, Win rate: 0.57
2025-03-02 15:29:59,338 - train - INFO - Episode 8900/20000 | Reward: 1.41 | Length: 6.87 | Loss: 0.0000
2025-03-02 15:30:00,747 - train - INFO - Evaluation at episode 8900: -3.00 reward, Win rate: 0.70
2025-03-02 15:30:01,965 - train - INFO - Episode 9000/20000 | Reward: 1.03 | Length: 6.88 | Loss: 0.0000
2025-03-02 15:30:01,973 - train - INFO - Saved checkpoint to results/ppo_3dice\ppo_basic_2p3d_20250302_152449\checkpoints\level_2_conservative\agent_episode_9000
2025-03-02 15:30:03,394 - train - INFO - Evaluation at episode 9000: 3.00 reward, Win rate: 0.67
2025-03-02 15:30:05,020 - train - INFO - Episode 9100/20000 | Reward: 0.53 | Length: 7.09 | Loss: 0.0000
2025-03-02 15:30:06,311 - train - INFO - Evaluation at episode 9100: 3.00 reward, Win rate: 0.63
2025-03-02 15:30:07,447 - train - INFO - Episode 9200/20000 | Reward: 1.41 | Length: 6.68 | Loss: 0.0000
2025-03-02 15:30:08,794 - train - INFO - Evaluation at episode 9200: 4.00 reward, Win rate: 0.70
2025-03-02 15:30:10,006 - train - INFO - Episode 9300/20000 | Reward: 1.53 | Length: 6.96 | Loss: 0.0000
2025-03-02 15:30:11,446 - train - INFO - Evaluation at episode 9300: 3.00 reward, Win rate: 0.53
2025-03-02 15:30:13,044 - train - INFO - Episode 9400/20000 | Reward: 1.42 | Length: 6.98 | Loss: 0.0000
2025-03-02 15:30:14,373 - train - INFO - Evaluation at episode 9400: 3.00 reward, Win rate: 0.73
2025-03-02 15:30:15,568 - train - INFO - Episode 9500/20000 | Reward: 1.17 | Length: 6.79 | Loss: 0.0000
2025-03-02 15:30:16,929 - train - INFO - Evaluation at episode 9500: -3.00 reward, Win rate: 0.50
2025-03-02 15:30:18,108 - train - INFO - Episode 9600/20000 | Reward: 1.13 | Length: 6.80 | Loss: 0.0000
2025-03-02 15:30:19,485 - train - INFO - Evaluation at episode 9600: 3.00 reward, Win rate: 0.57
2025-03-02 15:30:21,103 - train - INFO - Episode 9700/20000 | Reward: 0.94 | Length: 7.00 | Loss: 0.0000
2025-03-02 15:30:22,417 - train - INFO - Evaluation at episode 9700: -3.00 reward, Win rate: 0.63
2025-03-02 15:30:23,640 - train - INFO - Episode 9800/20000 | Reward: 1.31 | Length: 6.90 | Loss: 0.0000
2025-03-02 15:30:24,996 - train - INFO - Evaluation at episode 9800: 5.00 reward, Win rate: 0.67
2025-03-02 15:30:26,197 - train - INFO - Episode 9900/20000 | Reward: 1.48 | Length: 6.86 | Loss: 0.0000
2025-03-02 15:30:27,591 - train - INFO - Evaluation at episode 9900: 4.00 reward, Win rate: 0.70
2025-03-02 15:30:29,130 - train - INFO - Episode 10000/20000 | Reward: 1.63 | Length: 6.80 | Loss: 0.0000
2025-03-02 15:30:29,137 - train - INFO - Saved checkpoint to results/ppo_3dice\ppo_basic_2p3d_20250302_152449\checkpoints\level_2_conservative\agent_episode_10000
2025-03-02 15:30:30,424 - train - INFO - Evaluation at episode 10000: 4.00 reward, Win rate: 0.63
2025-03-02 15:30:31,606 - train - INFO - Episode 10100/20000 | Reward: 1.54 | Length: 6.83 | Loss: 0.0000
2025-03-02 15:30:33,028 - train - INFO - Evaluation at episode 10100: -3.00 reward, Win rate: 0.60
2025-03-02 15:30:34,264 - train - INFO - Episode 10200/20000 | Reward: 1.41 | Length: 6.87 | Loss: 0.0000
2025-03-02 15:30:35,664 - train - INFO - Evaluation at episode 10200: 4.00 reward, Win rate: 0.77
2025-03-02 15:30:35,664 - train - INFO - Win rate 0.77 is above threshold 0.75 (1/3)
2025-03-02 15:30:37,218 - train - INFO - Episode 10300/20000 | Reward: 1.42 | Length: 6.72 | Loss: 0.0000
2025-03-02 15:30:38,474 - train - INFO - Evaluation at episode 10300: -3.00 reward, Win rate: 0.50
2025-03-02 15:30:39,631 - train - INFO - Episode 10400/20000 | Reward: 1.62 | Length: 6.90 | Loss: 0.0000
2025-03-02 15:30:40,992 - train - INFO - Evaluation at episode 10400: 4.00 reward, Win rate: 0.60
2025-03-02 15:30:42,203 - train - INFO - Episode 10500/20000 | Reward: 1.57 | Length: 6.71 | Loss: 0.0000
2025-03-02 15:30:43,581 - train - INFO - Evaluation at episode 10500: 5.00 reward, Win rate: 0.67
2025-03-02 15:30:45,135 - train - INFO - Episode 10600/20000 | Reward: 1.43 | Length: 6.65 | Loss: 0.0000
2025-03-02 15:30:46,370 - train - INFO - Evaluation at episode 10600: 5.00 reward, Win rate: 0.57
2025-03-02 15:30:47,535 - train - INFO - Episode 10700/20000 | Reward: 1.03 | Length: 6.94 | Loss: 0.0000
2025-03-02 15:30:48,885 - train - INFO - Evaluation at episode 10700: 4.00 reward, Win rate: 0.67
2025-03-02 15:30:50,035 - train - INFO - Episode 10800/20000 | Reward: 1.49 | Length: 6.78 | Loss: 0.0000
2025-03-02 15:30:51,447 - train - INFO - Evaluation at episode 10800: 3.00 reward, Win rate: 0.63
2025-03-02 15:30:53,026 - train - INFO - Episode 10900/20000 | Reward: 1.01 | Length: 6.81 | Loss: 0.0000
2025-03-02 15:30:54,320 - train - INFO - Evaluation at episode 10900: -3.00 reward, Win rate: 0.73
2025-03-02 15:30:55,479 - train - INFO - Episode 11000/20000 | Reward: 0.93 | Length: 6.88 | Loss: 0.0000
2025-03-02 15:30:55,489 - train - INFO - Saved checkpoint to results/ppo_3dice\ppo_basic_2p3d_20250302_152449\checkpoints\level_2_conservative\agent_episode_11000
2025-03-02 15:30:56,893 - train - INFO - Evaluation at episode 11000: 3.00 reward, Win rate: 0.73
2025-03-02 15:30:58,083 - train - INFO - Episode 11100/20000 | Reward: 1.26 | Length: 6.86 | Loss: 0.0000
2025-03-02 15:30:59,429 - train - INFO - Evaluation at episode 11100: -3.00 reward, Win rate: 0.53
2025-03-02 15:31:01,055 - train - INFO - Episode 11200/20000 | Reward: 1.20 | Length: 6.77 | Loss: 0.0000
2025-03-02 15:31:02,421 - train - INFO - Evaluation at episode 11200: 4.00 reward, Win rate: 0.60
2025-03-02 15:31:03,619 - train - INFO - Episode 11300/20000 | Reward: 1.57 | Length: 6.78 | Loss: 0.0000
2025-03-02 15:31:04,968 - train - INFO - Evaluation at episode 11300: 3.00 reward, Win rate: 0.80
2025-03-02 15:31:04,968 - train - INFO - Win rate 0.80 is above threshold 0.75 (1/3)
2025-03-02 15:31:06,184 - train - INFO - Episode 11400/20000 | Reward: 1.23 | Length: 6.84 | Loss: 0.0000
2025-03-02 15:31:07,565 - train - INFO - Evaluation at episode 11400: 4.00 reward, Win rate: 0.73
2025-03-02 15:31:09,197 - train - INFO - Episode 11500/20000 | Reward: 1.80 | Length: 6.89 | Loss: 0.0000
2025-03-02 15:31:10,553 - train - INFO - Evaluation at episode 11500: -3.00 reward, Win rate: 0.70
2025-03-02 15:31:11,781 - train - INFO - Episode 11600/20000 | Reward: 1.64 | Length: 6.87 | Loss: 0.0000
2025-03-02 15:31:13,118 - train - INFO - Evaluation at episode 11600: 5.00 reward, Win rate: 0.67
2025-03-02 15:31:14,329 - train - INFO - Episode 11700/20000 | Reward: 1.82 | Length: 6.82 | Loss: 0.0000
2025-03-02 15:31:15,688 - train - INFO - Evaluation at episode 11700: 4.00 reward, Win rate: 0.70
2025-03-02 15:31:17,271 - train - INFO - Episode 11800/20000 | Reward: 1.88 | Length: 6.74 | Loss: 0.0000
2025-03-02 15:31:18,576 - train - INFO - Evaluation at episode 11800: 5.00 reward, Win rate: 0.67
2025-03-02 15:31:19,753 - train - INFO - Episode 11900/20000 | Reward: 1.64 | Length: 6.78 | Loss: 0.0000
2025-03-02 15:31:21,103 - train - INFO - Evaluation at episode 11900: -3.00 reward, Win rate: 0.70
2025-03-02 15:31:22,259 - train - INFO - Episode 12000/20000 | Reward: 1.72 | Length: 6.61 | Loss: 0.0000
2025-03-02 15:31:22,268 - train - INFO - Saved checkpoint to results/ppo_3dice\ppo_basic_2p3d_20250302_152449\checkpoints\level_2_conservative\agent_episode_12000
2025-03-02 15:31:23,631 - train - INFO - Evaluation at episode 12000: -3.00 reward, Win rate: 0.67
2025-03-02 15:31:25,232 - train - INFO - Episode 12100/20000 | Reward: 1.94 | Length: 6.86 | Loss: 0.0000
2025-03-02 15:31:26,541 - train - INFO - Evaluation at episode 12100: 5.00 reward, Win rate: 0.73
2025-03-02 15:31:27,683 - train - INFO - Episode 12200/20000 | Reward: 1.75 | Length: 6.58 | Loss: 0.0000
2025-03-02 15:31:29,014 - train - INFO - Evaluation at episode 12200: 4.00 reward, Win rate: 0.63
2025-03-02 15:31:30,218 - train - INFO - Episode 12300/20000 | Reward: 1.89 | Length: 6.76 | Loss: 0.0000
2025-03-02 15:31:31,568 - train - INFO - Evaluation at episode 12300: -3.00 reward, Win rate: 0.77
2025-03-02 15:31:31,568 - train - INFO - Win rate 0.77 is above threshold 0.75 (1/3)
2025-03-02 15:31:33,182 - train - INFO - Episode 12400/20000 | Reward: 1.86 | Length: 6.73 | Loss: 0.0000
2025-03-02 15:31:34,446 - train - INFO - Evaluation at episode 12400: -3.00 reward, Win rate: 0.70
2025-03-02 15:31:35,595 - train - INFO - Episode 12500/20000 | Reward: 1.63 | Length: 6.75 | Loss: 0.0000
2025-03-02 15:31:36,935 - train - INFO - Evaluation at episode 12500: 4.00 reward, Win rate: 0.80
2025-03-02 15:31:36,935 - train - INFO - Win rate 0.80 is above threshold 0.75 (1/3)
2025-03-02 15:31:38,106 - train - INFO - Episode 12600/20000 | Reward: 1.28 | Length: 6.65 | Loss: 0.0000
2025-03-02 15:31:39,512 - train - INFO - Evaluation at episode 12600: 5.00 reward, Win rate: 0.63
2025-03-02 15:31:41,154 - train - INFO - Episode 12700/20000 | Reward: 1.48 | Length: 6.80 | Loss: 0.0000
2025-03-02 15:31:42,516 - train - INFO - Evaluation at episode 12700: 4.00 reward, Win rate: 0.57
2025-03-02 15:31:43,668 - train - INFO - Episode 12800/20000 | Reward: 2.05 | Length: 6.72 | Loss: 0.0000
2025-03-02 15:31:44,971 - train - INFO - Evaluation at episode 12800: -3.00 reward, Win rate: 0.73
2025-03-02 15:31:46,154 - train - INFO - Episode 12900/20000 | Reward: 1.62 | Length: 6.79 | Loss: 0.0000
2025-03-02 15:31:47,562 - train - INFO - Evaluation at episode 12900: 4.00 reward, Win rate: 0.73
2025-03-02 15:31:49,539 - train - INFO - Episode 13000/20000 | Reward: 1.41 | Length: 7.15 | Loss: 0.0000
2025-03-02 15:31:49,547 - train - INFO - Saved checkpoint to results/ppo_3dice\ppo_basic_2p3d_20250302_152449\checkpoints\level_2_conservative\agent_episode_13000
2025-03-02 15:31:51,090 - train - INFO - Evaluation at episode 13000: -3.00 reward, Win rate: 0.73
2025-03-02 15:31:52,276 - train - INFO - Episode 13100/20000 | Reward: 1.89 | Length: 7.01 | Loss: 0.0000
2025-03-02 15:31:53,730 - train - INFO - Evaluation at episode 13100: 3.00 reward, Win rate: 0.77
2025-03-02 15:31:53,730 - train - INFO - Win rate 0.77 is above threshold 0.75 (1/3)
2025-03-02 15:31:55,027 - train - INFO - Episode 13200/20000 | Reward: 2.48 | Length: 6.83 | Loss: 0.0000
2025-03-02 15:31:56,519 - train - INFO - Evaluation at episode 13200: 4.00 reward, Win rate: 0.80
2025-03-02 15:31:56,519 - train - INFO - Win rate 0.80 is above threshold 0.75 (2/3)
2025-03-02 15:31:58,247 - train - INFO - Episode 13300/20000 | Reward: 2.08 | Length: 6.96 | Loss: 0.0000
2025-03-02 15:31:59,717 - train - INFO - Evaluation at episode 13300: -3.00 reward, Win rate: 0.70
2025-03-02 15:32:00,939 - train - INFO - Episode 13400/20000 | Reward: 1.32 | Length: 6.93 | Loss: 0.0000
2025-03-02 15:32:02,388 - train - INFO - Evaluation at episode 13400: 5.00 reward, Win rate: 0.63
2025-03-02 15:32:03,612 - train - INFO - Episode 13500/20000 | Reward: 1.92 | Length: 6.82 | Loss: 0.0000
2025-03-02 15:32:05,011 - train - INFO - Evaluation at episode 13500: 3.00 reward, Win rate: 0.63
2025-03-02 15:32:06,681 - train - INFO - Episode 13600/20000 | Reward: 2.55 | Length: 6.57 | Loss: 0.0000
2025-03-02 15:32:08,083 - train - INFO - Evaluation at episode 13600: 5.00 reward, Win rate: 0.80
2025-03-02 15:32:08,084 - train - INFO - Win rate 0.80 is above threshold 0.75 (1/3)
2025-03-02 15:32:09,247 - train - INFO - Episode 13700/20000 | Reward: 2.31 | Length: 6.59 | Loss: 0.0000
2025-03-02 15:32:10,752 - train - INFO - Evaluation at episode 13700: 5.00 reward, Win rate: 0.90
2025-03-02 15:32:10,752 - train - INFO - Win rate 0.90 is above threshold 0.75 (2/3)
2025-03-02 15:32:12,033 - train - INFO - Episode 13800/20000 | Reward: 1.71 | Length: 6.76 | Loss: 0.0000
2025-03-02 15:32:13,489 - train - INFO - Evaluation at episode 13800: 5.00 reward, Win rate: 0.70
2025-03-02 15:32:15,168 - train - INFO - Episode 13900/20000 | Reward: 1.77 | Length: 6.88 | Loss: 0.0000
2025-03-02 15:32:16,604 - train - INFO - Evaluation at episode 13900: -3.00 reward, Win rate: 0.53
2025-03-02 15:32:17,762 - train - INFO - Episode 14000/20000 | Reward: 2.22 | Length: 6.51 | Loss: 0.0000
2025-03-02 15:32:17,772 - train - INFO - Saved checkpoint to results/ppo_3dice\ppo_basic_2p3d_20250302_152449\checkpoints\level_2_conservative\agent_episode_14000
2025-03-02 15:32:19,264 - train - INFO - Evaluation at episode 14000: -3.00 reward, Win rate: 0.67
2025-03-02 15:32:20,428 - train - INFO - Episode 14100/20000 | Reward: 1.90 | Length: 6.57 | Loss: 0.0000
2025-03-02 15:32:21,904 - train - INFO - Evaluation at episode 14100: -3.00 reward, Win rate: 0.77
2025-03-02 15:32:21,905 - train - INFO - Win rate 0.77 is above threshold 0.75 (1/3)
2025-03-02 15:32:23,597 - train - INFO - Episode 14200/20000 | Reward: 1.89 | Length: 6.92 | Loss: 0.0000
2025-03-02 15:32:25,010 - train - INFO - Evaluation at episode 14200: 3.00 reward, Win rate: 0.73
2025-03-02 15:32:26,173 - train - INFO - Episode 14300/20000 | Reward: 2.53 | Length: 6.64 | Loss: 0.0000
2025-03-02 15:32:27,578 - train - INFO - Evaluation at episode 14300: 5.00 reward, Win rate: 0.80
2025-03-02 15:32:27,578 - train - INFO - Win rate 0.80 is above threshold 0.75 (1/3)
2025-03-02 15:32:28,775 - train - INFO - Episode 14400/20000 | Reward: 2.46 | Length: 6.67 | Loss: 0.0000
2025-03-02 15:32:30,173 - train - INFO - Evaluation at episode 14400: 4.00 reward, Win rate: 0.80
2025-03-02 15:32:30,173 - train - INFO - Win rate 0.80 is above threshold 0.75 (2/3)
2025-03-02 15:32:31,813 - train - INFO - Episode 14500/20000 | Reward: 2.02 | Length: 6.60 | Loss: 0.0000
2025-03-02 15:32:33,215 - train - INFO - Evaluation at episode 14500: 5.00 reward, Win rate: 0.80
2025-03-02 15:32:33,215 - train - INFO - Win rate 0.80 is above threshold 0.75 (3/3)
2025-03-02 15:32:33,215 - train - INFO - Early stopping triggered at episode 14500 with win rate 0.80
2025-03-02 15:32:33,223 - train - INFO - Training completed!
2025-03-02 15:32:35,330 - train - INFO - Final evaluation: 1.94 reward
