2025-03-02 11:00:17,383 - train - INFO - Starting training for 5000 episodes with agent type: PPOAgent
2025-03-02 11:00:17,383 - train - INFO - Agent config: {'update_counter': 3, 'step_counter': 1093, 'current_lr': 0.0004999561744900448, 'current_entropy': 0.018875, 'network_size': [256, 128, 64], 'device': 'cuda', 'memory_size': 466, 'avg_policy_loss': 0.0, 'avg_value_loss': 0.0, 'avg_entropy': 0.0, 'avg_reward': 8.793500000000002}
2025-03-02 11:00:18,538 - train - INFO - Episode 100/5000 | Reward: -2.57 | Length: 6.03 | Loss: 0.0000
2025-03-02 11:00:19,896 - train - INFO - Evaluation at episode 100: -3.00 reward, Win rate: 0.07
2025-03-02 11:00:21,312 - train - INFO - Episode 200/5000 | Reward: -2.37 | Length: 6.08 | Loss: 0.0000
2025-03-02 11:00:22,648 - train - INFO - Evaluation at episode 200: 4.00 reward, Win rate: 0.20
2025-03-02 11:00:23,837 - train - INFO - Episode 300/5000 | Reward: -2.06 | Length: 6.64 | Loss: 0.0000
2025-03-02 11:00:25,137 - train - INFO - Evaluation at episode 300: -3.00 reward, Win rate: 0.10
2025-03-02 11:00:26,272 - train - INFO - Episode 400/5000 | Reward: -2.24 | Length: 6.45 | Loss: 0.0000
2025-03-02 11:00:27,620 - train - INFO - Evaluation at episode 400: 4.00 reward, Win rate: 0.23
2025-03-02 11:00:29,326 - train - INFO - Episode 500/5000 | Reward: -2.23 | Length: 6.68 | Loss: 0.0000
2025-03-02 11:00:30,683 - train - INFO - Evaluation at episode 500: -3.00 reward, Win rate: 0.10
2025-03-02 11:00:31,917 - train - INFO - Episode 600/5000 | Reward: -2.02 | Length: 6.78 | Loss: 0.0000
2025-03-02 11:00:33,364 - train - INFO - Evaluation at episode 600: -3.00 reward, Win rate: 0.17
2025-03-02 11:00:34,580 - train - INFO - Episode 700/5000 | Reward: -2.24 | Length: 6.78 | Loss: 0.0000
2025-03-02 11:00:36,028 - train - INFO - Evaluation at episode 700: 3.00 reward, Win rate: 0.23
2025-03-02 11:00:37,738 - train - INFO - Episode 800/5000 | Reward: -2.04 | Length: 6.63 | Loss: 0.0000
2025-03-02 11:00:39,186 - train - INFO - Evaluation at episode 800: -3.00 reward, Win rate: 0.27
2025-03-02 11:00:40,539 - train - INFO - Episode 900/5000 | Reward: -1.05 | Length: 7.39 | Loss: 0.0000
2025-03-02 11:00:42,008 - train - INFO - Evaluation at episode 900: -3.00 reward, Win rate: 0.10
2025-03-02 11:00:43,246 - train - INFO - Episode 1000/5000 | Reward: -1.15 | Length: 7.05 | Loss: 0.0000
2025-03-02 11:00:43,254 - train - INFO - Saved checkpoint to results/ppo_3dice\ppo_basic_2p3d_20250302_105939\checkpoints\level_1_naive\agent_episode_1000
2025-03-02 11:00:44,793 - train - INFO - Evaluation at episode 1000: -3.00 reward, Win rate: 0.17
2025-03-02 11:00:46,539 - train - INFO - Episode 1100/5000 | Reward: -1.24 | Length: 7.08 | Loss: 0.0000
2025-03-02 11:00:47,960 - train - INFO - Evaluation at episode 1100: 4.00 reward, Win rate: 0.43
2025-03-02 11:00:49,209 - train - INFO - Episode 1200/5000 | Reward: -0.48 | Length: 7.39 | Loss: 0.0000
2025-03-02 11:00:50,713 - train - INFO - Evaluation at episode 1200: 3.00 reward, Win rate: 0.33
2025-03-02 11:00:52,014 - train - INFO - Episode 1300/5000 | Reward: -0.77 | Length: 7.51 | Loss: 0.0000
2025-03-02 11:00:53,646 - train - INFO - Evaluation at episode 1300: -3.00 reward, Win rate: 0.40
2025-03-02 11:00:55,434 - train - INFO - Episode 1400/5000 | Reward: -0.37 | Length: 7.32 | Loss: 0.0000
2025-03-02 11:00:56,918 - train - INFO - Evaluation at episode 1400: 5.00 reward, Win rate: 0.57
2025-03-02 11:00:58,252 - train - INFO - Episode 1500/5000 | Reward: 0.04 | Length: 7.67 | Loss: 0.0000
2025-03-02 11:00:59,782 - train - INFO - Evaluation at episode 1500: 3.00 reward, Win rate: 0.37
2025-03-02 11:01:01,199 - train - INFO - Episode 1600/5000 | Reward: 0.50 | Length: 7.98 | Loss: 0.0000
2025-03-02 11:01:02,945 - train - INFO - Evaluation at episode 1600: 3.00 reward, Win rate: 0.33
2025-03-02 11:01:04,814 - train - INFO - Episode 1700/5000 | Reward: 0.81 | Length: 7.76 | Loss: 0.0000
2025-03-02 11:01:06,281 - train - INFO - Evaluation at episode 1700: 3.00 reward, Win rate: 0.47
2025-03-02 11:01:07,742 - train - INFO - Episode 1800/5000 | Reward: 1.08 | Length: 7.82 | Loss: 0.0000
2025-03-02 11:01:09,354 - train - INFO - Evaluation at episode 1800: -3.00 reward, Win rate: 0.67
2025-03-02 11:01:10,742 - train - INFO - Episode 1900/5000 | Reward: 1.30 | Length: 7.52 | Loss: 0.0000
2025-03-02 11:01:12,374 - train - INFO - Evaluation at episode 1900: 4.00 reward, Win rate: 0.50
2025-03-02 11:01:14,211 - train - INFO - Episode 2000/5000 | Reward: 1.84 | Length: 8.07 | Loss: 0.0000
2025-03-02 11:01:14,219 - train - INFO - Saved checkpoint to results/ppo_3dice\ppo_basic_2p3d_20250302_105939\checkpoints\level_1_naive\agent_episode_2000
2025-03-02 11:01:15,768 - train - INFO - Evaluation at episode 2000: 4.00 reward, Win rate: 0.77
2025-03-02 11:01:15,768 - train - INFO - Win rate 0.77 is above threshold 0.75 (1/3)
2025-03-02 11:01:17,100 - train - INFO - Episode 2100/5000 | Reward: 1.41 | Length: 7.67 | Loss: 0.0000
2025-03-02 11:01:18,751 - train - INFO - Evaluation at episode 2100: 4.00 reward, Win rate: 0.70
2025-03-02 11:01:20,673 - train - INFO - Episode 2200/5000 | Reward: 2.21 | Length: 7.79 | Loss: 0.0000
2025-03-02 11:01:22,270 - train - INFO - Evaluation at episode 2200: 4.00 reward, Win rate: 0.87
2025-03-02 11:01:22,270 - train - INFO - Win rate 0.87 is above threshold 0.75 (1/3)
2025-03-02 11:01:23,739 - train - INFO - Episode 2300/5000 | Reward: 2.56 | Length: 7.91 | Loss: 0.0000
2025-03-02 11:01:25,331 - train - INFO - Evaluation at episode 2300: 5.00 reward, Win rate: 0.67
2025-03-02 11:01:26,741 - train - INFO - Episode 2400/5000 | Reward: 2.87 | Length: 8.10 | Loss: 0.0000
2025-03-02 11:01:28,349 - train - INFO - Evaluation at episode 2400: 5.00 reward, Win rate: 0.80
2025-03-02 11:01:28,349 - train - INFO - Win rate 0.80 is above threshold 0.75 (1/3)
2025-03-02 11:01:30,240 - train - INFO - Episode 2500/5000 | Reward: 2.89 | Length: 7.83 | Loss: 0.0000
2025-03-02 11:01:31,887 - train - INFO - Evaluation at episode 2500: 5.00 reward, Win rate: 0.90
2025-03-02 11:01:31,887 - train - INFO - Win rate 0.90 is above threshold 0.75 (2/3)
2025-03-02 11:01:33,246 - train - INFO - Episode 2600/5000 | Reward: 3.03 | Length: 7.59 | Loss: 0.0000
2025-03-02 11:01:34,947 - train - INFO - Evaluation at episode 2600: 4.00 reward, Win rate: 0.87
2025-03-02 11:01:34,947 - train - INFO - Win rate 0.87 is above threshold 0.75 (3/3)
2025-03-02 11:01:34,947 - train - INFO - Early stopping triggered at episode 2600 with win rate 0.87
2025-03-02 11:01:34,954 - train - INFO - Training completed!
2025-03-02 11:01:37,559 - train - INFO - Final evaluation: 2.93 reward
