2025-03-02 15:33:17,443 - train - INFO - Starting training for 10000 episodes with agent type: PPOAgent
2025-03-02 15:33:17,443 - train - INFO - Agent config: {'obs_dim': 35, 'action_dim': 37, 'hidden_dims': [256, 128, 64], 'learning_rate': 0.0005, 'min_learning_rate': 3e-05, 'gamma': 0.99, 'gae_lambda': 0.95, 'policy_clip': 0.2, 'value_coef': 0.5, 'entropy_coef': 0.003958780924479187, 'batch_size': 64, 'update_frequency': 2048, 'max_grad_norm': 0.5, 'update_counter': 54, 'step_counter': 737, 'total_training_steps': 1000000, 'current_lr': 0.00048594252378432185, 'device': 'cuda', 'memory_size': 2234, 'avg_policy_loss': 0.0, 'avg_value_loss': 0.0, 'avg_entropy': 0.0, 'avg_reward': 10.451999999999998}
2025-03-02 15:33:18,832 - train - INFO - Episode 100/10000 | Reward: 1.51 | Length: 8.00 | Loss: 0.0000
2025-03-02 15:33:20,608 - train - INFO - Evaluation at episode 100: 3.00 reward, Win rate: 0.77
2025-03-02 15:33:20,608 - train - INFO - Win rate 0.77 is above threshold 0.75 (1/3)
2025-03-02 15:33:22,825 - train - INFO - Episode 200/10000 | Reward: 1.33 | Length: 8.60 | Loss: 0.0000
2025-03-02 15:33:24,527 - train - INFO - Evaluation at episode 200: 3.00 reward, Win rate: 0.70
2025-03-02 15:33:25,915 - train - INFO - Episode 300/10000 | Reward: 1.94 | Length: 7.96 | Loss: 0.0000
2025-03-02 15:33:27,619 - train - INFO - Evaluation at episode 300: 3.00 reward, Win rate: 0.70
2025-03-02 15:33:29,116 - train - INFO - Episode 400/10000 | Reward: 2.02 | Length: 8.27 | Loss: 0.0000
2025-03-02 15:33:31,023 - train - INFO - Evaluation at episode 400: -3.00 reward, Win rate: 0.77
2025-03-02 15:33:31,023 - train - INFO - Win rate 0.77 is above threshold 0.75 (1/3)
2025-03-02 15:33:33,109 - train - INFO - Episode 500/10000 | Reward: 1.78 | Length: 8.08 | Loss: 0.0000
2025-03-02 15:33:34,800 - train - INFO - Evaluation at episode 500: 3.00 reward, Win rate: 0.73
2025-03-02 15:33:36,095 - train - INFO - Episode 600/10000 | Reward: 2.47 | Length: 7.69 | Loss: 0.0000
2025-03-02 15:33:37,720 - train - INFO - Evaluation at episode 600: 3.00 reward, Win rate: 0.77
2025-03-02 15:33:37,720 - train - INFO - Win rate 0.77 is above threshold 0.75 (1/3)
2025-03-02 15:33:39,611 - train - INFO - Episode 700/10000 | Reward: 2.20 | Length: 7.97 | Loss: 0.0000
2025-03-02 15:33:41,181 - train - INFO - Evaluation at episode 700: -3.00 reward, Win rate: 0.83
2025-03-02 15:33:41,181 - train - INFO - Win rate 0.83 is above threshold 0.75 (2/3)
2025-03-02 15:33:42,647 - train - INFO - Episode 800/10000 | Reward: 2.64 | Length: 7.88 | Loss: 0.0000
2025-03-02 15:33:44,334 - train - INFO - Evaluation at episode 800: 3.00 reward, Win rate: 0.77
2025-03-02 15:33:44,334 - train - INFO - Win rate 0.77 is above threshold 0.75 (3/3)
2025-03-02 15:33:44,335 - train - INFO - Early stopping triggered at episode 800 with win rate 0.77
2025-03-02 15:33:44,341 - train - INFO - Training completed!
2025-03-02 15:33:46,876 - train - INFO - Final evaluation: 2.71 reward
