2025-03-01 18:56:39,948 - dqn_train - INFO - Starting DQN training for 10000 episodes
2025-03-01 18:56:39,949 - dqn_train - INFO - Agent config: {'epsilon': 0.05, 'buffer_size': 14169, 'learning_rate': 0.000245, 'training_steps': 12366}
2025-03-01 18:56:43,258 - dqn_train - INFO - Episode 100/10000 | Reward: 1.53 | Length: 8.49 | Loss: 0.8812 | Epsilon: 0.0500 | Buffer: 15018
2025-03-01 18:56:43,912 - dqn_train - INFO - Evaluation at episode 100: 2.40 reward, Win rate: 0.70
2025-03-01 18:56:47,136 - dqn_train - INFO - Episode 200/10000 | Reward: 1.70 | Length: 8.85 | Loss: 0.8615 | Epsilon: 0.0500 | Buffer: 15903
2025-03-01 18:56:47,766 - dqn_train - INFO - Evaluation at episode 200: 1.64 reward, Win rate: 0.80
2025-03-01 18:56:47,767 - dqn_train - INFO - Win rate 0.80 is above threshold 0.75 (1/1)
2025-03-01 18:56:47,768 - dqn_train - INFO - Early stopping triggered at episode 200 with win rate 0.80
2025-03-01 18:56:47,775 - dqn_train - INFO - Training completed!
2025-03-01 18:56:48,752 - dqn_train - INFO - Final evaluation: 2.15 reward
2025-03-01 18:59:01,578 - dqn_train - INFO - Starting DQN training for 10000 episodes
2025-03-01 18:59:01,578 - dqn_train - INFO - Agent config: {'epsilon': 0.05, 'buffer_size': 15903, 'learning_rate': 0.00017149999999999997, 'training_steps': 13215}
2025-03-01 18:59:05,126 - dqn_train - INFO - Episode 100/10000 | Reward: 1.96 | Length: 8.64 | Loss: 0.8800 | Epsilon: 0.0500 | Buffer: 16767
2025-03-01 18:59:05,791 - dqn_train - INFO - Evaluation at episode 100: 2.82 reward, Win rate: 0.70
2025-03-01 18:59:09,012 - dqn_train - INFO - Episode 200/10000 | Reward: 2.12 | Length: 8.82 | Loss: 0.8737 | Epsilon: 0.0500 | Buffer: 17649
2025-03-01 18:59:09,703 - dqn_train - INFO - Evaluation at episode 200: 2.98 reward, Win rate: 0.77
2025-03-01 18:59:09,704 - dqn_train - INFO - Win rate 0.77 is above threshold 0.75 (1/1)
2025-03-01 18:59:09,704 - dqn_train - INFO - Early stopping triggered at episode 200 with win rate 0.77
2025-03-01 18:59:09,711 - dqn_train - INFO - Training completed!
2025-03-01 18:59:10,741 - dqn_train - INFO - Final evaluation: 2.79 reward
