2025-03-02 15:24:50,299 - train - INFO - Starting training for 5000 episodes with agent type: PPOAgent
2025-03-02 15:24:50,299 - train - INFO - Agent config: {'obs_dim': 35, 'action_dim': 37, 'hidden_dims': [256, 128, 64], 'learning_rate': 0.0005, 'min_learning_rate': 3e-05, 'gamma': 0.99, 'gae_lambda': 0.95, 'policy_clip': 0.2, 'value_coef': 0.5, 'entropy_coef': 0.02, 'batch_size': 64, 'update_frequency': 2048, 'max_grad_norm': 0.5, 'update_counter': 0, 'step_counter': 0, 'total_training_steps': 1000000, 'current_lr': 0.0005, 'device': 'cuda', 'memory_size': 0, 'avg_policy_loss': 0.0, 'avg_value_loss': 0.0, 'avg_entropy': 0.0, 'avg_reward': 0.0}
2025-03-02 15:24:51,553 - train - INFO - Episode 100/5000 | Reward: 0.27 | Length: 8.52 | Loss: 0.0000
2025-03-02 15:24:52,848 - train - INFO - Evaluation at episode 100: -3.00 reward, Win rate: 0.53
2025-03-02 15:24:54,017 - train - INFO - Episode 200/5000 | Reward: -0.33 | Length: 8.52 | Loss: 0.0000
2025-03-02 15:24:55,248 - train - INFO - Evaluation at episode 200: -3.00 reward, Win rate: 0.50
2025-03-02 15:24:56,996 - train - INFO - Episode 300/5000 | Reward: 0.32 | Length: 8.49 | Loss: 0.0000
2025-03-02 15:24:58,308 - train - INFO - Evaluation at episode 300: -3.00 reward, Win rate: 0.70
2025-03-02 15:24:59,566 - train - INFO - Episode 400/5000 | Reward: 1.72 | Length: 8.78 | Loss: 0.0000
2025-03-02 15:25:00,914 - train - INFO - Evaluation at episode 400: 4.00 reward, Win rate: 0.57
2025-03-02 15:25:02,111 - train - INFO - Episode 500/5000 | Reward: 1.63 | Length: 8.37 | Loss: 0.0000
2025-03-02 15:25:03,431 - train - INFO - Evaluation at episode 500: 3.00 reward, Win rate: 0.60
2025-03-02 15:25:05,073 - train - INFO - Episode 600/5000 | Reward: 1.64 | Length: 8.35 | Loss: 0.0000
2025-03-02 15:25:06,335 - train - INFO - Evaluation at episode 600: 5.00 reward, Win rate: 0.73
2025-03-02 15:25:07,638 - train - INFO - Episode 700/5000 | Reward: 2.74 | Length: 8.33 | Loss: 0.0000
2025-03-02 15:25:09,090 - train - INFO - Evaluation at episode 700: 4.00 reward, Win rate: 0.77
2025-03-02 15:25:09,090 - train - INFO - Win rate 0.77 is above threshold 0.75 (1/3)
2025-03-02 15:25:10,331 - train - INFO - Episode 800/5000 | Reward: 2.54 | Length: 7.76 | Loss: 0.0000
2025-03-02 15:25:11,774 - train - INFO - Evaluation at episode 800: 5.00 reward, Win rate: 0.80
2025-03-02 15:25:11,774 - train - INFO - Win rate 0.80 is above threshold 0.75 (2/3)
2025-03-02 15:25:13,467 - train - INFO - Episode 900/5000 | Reward: 2.66 | Length: 8.13 | Loss: 0.0000
2025-03-02 15:25:14,707 - train - INFO - Evaluation at episode 900: 5.00 reward, Win rate: 0.77
2025-03-02 15:25:14,707 - train - INFO - Win rate 0.77 is above threshold 0.75 (3/3)
2025-03-02 15:25:14,707 - train - INFO - Early stopping triggered at episode 900 with win rate 0.77
2025-03-02 15:25:14,714 - train - INFO - Training completed!
2025-03-02 15:25:16,762 - train - INFO - Final evaluation: 3.09 reward
