2025-03-02 11:07:41,836 - train - INFO - Starting training for 35000 episodes with agent type: PPOAgent
2025-03-02 11:07:41,837 - train - INFO - Agent config: {'update_counter': 41, 'step_counter': 365, 'current_lr': 0.0004918615278975164, 'current_entropy': 0.007593872070312493, 'network_size': [256, 128, 64], 'device': 'cuda', 'memory_size': 1345, 'avg_policy_loss': 0.0, 'avg_value_loss': 0.0, 'avg_entropy': 0.0, 'avg_reward': 10.443999999999999}
2025-03-02 11:07:43,358 - train - INFO - Episode 100/35000 | Reward: 1.09 | Length: 8.39 | Loss: 0.0000
2025-03-02 11:07:45,140 - train - INFO - Evaluation at episode 100: 4.00 reward, Win rate: 0.80
2025-03-02 11:07:45,141 - train - INFO - Win rate 0.80 is above threshold 0.75 (1/3)
2025-03-02 11:07:46,689 - train - INFO - Episode 200/35000 | Reward: 1.04 | Length: 8.38 | Loss: 0.0000
2025-03-02 11:07:48,443 - train - INFO - Evaluation at episode 200: 3.00 reward, Win rate: 0.57
2025-03-02 11:07:50,476 - train - INFO - Episode 300/35000 | Reward: 1.90 | Length: 7.73 | Loss: 0.0000
2025-03-02 11:07:52,124 - train - INFO - Evaluation at episode 300: -3.00 reward, Win rate: 0.77
2025-03-02 11:07:52,124 - train - INFO - Win rate 0.77 is above threshold 0.75 (1/3)
2025-03-02 11:07:53,495 - train - INFO - Episode 400/35000 | Reward: 2.25 | Length: 7.84 | Loss: 0.0000
2025-03-02 11:07:55,221 - train - INFO - Evaluation at episode 400: -3.00 reward, Win rate: 0.63
2025-03-02 11:07:57,178 - train - INFO - Episode 500/35000 | Reward: 2.14 | Length: 7.88 | Loss: 0.0000
2025-03-02 11:07:58,820 - train - INFO - Evaluation at episode 500: 4.00 reward, Win rate: 0.70
2025-03-02 11:08:00,273 - train - INFO - Episode 600/35000 | Reward: 2.52 | Length: 8.27 | Loss: 0.0000
2025-03-02 11:08:02,012 - train - INFO - Evaluation at episode 600: 4.00 reward, Win rate: 0.87
2025-03-02 11:08:02,012 - train - INFO - Win rate 0.87 is above threshold 0.75 (1/3)
2025-03-02 11:08:03,538 - train - INFO - Episode 700/35000 | Reward: 1.83 | Length: 8.24 | Loss: 0.0000
2025-03-02 11:08:05,352 - train - INFO - Evaluation at episode 700: 3.00 reward, Win rate: 0.70
2025-03-02 11:08:07,442 - train - INFO - Episode 800/35000 | Reward: 3.01 | Length: 8.04 | Loss: 0.0000
2025-03-02 11:08:09,049 - train - INFO - Evaluation at episode 800: 4.00 reward, Win rate: 0.73
2025-03-02 11:08:10,428 - train - INFO - Episode 900/35000 | Reward: 2.50 | Length: 7.97 | Loss: 0.0000
2025-03-02 11:08:12,129 - train - INFO - Evaluation at episode 900: 5.00 reward, Win rate: 0.73
2025-03-02 11:08:14,170 - train - INFO - Episode 1000/35000 | Reward: 2.64 | Length: 8.11 | Loss: 0.0000
2025-03-02 11:08:14,178 - train - INFO - Saved checkpoint to results/ppo_3dice\ppo_basic_2p3d_20250302_105939\checkpoints\level_4_strategic\agent_episode_1000
2025-03-02 11:08:15,773 - train - INFO - Evaluation at episode 1000: 3.00 reward, Win rate: 0.80
2025-03-02 11:08:15,773 - train - INFO - Win rate 0.80 is above threshold 0.75 (1/3)
2025-03-02 11:08:17,238 - train - INFO - Episode 1100/35000 | Reward: 2.58 | Length: 7.96 | Loss: 0.0000
2025-03-02 11:08:18,937 - train - INFO - Evaluation at episode 1100: 4.00 reward, Win rate: 0.87
2025-03-02 11:08:18,937 - train - INFO - Win rate 0.87 is above threshold 0.75 (2/3)
2025-03-02 11:08:20,364 - train - INFO - Episode 1200/35000 | Reward: 3.08 | Length: 7.88 | Loss: 0.0000
2025-03-02 11:08:22,066 - train - INFO - Evaluation at episode 1200: 4.00 reward, Win rate: 0.77
2025-03-02 11:08:22,066 - train - INFO - Win rate 0.77 is above threshold 0.75 (3/3)
2025-03-02 11:08:22,066 - train - INFO - Early stopping triggered at episode 1200 with win rate 0.77
2025-03-02 11:08:22,076 - train - INFO - Training completed!
2025-03-02 11:08:24,761 - train - INFO - Final evaluation: 2.62 reward
