2025-03-02 10:59:40,485 - train - INFO - Starting training for 5000 episodes with agent type: PPOAgent
2025-03-02 10:59:40,485 - train - INFO - Agent config: {'update_counter': 0, 'step_counter': 0, 'current_lr': 0.0005, 'current_entropy': 0.02, 'network_size': [256, 128, 64], 'device': 'cuda', 'memory_size': 0, 'avg_policy_loss': 0.0, 'avg_value_loss': 0.0, 'avg_entropy': 0.0, 'avg_reward': 0.0}
2025-03-02 10:59:41,805 - train - INFO - Episode 100/5000 | Reward: 0.31 | Length: 8.71 | Loss: 0.0000
2025-03-02 10:59:43,090 - train - INFO - Evaluation at episode 100: -3.00 reward, Win rate: 0.60
2025-03-02 10:59:44,217 - train - INFO - Episode 200/5000 | Reward: -0.05 | Length: 8.18 | Loss: 0.0000
2025-03-02 10:59:45,483 - train - INFO - Evaluation at episode 200: 3.00 reward, Win rate: 0.73
2025-03-02 10:59:47,243 - train - INFO - Episode 300/5000 | Reward: 0.41 | Length: 8.59 | Loss: 0.0000
2025-03-02 10:59:48,693 - train - INFO - Evaluation at episode 300: 5.00 reward, Win rate: 0.67
2025-03-02 10:59:50,021 - train - INFO - Episode 400/5000 | Reward: 1.39 | Length: 8.32 | Loss: 0.0000
2025-03-02 10:59:51,494 - train - INFO - Evaluation at episode 400: 4.00 reward, Win rate: 0.77
2025-03-02 10:59:51,494 - train - INFO - Win rate 0.77 is above threshold 0.75 (1/3)
2025-03-02 10:59:52,814 - train - INFO - Episode 500/5000 | Reward: 1.08 | Length: 8.16 | Loss: 0.0000
2025-03-02 10:59:54,319 - train - INFO - Evaluation at episode 500: 5.00 reward, Win rate: 0.53
2025-03-02 10:59:56,306 - train - INFO - Episode 600/5000 | Reward: 1.49 | Length: 8.66 | Loss: 0.0000
2025-03-02 10:59:57,760 - train - INFO - Evaluation at episode 600: 5.00 reward, Win rate: 0.70
2025-03-02 10:59:59,016 - train - INFO - Episode 700/5000 | Reward: 2.47 | Length: 8.10 | Loss: 0.0000
2025-03-02 11:00:00,478 - train - INFO - Evaluation at episode 700: 5.00 reward, Win rate: 0.63
2025-03-02 11:00:01,842 - train - INFO - Episode 800/5000 | Reward: 2.83 | Length: 8.43 | Loss: 0.0000
2025-03-02 11:00:03,386 - train - INFO - Evaluation at episode 800: 5.00 reward, Win rate: 0.70
2025-03-02 11:00:05,312 - train - INFO - Episode 900/5000 | Reward: 2.45 | Length: 8.17 | Loss: 0.0000
2025-03-02 11:00:06,733 - train - INFO - Evaluation at episode 900: 4.00 reward, Win rate: 0.73
2025-03-02 11:00:07,980 - train - INFO - Episode 1000/5000 | Reward: 2.69 | Length: 7.70 | Loss: 0.0000
2025-03-02 11:00:07,988 - train - INFO - Saved checkpoint to results/ppo_3dice\ppo_basic_2p3d_20250302_105939\checkpoints\level_0_random\agent_episode_1000
2025-03-02 11:00:09,350 - train - INFO - Evaluation at episode 1000: 5.00 reward, Win rate: 1.00
2025-03-02 11:00:09,351 - train - INFO - Win rate 1.00 is above threshold 0.75 (1/3)
2025-03-02 11:00:10,630 - train - INFO - Episode 1100/5000 | Reward: 2.47 | Length: 7.95 | Loss: 0.0000
2025-03-02 11:00:12,026 - train - INFO - Evaluation at episode 1100: 4.00 reward, Win rate: 0.77
2025-03-02 11:00:12,026 - train - INFO - Win rate 0.77 is above threshold 0.75 (2/3)
2025-03-02 11:00:13,795 - train - INFO - Episode 1200/5000 | Reward: 3.08 | Length: 7.87 | Loss: 0.0000
2025-03-02 11:00:15,130 - train - INFO - Evaluation at episode 1200: -3.00 reward, Win rate: 0.87
2025-03-02 11:00:15,131 - train - INFO - Win rate 0.87 is above threshold 0.75 (3/3)
2025-03-02 11:00:15,131 - train - INFO - Early stopping triggered at episode 1200 with win rate 0.87
2025-03-02 11:00:15,139 - train - INFO - Training completed!
2025-03-02 11:00:17,348 - train - INFO - Final evaluation: 3.53 reward
