2025-03-02 18:25:16,499 - train - INFO - Starting training for 6000 episodes with agent type: PPOAgent
2025-03-02 18:25:16,499 - train - INFO - Agent config: {'obs_dim': 47, 'action_dim': 61, 'hidden_dims': [1024, 512, 256, 128, 64], 'learning_rate': 0.0003, 'min_learning_rate': 3e-05, 'gamma': 0.99, 'gae_lambda': 0.95, 'policy_clip': 0.2, 'value_coef': 0.5, 'entropy_coef': 0.025, 'batch_size': 64, 'update_frequency': 4096, 'max_grad_norm': 0.5, 'update_counter': 0, 'step_counter': 0, 'total_training_steps': 1000000, 'current_lr': 0.0003, 'device': 'cuda', 'memory_size': 0, 'avg_policy_loss': 0.0, 'avg_value_loss': 0.0, 'avg_entropy': 0.0, 'avg_reward': 0.0}
2025-03-02 18:25:19,439 - train - INFO - Episode 100/6000 | Reward: -2.18 | Length: 17.12 | Loss: 0.0000
2025-03-02 18:25:32,267 - train - INFO - Evaluation at episode 100: 4.00 reward, Win rate: 0.40
2025-03-02 18:25:35,188 - train - INFO - Episode 200/6000 | Reward: -2.80 | Length: 16.87 | Loss: 0.0000
2025-03-02 18:25:48,851 - train - INFO - Evaluation at episode 200: 2.00 reward, Win rate: 0.27
2025-03-02 18:25:53,152 - train - INFO - Episode 300/6000 | Reward: -2.98 | Length: 16.96 | Loss: 0.0000
2025-03-02 18:26:06,166 - train - INFO - Evaluation at episode 300: -5.00 reward, Win rate: 0.40
2025-03-02 18:26:09,184 - train - INFO - Episode 400/6000 | Reward: -2.23 | Length: 17.18 | Loss: 0.0000
2025-03-02 18:26:22,872 - train - INFO - Evaluation at episode 400: -5.00 reward, Win rate: 0.37
2025-03-02 18:26:25,849 - train - INFO - Episode 500/6000 | Reward: -1.93 | Length: 16.93 | Loss: 0.0000
2025-03-02 18:26:39,306 - train - INFO - Evaluation at episode 500: -5.00 reward, Win rate: 0.33
2025-03-02 18:26:43,244 - train - INFO - Episode 600/6000 | Reward: -1.83 | Length: 16.87 | Loss: 0.0000
2025-03-02 18:26:56,616 - train - INFO - Evaluation at episode 600: -5.00 reward, Win rate: 0.53
2025-03-02 18:26:59,549 - train - INFO - Episode 700/6000 | Reward: -2.04 | Length: 16.49 | Loss: 0.0000
2025-03-02 18:27:13,258 - train - INFO - Evaluation at episode 700: -5.00 reward, Win rate: 0.43
2025-03-02 18:27:16,170 - train - INFO - Episode 800/6000 | Reward: -0.86 | Length: 16.81 | Loss: 0.0000
2025-03-02 18:27:29,491 - train - INFO - Evaluation at episode 800: -5.00 reward, Win rate: 0.67
2025-03-02 18:27:33,519 - train - INFO - Episode 900/6000 | Reward: -0.80 | Length: 16.74 | Loss: 0.0000
2025-03-02 18:27:46,752 - train - INFO - Evaluation at episode 900: -5.00 reward, Win rate: 0.50
2025-03-02 18:27:49,692 - train - INFO - Episode 1000/6000 | Reward: 0.15 | Length: 16.85 | Loss: 0.0000
2025-03-02 18:27:49,708 - train - INFO - Saved checkpoint to curriculum_learning/ppo_5dice\ppo_standard_2p5d_20250302_182515\checkpoints\level_0_random\agent_episode_1000
2025-03-02 18:28:02,780 - train - INFO - Evaluation at episode 1000: 4.00 reward, Win rate: 0.67
2025-03-02 18:28:05,669 - train - INFO - Episode 1100/6000 | Reward: 1.15 | Length: 16.77 | Loss: 0.0000
2025-03-02 18:28:19,041 - train - INFO - Evaluation at episode 1100: 1.00 reward, Win rate: 0.73
2025-03-02 18:28:22,980 - train - INFO - Episode 1200/6000 | Reward: 0.66 | Length: 16.86 | Loss: 0.0000
2025-03-02 18:28:35,744 - train - INFO - Evaluation at episode 1200: 1.00 reward, Win rate: 0.77
2025-03-02 18:28:35,744 - train - INFO - Win rate 0.77 is above threshold 0.75 (1/3)
2025-03-02 18:28:38,640 - train - INFO - Episode 1300/6000 | Reward: 1.02 | Length: 16.11 | Loss: 0.0000
2025-03-02 18:28:51,667 - train - INFO - Evaluation at episode 1300: 4.00 reward, Win rate: 0.70
2025-03-02 18:28:54,613 - train - INFO - Episode 1400/6000 | Reward: 0.28 | Length: 16.54 | Loss: 0.0000
2025-03-02 18:29:07,580 - train - INFO - Evaluation at episode 1400: -5.00 reward, Win rate: 0.67
2025-03-02 18:29:11,294 - train - INFO - Episode 1500/6000 | Reward: 1.61 | Length: 15.70 | Loss: 0.0000
2025-03-02 18:29:23,548 - train - INFO - Evaluation at episode 1500: 3.00 reward, Win rate: 0.87
2025-03-02 18:29:23,548 - train - INFO - Win rate 0.87 is above threshold 0.75 (1/3)
2025-03-02 18:29:26,423 - train - INFO - Episode 1600/6000 | Reward: 1.27 | Length: 16.13 | Loss: 0.0000
2025-03-02 18:29:38,832 - train - INFO - Evaluation at episode 1600: 2.00 reward, Win rate: 0.90
2025-03-02 18:29:38,832 - train - INFO - Win rate 0.90 is above threshold 0.75 (2/3)
2025-03-02 18:29:42,746 - train - INFO - Episode 1700/6000 | Reward: 0.77 | Length: 16.39 | Loss: 0.0000
2025-03-02 18:29:54,564 - train - INFO - Evaluation at episode 1700: 1.00 reward, Win rate: 0.90
2025-03-02 18:29:54,564 - train - INFO - Win rate 0.90 is above threshold 0.75 (3/3)
2025-03-02 18:29:54,565 - train - INFO - Early stopping triggered at episode 1700 with win rate 0.90
2025-03-02 18:29:54,583 - train - INFO - Training completed!
2025-03-02 18:30:17,519 - train - INFO - Final evaluation: 2.31 reward
