2025-03-05 17:35:42,673 - train - INFO - Starting training for 15000 episodes with agent type: PPOAgent
2025-03-05 17:35:42,673 - train - INFO - Agent config: {'obs_dim': 52, 'action_dim': 61, 'hidden_dims': [256, 128, 64], 'learning_rate': 0.0001, 'min_learning_rate': 3e-05, 'gamma': 0.99, 'gae_lambda': 0.97, 'policy_clip': 0.1, 'value_coef': 0.8, 'entropy_coef': 0.15, 'batch_size': 256, 'update_frequency': 2048, 'max_grad_norm': 0.5, 'update_counter': 0, 'step_counter': 0, 'total_training_steps': 1000000, 'current_lr': 0.0001, 'device': 'cuda', 'memory_size': 0, 'avg_policy_loss': 0.0, 'avg_value_loss': 0.0, 'avg_entropy': 0.0, 'avg_reward': 0.0}
2025-03-05 17:35:45,441 - train - INFO - Episode 100/15000 | Reward: -1.15 | Length: 16.59 | Loss: 0.0000
2025-03-05 17:35:48,664 - train - INFO - Episode 200/15000 | Reward: 0.59 | Length: 15.48 | Loss: 0.0000
2025-03-05 17:35:51,550 - train - INFO - Episode 300/15000 | Reward: 0.62 | Length: 15.78 | Loss: 0.0000
2025-03-05 17:35:54,719 - train - INFO - Episode 400/15000 | Reward: 0.77 | Length: 16.25 | Loss: 0.0000
2025-03-05 17:35:58,121 - train - INFO - Episode 500/15000 | Reward: 0.74 | Length: 15.44 | Loss: 0.0000
2025-03-05 17:36:12,099 - train - INFO - Evaluation at episode 500: 3.00 reward, Win rate: 0.80
2025-03-05 17:36:12,118 - train - INFO - New best model with win rate 0.80 saved to new_results/curriculum_learning/ppo_5dice_2person\ppo_standard_2p5d_20250305_173542\checkpoints\level_0_random\best_model_episode_500
2025-03-05 17:36:15,304 - train - INFO - Episode 600/15000 | Reward: 0.97 | Length: 15.58 | Loss: 0.0000
2025-03-05 17:36:18,117 - train - INFO - Episode 700/15000 | Reward: 0.81 | Length: 15.93 | Loss: 0.0000
2025-03-05 17:36:20,975 - train - INFO - Episode 800/15000 | Reward: 2.03 | Length: 14.46 | Loss: 0.0000
2025-03-05 17:36:23,973 - train - INFO - Episode 900/15000 | Reward: 1.63 | Length: 15.11 | Loss: 0.0000
2025-03-05 17:36:26,550 - train - INFO - Episode 1000/15000 | Reward: 1.93 | Length: 14.55 | Loss: 0.0000
2025-03-05 17:36:39,054 - train - INFO - Evaluation at episode 1000: 2.00 reward, Win rate: 0.83
2025-03-05 17:36:39,062 - train - INFO - New best model with win rate 0.83 saved to new_results/curriculum_learning/ppo_5dice_2person\ppo_standard_2p5d_20250305_173542\checkpoints\level_0_random\best_model_episode_1000
2025-03-05 17:36:41,871 - train - INFO - Episode 1100/15000 | Reward: 2.25 | Length: 13.99 | Loss: 0.0000
2025-03-05 17:36:44,470 - train - INFO - Episode 1200/15000 | Reward: 2.16 | Length: 14.54 | Loss: 0.0000
2025-03-05 17:36:47,211 - train - INFO - Episode 1300/15000 | Reward: 2.74 | Length: 13.61 | Loss: 0.0000
2025-03-05 17:36:49,966 - train - INFO - Episode 1400/15000 | Reward: 2.66 | Length: 13.91 | Loss: 0.0000
2025-03-05 17:36:52,359 - train - INFO - Episode 1500/15000 | Reward: 2.67 | Length: 13.50 | Loss: 0.0000
2025-03-05 17:37:04,066 - train - INFO - Evaluation at episode 1500: 4.00 reward, Win rate: 1.00
2025-03-05 17:37:04,075 - train - INFO - New best model with win rate 1.00 saved to new_results/curriculum_learning/ppo_5dice_2person\ppo_standard_2p5d_20250305_173542\checkpoints\level_0_random\best_model_episode_1500
2025-03-05 17:37:04,075 - train - INFO - Win rate 1.00 is above threshold 0.90 (1/1)
2025-03-05 17:37:04,075 - train - INFO - Early stopping triggered at episode 1500 with win rate 1.00
2025-03-05 17:37:04,084 - train - INFO - Training completed!
2025-03-05 17:37:04,084 - train - INFO - Loading best model with win rate 1.00 for final evaluation
2025-03-05 17:37:26,972 - train - INFO - Final evaluation: 2.84 reward
