2025-03-02 10:59:39,970 - curriculum - INFO - Starting curriculum learning for Liar's Dice with ppo agent
2025-03-02 10:59:39,970 - curriculum - INFO - Game setup: 2 players, 3 dice, 6 faces
2025-03-02 10:59:39,970 - curriculum - INFO - Curriculum: 100000 episodes, Self-play: 10000 episodes
2025-03-02 10:59:39,981 - curriculum - INFO - Using device: cuda
2025-03-02 10:59:39,981 - curriculum - INFO - Observation dimension: 35, Action dimension: 37
2025-03-02 10:59:40,483 - curriculum - INFO - Created ppo agent with 37 actions
2025-03-02 10:59:40,483 - curriculum - INFO - Curriculum schedule:
2025-03-02 10:59:40,484 - curriculum - INFO -   random: 5000 episodes (5.0%)
2025-03-02 10:59:40,484 - curriculum - INFO -   naive: 5000 episodes (5.0%)
2025-03-02 10:59:40,484 - curriculum - INFO -   conservative: 30000 episodes (30.0%)
2025-03-02 10:59:40,484 - curriculum - INFO -   aggressive: 5000 episodes (5.0%)
2025-03-02 10:59:40,484 - curriculum - INFO -   strategic: 35000 episodes (35.0%)
2025-03-02 10:59:40,484 - curriculum - INFO -   adaptive: 25000 episodes (25.0%)
2025-03-02 10:59:40,484 - curriculum - INFO - 
=== Training against random (5000 episodes) ===
2025-03-02 10:59:43,094 - curriculum - INFO - New best model for random: 0.60 win rate
2025-03-02 10:59:43,096 - curriculum - INFO - New best overall model: 0.60 win rate
2025-03-02 10:59:45,487 - curriculum - INFO - New best model for random: 0.73 win rate
2025-03-02 10:59:45,490 - curriculum - INFO - New best overall model: 0.73 win rate
2025-03-02 10:59:51,502 - curriculum - INFO - New best model for random: 0.77 win rate
2025-03-02 10:59:51,509 - curriculum - INFO - New best overall model: 0.77 win rate
2025-03-02 10:59:51,509 - curriculum - INFO - Win rate 0.77 above threshold 0.75 (1/3)
2025-03-02 11:00:09,356 - curriculum - INFO - New best model for random: 1.00 win rate
2025-03-02 11:00:09,363 - curriculum - INFO - New best overall model: 1.00 win rate
2025-03-02 11:00:09,363 - curriculum - INFO - Win rate 1.00 above threshold 0.75 (1/3)
2025-03-02 11:00:12,026 - curriculum - INFO - Win rate 0.77 above threshold 0.75 (2/3)
2025-03-02 11:00:17,348 - curriculum - INFO - Loading best model for random (win rate: 1.00)
2025-03-02 11:00:17,381 - curriculum - INFO - Completed training against random
2025-03-02 11:00:17,381 - curriculum - INFO - Episodes: 5000, Duration: 36.86 seconds
2025-03-02 11:00:17,381 - curriculum - INFO - Final evaluation reward: 3.53
2025-03-02 11:00:17,381 - curriculum - INFO - Best win rate: 1.00
2025-03-02 11:00:17,381 - curriculum - INFO - 
=== Training against naive (5000 episodes) ===
2025-03-02 11:00:19,906 - curriculum - INFO - New best model for naive: 0.07 win rate
2025-03-02 11:00:22,655 - curriculum - INFO - New best model for naive: 0.20 win rate
2025-03-02 11:00:27,627 - curriculum - INFO - New best model for naive: 0.23 win rate
2025-03-02 11:00:39,193 - curriculum - INFO - New best model for naive: 0.27 win rate
2025-03-02 11:00:47,968 - curriculum - INFO - New best model for naive: 0.43 win rate
2025-03-02 11:00:56,927 - curriculum - INFO - New best model for naive: 0.57 win rate
2025-03-02 11:01:09,362 - curriculum - INFO - New best model for naive: 0.67 win rate
2025-03-02 11:01:15,775 - curriculum - INFO - New best model for naive: 0.77 win rate
2025-03-02 11:01:15,776 - curriculum - INFO - Win rate 0.77 above threshold 0.75 (1/3)
2025-03-02 11:01:22,278 - curriculum - INFO - New best model for naive: 0.87 win rate
2025-03-02 11:01:22,278 - curriculum - INFO - Win rate 0.87 above threshold 0.75 (1/3)
2025-03-02 11:01:28,349 - curriculum - INFO - Win rate 0.80 above threshold 0.75 (1/3)
2025-03-02 11:01:31,895 - curriculum - INFO - New best model for naive: 0.90 win rate
2025-03-02 11:01:31,895 - curriculum - INFO - Win rate 0.90 above threshold 0.75 (2/3)
2025-03-02 11:01:37,559 - curriculum - INFO - Loading best model for naive (win rate: 0.90)
2025-03-02 11:01:37,598 - curriculum - INFO - Completed training against naive
2025-03-02 11:01:37,598 - curriculum - INFO - Episodes: 5000, Duration: 80.18 seconds
2025-03-02 11:01:37,599 - curriculum - INFO - Final evaluation reward: 2.93
2025-03-02 11:01:37,599 - curriculum - INFO - Best win rate: 0.90
2025-03-02 11:01:37,599 - curriculum - INFO - Evaluating against all previous levels...
2025-03-02 11:01:38,393 - curriculum - INFO -   vs random: win rate = 0.97
2025-03-02 11:01:39,381 - curriculum - INFO -   vs naive: win rate = 0.90
2025-03-02 11:01:39,383 - curriculum - INFO -   Average win rate across all levels: 0.93
2025-03-02 11:01:39,383 - curriculum - INFO - 
=== Training against conservative (30000 episodes) ===
2025-03-02 11:01:41,543 - curriculum - INFO - New best model for conservative: 0.07 win rate
2025-03-02 11:02:01,511 - curriculum - INFO - New best model for conservative: 0.17 win rate
2025-03-02 11:02:47,371 - curriculum - INFO - New best model for conservative: 0.37 win rate
2025-03-02 11:03:03,939 - curriculum - INFO - New best model for conservative: 0.43 win rate
2025-03-02 11:03:12,409 - curriculum - INFO - New best model for conservative: 0.53 win rate
2025-03-02 11:03:41,814 - curriculum - INFO - New best model for conservative: 0.60 win rate
2025-03-02 11:04:02,621 - curriculum - INFO - New best model for conservative: 0.70 win rate
2025-03-02 11:04:14,367 - curriculum - INFO - New best model for conservative: 0.73 win rate
2025-03-02 11:05:20,319 - curriculum - INFO - New best model for conservative: 0.80 win rate
2025-03-02 11:05:20,319 - curriculum - INFO - Win rate 0.80 above threshold 0.75 (1/3)
2025-03-02 11:05:29,240 - curriculum - INFO - Win rate 0.77 above threshold 0.75 (1/3)
2025-03-02 11:05:38,377 - curriculum - INFO - Win rate 0.77 above threshold 0.75 (1/3)
2025-03-02 11:05:44,171 - curriculum - INFO - Win rate 0.77 above threshold 0.75 (1/3)
2025-03-02 11:05:49,566 - curriculum - INFO - New best model for conservative: 0.87 win rate
2025-03-02 11:05:49,566 - curriculum - INFO - Win rate 0.87 above threshold 0.75 (1/3)
2025-03-02 11:06:04,482 - curriculum - INFO - Win rate 0.83 above threshold 0.75 (1/3)
2025-03-02 11:06:28,490 - curriculum - INFO - Win rate 0.87 above threshold 0.75 (1/3)
2025-03-02 11:06:37,744 - curriculum - INFO - Win rate 0.83 above threshold 0.75 (1/3)
2025-03-02 11:06:40,982 - curriculum - INFO - Win rate 0.80 above threshold 0.75 (2/3)
2025-03-02 11:06:53,546 - curriculum - INFO - Win rate 0.80 above threshold 0.75 (1/3)
2025-03-02 11:06:56,245 - curriculum - INFO - Win rate 0.77 above threshold 0.75 (2/3)
2025-03-02 11:07:08,301 - curriculum - INFO - Win rate 0.87 above threshold 0.75 (1/3)
2025-03-02 11:07:14,143 - curriculum - INFO - Win rate 0.87 above threshold 0.75 (1/3)
2025-03-02 11:07:19,744 - curriculum - INFO - Win rate 0.83 above threshold 0.75 (1/3)
2025-03-02 11:07:22,492 - curriculum - INFO - Win rate 0.80 above threshold 0.75 (2/3)
2025-03-02 11:07:27,717 - curriculum - INFO - Loading best model for conservative (win rate: 0.87)
2025-03-02 11:07:27,724 - curriculum - INFO - Completed training against conservative
2025-03-02 11:07:27,724 - curriculum - INFO - Episodes: 30000, Duration: 348.33 seconds
2025-03-02 11:07:27,725 - curriculum - INFO - Final evaluation reward: 2.21
2025-03-02 11:07:27,725 - curriculum - INFO - Best win rate: 0.87
2025-03-02 11:07:27,725 - curriculum - INFO - Evaluating against all previous levels...
2025-03-02 11:07:28,460 - curriculum - INFO -   vs random: win rate = 0.97
2025-03-02 11:07:29,418 - curriculum - INFO -   vs naive: win rate = 1.00
2025-03-02 11:07:30,401 - curriculum - INFO -   vs conservative: win rate = 0.83
2025-03-02 11:07:30,401 - curriculum - INFO -   Average win rate across all levels: 0.93
2025-03-02 11:07:30,401 - curriculum - INFO - 
=== Training against aggressive (5000 episodes) ===
2025-03-02 11:07:32,900 - curriculum - INFO - New best model for aggressive: 1.00 win rate
2025-03-02 11:07:32,900 - curriculum - INFO - Win rate 1.00 above threshold 0.75 (1/3)
2025-03-02 11:07:35,010 - curriculum - INFO - Win rate 1.00 above threshold 0.75 (2/3)
2025-03-02 11:07:38,574 - curriculum - INFO - Loading best model for aggressive (win rate: 1.00)
2025-03-02 11:07:38,615 - curriculum - INFO - Completed training against aggressive
2025-03-02 11:07:38,615 - curriculum - INFO - Episodes: 5000, Duration: 8.17 seconds
2025-03-02 11:07:38,616 - curriculum - INFO - Final evaluation reward: 4.79
2025-03-02 11:07:38,616 - curriculum - INFO - Best win rate: 1.00
2025-03-02 11:07:38,616 - curriculum - INFO - Evaluating against all previous levels...
2025-03-02 11:07:39,329 - curriculum - INFO -   vs random: win rate = 0.93
2025-03-02 11:07:40,285 - curriculum - INFO -   vs naive: win rate = 0.90
2025-03-02 11:07:41,215 - curriculum - INFO -   vs conservative: win rate = 0.73
2025-03-02 11:07:41,834 - curriculum - INFO -   vs aggressive: win rate = 1.00
2025-03-02 11:07:41,835 - curriculum - INFO -   Average win rate across all levels: 0.89
2025-03-02 11:07:41,835 - curriculum - INFO - 
=== Training against strategic (35000 episodes) ===
2025-03-02 11:07:45,151 - curriculum - INFO - New best model for strategic: 0.80 win rate
2025-03-02 11:07:45,151 - curriculum - INFO - Win rate 0.80 above threshold 0.75 (1/3)
2025-03-02 11:07:52,125 - curriculum - INFO - Win rate 0.77 above threshold 0.75 (1/3)
2025-03-02 11:08:02,019 - curriculum - INFO - New best model for strategic: 0.87 win rate
2025-03-02 11:08:02,019 - curriculum - INFO - Win rate 0.87 above threshold 0.75 (1/3)
2025-03-02 11:08:15,774 - curriculum - INFO - Win rate 0.80 above threshold 0.75 (1/3)
2025-03-02 11:08:18,937 - curriculum - INFO - Win rate 0.87 above threshold 0.75 (2/3)
2025-03-02 11:08:24,761 - curriculum - INFO - Loading best model for strategic (win rate: 0.87)
2025-03-02 11:08:24,769 - curriculum - INFO - Completed training against strategic
2025-03-02 11:08:24,769 - curriculum - INFO - Episodes: 35000, Duration: 42.93 seconds
2025-03-02 11:08:24,769 - curriculum - INFO - Final evaluation reward: 2.62
2025-03-02 11:08:24,769 - curriculum - INFO - Best win rate: 0.87
2025-03-02 11:08:24,769 - curriculum - INFO - Evaluating against all previous levels...
2025-03-02 11:08:25,545 - curriculum - INFO -   vs random: win rate = 1.00
2025-03-02 11:08:26,522 - curriculum - INFO -   vs naive: win rate = 0.93
2025-03-02 11:08:27,510 - curriculum - INFO -   vs conservative: win rate = 0.70
2025-03-02 11:08:28,218 - curriculum - INFO -   vs aggressive: win rate = 1.00
2025-03-02 11:08:29,401 - curriculum - INFO -   vs strategic: win rate = 0.67
2025-03-02 11:08:29,402 - curriculum - INFO -   Average win rate across all levels: 0.86
2025-03-02 11:08:29,402 - curriculum - INFO - 
=== Training against adaptive (25000 episodes) ===
2025-03-02 11:08:32,832 - curriculum - INFO - New best model for adaptive: 0.73 win rate
2025-03-02 11:09:02,394 - curriculum - INFO - New best model for adaptive: 0.80 win rate
2025-03-02 11:09:02,394 - curriculum - INFO - Win rate 0.80 above threshold 0.75 (1/3)
2025-03-02 11:09:05,679 - curriculum - INFO - Win rate 0.77 above threshold 0.75 (2/3)
2025-03-02 11:09:12,928 - curriculum - INFO - Win rate 0.77 above threshold 0.75 (1/3)
2025-03-02 11:09:16,168 - curriculum - INFO - New best model for adaptive: 0.83 win rate
2025-03-02 11:09:16,169 - curriculum - INFO - Win rate 0.83 above threshold 0.75 (2/3)
2025-03-02 11:09:22,107 - curriculum - INFO - Loading best model for adaptive (win rate: 0.83)
2025-03-02 11:09:22,142 - curriculum - INFO - Completed training against adaptive
2025-03-02 11:09:22,142 - curriculum - INFO - Episodes: 25000, Duration: 52.70 seconds
2025-03-02 11:09:22,142 - curriculum - INFO - Final evaluation reward: 2.07
2025-03-02 11:09:22,142 - curriculum - INFO - Best win rate: 0.83
2025-03-02 11:09:22,142 - curriculum - INFO - Evaluating against all previous levels...
2025-03-02 11:09:22,793 - curriculum - INFO -   vs random: win rate = 1.00
2025-03-02 11:09:23,779 - curriculum - INFO -   vs naive: win rate = 0.97
2025-03-02 11:09:24,787 - curriculum - INFO -   vs conservative: win rate = 0.67
2025-03-02 11:09:25,490 - curriculum - INFO -   vs aggressive: win rate = 1.00
2025-03-02 11:09:26,587 - curriculum - INFO -   vs strategic: win rate = 0.83
2025-03-02 11:09:27,716 - curriculum - INFO -   vs adaptive: win rate = 0.93
2025-03-02 11:09:27,716 - curriculum - INFO -   Average win rate across all levels: 0.90
2025-03-02 11:09:27,716 - curriculum - INFO - 
=== Final Evaluation ===
2025-03-02 11:09:43,240 - curriculum - INFO - Saved final evaluation visualization to results/ppo_3dice\ppo_basic_2p3d_20250302_105939\logs\final_evaluation.png
2025-03-02 11:09:43,250 - curriculum - INFO - Saved final model to results/ppo_3dice\models\ppo_2p3d_0.87wr_20250302_105939
2025-03-02 11:09:43,251 - curriculum - INFO - 
Curriculum learning completed!
