2025-03-02 16:48:00,462 - mixed_training - INFO - Starting mixed self-play and curriculum learning for Liar's Dice with loaded ppo agent
2025-03-02 16:48:00,463 - mixed_training - INFO - Game setup: 2 players, 3 dice, 6 faces
2025-03-02 16:48:00,463 - mixed_training - INFO - Training: 5 rounds with 10000 episodes per round
2025-03-02 16:48:00,463 - mixed_training - INFO - Self-play ratio: 0.70 (self-play: 70%, curriculum: 30%)
2025-03-02 16:48:00,496 - mixed_training - INFO - Using device: cuda
2025-03-02 16:48:00,497 - mixed_training - INFO - Observation dimension: 35, Action dimension: 37
2025-03-02 16:48:01,226 - mixed_training - INFO - Loading pre-trained model from C:\Users\siver\Master_School_Work\Spring2025\Reinforcement_Learning\LiarsDice-RL\results\ppo_3dice\models\ppo_2p3d_0.85wr_20250302_152449
2025-03-02 16:48:01,254 - mixed_training - INFO - 
=== Starting Mixed Training Round 1/5 ===
2025-03-02 16:48:08,501 - mixed_training - INFO - Evaluation at episode 100:
2025-03-02 16:48:08,501 - mixed_training - INFO -   Self-play win rate: 0.633
2025-03-02 16:48:08,501 - mixed_training - INFO -   Curriculum win rate: 0.853
2025-03-02 16:48:08,501 - mixed_training - INFO -   Combined win rate: 0.699
2025-03-02 16:48:08,508 - mixed_training - INFO - New best model for round 1: 0.699 win rate
2025-03-02 16:48:08,515 - mixed_training - INFO - New best overall model: 0.699 win rate
2025-03-02 16:48:14,916 - mixed_training - INFO - Evaluation at episode 200:
2025-03-02 16:48:14,917 - mixed_training - INFO -   Self-play win rate: 0.633
2025-03-02 16:48:14,917 - mixed_training - INFO -   Curriculum win rate: 0.831
2025-03-02 16:48:14,917 - mixed_training - INFO -   Combined win rate: 0.693
2025-03-02 16:48:21,986 - mixed_training - INFO - Evaluation at episode 300:
2025-03-02 16:48:21,986 - mixed_training - INFO -   Self-play win rate: 0.667
2025-03-02 16:48:21,987 - mixed_training - INFO -   Curriculum win rate: 0.840
2025-03-02 16:48:21,987 - mixed_training - INFO -   Combined win rate: 0.719
2025-03-02 16:48:21,994 - mixed_training - INFO - New best model for round 1: 0.719 win rate
2025-03-02 16:48:22,001 - mixed_training - INFO - New best overall model: 0.719 win rate
2025-03-02 16:48:29,201 - mixed_training - INFO - Evaluation at episode 400:
2025-03-02 16:48:29,201 - mixed_training - INFO -   Self-play win rate: 0.567
2025-03-02 16:48:29,201 - mixed_training - INFO -   Curriculum win rate: 0.829
2025-03-02 16:48:29,201 - mixed_training - INFO -   Combined win rate: 0.645
2025-03-02 16:48:36,272 - mixed_training - INFO - Evaluation at episode 500:
2025-03-02 16:48:36,273 - mixed_training - INFO -   Self-play win rate: 0.667
2025-03-02 16:48:36,273 - mixed_training - INFO -   Curriculum win rate: 0.827
2025-03-02 16:48:36,273 - mixed_training - INFO -   Combined win rate: 0.715
2025-03-02 16:48:36,281 - mixed_training - INFO - Saved checkpoint to mixed_training/ppo_3dice\mixed_ppo_2p3d_20250302_164800\checkpoints\round_1\checkpoint_500
2025-03-02 16:48:43,229 - mixed_training - INFO - Evaluation at episode 600:
2025-03-02 16:48:43,230 - mixed_training - INFO -   Self-play win rate: 0.467
2025-03-02 16:48:43,230 - mixed_training - INFO -   Curriculum win rate: 0.836
2025-03-02 16:48:43,230 - mixed_training - INFO -   Combined win rate: 0.577
2025-03-02 16:48:50,206 - mixed_training - INFO - Evaluation at episode 700:
2025-03-02 16:48:50,206 - mixed_training - INFO -   Self-play win rate: 0.600
2025-03-02 16:48:50,206 - mixed_training - INFO -   Curriculum win rate: 0.838
2025-03-02 16:48:50,207 - mixed_training - INFO -   Combined win rate: 0.671
2025-03-02 16:48:57,223 - mixed_training - INFO - Evaluation at episode 800:
2025-03-02 16:48:57,223 - mixed_training - INFO -   Self-play win rate: 0.633
2025-03-02 16:48:57,223 - mixed_training - INFO -   Curriculum win rate: 0.869
2025-03-02 16:48:57,223 - mixed_training - INFO -   Combined win rate: 0.704
2025-03-02 16:48:57,223 - mixed_training - INFO - No improvement for 500 episodes, moving to next round
2025-03-02 16:48:57,223 - mixed_training - INFO - Completed mixed training round 1
2025-03-02 16:48:57,223 - mixed_training - INFO - Episodes: 800/10000 (self-play: 564, curriculum: 236)
2025-03-02 16:48:57,224 - mixed_training - INFO - Best win rate: 0.719
2025-03-02 16:48:57,224 - mixed_training - INFO - Curriculum opponent distribution:
2025-03-02 16:48:57,224 - mixed_training - INFO -   random: 1 episodes (0.4%)
2025-03-02 16:48:57,224 - mixed_training - INFO -   naive: 12 episodes (5.1%)
2025-03-02 16:48:57,224 - mixed_training - INFO -   conservative: 54 episodes (22.9%)
2025-03-02 16:48:57,224 - mixed_training - INFO -   anti_exploitation: 28 episodes (11.9%)
2025-03-02 16:48:57,224 - mixed_training - INFO -   aggressive: 3 episodes (1.3%)
2025-03-02 16:48:57,224 - mixed_training - INFO -   strategic: 35 episodes (14.8%)
2025-03-02 16:48:57,224 - mixed_training - INFO -   adaptive: 34 episodes (14.4%)
2025-03-02 16:48:57,224 - mixed_training - INFO -   counter_strategy: 44 episodes (18.6%)
2025-03-02 16:48:57,224 - mixed_training - INFO -   optimal: 25 episodes (10.6%)
2025-03-02 16:48:57,224 - mixed_training - INFO - Loading best model from round 1 for next round
2025-03-02 16:48:57,274 - mixed_training - INFO - 
=== Starting Mixed Training Round 2/5 ===
2025-03-02 16:49:04,154 - mixed_training - INFO - Evaluation at episode 100:
2025-03-02 16:49:04,154 - mixed_training - INFO -   Self-play win rate: 0.300
2025-03-02 16:49:04,154 - mixed_training - INFO -   Curriculum win rate: 0.829
2025-03-02 16:49:04,154 - mixed_training - INFO -   Combined win rate: 0.459
2025-03-02 16:49:04,161 - mixed_training - INFO - New best model for round 2: 0.459 win rate
2025-03-02 16:49:10,910 - mixed_training - INFO - Evaluation at episode 200:
2025-03-02 16:49:10,910 - mixed_training - INFO -   Self-play win rate: 0.467
2025-03-02 16:49:10,910 - mixed_training - INFO -   Curriculum win rate: 0.842
2025-03-02 16:49:10,910 - mixed_training - INFO -   Combined win rate: 0.579
2025-03-02 16:49:10,918 - mixed_training - INFO - New best model for round 2: 0.579 win rate
2025-03-02 16:49:17,900 - mixed_training - INFO - Evaluation at episode 300:
2025-03-02 16:49:17,900 - mixed_training - INFO -   Self-play win rate: 0.600
2025-03-02 16:49:17,900 - mixed_training - INFO -   Curriculum win rate: 0.833
2025-03-02 16:49:17,900 - mixed_training - INFO -   Combined win rate: 0.670
2025-03-02 16:49:17,907 - mixed_training - INFO - New best model for round 2: 0.670 win rate
2025-03-02 16:49:24,980 - mixed_training - INFO - Evaluation at episode 400:
2025-03-02 16:49:24,980 - mixed_training - INFO -   Self-play win rate: 0.600
2025-03-02 16:49:24,980 - mixed_training - INFO -   Curriculum win rate: 0.847
2025-03-02 16:49:24,980 - mixed_training - INFO -   Combined win rate: 0.674
2025-03-02 16:49:24,987 - mixed_training - INFO - New best model for round 2: 0.674 win rate
2025-03-02 16:49:32,194 - mixed_training - INFO - Evaluation at episode 500:
2025-03-02 16:49:32,194 - mixed_training - INFO -   Self-play win rate: 0.767
2025-03-02 16:49:32,194 - mixed_training - INFO -   Curriculum win rate: 0.860
2025-03-02 16:49:32,194 - mixed_training - INFO -   Combined win rate: 0.795
2025-03-02 16:49:32,202 - mixed_training - INFO - New best model for round 2: 0.795 win rate
2025-03-02 16:49:32,208 - mixed_training - INFO - New best overall model: 0.795 win rate
2025-03-02 16:49:32,217 - mixed_training - INFO - Saved checkpoint to mixed_training/ppo_3dice\mixed_ppo_2p3d_20250302_164800\checkpoints\round_2\checkpoint_500
2025-03-02 16:49:39,210 - mixed_training - INFO - Evaluation at episode 600:
2025-03-02 16:49:39,210 - mixed_training - INFO -   Self-play win rate: 0.567
2025-03-02 16:49:39,210 - mixed_training - INFO -   Curriculum win rate: 0.871
2025-03-02 16:49:39,210 - mixed_training - INFO -   Combined win rate: 0.658
2025-03-02 16:49:46,094 - mixed_training - INFO - Evaluation at episode 700:
2025-03-02 16:49:46,095 - mixed_training - INFO -   Self-play win rate: 0.633
2025-03-02 16:49:46,095 - mixed_training - INFO -   Curriculum win rate: 0.844
2025-03-02 16:49:46,095 - mixed_training - INFO -   Combined win rate: 0.697
2025-03-02 16:49:53,458 - mixed_training - INFO - Evaluation at episode 800:
2025-03-02 16:49:53,458 - mixed_training - INFO -   Self-play win rate: 0.500
2025-03-02 16:49:53,458 - mixed_training - INFO -   Curriculum win rate: 0.851
2025-03-02 16:49:53,458 - mixed_training - INFO -   Combined win rate: 0.605
2025-03-02 16:50:00,297 - mixed_training - INFO - Evaluation at episode 900:
2025-03-02 16:50:00,297 - mixed_training - INFO -   Self-play win rate: 0.567
2025-03-02 16:50:00,297 - mixed_training - INFO -   Curriculum win rate: 0.820
2025-03-02 16:50:00,297 - mixed_training - INFO -   Combined win rate: 0.643
2025-03-02 16:50:07,485 - mixed_training - INFO - Evaluation at episode 1000:
2025-03-02 16:50:07,485 - mixed_training - INFO -   Self-play win rate: 0.733
2025-03-02 16:50:07,485 - mixed_training - INFO -   Curriculum win rate: 0.809
2025-03-02 16:50:07,485 - mixed_training - INFO -   Combined win rate: 0.756
2025-03-02 16:50:07,485 - mixed_training - INFO - No improvement for 500 episodes, moving to next round
2025-03-02 16:50:07,493 - mixed_training - INFO - Saved checkpoint to mixed_training/ppo_3dice\mixed_ppo_2p3d_20250302_164800\checkpoints\round_2\checkpoint_1000
2025-03-02 16:50:07,493 - mixed_training - INFO - Completed mixed training round 2
2025-03-02 16:50:07,493 - mixed_training - INFO - Episodes: 1000/10000 (self-play: 726, curriculum: 274)
2025-03-02 16:50:07,493 - mixed_training - INFO - Best win rate: 0.795
2025-03-02 16:50:07,494 - mixed_training - INFO - Curriculum opponent distribution:
2025-03-02 16:50:07,494 - mixed_training - INFO -   random: 2 episodes (0.7%)
2025-03-02 16:50:07,494 - mixed_training - INFO -   naive: 10 episodes (3.6%)
2025-03-02 16:50:07,494 - mixed_training - INFO -   conservative: 51 episodes (18.6%)
2025-03-02 16:50:07,494 - mixed_training - INFO -   anti_exploitation: 39 episodes (14.2%)
2025-03-02 16:50:07,494 - mixed_training - INFO -   strategic: 42 episodes (15.3%)
2025-03-02 16:50:07,494 - mixed_training - INFO -   adaptive: 49 episodes (17.9%)
2025-03-02 16:50:07,494 - mixed_training - INFO -   counter_strategy: 55 episodes (20.1%)
2025-03-02 16:50:07,494 - mixed_training - INFO -   optimal: 26 episodes (9.5%)
2025-03-02 16:50:07,495 - mixed_training - INFO - Loading best model from round 2 for next round
2025-03-02 16:50:07,541 - mixed_training - INFO - 
=== Starting Mixed Training Round 3/5 ===
2025-03-02 16:50:14,881 - mixed_training - INFO - Evaluation at episode 100:
2025-03-02 16:50:14,882 - mixed_training - INFO -   Self-play win rate: 0.600
2025-03-02 16:50:14,882 - mixed_training - INFO -   Curriculum win rate: 0.838
2025-03-02 16:50:14,882 - mixed_training - INFO -   Combined win rate: 0.671
2025-03-02 16:50:14,891 - mixed_training - INFO - New best model for round 3: 0.671 win rate
2025-03-02 16:50:21,715 - mixed_training - INFO - Evaluation at episode 200:
2025-03-02 16:50:21,715 - mixed_training - INFO -   Self-play win rate: 0.533
2025-03-02 16:50:21,716 - mixed_training - INFO -   Curriculum win rate: 0.840
2025-03-02 16:50:21,716 - mixed_training - INFO -   Combined win rate: 0.625
2025-03-02 16:50:28,992 - mixed_training - INFO - Evaluation at episode 300:
2025-03-02 16:50:28,992 - mixed_training - INFO -   Self-play win rate: 0.600
2025-03-02 16:50:28,992 - mixed_training - INFO -   Curriculum win rate: 0.836
2025-03-02 16:50:28,992 - mixed_training - INFO -   Combined win rate: 0.671
2025-03-02 16:50:35,997 - mixed_training - INFO - Evaluation at episode 400:
2025-03-02 16:50:35,997 - mixed_training - INFO -   Self-play win rate: 0.600
2025-03-02 16:50:35,997 - mixed_training - INFO -   Curriculum win rate: 0.833
2025-03-02 16:50:35,997 - mixed_training - INFO -   Combined win rate: 0.670
2025-03-02 16:50:42,888 - mixed_training - INFO - Evaluation at episode 500:
2025-03-02 16:50:42,888 - mixed_training - INFO -   Self-play win rate: 0.533
2025-03-02 16:50:42,888 - mixed_training - INFO -   Curriculum win rate: 0.818
2025-03-02 16:50:42,889 - mixed_training - INFO -   Combined win rate: 0.619
2025-03-02 16:50:42,896 - mixed_training - INFO - Saved checkpoint to mixed_training/ppo_3dice\mixed_ppo_2p3d_20250302_164800\checkpoints\round_3\checkpoint_500
2025-03-02 16:50:50,050 - mixed_training - INFO - Evaluation at episode 600:
2025-03-02 16:50:50,050 - mixed_training - INFO -   Self-play win rate: 0.733
2025-03-02 16:50:50,050 - mixed_training - INFO -   Curriculum win rate: 0.864
2025-03-02 16:50:50,050 - mixed_training - INFO -   Combined win rate: 0.773
2025-03-02 16:50:50,057 - mixed_training - INFO - New best model for round 3: 0.773 win rate
2025-03-02 16:50:57,340 - mixed_training - INFO - Evaluation at episode 700:
2025-03-02 16:50:57,341 - mixed_training - INFO -   Self-play win rate: 0.533
2025-03-02 16:50:57,341 - mixed_training - INFO -   Curriculum win rate: 0.847
2025-03-02 16:50:57,341 - mixed_training - INFO -   Combined win rate: 0.627
2025-03-02 16:51:04,327 - mixed_training - INFO - Evaluation at episode 800:
2025-03-02 16:51:04,327 - mixed_training - INFO -   Self-play win rate: 0.667
2025-03-02 16:51:04,327 - mixed_training - INFO -   Curriculum win rate: 0.858
2025-03-02 16:51:04,327 - mixed_training - INFO -   Combined win rate: 0.724
2025-03-02 16:51:11,256 - mixed_training - INFO - Evaluation at episode 900:
2025-03-02 16:51:11,256 - mixed_training - INFO -   Self-play win rate: 0.567
2025-03-02 16:51:11,256 - mixed_training - INFO -   Curriculum win rate: 0.847
2025-03-02 16:51:11,256 - mixed_training - INFO -   Combined win rate: 0.651
2025-03-02 16:51:18,042 - mixed_training - INFO - Evaluation at episode 1000:
2025-03-02 16:51:18,042 - mixed_training - INFO -   Self-play win rate: 0.533
2025-03-02 16:51:18,042 - mixed_training - INFO -   Curriculum win rate: 0.849
2025-03-02 16:51:18,042 - mixed_training - INFO -   Combined win rate: 0.628
2025-03-02 16:51:18,051 - mixed_training - INFO - Saved checkpoint to mixed_training/ppo_3dice\mixed_ppo_2p3d_20250302_164800\checkpoints\round_3\checkpoint_1000
2025-03-02 16:51:25,277 - mixed_training - INFO - Evaluation at episode 1100:
2025-03-02 16:51:25,277 - mixed_training - INFO -   Self-play win rate: 0.600
2025-03-02 16:51:25,277 - mixed_training - INFO -   Curriculum win rate: 0.822
2025-03-02 16:51:25,277 - mixed_training - INFO -   Combined win rate: 0.667
2025-03-02 16:51:25,277 - mixed_training - INFO - No improvement for 500 episodes, moving to next round
2025-03-02 16:51:25,277 - mixed_training - INFO - Completed mixed training round 3
2025-03-02 16:51:25,277 - mixed_training - INFO - Episodes: 1100/10000 (self-play: 769, curriculum: 331)
2025-03-02 16:51:25,277 - mixed_training - INFO - Best win rate: 0.773
2025-03-02 16:51:25,278 - mixed_training - INFO - Curriculum opponent distribution:
2025-03-02 16:51:25,278 - mixed_training - INFO -   random: 3 episodes (0.9%)
2025-03-02 16:51:25,278 - mixed_training - INFO -   naive: 13 episodes (3.9%)
2025-03-02 16:51:25,278 - mixed_training - INFO -   conservative: 59 episodes (17.8%)
2025-03-02 16:51:25,278 - mixed_training - INFO -   anti_exploitation: 44 episodes (13.3%)
2025-03-02 16:51:25,278 - mixed_training - INFO -   aggressive: 2 episodes (0.6%)
2025-03-02 16:51:25,278 - mixed_training - INFO -   strategic: 70 episodes (21.1%)
2025-03-02 16:51:25,278 - mixed_training - INFO -   adaptive: 54 episodes (16.3%)
2025-03-02 16:51:25,278 - mixed_training - INFO -   counter_strategy: 56 episodes (16.9%)
2025-03-02 16:51:25,278 - mixed_training - INFO -   optimal: 30 episodes (9.1%)
2025-03-02 16:51:25,279 - mixed_training - INFO - Loading best model from round 3 for next round
2025-03-02 16:51:25,295 - mixed_training - INFO - 
=== Starting Mixed Training Round 4/5 ===
2025-03-02 16:51:32,620 - mixed_training - INFO - Evaluation at episode 100:
2025-03-02 16:51:32,620 - mixed_training - INFO -   Self-play win rate: 0.467
2025-03-02 16:51:32,620 - mixed_training - INFO -   Curriculum win rate: 0.822
2025-03-02 16:51:32,621 - mixed_training - INFO -   Combined win rate: 0.573
2025-03-02 16:51:32,629 - mixed_training - INFO - New best model for round 4: 0.573 win rate
2025-03-02 16:51:39,779 - mixed_training - INFO - Evaluation at episode 200:
2025-03-02 16:51:39,780 - mixed_training - INFO -   Self-play win rate: 0.500
2025-03-02 16:51:39,780 - mixed_training - INFO -   Curriculum win rate: 0.796
2025-03-02 16:51:39,780 - mixed_training - INFO -   Combined win rate: 0.589
2025-03-02 16:51:39,787 - mixed_training - INFO - New best model for round 4: 0.589 win rate
2025-03-02 16:51:46,760 - mixed_training - INFO - Evaluation at episode 300:
2025-03-02 16:51:46,761 - mixed_training - INFO -   Self-play win rate: 0.567
2025-03-02 16:51:46,761 - mixed_training - INFO -   Curriculum win rate: 0.836
2025-03-02 16:51:46,761 - mixed_training - INFO -   Combined win rate: 0.647
2025-03-02 16:51:46,771 - mixed_training - INFO - New best model for round 4: 0.647 win rate
2025-03-02 16:51:53,796 - mixed_training - INFO - Evaluation at episode 400:
2025-03-02 16:51:53,796 - mixed_training - INFO -   Self-play win rate: 0.567
2025-03-02 16:51:53,796 - mixed_training - INFO -   Curriculum win rate: 0.851
2025-03-02 16:51:53,796 - mixed_training - INFO -   Combined win rate: 0.652
2025-03-02 16:51:53,803 - mixed_training - INFO - New best model for round 4: 0.652 win rate
2025-03-02 16:52:01,129 - mixed_training - INFO - Evaluation at episode 500:
2025-03-02 16:52:01,129 - mixed_training - INFO -   Self-play win rate: 0.500
2025-03-02 16:52:01,129 - mixed_training - INFO -   Curriculum win rate: 0.820
2025-03-02 16:52:01,129 - mixed_training - INFO -   Combined win rate: 0.596
2025-03-02 16:52:01,137 - mixed_training - INFO - Saved checkpoint to mixed_training/ppo_3dice\mixed_ppo_2p3d_20250302_164800\checkpoints\round_4\checkpoint_500
2025-03-02 16:52:08,441 - mixed_training - INFO - Evaluation at episode 600:
2025-03-02 16:52:08,441 - mixed_training - INFO -   Self-play win rate: 0.600
2025-03-02 16:52:08,441 - mixed_training - INFO -   Curriculum win rate: 0.809
2025-03-02 16:52:08,442 - mixed_training - INFO -   Combined win rate: 0.663
2025-03-02 16:52:08,448 - mixed_training - INFO - New best model for round 4: 0.663 win rate
2025-03-02 16:52:15,610 - mixed_training - INFO - Evaluation at episode 700:
2025-03-02 16:52:15,610 - mixed_training - INFO -   Self-play win rate: 0.533
2025-03-02 16:52:15,610 - mixed_training - INFO -   Curriculum win rate: 0.798
2025-03-02 16:52:15,610 - mixed_training - INFO -   Combined win rate: 0.613
2025-03-02 16:52:23,054 - mixed_training - INFO - Evaluation at episode 800:
2025-03-02 16:52:23,054 - mixed_training - INFO -   Self-play win rate: 0.533
2025-03-02 16:52:23,054 - mixed_training - INFO -   Curriculum win rate: 0.851
2025-03-02 16:52:23,054 - mixed_training - INFO -   Combined win rate: 0.629
2025-03-02 16:52:30,136 - mixed_training - INFO - Evaluation at episode 900:
2025-03-02 16:52:30,137 - mixed_training - INFO -   Self-play win rate: 0.667
2025-03-02 16:52:30,137 - mixed_training - INFO -   Curriculum win rate: 0.840
2025-03-02 16:52:30,137 - mixed_training - INFO -   Combined win rate: 0.719
2025-03-02 16:52:30,144 - mixed_training - INFO - New best model for round 4: 0.719 win rate
2025-03-02 16:52:37,295 - mixed_training - INFO - Evaluation at episode 1000:
2025-03-02 16:52:37,295 - mixed_training - INFO -   Self-play win rate: 0.500
2025-03-02 16:52:37,295 - mixed_training - INFO -   Curriculum win rate: 0.831
2025-03-02 16:52:37,295 - mixed_training - INFO -   Combined win rate: 0.599
2025-03-02 16:52:37,302 - mixed_training - INFO - Saved checkpoint to mixed_training/ppo_3dice\mixed_ppo_2p3d_20250302_164800\checkpoints\round_4\checkpoint_1000
2025-03-02 16:52:44,567 - mixed_training - INFO - Evaluation at episode 1100:
2025-03-02 16:52:44,567 - mixed_training - INFO -   Self-play win rate: 0.567
2025-03-02 16:52:44,567 - mixed_training - INFO -   Curriculum win rate: 0.827
2025-03-02 16:52:44,568 - mixed_training - INFO -   Combined win rate: 0.645
2025-03-02 16:52:52,224 - mixed_training - INFO - Evaluation at episode 1200:
2025-03-02 16:52:52,225 - mixed_training - INFO -   Self-play win rate: 0.600
2025-03-02 16:52:52,225 - mixed_training - INFO -   Curriculum win rate: 0.822
2025-03-02 16:52:52,225 - mixed_training - INFO -   Combined win rate: 0.667
2025-03-02 16:52:59,331 - mixed_training - INFO - Evaluation at episode 1300:
2025-03-02 16:52:59,332 - mixed_training - INFO -   Self-play win rate: 0.500
2025-03-02 16:52:59,332 - mixed_training - INFO -   Curriculum win rate: 0.833
2025-03-02 16:52:59,332 - mixed_training - INFO -   Combined win rate: 0.600
2025-03-02 16:53:00,768 - mixed_training - INFO - Updated opponent model at episode 1387
2025-03-02 16:53:06,615 - mixed_training - INFO - Evaluation at episode 1400:
2025-03-02 16:53:06,615 - mixed_training - INFO -   Self-play win rate: 0.633
2025-03-02 16:53:06,615 - mixed_training - INFO -   Curriculum win rate: 0.836
2025-03-02 16:53:06,615 - mixed_training - INFO -   Combined win rate: 0.694
2025-03-02 16:53:06,615 - mixed_training - INFO - No improvement for 500 episodes, moving to next round
2025-03-02 16:53:06,615 - mixed_training - INFO - Completed mixed training round 4
2025-03-02 16:53:06,615 - mixed_training - INFO - Episodes: 1400/10000 (self-play: 1010, curriculum: 390)
2025-03-02 16:53:06,616 - mixed_training - INFO - Best win rate: 0.719
2025-03-02 16:53:06,616 - mixed_training - INFO - Curriculum opponent distribution:
2025-03-02 16:53:06,616 - mixed_training - INFO -   random: 2 episodes (0.5%)
2025-03-02 16:53:06,616 - mixed_training - INFO -   naive: 28 episodes (7.2%)
2025-03-02 16:53:06,616 - mixed_training - INFO -   conservative: 86 episodes (22.1%)
2025-03-02 16:53:06,616 - mixed_training - INFO -   anti_exploitation: 58 episodes (14.9%)
2025-03-02 16:53:06,616 - mixed_training - INFO -   aggressive: 2 episodes (0.5%)
2025-03-02 16:53:06,616 - mixed_training - INFO -   strategic: 50 episodes (12.8%)
2025-03-02 16:53:06,616 - mixed_training - INFO -   adaptive: 75 episodes (19.2%)
2025-03-02 16:53:06,616 - mixed_training - INFO -   counter_strategy: 49 episodes (12.6%)
2025-03-02 16:53:06,617 - mixed_training - INFO -   optimal: 40 episodes (10.3%)
2025-03-02 16:53:06,617 - mixed_training - INFO - Loading best model from round 4 for next round
2025-03-02 16:53:06,666 - mixed_training - INFO - 
=== Starting Mixed Training Round 5/5 ===
2025-03-02 16:53:13,785 - mixed_training - INFO - Evaluation at episode 100:
2025-03-02 16:53:13,785 - mixed_training - INFO -   Self-play win rate: 0.567
2025-03-02 16:53:13,786 - mixed_training - INFO -   Curriculum win rate: 0.829
2025-03-02 16:53:13,786 - mixed_training - INFO -   Combined win rate: 0.645
2025-03-02 16:53:13,793 - mixed_training - INFO - New best model for round 5: 0.645 win rate
2025-03-02 16:53:21,017 - mixed_training - INFO - Evaluation at episode 200:
2025-03-02 16:53:21,017 - mixed_training - INFO -   Self-play win rate: 0.267
2025-03-02 16:53:21,018 - mixed_training - INFO -   Curriculum win rate: 0.791
2025-03-02 16:53:21,018 - mixed_training - INFO -   Combined win rate: 0.424
2025-03-02 16:53:28,366 - mixed_training - INFO - Evaluation at episode 300:
2025-03-02 16:53:28,367 - mixed_training - INFO -   Self-play win rate: 0.633
2025-03-02 16:53:28,367 - mixed_training - INFO -   Curriculum win rate: 0.827
2025-03-02 16:53:28,367 - mixed_training - INFO -   Combined win rate: 0.691
2025-03-02 16:53:28,374 - mixed_training - INFO - New best model for round 5: 0.691 win rate
2025-03-02 16:53:35,593 - mixed_training - INFO - Evaluation at episode 400:
2025-03-02 16:53:35,594 - mixed_training - INFO -   Self-play win rate: 0.633
2025-03-02 16:53:35,594 - mixed_training - INFO -   Curriculum win rate: 0.796
2025-03-02 16:53:35,594 - mixed_training - INFO -   Combined win rate: 0.682
2025-03-02 16:53:42,680 - mixed_training - INFO - Evaluation at episode 500:
2025-03-02 16:53:42,681 - mixed_training - INFO -   Self-play win rate: 0.367
2025-03-02 16:53:42,681 - mixed_training - INFO -   Curriculum win rate: 0.816
2025-03-02 16:53:42,681 - mixed_training - INFO -   Combined win rate: 0.501
2025-03-02 16:53:42,688 - mixed_training - INFO - Saved checkpoint to mixed_training/ppo_3dice\mixed_ppo_2p3d_20250302_164800\checkpoints\round_5\checkpoint_500
2025-03-02 16:53:50,153 - mixed_training - INFO - Evaluation at episode 600:
2025-03-02 16:53:50,153 - mixed_training - INFO -   Self-play win rate: 0.667
2025-03-02 16:53:50,153 - mixed_training - INFO -   Curriculum win rate: 0.784
2025-03-02 16:53:50,153 - mixed_training - INFO -   Combined win rate: 0.702
2025-03-02 16:53:50,160 - mixed_training - INFO - New best model for round 5: 0.702 win rate
2025-03-02 16:53:57,250 - mixed_training - INFO - Evaluation at episode 700:
2025-03-02 16:53:57,250 - mixed_training - INFO -   Self-play win rate: 0.667
2025-03-02 16:53:57,250 - mixed_training - INFO -   Curriculum win rate: 0.789
2025-03-02 16:53:57,250 - mixed_training - INFO -   Combined win rate: 0.703
2025-03-02 16:53:57,286 - mixed_training - INFO - New best model for round 5: 0.703 win rate
2025-03-02 16:54:04,516 - mixed_training - INFO - Evaluation at episode 800:
2025-03-02 16:54:04,516 - mixed_training - INFO -   Self-play win rate: 0.600
2025-03-02 16:54:04,517 - mixed_training - INFO -   Curriculum win rate: 0.811
2025-03-02 16:54:04,517 - mixed_training - INFO -   Combined win rate: 0.663
2025-03-02 16:54:11,638 - mixed_training - INFO - Evaluation at episode 900:
2025-03-02 16:54:11,638 - mixed_training - INFO -   Self-play win rate: 0.600
2025-03-02 16:54:11,638 - mixed_training - INFO -   Curriculum win rate: 0.793
2025-03-02 16:54:11,638 - mixed_training - INFO -   Combined win rate: 0.658
2025-03-02 16:54:18,930 - mixed_training - INFO - Evaluation at episode 1000:
2025-03-02 16:54:18,930 - mixed_training - INFO -   Self-play win rate: 0.567
2025-03-02 16:54:18,931 - mixed_training - INFO -   Curriculum win rate: 0.793
2025-03-02 16:54:18,931 - mixed_training - INFO -   Combined win rate: 0.635
2025-03-02 16:54:18,939 - mixed_training - INFO - Saved checkpoint to mixed_training/ppo_3dice\mixed_ppo_2p3d_20250302_164800\checkpoints\round_5\checkpoint_1000
2025-03-02 16:54:26,351 - mixed_training - INFO - Evaluation at episode 1100:
2025-03-02 16:54:26,351 - mixed_training - INFO -   Self-play win rate: 0.567
2025-03-02 16:54:26,351 - mixed_training - INFO -   Curriculum win rate: 0.798
2025-03-02 16:54:26,351 - mixed_training - INFO -   Combined win rate: 0.636
2025-03-02 16:54:33,655 - mixed_training - INFO - Evaluation at episode 1200:
2025-03-02 16:54:33,655 - mixed_training - INFO -   Self-play win rate: 0.533
2025-03-02 16:54:33,656 - mixed_training - INFO -   Curriculum win rate: 0.836
2025-03-02 16:54:33,656 - mixed_training - INFO -   Combined win rate: 0.624
2025-03-02 16:54:33,656 - mixed_training - INFO - No improvement for 500 episodes, moving to next round
2025-03-02 16:54:33,656 - mixed_training - INFO - Completed mixed training round 5
2025-03-02 16:54:33,656 - mixed_training - INFO - Episodes: 1200/10000 (self-play: 834, curriculum: 366)
2025-03-02 16:54:33,656 - mixed_training - INFO - Best win rate: 0.703
2025-03-02 16:54:33,656 - mixed_training - INFO - Curriculum opponent distribution:
2025-03-02 16:54:33,656 - mixed_training - INFO -   random: 4 episodes (1.1%)
2025-03-02 16:54:33,656 - mixed_training - INFO -   naive: 21 episodes (5.7%)
2025-03-02 16:54:33,657 - mixed_training - INFO -   conservative: 71 episodes (19.4%)
2025-03-02 16:54:33,657 - mixed_training - INFO -   anti_exploitation: 57 episodes (15.6%)
2025-03-02 16:54:33,657 - mixed_training - INFO -   aggressive: 2 episodes (0.5%)
2025-03-02 16:54:33,657 - mixed_training - INFO -   strategic: 54 episodes (14.8%)
2025-03-02 16:54:33,657 - mixed_training - INFO -   adaptive: 57 episodes (15.6%)
2025-03-02 16:54:33,657 - mixed_training - INFO -   counter_strategy: 60 episodes (16.4%)
2025-03-02 16:54:33,657 - mixed_training - INFO -   optimal: 40 episodes (10.9%)
2025-03-02 16:54:33,657 - mixed_training - INFO - Loading best model from round 5 for next round
2025-03-02 16:54:33,676 - mixed_training - INFO - 
=== Final Evaluation ===
2025-03-02 16:55:18,505 - mixed_training - INFO - Saved final evaluation visualization to mixed_training/ppo_3dice\mixed_ppo_2p3d_20250302_164800\logs\final_evaluation.png
2025-03-02 16:55:18,513 - mixed_training - INFO - Saved final model to mixed_training/ppo_3dice\models\mixed_ppo_2p3d_0.81wr_20250302_164800
2025-03-02 16:55:18,513 - mixed_training - INFO - 
Mixed training completed!
