2025-03-06 21:27:12,474 - curriculum - INFO - Starting curriculum learning for Liar's Dice with ppo agent
2025-03-06 21:27:12,474 - curriculum - INFO - Game setup: 2 players, 5 dice, 6 faces
2025-03-06 21:27:12,474 - curriculum - INFO - Curriculum: 1500000 episodes
2025-03-06 21:27:12,485 - curriculum - INFO - Using device: cuda
2025-03-06 21:27:12,487 - curriculum - INFO - Observation dimension: 52, Action dimension: 61
2025-03-06 21:27:12,955 - curriculum - INFO - Created ppo agent with 61 actions
2025-03-06 21:27:12,956 - curriculum - INFO - Curriculum schedule:
2025-03-06 21:27:12,956 - curriculum - INFO -   random: 15000 episodes (1.0%)
2025-03-06 21:27:12,956 - curriculum - INFO -   naive: 45000 episodes (3.0%)
2025-03-06 21:27:12,956 - curriculum - INFO -   conservative: 270000 episodes (18.0%)
2025-03-06 21:27:12,957 - curriculum - INFO -   bluff_punisher: 300000 episodes (20.0%)
2025-03-06 21:27:12,957 - curriculum - INFO -   anti_exploitation: 225000 episodes (15.0%)
2025-03-06 21:27:12,957 - curriculum - INFO -   aggressive: 45000 episodes (3.0%)
2025-03-06 21:27:12,957 - curriculum - INFO -   strategic: 180000 episodes (12.0%)
2025-03-06 21:27:12,957 - curriculum - INFO -   adaptive: 180000 episodes (12.0%)
2025-03-06 21:27:12,957 - curriculum - INFO -   counter_strategy: 180000 episodes (12.0%)
2025-03-06 21:27:12,957 - curriculum - INFO -   optimal: 60000 episodes (4.0%)
2025-03-06 21:27:12,957 - curriculum - INFO - 
=== Training against random (15000 episodes) ===
2025-03-06 21:27:12,957 - curriculum - INFO - Using position randomization probability of 0.00 for random
