2025-03-02 15:34:10,806 - train - INFO - Starting training for 15000 episodes with agent type: PPOAgent
2025-03-02 15:34:10,807 - train - INFO - Agent config: {'obs_dim': 35, 'action_dim': 37, 'hidden_dims': [256, 128, 64], 'learning_rate': 0.0005, 'min_learning_rate': 3e-05, 'gamma': 0.99, 'gae_lambda': 0.95, 'policy_clip': 0.2, 'value_coef': 0.5, 'entropy_coef': 0.0038363571166992374, 'batch_size': 64, 'update_frequency': 2048, 'max_grad_norm': 0.5, 'update_counter': 57, 'step_counter': 1751, 'total_training_steps': 1000000, 'current_lr': 0.00048435523605567534, 'device': 'cuda', 'memory_size': 490, 'avg_policy_loss': 0.0, 'avg_value_loss': 0.0, 'avg_entropy': 0.0, 'avg_reward': 9.783500000000002}
2025-03-02 15:34:12,159 - train - INFO - Episode 100/15000 | Reward: 1.71 | Length: 6.47 | Loss: 0.0000
2025-03-02 15:34:13,551 - train - INFO - Evaluation at episode 100: 4.00 reward, Win rate: 0.70
2025-03-02 15:34:14,690 - train - INFO - Episode 200/15000 | Reward: 1.94 | Length: 6.72 | Loss: 0.0000
2025-03-02 15:34:16,119 - train - INFO - Evaluation at episode 200: -3.00 reward, Win rate: 0.83
2025-03-02 15:34:16,119 - train - INFO - Win rate 0.83 is above threshold 0.75 (1/3)
2025-03-02 15:34:17,433 - train - INFO - Episode 300/15000 | Reward: 2.15 | Length: 6.82 | Loss: 0.0000
2025-03-02 15:34:18,880 - train - INFO - Evaluation at episode 300: 4.00 reward, Win rate: 0.63
2025-03-02 15:34:20,629 - train - INFO - Episode 400/15000 | Reward: 2.59 | Length: 6.68 | Loss: 0.0000
2025-03-02 15:34:21,996 - train - INFO - Evaluation at episode 400: 5.00 reward, Win rate: 0.67
2025-03-02 15:34:23,179 - train - INFO - Episode 500/15000 | Reward: 2.22 | Length: 6.59 | Loss: 0.0000
2025-03-02 15:34:24,601 - train - INFO - Evaluation at episode 500: 3.00 reward, Win rate: 0.90
2025-03-02 15:34:24,602 - train - INFO - Win rate 0.90 is above threshold 0.75 (1/3)
2025-03-02 15:34:25,796 - train - INFO - Episode 600/15000 | Reward: 1.75 | Length: 6.36 | Loss: 0.0000
2025-03-02 15:34:27,289 - train - INFO - Evaluation at episode 600: 4.00 reward, Win rate: 0.97
2025-03-02 15:34:27,289 - train - INFO - Win rate 0.97 is above threshold 0.75 (2/3)
2025-03-02 15:34:29,038 - train - INFO - Episode 700/15000 | Reward: 2.16 | Length: 6.42 | Loss: 0.0000
2025-03-02 15:34:30,477 - train - INFO - Evaluation at episode 700: 3.00 reward, Win rate: 0.83
2025-03-02 15:34:30,477 - train - INFO - Win rate 0.83 is above threshold 0.75 (3/3)
2025-03-02 15:34:30,477 - train - INFO - Early stopping triggered at episode 700 with win rate 0.83
2025-03-02 15:34:30,486 - train - INFO - Training completed!
2025-03-02 15:34:32,692 - train - INFO - Final evaluation: 2.19 reward
