2025-03-01 10:58:11,464 - dqn_train - INFO - Starting DQN training for 1500 episodes
2025-03-01 10:58:11,464 - dqn_train - INFO - Agent config: {'epsilon': 1.0, 'buffer_size': 0, 'learning_rate': 0.0003, 'training_steps': 0}
2025-03-01 10:58:15,254 - dqn_train - INFO - Episode 100/1500 | Reward: 2.36 | Length: 4.90 | Loss: 0.3717 | Epsilon: 0.4835 | Buffer: 490
2025-03-01 10:58:15,574 - dqn_train - INFO - Evaluation at episode 100: 3.92 reward, Win rate: 0.90
2025-03-01 10:58:15,575 - dqn_train - INFO - Win rate 0.90 is above threshold 0.85 (1/3)
2025-03-01 10:58:17,169 - dqn_train - INFO - Episode 200/1500 | Reward: 3.38 | Length: 5.01 | Loss: 0.9288 | Epsilon: 0.1773 | Buffer: 991
2025-03-01 10:58:17,487 - dqn_train - INFO - Evaluation at episode 200: 4.16 reward, Win rate: 0.77
2025-03-01 10:58:19,010 - dqn_train - INFO - Episode 300/1500 | Reward: 4.10 | Length: 4.48 | Loss: 1.0586 | Epsilon: 0.0723 | Buffer: 1439
2025-03-01 10:58:19,018 - dqn_train - INFO - Saved checkpoint to results\checkpoints\level_0_random\dqn_episode_300
2025-03-01 10:58:19,293 - dqn_train - INFO - Evaluation at episode 300: 4.58 reward, Win rate: 0.97
2025-03-01 10:58:19,293 - dqn_train - INFO - Win rate 0.97 is above threshold 0.85 (1/3)
2025-03-01 10:58:20,715 - dqn_train - INFO - Episode 400/1500 | Reward: 4.64 | Length: 4.23 | Loss: 1.3698 | Epsilon: 0.0500 | Buffer: 1862
2025-03-01 10:58:20,968 - dqn_train - INFO - Evaluation at episode 400: 4.46 reward, Win rate: 1.00
2025-03-01 10:58:20,969 - dqn_train - INFO - Win rate 1.00 is above threshold 0.85 (2/3)
2025-03-01 10:58:22,426 - dqn_train - INFO - Episode 500/1500 | Reward: 4.64 | Length: 4.26 | Loss: 1.4394 | Epsilon: 0.0500 | Buffer: 2288
2025-03-01 10:58:22,691 - dqn_train - INFO - Evaluation at episode 500: 4.64 reward, Win rate: 0.87
2025-03-01 10:58:22,691 - dqn_train - INFO - Win rate 0.87 is above threshold 0.85 (3/3)
2025-03-01 10:58:22,691 - dqn_train - INFO - Early stopping triggered at episode 500 with win rate 0.87
2025-03-01 10:58:22,698 - dqn_train - INFO - Training completed!
2025-03-01 10:58:23,120 - dqn_train - INFO - Final evaluation: 4.58 reward
2025-03-01 10:58:25,070 - dqn_train - INFO - Starting DQN training for 4500 episodes
2025-03-01 10:58:25,070 - dqn_train - INFO - Agent config: {'epsilon': 0.05, 'buffer_size': 2288, 'learning_rate': 0.0003, 'training_steps': 1735}
2025-03-01 10:58:25,888 - dqn_train - INFO - Episode 100/4500 | Reward: -0.88 | Length: 2.33 | Loss: 1.6898 | Epsilon: 0.0500 | Buffer: 2521
2025-03-01 10:58:26,055 - dqn_train - INFO - Evaluation at episode 100: -0.76 reward, Win rate: 0.00
2025-03-01 10:58:26,817 - dqn_train - INFO - Episode 200/4500 | Reward: -0.58 | Length: 2.49 | Loss: 1.4094 | Epsilon: 0.0500 | Buffer: 2770
2025-03-01 10:58:27,022 - dqn_train - INFO - Evaluation at episode 200: -0.46 reward, Win rate: 0.17
2025-03-01 10:58:27,911 - dqn_train - INFO - Episode 300/4500 | Reward: -0.28 | Length: 2.82 | Loss: 1.3445 | Epsilon: 0.0500 | Buffer: 3052
2025-03-01 10:58:28,116 - dqn_train - INFO - Evaluation at episode 300: -0.10 reward, Win rate: 0.17
2025-03-01 10:58:29,029 - dqn_train - INFO - Episode 400/4500 | Reward: -0.10 | Length: 2.80 | Loss: 1.5984 | Epsilon: 0.0500 | Buffer: 3332
2025-03-01 10:58:29,250 - dqn_train - INFO - Evaluation at episode 400: -0.40 reward, Win rate: 0.13
2025-03-01 10:58:30,195 - dqn_train - INFO - Episode 500/4500 | Reward: -0.46 | Length: 2.79 | Loss: 1.6837 | Epsilon: 0.0500 | Buffer: 3611
2025-03-01 10:58:30,406 - dqn_train - INFO - Evaluation at episode 500: -0.58 reward, Win rate: 0.13
2025-03-01 10:58:31,402 - dqn_train - INFO - Episode 600/4500 | Reward: -0.10 | Length: 2.79 | Loss: 1.7866 | Epsilon: 0.0500 | Buffer: 3890
2025-03-01 10:58:31,632 - dqn_train - INFO - Evaluation at episode 600: 0.08 reward, Win rate: 0.23
2025-03-01 10:58:32,659 - dqn_train - INFO - Episode 700/4500 | Reward: 0.38 | Length: 2.95 | Loss: 1.8706 | Epsilon: 0.0500 | Buffer: 4185
2025-03-01 10:58:32,873 - dqn_train - INFO - Evaluation at episode 700: 0.92 reward, Win rate: 0.27
2025-03-01 10:58:33,858 - dqn_train - INFO - Episode 800/4500 | Reward: 0.56 | Length: 2.86 | Loss: 1.9334 | Epsilon: 0.0500 | Buffer: 4471
2025-03-01 10:58:34,063 - dqn_train - INFO - Evaluation at episode 800: 0.80 reward, Win rate: 0.33
2025-03-01 10:58:35,090 - dqn_train - INFO - Episode 900/4500 | Reward: 0.44 | Length: 3.07 | Loss: 1.9940 | Epsilon: 0.0500 | Buffer: 4778
2025-03-01 10:58:35,096 - dqn_train - INFO - Saved checkpoint to results\checkpoints\level_1_naive\dqn_episode_900
2025-03-01 10:58:35,310 - dqn_train - INFO - Evaluation at episode 900: 0.80 reward, Win rate: 0.20
2025-03-01 10:58:36,313 - dqn_train - INFO - Episode 1000/4500 | Reward: 0.74 | Length: 2.92 | Loss: 1.9814 | Epsilon: 0.0500 | Buffer: 5070
2025-03-01 10:58:36,522 - dqn_train - INFO - Evaluation at episode 1000: 0.92 reward, Win rate: 0.30
2025-03-01 10:58:37,496 - dqn_train - INFO - Episode 1100/4500 | Reward: 1.10 | Length: 2.93 | Loss: 1.9058 | Epsilon: 0.0500 | Buffer: 5363
2025-03-01 10:58:37,707 - dqn_train - INFO - Evaluation at episode 1100: 0.86 reward, Win rate: 0.17
2025-03-01 10:58:38,673 - dqn_train - INFO - Episode 1200/4500 | Reward: 1.52 | Length: 2.79 | Loss: 1.8894 | Epsilon: 0.0500 | Buffer: 5642
2025-03-01 10:58:38,876 - dqn_train - INFO - Evaluation at episode 1200: 2.00 reward, Win rate: 0.40
2025-03-01 10:58:39,893 - dqn_train - INFO - Episode 1300/4500 | Reward: 1.16 | Length: 2.94 | Loss: 1.9310 | Epsilon: 0.0500 | Buffer: 5936
2025-03-01 10:58:40,090 - dqn_train - INFO - Evaluation at episode 1300: 1.64 reward, Win rate: 0.57
2025-03-01 10:58:41,120 - dqn_train - INFO - Episode 1400/4500 | Reward: 1.40 | Length: 2.91 | Loss: 1.9389 | Epsilon: 0.0500 | Buffer: 6227
2025-03-01 10:58:41,332 - dqn_train - INFO - Evaluation at episode 1400: 1.94 reward, Win rate: 0.37
2025-03-01 10:58:42,330 - dqn_train - INFO - Episode 1500/4500 | Reward: 0.98 | Length: 2.88 | Loss: 1.9395 | Epsilon: 0.0500 | Buffer: 6515
2025-03-01 10:58:42,532 - dqn_train - INFO - Evaluation at episode 1500: 1.28 reward, Win rate: 0.33
2025-03-01 10:58:43,500 - dqn_train - INFO - Episode 1600/4500 | Reward: 1.70 | Length: 2.76 | Loss: 2.0265 | Epsilon: 0.0500 | Buffer: 6791
2025-03-01 10:58:43,716 - dqn_train - INFO - Evaluation at episode 1600: 2.30 reward, Win rate: 0.47
2025-03-01 10:58:44,673 - dqn_train - INFO - Episode 1700/4500 | Reward: 1.82 | Length: 2.77 | Loss: 2.0274 | Epsilon: 0.0500 | Buffer: 7068
2025-03-01 10:58:44,896 - dqn_train - INFO - Evaluation at episode 1700: 1.88 reward, Win rate: 0.47
2025-03-01 10:58:45,937 - dqn_train - INFO - Episode 1800/4500 | Reward: 2.24 | Length: 2.77 | Loss: 2.0094 | Epsilon: 0.0500 | Buffer: 7345
2025-03-01 10:58:45,945 - dqn_train - INFO - Saved checkpoint to results\checkpoints\level_1_naive\dqn_episode_1800
2025-03-01 10:58:46,139 - dqn_train - INFO - Evaluation at episode 1800: 2.60 reward, Win rate: 0.63
2025-03-01 10:58:47,172 - dqn_train - INFO - Episode 1900/4500 | Reward: 1.88 | Length: 2.80 | Loss: 2.0422 | Epsilon: 0.0500 | Buffer: 7625
2025-03-01 10:58:47,383 - dqn_train - INFO - Evaluation at episode 1900: 3.14 reward, Win rate: 0.73
2025-03-01 10:58:48,433 - dqn_train - INFO - Episode 2000/4500 | Reward: 1.88 | Length: 2.81 | Loss: 2.0838 | Epsilon: 0.0500 | Buffer: 7906
2025-03-01 10:58:48,633 - dqn_train - INFO - Evaluation at episode 2000: 2.54 reward, Win rate: 0.53
2025-03-01 10:58:49,639 - dqn_train - INFO - Episode 2100/4500 | Reward: 2.36 | Length: 2.75 | Loss: 2.1154 | Epsilon: 0.0500 | Buffer: 8181
2025-03-01 10:58:49,835 - dqn_train - INFO - Evaluation at episode 2100: 2.84 reward, Win rate: 0.57
2025-03-01 10:58:50,914 - dqn_train - INFO - Episode 2200/4500 | Reward: 2.54 | Length: 2.92 | Loss: 2.1101 | Epsilon: 0.0500 | Buffer: 8473
2025-03-01 10:58:51,124 - dqn_train - INFO - Evaluation at episode 2200: 2.66 reward, Win rate: 0.70
2025-03-01 10:58:52,197 - dqn_train - INFO - Episode 2300/4500 | Reward: 2.54 | Length: 2.82 | Loss: 2.1872 | Epsilon: 0.0500 | Buffer: 8755
2025-03-01 10:58:52,395 - dqn_train - INFO - Evaluation at episode 2300: 3.32 reward, Win rate: 0.73
2025-03-01 10:58:53,451 - dqn_train - INFO - Episode 2400/4500 | Reward: 2.30 | Length: 2.79 | Loss: 2.1712 | Epsilon: 0.0500 | Buffer: 9034
2025-03-01 10:58:53,655 - dqn_train - INFO - Evaluation at episode 2400: 2.96 reward, Win rate: 0.60
2025-03-01 10:58:54,749 - dqn_train - INFO - Episode 2500/4500 | Reward: 2.48 | Length: 2.92 | Loss: 2.1361 | Epsilon: 0.0500 | Buffer: 9326
2025-03-01 10:58:54,956 - dqn_train - INFO - Evaluation at episode 2500: 2.90 reward, Win rate: 0.77
2025-03-01 10:58:56,022 - dqn_train - INFO - Episode 2600/4500 | Reward: 2.54 | Length: 3.02 | Loss: 2.0904 | Epsilon: 0.0500 | Buffer: 9628
2025-03-01 10:58:56,229 - dqn_train - INFO - Evaluation at episode 2600: 2.84 reward, Win rate: 0.80
2025-03-01 10:58:57,213 - dqn_train - INFO - Episode 2700/4500 | Reward: 2.96 | Length: 2.79 | Loss: 2.0639 | Epsilon: 0.0500 | Buffer: 9907
2025-03-01 10:58:57,224 - dqn_train - INFO - Saved checkpoint to results\checkpoints\level_1_naive\dqn_episode_2700
2025-03-01 10:58:57,430 - dqn_train - INFO - Evaluation at episode 2700: 2.90 reward, Win rate: 0.67
2025-03-01 10:58:58,366 - dqn_train - INFO - Episode 2800/4500 | Reward: 2.90 | Length: 2.68 | Loss: 2.0617 | Epsilon: 0.0500 | Buffer: 10175
2025-03-01 10:58:58,578 - dqn_train - INFO - Evaluation at episode 2800: 3.02 reward, Win rate: 0.67
2025-03-01 10:58:59,594 - dqn_train - INFO - Episode 2900/4500 | Reward: 2.78 | Length: 2.78 | Loss: 2.0133 | Epsilon: 0.0500 | Buffer: 10453
2025-03-01 10:58:59,808 - dqn_train - INFO - Evaluation at episode 2900: 2.90 reward, Win rate: 0.70
2025-03-01 10:59:00,917 - dqn_train - INFO - Episode 3000/4500 | Reward: 2.90 | Length: 2.95 | Loss: 2.0050 | Epsilon: 0.0500 | Buffer: 10748
2025-03-01 10:59:01,119 - dqn_train - INFO - Evaluation at episode 3000: 3.56 reward, Win rate: 0.67
2025-03-01 10:59:02,283 - dqn_train - INFO - Episode 3100/4500 | Reward: 2.84 | Length: 3.07 | Loss: 1.9891 | Epsilon: 0.0500 | Buffer: 11055
2025-03-01 10:59:02,485 - dqn_train - INFO - Evaluation at episode 3100: 3.32 reward, Win rate: 0.37
2025-03-01 10:59:03,572 - dqn_train - INFO - Episode 3200/4500 | Reward: 2.72 | Length: 2.85 | Loss: 1.9819 | Epsilon: 0.0500 | Buffer: 11340
2025-03-01 10:59:03,775 - dqn_train - INFO - Evaluation at episode 3200: 3.02 reward, Win rate: 0.73
2025-03-01 10:59:05,015 - dqn_train - INFO - Episode 3300/4500 | Reward: 3.20 | Length: 2.73 | Loss: 1.9601 | Epsilon: 0.0500 | Buffer: 11613
2025-03-01 10:59:05,325 - dqn_train - INFO - Evaluation at episode 3300: 3.92 reward, Win rate: 0.67
2025-03-01 10:59:06,534 - dqn_train - INFO - Episode 3400/4500 | Reward: 2.90 | Length: 2.70 | Loss: 1.9491 | Epsilon: 0.0500 | Buffer: 11883
2025-03-01 10:59:06,741 - dqn_train - INFO - Evaluation at episode 3400: 3.14 reward, Win rate: 0.67
2025-03-01 10:59:08,427 - dqn_train - INFO - Episode 3500/4500 | Reward: 3.02 | Length: 2.84 | Loss: 1.9431 | Epsilon: 0.0500 | Buffer: 12167
2025-03-01 10:59:08,646 - dqn_train - INFO - Evaluation at episode 3500: 3.20 reward, Win rate: 0.67
2025-03-01 10:59:09,686 - dqn_train - INFO - Episode 3600/4500 | Reward: 2.72 | Length: 2.83 | Loss: 1.9670 | Epsilon: 0.0500 | Buffer: 12450
2025-03-01 10:59:09,698 - dqn_train - INFO - Saved checkpoint to results\checkpoints\level_1_naive\dqn_episode_3600
2025-03-01 10:59:09,911 - dqn_train - INFO - Evaluation at episode 3600: 3.20 reward, Win rate: 0.53
2025-03-01 10:59:11,035 - dqn_train - INFO - Episode 3700/4500 | Reward: 3.32 | Length: 2.88 | Loss: 1.9647 | Epsilon: 0.0500 | Buffer: 12738
2025-03-01 10:59:11,237 - dqn_train - INFO - Evaluation at episode 3700: 3.38 reward, Win rate: 0.60
2025-03-01 10:59:12,388 - dqn_train - INFO - Episode 3800/4500 | Reward: 3.20 | Length: 2.86 | Loss: 1.9753 | Epsilon: 0.0500 | Buffer: 13024
2025-03-01 10:59:12,606 - dqn_train - INFO - Evaluation at episode 3800: 2.96 reward, Win rate: 0.80
2025-03-01 10:59:13,728 - dqn_train - INFO - Episode 3900/4500 | Reward: 3.02 | Length: 2.86 | Loss: 1.9030 | Epsilon: 0.0500 | Buffer: 13310
2025-03-01 10:59:13,930 - dqn_train - INFO - Evaluation at episode 3900: 3.32 reward, Win rate: 0.77
2025-03-01 10:59:15,135 - dqn_train - INFO - Episode 4000/4500 | Reward: 2.84 | Length: 2.80 | Loss: 1.8683 | Epsilon: 0.0500 | Buffer: 13590
2025-03-01 10:59:15,344 - dqn_train - INFO - Evaluation at episode 4000: 2.78 reward, Win rate: 0.67
2025-03-01 10:59:16,522 - dqn_train - INFO - Episode 4100/4500 | Reward: 3.08 | Length: 2.77 | Loss: 1.8570 | Epsilon: 0.0500 | Buffer: 13867
2025-03-01 10:59:16,723 - dqn_train - INFO - Evaluation at episode 4100: 3.44 reward, Win rate: 0.83
2025-03-01 10:59:17,998 - dqn_train - INFO - Episode 4200/4500 | Reward: 3.26 | Length: 2.88 | Loss: 1.8598 | Epsilon: 0.0500 | Buffer: 14155
2025-03-01 10:59:18,203 - dqn_train - INFO - Evaluation at episode 4200: 3.68 reward, Win rate: 0.60
2025-03-01 10:59:19,453 - dqn_train - INFO - Episode 4300/4500 | Reward: 3.44 | Length: 2.85 | Loss: 1.8105 | Epsilon: 0.0500 | Buffer: 14440
2025-03-01 10:59:19,673 - dqn_train - INFO - Evaluation at episode 4300: 3.74 reward, Win rate: 0.83
2025-03-01 10:59:20,798 - dqn_train - INFO - Episode 4400/4500 | Reward: 3.62 | Length: 2.79 | Loss: 1.7994 | Epsilon: 0.0500 | Buffer: 14719
2025-03-01 10:59:21,009 - dqn_train - INFO - Evaluation at episode 4400: 3.62 reward, Win rate: 0.70
2025-03-01 10:59:22,031 - dqn_train - INFO - Episode 4500/4500 | Reward: 3.62 | Length: 2.76 | Loss: 1.7731 | Epsilon: 0.0500 | Buffer: 14995
2025-03-01 10:59:22,041 - dqn_train - INFO - Saved checkpoint to results\checkpoints\level_1_naive\dqn_episode_4500
2025-03-01 10:59:22,246 - dqn_train - INFO - Evaluation at episode 4500: 3.56 reward, Win rate: 0.67
2025-03-01 10:59:22,246 - dqn_train - INFO - Training completed!
2025-03-01 10:59:22,557 - dqn_train - INFO - Final evaluation: 3.26 reward
2025-03-01 11:00:24,929 - dqn_train - INFO - Starting DQN training for 1500 episodes
2025-03-01 11:00:24,930 - dqn_train - INFO - Agent config: {'epsilon': 1.0, 'buffer_size': 0, 'learning_rate': 0.0003, 'training_steps': 0}
2025-03-01 11:00:27,047 - dqn_train - INFO - Episode 100/1500 | Reward: 2.54 | Length: 4.82 | Loss: 0.5174 | Epsilon: 0.4913 | Buffer: 482
2025-03-01 11:00:27,311 - dqn_train - INFO - Evaluation at episode 100: 3.92 reward, Win rate: 0.73
2025-03-01 11:00:28,725 - dqn_train - INFO - Episode 200/1500 | Reward: 3.44 | Length: 4.91 | Loss: 0.8451 | Epsilon: 0.1838 | Buffer: 973
2025-03-01 11:00:29,033 - dqn_train - INFO - Evaluation at episode 200: 3.92 reward, Win rate: 0.83
2025-03-01 11:00:30,502 - dqn_train - INFO - Episode 300/1500 | Reward: 3.86 | Length: 4.45 | Loss: 0.9635 | Epsilon: 0.0754 | Buffer: 1418
2025-03-01 11:00:30,508 - dqn_train - INFO - Saved checkpoint to results\checkpoints\level_0_random\dqn_episode_300
2025-03-01 11:00:30,775 - dqn_train - INFO - Evaluation at episode 300: 4.76 reward, Win rate: 1.00
2025-03-01 11:00:30,775 - dqn_train - INFO - Win rate 1.00 is above threshold 0.85 (1/3)
2025-03-01 11:00:32,228 - dqn_train - INFO - Episode 400/1500 | Reward: 4.52 | Length: 4.23 | Loss: 1.4203 | Epsilon: 0.0500 | Buffer: 1841
2025-03-01 11:00:32,495 - dqn_train - INFO - Evaluation at episode 400: 4.46 reward, Win rate: 0.83
2025-03-01 11:00:33,950 - dqn_train - INFO - Episode 500/1500 | Reward: 4.46 | Length: 4.25 | Loss: 1.9243 | Epsilon: 0.0500 | Buffer: 2266
2025-03-01 11:00:34,225 - dqn_train - INFO - Evaluation at episode 500: 4.40 reward, Win rate: 0.83
2025-03-01 11:00:35,524 - dqn_train - INFO - Episode 600/1500 | Reward: 4.58 | Length: 4.16 | Loss: 1.0394 | Epsilon: 0.0500 | Buffer: 2682
2025-03-01 11:00:35,530 - dqn_train - INFO - Saved checkpoint to results\checkpoints\level_0_random\dqn_episode_600
2025-03-01 11:00:35,809 - dqn_train - INFO - Evaluation at episode 600: 4.52 reward, Win rate: 0.93
2025-03-01 11:00:35,810 - dqn_train - INFO - Win rate 0.93 is above threshold 0.85 (1/3)
2025-03-01 11:00:37,272 - dqn_train - INFO - Episode 700/1500 | Reward: 4.46 | Length: 4.30 | Loss: 1.0524 | Epsilon: 0.0500 | Buffer: 3112
2025-03-01 11:00:37,530 - dqn_train - INFO - Evaluation at episode 700: 4.28 reward, Win rate: 0.97
2025-03-01 11:00:37,530 - dqn_train - INFO - Win rate 0.97 is above threshold 0.85 (2/3)
2025-03-01 11:00:38,991 - dqn_train - INFO - Episode 800/1500 | Reward: 4.64 | Length: 4.57 | Loss: 0.8788 | Epsilon: 0.0500 | Buffer: 3569
2025-03-01 11:00:39,276 - dqn_train - INFO - Evaluation at episode 800: 4.22 reward, Win rate: 0.90
2025-03-01 11:00:39,277 - dqn_train - INFO - Win rate 0.90 is above threshold 0.85 (3/3)
2025-03-01 11:00:39,277 - dqn_train - INFO - Early stopping triggered at episode 800 with win rate 0.90
2025-03-01 11:00:39,282 - dqn_train - INFO - Training completed!
2025-03-01 11:00:39,726 - dqn_train - INFO - Final evaluation: 4.37 reward
2025-03-01 11:00:40,381 - dqn_train - INFO - Starting DQN training for 4500 episodes
2025-03-01 11:00:40,382 - dqn_train - INFO - Agent config: {'epsilon': 0.07542734168829662, 'buffer_size': 3569, 'learning_rate': 0.0003, 'training_steps': 1291}
2025-03-01 11:00:41,267 - dqn_train - INFO - Episode 100/4500 | Reward: -0.58 | Length: 2.42 | Loss: 1.1871 | Epsilon: 0.0500 | Buffer: 3811
2025-03-01 11:00:41,432 - dqn_train - INFO - Evaluation at episode 100: -0.70 reward, Win rate: 0.03
2025-03-01 11:00:42,196 - dqn_train - INFO - Episode 200/4500 | Reward: -1.00 | Length: 2.15 | Loss: 1.7304 | Epsilon: 0.0500 | Buffer: 4026
2025-03-01 11:00:42,353 - dqn_train - INFO - Evaluation at episode 200: -0.88 reward, Win rate: 0.00
2025-03-01 11:00:43,084 - dqn_train - INFO - Episode 300/4500 | Reward: -0.94 | Length: 2.11 | Loss: 1.7310 | Epsilon: 0.0500 | Buffer: 4237
2025-03-01 11:00:43,243 - dqn_train - INFO - Evaluation at episode 300: -0.88 reward, Win rate: 0.00
2025-03-01 11:00:44,083 - dqn_train - INFO - Episode 400/4500 | Reward: -0.76 | Length: 2.39 | Loss: 1.6140 | Epsilon: 0.0500 | Buffer: 4476
2025-03-01 11:00:44,282 - dqn_train - INFO - Evaluation at episode 400: -0.58 reward, Win rate: 0.10
2025-03-01 11:00:45,317 - dqn_train - INFO - Episode 500/4500 | Reward: -0.58 | Length: 2.84 | Loss: 1.6080 | Epsilon: 0.0500 | Buffer: 4760
2025-03-01 11:00:45,526 - dqn_train - INFO - Evaluation at episode 500: -0.34 reward, Win rate: 0.03
2025-03-01 11:00:46,550 - dqn_train - INFO - Episode 600/4500 | Reward: -0.22 | Length: 2.88 | Loss: 1.6801 | Epsilon: 0.0500 | Buffer: 5048
2025-03-01 11:00:46,758 - dqn_train - INFO - Evaluation at episode 600: 0.02 reward, Win rate: 0.00
2025-03-01 11:00:47,799 - dqn_train - INFO - Episode 700/4500 | Reward: -0.46 | Length: 3.06 | Loss: 1.7376 | Epsilon: 0.0500 | Buffer: 5354
2025-03-01 11:00:48,022 - dqn_train - INFO - Evaluation at episode 700: -0.10 reward, Win rate: 0.13
2025-03-01 11:00:49,017 - dqn_train - INFO - Episode 800/4500 | Reward: -0.22 | Length: 2.90 | Loss: 1.8348 | Epsilon: 0.0500 | Buffer: 5644
2025-03-01 11:00:49,237 - dqn_train - INFO - Evaluation at episode 800: 0.20 reward, Win rate: 0.13
2025-03-01 11:00:50,293 - dqn_train - INFO - Episode 900/4500 | Reward: 0.08 | Length: 3.07 | Loss: 1.8358 | Epsilon: 0.0500 | Buffer: 5951
2025-03-01 11:00:50,299 - dqn_train - INFO - Saved checkpoint to results\checkpoints\level_1_naive\dqn_episode_900
2025-03-01 11:00:50,513 - dqn_train - INFO - Evaluation at episode 900: 0.20 reward, Win rate: 0.20
2025-03-01 11:00:51,602 - dqn_train - INFO - Episode 1000/4500 | Reward: 0.26 | Length: 2.92 | Loss: 1.8260 | Epsilon: 0.0500 | Buffer: 6243
2025-03-01 11:00:51,810 - dqn_train - INFO - Evaluation at episode 1000: 0.50 reward, Win rate: 0.20
2025-03-01 11:00:52,854 - dqn_train - INFO - Episode 1100/4500 | Reward: -0.28 | Length: 2.87 | Loss: 1.8430 | Epsilon: 0.0500 | Buffer: 6530
2025-03-01 11:00:53,057 - dqn_train - INFO - Evaluation at episode 1100: 0.20 reward, Win rate: 0.07
2025-03-01 11:00:54,078 - dqn_train - INFO - Episode 1200/4500 | Reward: 0.32 | Length: 2.89 | Loss: 1.8139 | Epsilon: 0.0500 | Buffer: 6819
2025-03-01 11:00:54,283 - dqn_train - INFO - Evaluation at episode 1200: 0.44 reward, Win rate: 0.27
2025-03-01 11:00:55,248 - dqn_train - INFO - Episode 1300/4500 | Reward: 0.26 | Length: 2.75 | Loss: 1.8120 | Epsilon: 0.0500 | Buffer: 7094
2025-03-01 11:00:55,446 - dqn_train - INFO - Evaluation at episode 1300: 0.68 reward, Win rate: 0.23
2025-03-01 11:00:56,466 - dqn_train - INFO - Episode 1400/4500 | Reward: 0.02 | Length: 2.94 | Loss: 1.8001 | Epsilon: 0.0500 | Buffer: 7388
2025-03-01 11:00:56,672 - dqn_train - INFO - Evaluation at episode 1400: 0.62 reward, Win rate: 0.30
2025-03-01 11:00:57,692 - dqn_train - INFO - Episode 1500/4500 | Reward: 0.32 | Length: 2.90 | Loss: 1.8303 | Epsilon: 0.0500 | Buffer: 7678
2025-03-01 11:00:57,914 - dqn_train - INFO - Evaluation at episode 1500: 0.56 reward, Win rate: 0.27
2025-03-01 11:00:58,926 - dqn_train - INFO - Episode 1600/4500 | Reward: 1.28 | Length: 2.94 | Loss: 1.8011 | Epsilon: 0.0500 | Buffer: 7972
2025-03-01 11:00:59,157 - dqn_train - INFO - Evaluation at episode 1600: 1.10 reward, Win rate: 0.40
2025-03-01 11:01:00,176 - dqn_train - INFO - Episode 1700/4500 | Reward: 0.80 | Length: 2.74 | Loss: 1.7986 | Epsilon: 0.0500 | Buffer: 8246
2025-03-01 11:01:00,399 - dqn_train - INFO - Evaluation at episode 1700: 1.10 reward, Win rate: 0.37
2025-03-01 11:01:01,447 - dqn_train - INFO - Episode 1800/4500 | Reward: 1.10 | Length: 3.05 | Loss: 1.7802 | Epsilon: 0.0500 | Buffer: 8551
2025-03-01 11:01:01,454 - dqn_train - INFO - Saved checkpoint to results\checkpoints\level_1_naive\dqn_episode_1800
2025-03-01 11:01:01,665 - dqn_train - INFO - Evaluation at episode 1800: 1.40 reward, Win rate: 0.37
2025-03-01 11:01:02,751 - dqn_train - INFO - Episode 1900/4500 | Reward: 1.40 | Length: 3.06 | Loss: 1.7849 | Epsilon: 0.0500 | Buffer: 8857
2025-03-01 11:01:02,978 - dqn_train - INFO - Evaluation at episode 1900: 1.40 reward, Win rate: 0.40
2025-03-01 11:01:04,036 - dqn_train - INFO - Episode 2000/4500 | Reward: 1.76 | Length: 2.86 | Loss: 1.8161 | Epsilon: 0.0500 | Buffer: 9143
2025-03-01 11:01:04,260 - dqn_train - INFO - Evaluation at episode 2000: 1.58 reward, Win rate: 0.47
2025-03-01 11:01:05,336 - dqn_train - INFO - Episode 2100/4500 | Reward: 1.22 | Length: 3.06 | Loss: 1.8466 | Epsilon: 0.0500 | Buffer: 9449
2025-03-01 11:01:05,549 - dqn_train - INFO - Evaluation at episode 2100: 1.58 reward, Win rate: 0.57
2025-03-01 11:01:06,644 - dqn_train - INFO - Episode 2200/4500 | Reward: 1.70 | Length: 2.92 | Loss: 1.8589 | Epsilon: 0.0500 | Buffer: 9741
2025-03-01 11:01:06,865 - dqn_train - INFO - Evaluation at episode 2200: 1.76 reward, Win rate: 0.57
2025-03-01 11:01:07,846 - dqn_train - INFO - Episode 2300/4500 | Reward: 2.24 | Length: 2.81 | Loss: 1.8849 | Epsilon: 0.0500 | Buffer: 10022
2025-03-01 11:01:08,055 - dqn_train - INFO - Evaluation at episode 2300: 2.24 reward, Win rate: 0.57
2025-03-01 11:01:09,029 - dqn_train - INFO - Episode 2400/4500 | Reward: 2.48 | Length: 2.79 | Loss: 1.8883 | Epsilon: 0.0500 | Buffer: 10301
2025-03-01 11:01:09,229 - dqn_train - INFO - Evaluation at episode 2400: 2.48 reward, Win rate: 0.70
2025-03-01 11:01:10,254 - dqn_train - INFO - Episode 2500/4500 | Reward: 2.42 | Length: 2.91 | Loss: 1.9663 | Epsilon: 0.0500 | Buffer: 10592
2025-03-01 11:01:10,458 - dqn_train - INFO - Evaluation at episode 2500: 3.20 reward, Win rate: 0.63
2025-03-01 11:01:11,409 - dqn_train - INFO - Episode 2600/4500 | Reward: 2.06 | Length: 2.70 | Loss: 1.9254 | Epsilon: 0.0500 | Buffer: 10862
2025-03-01 11:01:11,635 - dqn_train - INFO - Evaluation at episode 2600: 2.48 reward, Win rate: 0.60
2025-03-01 11:01:12,621 - dqn_train - INFO - Episode 2700/4500 | Reward: 2.42 | Length: 2.81 | Loss: 1.8815 | Epsilon: 0.0500 | Buffer: 11143
2025-03-01 11:01:12,628 - dqn_train - INFO - Saved checkpoint to results\checkpoints\level_1_naive\dqn_episode_2700
2025-03-01 11:01:12,843 - dqn_train - INFO - Evaluation at episode 2700: 2.90 reward, Win rate: 0.53
2025-03-01 11:01:13,813 - dqn_train - INFO - Episode 2800/4500 | Reward: 2.54 | Length: 2.66 | Loss: 1.8662 | Epsilon: 0.0500 | Buffer: 11409
2025-03-01 11:01:14,027 - dqn_train - INFO - Evaluation at episode 2800: 2.48 reward, Win rate: 0.60
2025-03-01 11:01:15,074 - dqn_train - INFO - Episode 2900/4500 | Reward: 2.54 | Length: 2.90 | Loss: 1.8658 | Epsilon: 0.0500 | Buffer: 11699
2025-03-01 11:01:15,281 - dqn_train - INFO - Evaluation at episode 2900: 2.66 reward, Win rate: 0.63
2025-03-01 11:01:16,301 - dqn_train - INFO - Episode 3000/4500 | Reward: 2.90 | Length: 2.83 | Loss: 1.8737 | Epsilon: 0.0500 | Buffer: 11982
2025-03-01 11:01:16,489 - dqn_train - INFO - Evaluation at episode 3000: 3.14 reward, Win rate: 0.70
2025-03-01 11:01:17,513 - dqn_train - INFO - Episode 3100/4500 | Reward: 2.60 | Length: 2.89 | Loss: 1.8446 | Epsilon: 0.0500 | Buffer: 12271
2025-03-01 11:01:17,714 - dqn_train - INFO - Evaluation at episode 3100: 3.02 reward, Win rate: 0.77
2025-03-01 11:01:18,673 - dqn_train - INFO - Episode 3200/4500 | Reward: 2.72 | Length: 2.59 | Loss: 1.8705 | Epsilon: 0.0500 | Buffer: 12530
2025-03-01 11:01:18,878 - dqn_train - INFO - Evaluation at episode 3200: 2.96 reward, Win rate: 0.63
2025-03-01 11:01:19,770 - dqn_train - INFO - Episode 3300/4500 | Reward: 3.50 | Length: 2.56 | Loss: 1.8488 | Epsilon: 0.0500 | Buffer: 12786
2025-03-01 11:01:19,983 - dqn_train - INFO - Evaluation at episode 3300: 3.02 reward, Win rate: 0.67
2025-03-01 11:01:20,992 - dqn_train - INFO - Episode 3400/4500 | Reward: 2.60 | Length: 2.73 | Loss: 1.8250 | Epsilon: 0.0500 | Buffer: 13059
2025-03-01 11:01:21,216 - dqn_train - INFO - Evaluation at episode 3400: 3.32 reward, Win rate: 0.57
2025-03-01 11:01:22,253 - dqn_train - INFO - Episode 3500/4500 | Reward: 2.18 | Length: 2.88 | Loss: 1.8099 | Epsilon: 0.0500 | Buffer: 13347
2025-03-01 11:01:22,465 - dqn_train - INFO - Evaluation at episode 3500: 3.62 reward, Win rate: 0.60
2025-03-01 11:01:23,534 - dqn_train - INFO - Episode 3600/4500 | Reward: 2.18 | Length: 3.02 | Loss: 1.7764 | Epsilon: 0.0500 | Buffer: 13649
2025-03-01 11:01:23,543 - dqn_train - INFO - Saved checkpoint to results\checkpoints\level_1_naive\dqn_episode_3600
2025-03-01 11:01:23,749 - dqn_train - INFO - Evaluation at episode 3600: 3.26 reward, Win rate: 0.63
2025-03-01 11:01:24,724 - dqn_train - INFO - Episode 3700/4500 | Reward: 3.08 | Length: 2.75 | Loss: 1.7628 | Epsilon: 0.0500 | Buffer: 13924
2025-03-01 11:01:24,938 - dqn_train - INFO - Evaluation at episode 3700: 3.56 reward, Win rate: 0.67
2025-03-01 11:01:25,949 - dqn_train - INFO - Episode 3800/4500 | Reward: 2.66 | Length: 2.79 | Loss: 1.7481 | Epsilon: 0.0500 | Buffer: 14203
2025-03-01 11:01:26,149 - dqn_train - INFO - Evaluation at episode 3800: 3.38 reward, Win rate: 0.83
2025-03-01 11:01:27,194 - dqn_train - INFO - Episode 3900/4500 | Reward: 3.02 | Length: 2.87 | Loss: 1.7236 | Epsilon: 0.0500 | Buffer: 14490
2025-03-01 11:01:27,407 - dqn_train - INFO - Evaluation at episode 3900: 2.90 reward, Win rate: 0.67
2025-03-01 11:01:28,408 - dqn_train - INFO - Episode 4000/4500 | Reward: 3.02 | Length: 2.82 | Loss: 1.6826 | Epsilon: 0.0500 | Buffer: 14772
2025-03-01 11:01:28,603 - dqn_train - INFO - Evaluation at episode 4000: 3.44 reward, Win rate: 0.67
2025-03-01 11:01:29,651 - dqn_train - INFO - Episode 4100/4500 | Reward: 2.60 | Length: 2.90 | Loss: 1.7182 | Epsilon: 0.0500 | Buffer: 15062
2025-03-01 11:01:29,862 - dqn_train - INFO - Evaluation at episode 4100: 3.68 reward, Win rate: 0.60
2025-03-01 11:01:30,882 - dqn_train - INFO - Episode 4200/4500 | Reward: 2.54 | Length: 2.90 | Loss: 1.7023 | Epsilon: 0.0500 | Buffer: 15352
2025-03-01 11:01:31,091 - dqn_train - INFO - Evaluation at episode 4200: 3.32 reward, Win rate: 0.63
2025-03-01 11:01:32,145 - dqn_train - INFO - Episode 4300/4500 | Reward: 3.38 | Length: 2.90 | Loss: 1.6655 | Epsilon: 0.0500 | Buffer: 15642
2025-03-01 11:01:32,364 - dqn_train - INFO - Evaluation at episode 4300: 2.78 reward, Win rate: 0.60
2025-03-01 11:01:33,370 - dqn_train - INFO - Episode 4400/4500 | Reward: 2.78 | Length: 2.84 | Loss: 1.6427 | Epsilon: 0.0500 | Buffer: 15926
2025-03-01 11:01:33,599 - dqn_train - INFO - Evaluation at episode 4400: 2.30 reward, Win rate: 0.83
2025-03-01 11:01:34,648 - dqn_train - INFO - Episode 4500/4500 | Reward: 2.90 | Length: 2.94 | Loss: 1.5861 | Epsilon: 0.0500 | Buffer: 16220
2025-03-01 11:01:34,657 - dqn_train - INFO - Saved checkpoint to results\checkpoints\level_1_naive\dqn_episode_4500
2025-03-01 11:01:34,857 - dqn_train - INFO - Evaluation at episode 4500: 3.26 reward, Win rate: 0.73
2025-03-01 11:01:34,858 - dqn_train - INFO - Training completed!
2025-03-01 11:01:35,189 - dqn_train - INFO - Final evaluation: 2.78 reward
2025-03-01 11:02:04,579 - dqn_train - INFO - Starting DQN training for 6000 episodes
2025-03-01 11:02:04,579 - dqn_train - INFO - Agent config: {'epsilon': 0.05, 'buffer_size': 16220, 'learning_rate': 0.0003, 'training_steps': 11925}
2025-03-01 11:02:06,654 - dqn_train - INFO - Episode 100/6000 | Reward: 1.28 | Length: 5.54 | Loss: 1.7258 | Epsilon: 0.0500 | Buffer: 16774
2025-03-01 11:02:07,132 - dqn_train - INFO - Evaluation at episode 100: 0.86 reward, Win rate: 0.20
2025-03-01 11:02:08,944 - dqn_train - INFO - Episode 200/6000 | Reward: 0.80 | Length: 5.08 | Loss: 1.7413 | Epsilon: 0.0500 | Buffer: 17282
2025-03-01 11:02:09,290 - dqn_train - INFO - Evaluation at episode 200: 1.52 reward, Win rate: 0.37
2025-03-01 11:02:11,143 - dqn_train - INFO - Episode 300/6000 | Reward: 1.22 | Length: 5.34 | Loss: 1.7243 | Epsilon: 0.0500 | Buffer: 17816
2025-03-01 11:02:11,509 - dqn_train - INFO - Evaluation at episode 300: 2.12 reward, Win rate: 0.60
2025-03-01 11:02:13,545 - dqn_train - INFO - Episode 400/6000 | Reward: 2.06 | Length: 5.74 | Loss: 1.7325 | Epsilon: 0.0500 | Buffer: 18390
2025-03-01 11:02:13,914 - dqn_train - INFO - Evaluation at episode 400: 2.06 reward, Win rate: 0.53
2025-03-01 11:02:16,040 - dqn_train - INFO - Episode 500/6000 | Reward: 2.54 | Length: 5.60 | Loss: 1.7120 | Epsilon: 0.0500 | Buffer: 18950
2025-03-01 11:02:16,454 - dqn_train - INFO - Evaluation at episode 500: 3.26 reward, Win rate: 0.63
2025-03-01 11:02:18,458 - dqn_train - INFO - Episode 600/6000 | Reward: 2.42 | Length: 5.40 | Loss: 1.6715 | Epsilon: 0.0500 | Buffer: 19490
2025-03-01 11:02:18,835 - dqn_train - INFO - Evaluation at episode 600: 3.14 reward, Win rate: 0.67
2025-03-01 11:02:20,728 - dqn_train - INFO - Episode 700/6000 | Reward: 2.30 | Length: 5.37 | Loss: 1.6523 | Epsilon: 0.0500 | Buffer: 20027
2025-03-01 11:02:21,104 - dqn_train - INFO - Evaluation at episode 700: 3.26 reward, Win rate: 0.90
2025-03-01 11:02:21,105 - dqn_train - INFO - Win rate 0.90 is above threshold 0.85 (1/3)
2025-03-01 11:02:22,994 - dqn_train - INFO - Episode 800/6000 | Reward: 2.90 | Length: 5.33 | Loss: 1.6433 | Epsilon: 0.0500 | Buffer: 20560
2025-03-01 11:02:23,382 - dqn_train - INFO - Evaluation at episode 800: 3.44 reward, Win rate: 0.60
2025-03-01 11:02:25,354 - dqn_train - INFO - Episode 900/6000 | Reward: 2.48 | Length: 5.17 | Loss: 1.6168 | Epsilon: 0.0500 | Buffer: 21077
2025-03-01 11:02:25,717 - dqn_train - INFO - Evaluation at episode 900: 2.42 reward, Win rate: 0.73
2025-03-01 11:02:27,702 - dqn_train - INFO - Episode 1000/6000 | Reward: 2.84 | Length: 5.43 | Loss: 1.5562 | Epsilon: 0.0500 | Buffer: 21620
2025-03-01 11:02:27,708 - dqn_train - INFO - Saved checkpoint to results\checkpoints\level_2_conservative\dqn_episode_1000
2025-03-01 11:02:28,078 - dqn_train - INFO - Evaluation at episode 1000: 3.38 reward, Win rate: 0.80
2025-03-01 11:02:30,072 - dqn_train - INFO - Episode 1100/6000 | Reward: 3.08 | Length: 5.48 | Loss: 1.5500 | Epsilon: 0.0500 | Buffer: 22168
2025-03-01 11:02:30,438 - dqn_train - INFO - Evaluation at episode 1100: 3.56 reward, Win rate: 0.57
2025-03-01 11:02:32,336 - dqn_train - INFO - Episode 1200/6000 | Reward: 2.42 | Length: 5.06 | Loss: 1.4990 | Epsilon: 0.0500 | Buffer: 22674
2025-03-01 11:02:32,700 - dqn_train - INFO - Evaluation at episode 1200: 3.50 reward, Win rate: 0.70
2025-03-01 11:02:34,603 - dqn_train - INFO - Episode 1300/6000 | Reward: 2.84 | Length: 5.21 | Loss: 1.4597 | Epsilon: 0.0500 | Buffer: 23195
2025-03-01 11:02:34,984 - dqn_train - INFO - Evaluation at episode 1300: 3.26 reward, Win rate: 0.77
2025-03-01 11:02:37,058 - dqn_train - INFO - Episode 1400/6000 | Reward: 3.02 | Length: 5.45 | Loss: 1.4107 | Epsilon: 0.0500 | Buffer: 23740
2025-03-01 11:02:37,432 - dqn_train - INFO - Evaluation at episode 1400: 3.44 reward, Win rate: 0.73
2025-03-01 11:02:39,417 - dqn_train - INFO - Episode 1500/6000 | Reward: 3.44 | Length: 5.35 | Loss: 1.3919 | Epsilon: 0.0500 | Buffer: 24275
2025-03-01 11:02:39,785 - dqn_train - INFO - Evaluation at episode 1500: 3.68 reward, Win rate: 0.70
2025-03-01 11:02:41,787 - dqn_train - INFO - Episode 1600/6000 | Reward: 3.02 | Length: 5.42 | Loss: 1.3804 | Epsilon: 0.0500 | Buffer: 24817
2025-03-01 11:02:42,154 - dqn_train - INFO - Evaluation at episode 1600: 3.50 reward, Win rate: 0.83
2025-03-01 11:02:44,095 - dqn_train - INFO - Episode 1700/6000 | Reward: 3.32 | Length: 5.32 | Loss: 1.3609 | Epsilon: 0.0500 | Buffer: 25349
2025-03-01 11:02:44,452 - dqn_train - INFO - Evaluation at episode 1700: 3.26 reward, Win rate: 0.77
2025-03-01 11:02:46,485 - dqn_train - INFO - Episode 1800/6000 | Reward: 2.96 | Length: 5.30 | Loss: 1.3258 | Epsilon: 0.0500 | Buffer: 25879
2025-03-01 11:02:46,859 - dqn_train - INFO - Evaluation at episode 1800: 3.14 reward, Win rate: 0.57
2025-03-01 11:02:48,906 - dqn_train - INFO - Episode 1900/6000 | Reward: 3.14 | Length: 5.22 | Loss: 1.2657 | Epsilon: 0.0500 | Buffer: 26401
2025-03-01 11:02:49,277 - dqn_train - INFO - Evaluation at episode 1900: 3.44 reward, Win rate: 0.80
2025-03-01 11:02:51,306 - dqn_train - INFO - Episode 2000/6000 | Reward: 2.84 | Length: 5.32 | Loss: 1.2465 | Epsilon: 0.0500 | Buffer: 26933
2025-03-01 11:02:51,315 - dqn_train - INFO - Saved checkpoint to results\checkpoints\level_2_conservative\dqn_episode_2000
2025-03-01 11:02:51,675 - dqn_train - INFO - Evaluation at episode 2000: 2.96 reward, Win rate: 0.77
2025-03-01 11:02:53,623 - dqn_train - INFO - Episode 2100/6000 | Reward: 2.48 | Length: 5.11 | Loss: 1.2154 | Epsilon: 0.0500 | Buffer: 27444
2025-03-01 11:02:53,977 - dqn_train - INFO - Evaluation at episode 2100: 3.26 reward, Win rate: 0.83
2025-03-01 11:02:55,950 - dqn_train - INFO - Episode 2200/6000 | Reward: 3.20 | Length: 5.27 | Loss: 1.2029 | Epsilon: 0.0500 | Buffer: 27971
2025-03-01 11:02:56,291 - dqn_train - INFO - Evaluation at episode 2200: 3.32 reward, Win rate: 0.67
2025-03-01 11:02:58,302 - dqn_train - INFO - Episode 2300/6000 | Reward: 2.66 | Length: 5.21 | Loss: 1.1873 | Epsilon: 0.0500 | Buffer: 28492
2025-03-01 11:02:58,736 - dqn_train - INFO - Evaluation at episode 2300: 3.50 reward, Win rate: 0.73
2025-03-01 11:03:01,733 - dqn_train - INFO - Episode 2400/6000 | Reward: 3.08 | Length: 5.45 | Loss: 1.1716 | Epsilon: 0.0500 | Buffer: 29037
2025-03-01 11:03:02,091 - dqn_train - INFO - Evaluation at episode 2400: 3.86 reward, Win rate: 0.80
2025-03-01 11:03:04,029 - dqn_train - INFO - Episode 2500/6000 | Reward: 2.36 | Length: 5.05 | Loss: 1.1692 | Epsilon: 0.0500 | Buffer: 29542
2025-03-01 11:03:04,374 - dqn_train - INFO - Evaluation at episode 2500: 2.96 reward, Win rate: 0.70
2025-03-01 11:03:06,317 - dqn_train - INFO - Episode 2600/6000 | Reward: 3.14 | Length: 5.16 | Loss: 1.1674 | Epsilon: 0.0500 | Buffer: 30058
2025-03-01 11:03:06,722 - dqn_train - INFO - Evaluation at episode 2600: 3.20 reward, Win rate: 0.70
2025-03-01 11:03:08,778 - dqn_train - INFO - Episode 2700/6000 | Reward: 2.90 | Length: 5.24 | Loss: 1.1345 | Epsilon: 0.0500 | Buffer: 30582
2025-03-01 11:03:09,170 - dqn_train - INFO - Evaluation at episode 2700: 3.26 reward, Win rate: 0.67
2025-03-01 11:03:11,291 - dqn_train - INFO - Episode 2800/6000 | Reward: 2.72 | Length: 5.22 | Loss: 1.1478 | Epsilon: 0.0500 | Buffer: 31104
2025-03-01 11:03:11,661 - dqn_train - INFO - Evaluation at episode 2800: 3.44 reward, Win rate: 0.70
2025-03-01 11:03:13,758 - dqn_train - INFO - Episode 2900/6000 | Reward: 3.26 | Length: 5.39 | Loss: 1.1610 | Epsilon: 0.0500 | Buffer: 31643
2025-03-01 11:03:14,147 - dqn_train - INFO - Evaluation at episode 2900: 3.62 reward, Win rate: 0.90
2025-03-01 11:03:14,147 - dqn_train - INFO - Win rate 0.90 is above threshold 0.85 (1/3)
2025-03-01 11:03:16,187 - dqn_train - INFO - Episode 3000/6000 | Reward: 3.56 | Length: 5.32 | Loss: 1.1475 | Epsilon: 0.0500 | Buffer: 32175
2025-03-01 11:03:16,197 - dqn_train - INFO - Saved checkpoint to results\checkpoints\level_2_conservative\dqn_episode_3000
2025-03-01 11:03:16,564 - dqn_train - INFO - Evaluation at episode 3000: 3.86 reward, Win rate: 0.70
2025-03-01 11:03:18,532 - dqn_train - INFO - Episode 3100/6000 | Reward: 2.84 | Length: 5.17 | Loss: 1.1146 | Epsilon: 0.0500 | Buffer: 32692
2025-03-01 11:03:18,896 - dqn_train - INFO - Evaluation at episode 3100: 3.26 reward, Win rate: 0.80
2025-03-01 11:03:20,921 - dqn_train - INFO - Episode 3200/6000 | Reward: 3.44 | Length: 5.36 | Loss: 1.1126 | Epsilon: 0.0500 | Buffer: 33228
2025-03-01 11:03:21,263 - dqn_train - INFO - Evaluation at episode 3200: 2.84 reward, Win rate: 0.73
2025-03-01 11:03:23,341 - dqn_train - INFO - Episode 3300/6000 | Reward: 2.06 | Length: 5.30 | Loss: 1.0714 | Epsilon: 0.0500 | Buffer: 33758
2025-03-01 11:03:23,695 - dqn_train - INFO - Evaluation at episode 3300: 3.14 reward, Win rate: 0.67
2025-03-01 11:03:25,764 - dqn_train - INFO - Episode 3400/6000 | Reward: 3.02 | Length: 5.38 | Loss: 1.0883 | Epsilon: 0.0500 | Buffer: 34296
2025-03-01 11:03:26,127 - dqn_train - INFO - Evaluation at episode 3400: 3.20 reward, Win rate: 0.63
2025-03-01 11:03:28,207 - dqn_train - INFO - Episode 3500/6000 | Reward: 2.60 | Length: 5.51 | Loss: 1.0801 | Epsilon: 0.0500 | Buffer: 34847
2025-03-01 11:03:28,577 - dqn_train - INFO - Evaluation at episode 3500: 3.26 reward, Win rate: 0.67
2025-03-01 11:03:30,651 - dqn_train - INFO - Episode 3600/6000 | Reward: 3.14 | Length: 5.42 | Loss: 1.0596 | Epsilon: 0.0500 | Buffer: 35389
2025-03-01 11:03:31,014 - dqn_train - INFO - Evaluation at episode 3600: 3.44 reward, Win rate: 0.77
2025-03-01 11:03:33,064 - dqn_train - INFO - Episode 3700/6000 | Reward: 2.84 | Length: 5.04 | Loss: 1.0631 | Epsilon: 0.0500 | Buffer: 35893
2025-03-01 11:03:33,425 - dqn_train - INFO - Evaluation at episode 3700: 2.72 reward, Win rate: 0.60
2025-03-01 11:03:35,760 - dqn_train - INFO - Episode 3800/6000 | Reward: 2.90 | Length: 5.27 | Loss: 1.0814 | Epsilon: 0.0500 | Buffer: 36420
2025-03-01 11:03:36,113 - dqn_train - INFO - Evaluation at episode 3800: 3.38 reward, Win rate: 0.80
2025-03-01 11:03:38,451 - dqn_train - INFO - Episode 3900/6000 | Reward: 2.78 | Length: 5.42 | Loss: 1.0711 | Epsilon: 0.0500 | Buffer: 36962
2025-03-01 11:03:38,817 - dqn_train - INFO - Evaluation at episode 3900: 2.66 reward, Win rate: 0.73
2025-03-01 11:03:40,897 - dqn_train - INFO - Episode 4000/6000 | Reward: 2.78 | Length: 5.22 | Loss: 1.0705 | Epsilon: 0.0500 | Buffer: 37484
2025-03-01 11:03:40,909 - dqn_train - INFO - Saved checkpoint to results\checkpoints\level_2_conservative\dqn_episode_4000
2025-03-01 11:03:41,284 - dqn_train - INFO - Evaluation at episode 4000: 3.38 reward, Win rate: 0.53
2025-03-01 11:03:43,445 - dqn_train - INFO - Episode 4100/6000 | Reward: 2.90 | Length: 5.33 | Loss: 1.1016 | Epsilon: 0.0500 | Buffer: 38017
2025-03-01 11:03:43,804 - dqn_train - INFO - Evaluation at episode 4100: 3.08 reward, Win rate: 0.57
2025-03-01 11:03:45,975 - dqn_train - INFO - Episode 4200/6000 | Reward: 2.42 | Length: 5.02 | Loss: 1.1411 | Epsilon: 0.0500 | Buffer: 38519
2025-03-01 11:03:46,353 - dqn_train - INFO - Evaluation at episode 4200: 3.32 reward, Win rate: 0.47
2025-03-01 11:03:48,511 - dqn_train - INFO - Episode 4300/6000 | Reward: 2.90 | Length: 5.24 | Loss: 1.1487 | Epsilon: 0.0500 | Buffer: 39043
2025-03-01 11:03:48,854 - dqn_train - INFO - Evaluation at episode 4300: 2.96 reward, Win rate: 0.67
2025-03-01 11:03:50,835 - dqn_train - INFO - Episode 4400/6000 | Reward: 2.72 | Length: 5.03 | Loss: 1.1296 | Epsilon: 0.0500 | Buffer: 39546
2025-03-01 11:03:51,213 - dqn_train - INFO - Evaluation at episode 4400: 2.84 reward, Win rate: 0.77
2025-03-01 11:03:53,285 - dqn_train - INFO - Episode 4500/6000 | Reward: 2.24 | Length: 4.96 | Loss: 1.1412 | Epsilon: 0.0500 | Buffer: 40042
2025-03-01 11:03:53,625 - dqn_train - INFO - Evaluation at episode 4500: 2.78 reward, Win rate: 0.83
2025-03-01 11:03:55,650 - dqn_train - INFO - Episode 4600/6000 | Reward: 2.18 | Length: 5.04 | Loss: 1.1920 | Epsilon: 0.0500 | Buffer: 40546
2025-03-01 11:03:55,998 - dqn_train - INFO - Evaluation at episode 4600: 3.32 reward, Win rate: 0.67
2025-03-01 11:03:58,073 - dqn_train - INFO - Episode 4700/6000 | Reward: 2.90 | Length: 5.20 | Loss: 1.1913 | Epsilon: 0.0500 | Buffer: 41066
2025-03-01 11:03:58,411 - dqn_train - INFO - Evaluation at episode 4700: 2.96 reward, Win rate: 0.60
2025-03-01 11:04:00,340 - dqn_train - INFO - Episode 4800/6000 | Reward: 2.06 | Length: 4.86 | Loss: 1.1886 | Epsilon: 0.0500 | Buffer: 41552
2025-03-01 11:04:00,692 - dqn_train - INFO - Evaluation at episode 4800: 2.78 reward, Win rate: 0.47
2025-03-01 11:04:02,572 - dqn_train - INFO - Episode 4900/6000 | Reward: 2.42 | Length: 4.71 | Loss: 1.2528 | Epsilon: 0.0500 | Buffer: 42023
2025-03-01 11:04:02,890 - dqn_train - INFO - Evaluation at episode 4900: 2.36 reward, Win rate: 0.57
2025-03-01 11:04:04,862 - dqn_train - INFO - Episode 5000/6000 | Reward: 2.48 | Length: 4.86 | Loss: 1.2442 | Epsilon: 0.0500 | Buffer: 42509
2025-03-01 11:04:04,874 - dqn_train - INFO - Saved checkpoint to results\checkpoints\level_2_conservative\dqn_episode_5000
2025-03-01 11:04:05,204 - dqn_train - INFO - Evaluation at episode 5000: 3.02 reward, Win rate: 0.63
2025-03-01 11:04:07,208 - dqn_train - INFO - Episode 5100/6000 | Reward: 2.60 | Length: 4.87 | Loss: 1.2925 | Epsilon: 0.0500 | Buffer: 42996
2025-03-01 11:04:07,522 - dqn_train - INFO - Evaluation at episode 5100: 2.30 reward, Win rate: 0.57
2025-03-01 11:04:09,517 - dqn_train - INFO - Episode 5200/6000 | Reward: 2.24 | Length: 4.88 | Loss: 1.3022 | Epsilon: 0.0500 | Buffer: 43484
2025-03-01 11:04:09,852 - dqn_train - INFO - Evaluation at episode 5200: 2.96 reward, Win rate: 0.67
2025-03-01 11:04:11,716 - dqn_train - INFO - Episode 5300/6000 | Reward: 1.70 | Length: 4.66 | Loss: 1.2981 | Epsilon: 0.0500 | Buffer: 43950
2025-03-01 11:04:12,055 - dqn_train - INFO - Evaluation at episode 5300: 2.54 reward, Win rate: 0.53
2025-03-01 11:04:13,983 - dqn_train - INFO - Episode 5400/6000 | Reward: 2.00 | Length: 4.75 | Loss: 1.3540 | Epsilon: 0.0500 | Buffer: 44425
2025-03-01 11:04:14,326 - dqn_train - INFO - Evaluation at episode 5400: 2.18 reward, Win rate: 0.60
2025-03-01 11:04:16,238 - dqn_train - INFO - Episode 5500/6000 | Reward: 2.54 | Length: 4.75 | Loss: 1.4113 | Epsilon: 0.0500 | Buffer: 44900
2025-03-01 11:04:16,563 - dqn_train - INFO - Evaluation at episode 5500: 2.78 reward, Win rate: 0.63
2025-03-01 11:04:18,455 - dqn_train - INFO - Episode 5600/6000 | Reward: 1.94 | Length: 4.45 | Loss: 1.4405 | Epsilon: 0.0500 | Buffer: 45345
2025-03-01 11:04:18,791 - dqn_train - INFO - Evaluation at episode 5600: 2.18 reward, Win rate: 0.80
2025-03-01 11:04:20,708 - dqn_train - INFO - Episode 5700/6000 | Reward: 2.00 | Length: 4.62 | Loss: 1.5462 | Epsilon: 0.0500 | Buffer: 45807
2025-03-01 11:04:21,030 - dqn_train - INFO - Evaluation at episode 5700: 2.24 reward, Win rate: 0.53
2025-03-01 11:04:22,881 - dqn_train - INFO - Episode 5800/6000 | Reward: 2.06 | Length: 4.63 | Loss: 1.5445 | Epsilon: 0.0500 | Buffer: 46270
2025-03-01 11:04:23,187 - dqn_train - INFO - Evaluation at episode 5800: 1.76 reward, Win rate: 0.50
2025-03-01 11:04:24,948 - dqn_train - INFO - Episode 5900/6000 | Reward: 1.40 | Length: 4.33 | Loss: 1.6041 | Epsilon: 0.0500 | Buffer: 46703
2025-03-01 11:04:25,299 - dqn_train - INFO - Evaluation at episode 5900: 2.54 reward, Win rate: 0.73
2025-03-01 11:04:27,272 - dqn_train - INFO - Episode 6000/6000 | Reward: 2.30 | Length: 4.60 | Loss: 1.6268 | Epsilon: 0.0500 | Buffer: 47163
2025-03-01 11:04:27,285 - dqn_train - INFO - Saved checkpoint to results\checkpoints\level_2_conservative\dqn_episode_6000
2025-03-01 11:04:27,576 - dqn_train - INFO - Evaluation at episode 6000: 2.18 reward, Win rate: 0.47
2025-03-01 11:04:27,577 - dqn_train - INFO - Training completed!
2025-03-01 11:04:28,011 - dqn_train - INFO - Final evaluation: 2.09 reward
2025-03-01 11:05:12,799 - dqn_train - INFO - Starting DQN training for 6000 episodes
2025-03-01 11:05:12,800 - dqn_train - INFO - Agent config: {'epsilon': 0.05, 'buffer_size': 47163, 'learning_rate': 0.00020999999999999998, 'training_steps': 15732}
2025-03-01 11:05:14,588 - dqn_train - INFO - Episode 100/6000 | Reward: 3.38 | Length: 4.11 | Loss: 1.7558 | Epsilon: 0.0500 | Buffer: 47574
2025-03-01 11:05:14,877 - dqn_train - INFO - Evaluation at episode 100: 3.68 reward, Win rate: 0.77
2025-03-01 11:05:16,557 - dqn_train - INFO - Episode 200/6000 | Reward: 3.02 | Length: 4.08 | Loss: 1.4733 | Epsilon: 0.0500 | Buffer: 47982
2025-03-01 11:05:16,832 - dqn_train - INFO - Evaluation at episode 200: 3.80 reward, Win rate: 0.53
2025-03-01 11:05:18,463 - dqn_train - INFO - Episode 300/6000 | Reward: 2.84 | Length: 4.01 | Loss: 1.3911 | Epsilon: 0.0500 | Buffer: 48383
2025-03-01 11:05:18,743 - dqn_train - INFO - Evaluation at episode 300: 3.50 reward, Win rate: 0.77
2025-03-01 11:05:20,388 - dqn_train - INFO - Episode 400/6000 | Reward: 3.14 | Length: 4.02 | Loss: 1.2823 | Epsilon: 0.0500 | Buffer: 48785
2025-03-01 11:05:20,656 - dqn_train - INFO - Evaluation at episode 400: 3.56 reward, Win rate: 0.87
2025-03-01 11:05:20,657 - dqn_train - INFO - Win rate 0.87 is above threshold 0.85 (1/3)
2025-03-01 11:05:22,295 - dqn_train - INFO - Episode 500/6000 | Reward: 2.66 | Length: 3.95 | Loss: 1.1416 | Epsilon: 0.0500 | Buffer: 49180
2025-03-01 11:05:22,550 - dqn_train - INFO - Evaluation at episode 500: 3.38 reward, Win rate: 0.70
2025-03-01 11:05:24,150 - dqn_train - INFO - Episode 600/6000 | Reward: 2.30 | Length: 3.84 | Loss: 1.0594 | Epsilon: 0.0500 | Buffer: 49564
2025-03-01 11:05:24,418 - dqn_train - INFO - Evaluation at episode 600: 2.90 reward, Win rate: 0.67
2025-03-01 11:05:26,048 - dqn_train - INFO - Episode 700/6000 | Reward: 2.78 | Length: 3.93 | Loss: 1.0164 | Epsilon: 0.0500 | Buffer: 49957
2025-03-01 11:05:26,318 - dqn_train - INFO - Evaluation at episode 700: 3.02 reward, Win rate: 0.77
2025-03-01 11:05:27,934 - dqn_train - INFO - Episode 800/6000 | Reward: 2.72 | Length: 3.92 | Loss: 0.9859 | Epsilon: 0.0500 | Buffer: 50349
2025-03-01 11:05:28,196 - dqn_train - INFO - Evaluation at episode 800: 3.20 reward, Win rate: 0.70
2025-03-01 11:05:29,761 - dqn_train - INFO - Episode 900/6000 | Reward: 2.54 | Length: 3.84 | Loss: 0.9862 | Epsilon: 0.0500 | Buffer: 50733
2025-03-01 11:05:30,028 - dqn_train - INFO - Evaluation at episode 900: 2.78 reward, Win rate: 0.63
2025-03-01 11:05:31,599 - dqn_train - INFO - Episode 1000/6000 | Reward: 2.42 | Length: 3.85 | Loss: 0.9695 | Epsilon: 0.0500 | Buffer: 51118
2025-03-01 11:05:31,607 - dqn_train - INFO - Saved checkpoint to results\checkpoints\level_3_aggressive\dqn_episode_1000
2025-03-01 11:05:31,891 - dqn_train - INFO - Evaluation at episode 1000: 3.50 reward, Win rate: 0.67
2025-03-01 11:05:33,525 - dqn_train - INFO - Episode 1100/6000 | Reward: 2.90 | Length: 3.90 | Loss: 0.9608 | Epsilon: 0.0500 | Buffer: 51508
2025-03-01 11:05:33,801 - dqn_train - INFO - Evaluation at episode 1100: 3.14 reward, Win rate: 0.83
2025-03-01 11:05:35,483 - dqn_train - INFO - Episode 1200/6000 | Reward: 3.14 | Length: 3.97 | Loss: 0.9504 | Epsilon: 0.0500 | Buffer: 51905
2025-03-01 11:05:35,756 - dqn_train - INFO - Evaluation at episode 1200: 3.44 reward, Win rate: 0.80
2025-03-01 11:05:37,431 - dqn_train - INFO - Episode 1300/6000 | Reward: 3.44 | Length: 3.92 | Loss: 0.9662 | Epsilon: 0.0500 | Buffer: 52297
2025-03-01 11:05:37,710 - dqn_train - INFO - Evaluation at episode 1300: 3.86 reward, Win rate: 0.80
2025-03-01 11:05:39,417 - dqn_train - INFO - Episode 1400/6000 | Reward: 3.32 | Length: 4.06 | Loss: 0.9663 | Epsilon: 0.0500 | Buffer: 52703
2025-03-01 11:05:39,684 - dqn_train - INFO - Evaluation at episode 1400: 3.98 reward, Win rate: 0.90
2025-03-01 11:05:39,685 - dqn_train - INFO - Win rate 0.90 is above threshold 0.85 (1/3)
2025-03-01 11:05:41,454 - dqn_train - INFO - Episode 1500/6000 | Reward: 3.38 | Length: 3.99 | Loss: 0.9688 | Epsilon: 0.0500 | Buffer: 53102
2025-03-01 11:05:41,744 - dqn_train - INFO - Evaluation at episode 1500: 3.98 reward, Win rate: 0.73
2025-03-01 11:05:43,439 - dqn_train - INFO - Episode 1600/6000 | Reward: 3.26 | Length: 3.84 | Loss: 0.9682 | Epsilon: 0.0500 | Buffer: 53486
2025-03-01 11:05:43,715 - dqn_train - INFO - Evaluation at episode 1600: 3.62 reward, Win rate: 0.77
2025-03-01 11:05:45,477 - dqn_train - INFO - Episode 1700/6000 | Reward: 3.26 | Length: 3.98 | Loss: 0.9668 | Epsilon: 0.0500 | Buffer: 53884
2025-03-01 11:05:45,756 - dqn_train - INFO - Evaluation at episode 1700: 3.26 reward, Win rate: 0.80
2025-03-01 11:05:47,622 - dqn_train - INFO - Episode 1800/6000 | Reward: 3.56 | Length: 4.03 | Loss: 0.9695 | Epsilon: 0.0500 | Buffer: 54287
2025-03-01 11:05:47,900 - dqn_train - INFO - Evaluation at episode 1800: 3.86 reward, Win rate: 0.57
2025-03-01 11:05:49,582 - dqn_train - INFO - Episode 1900/6000 | Reward: 3.26 | Length: 3.95 | Loss: 0.9793 | Epsilon: 0.0500 | Buffer: 54682
2025-03-01 11:05:49,847 - dqn_train - INFO - Evaluation at episode 1900: 3.50 reward, Win rate: 0.90
2025-03-01 11:05:49,847 - dqn_train - INFO - Win rate 0.90 is above threshold 0.85 (1/3)
2025-03-01 11:05:51,531 - dqn_train - INFO - Episode 2000/6000 | Reward: 3.74 | Length: 3.95 | Loss: 0.9828 | Epsilon: 0.0500 | Buffer: 55077
2025-03-01 11:05:51,538 - dqn_train - INFO - Saved checkpoint to results\checkpoints\level_3_aggressive\dqn_episode_2000
2025-03-01 11:05:51,814 - dqn_train - INFO - Evaluation at episode 2000: 4.40 reward, Win rate: 0.93
2025-03-01 11:05:51,815 - dqn_train - INFO - Win rate 0.93 is above threshold 0.85 (2/3)
2025-03-01 11:05:53,504 - dqn_train - INFO - Episode 2100/6000 | Reward: 3.68 | Length: 4.02 | Loss: 0.9959 | Epsilon: 0.0500 | Buffer: 55479
2025-03-01 11:05:53,770 - dqn_train - INFO - Evaluation at episode 2100: 3.98 reward, Win rate: 0.90
2025-03-01 11:05:53,771 - dqn_train - INFO - Win rate 0.90 is above threshold 0.85 (3/3)
2025-03-01 11:05:53,771 - dqn_train - INFO - Early stopping triggered at episode 2100 with win rate 0.90
2025-03-01 11:05:53,778 - dqn_train - INFO - Training completed!
2025-03-01 11:05:54,199 - dqn_train - INFO - Final evaluation: 4.07 reward
2025-03-01 11:06:52,757 - dqn_train - INFO - Starting DQN training for 6000 episodes
2025-03-01 11:06:52,758 - dqn_train - INFO - Agent config: {'epsilon': 0.05, 'buffer_size': 55479, 'learning_rate': 0.00014699999999999997, 'training_steps': 23646}
2025-03-01 11:06:55,194 - dqn_train - INFO - Episode 100/6000 | Reward: 3.02 | Length: 5.13 | Loss: 0.9836 | Epsilon: 0.0500 | Buffer: 55992
2025-03-01 11:06:55,541 - dqn_train - INFO - Evaluation at episode 100: 3.32 reward, Win rate: 0.67
2025-03-01 11:06:57,818 - dqn_train - INFO - Episode 200/6000 | Reward: 3.08 | Length: 5.10 | Loss: 0.9912 | Epsilon: 0.0500 | Buffer: 56502
2025-03-01 11:06:58,178 - dqn_train - INFO - Evaluation at episode 200: 3.50 reward, Win rate: 0.67
2025-03-01 11:07:00,328 - dqn_train - INFO - Episode 300/6000 | Reward: 2.72 | Length: 4.95 | Loss: 0.9911 | Epsilon: 0.0500 | Buffer: 56997
2025-03-01 11:07:00,719 - dqn_train - INFO - Evaluation at episode 300: 3.50 reward, Win rate: 0.73
2025-03-01 11:07:03,116 - dqn_train - INFO - Episode 400/6000 | Reward: 3.20 | Length: 5.15 | Loss: 0.9879 | Epsilon: 0.0500 | Buffer: 57512
2025-03-01 11:07:03,463 - dqn_train - INFO - Evaluation at episode 400: 3.50 reward, Win rate: 0.60
2025-03-01 11:07:05,666 - dqn_train - INFO - Episode 500/6000 | Reward: 3.14 | Length: 5.03 | Loss: 1.0196 | Epsilon: 0.0500 | Buffer: 58015
2025-03-01 11:07:06,005 - dqn_train - INFO - Evaluation at episode 500: 3.56 reward, Win rate: 0.57
2025-03-01 11:07:08,097 - dqn_train - INFO - Episode 600/6000 | Reward: 2.36 | Length: 4.93 | Loss: 1.0319 | Epsilon: 0.0500 | Buffer: 58508
2025-03-01 11:07:08,452 - dqn_train - INFO - Evaluation at episode 600: 3.08 reward, Win rate: 0.83
2025-03-01 11:07:11,004 - dqn_train - INFO - Episode 700/6000 | Reward: 2.42 | Length: 4.69 | Loss: 1.0348 | Epsilon: 0.0500 | Buffer: 58977
2025-03-01 11:07:11,382 - dqn_train - INFO - Evaluation at episode 700: 3.14 reward, Win rate: 0.70
2025-03-01 11:07:13,607 - dqn_train - INFO - Episode 800/6000 | Reward: 3.02 | Length: 4.99 | Loss: 1.0228 | Epsilon: 0.0500 | Buffer: 59476
2025-03-01 11:07:13,956 - dqn_train - INFO - Evaluation at episode 800: 3.26 reward, Win rate: 0.77
2025-03-01 11:07:16,245 - dqn_train - INFO - Episode 900/6000 | Reward: 3.20 | Length: 5.11 | Loss: 1.0600 | Epsilon: 0.0500 | Buffer: 59987
2025-03-01 11:07:16,599 - dqn_train - INFO - Evaluation at episode 900: 3.32 reward, Win rate: 0.73
2025-03-01 11:07:18,719 - dqn_train - INFO - Episode 1000/6000 | Reward: 2.36 | Length: 4.95 | Loss: 1.0605 | Epsilon: 0.0500 | Buffer: 60482
2025-03-01 11:07:18,726 - dqn_train - INFO - Saved checkpoint to results\checkpoints\level_4_strategic\dqn_episode_1000
2025-03-01 11:07:19,072 - dqn_train - INFO - Evaluation at episode 1000: 3.08 reward, Win rate: 0.67
2025-03-01 11:07:21,435 - dqn_train - INFO - Episode 1100/6000 | Reward: 3.08 | Length: 5.21 | Loss: 1.0749 | Epsilon: 0.0500 | Buffer: 61003
2025-03-01 11:07:21,774 - dqn_train - INFO - Evaluation at episode 1100: 3.02 reward, Win rate: 0.87
2025-03-01 11:07:21,774 - dqn_train - INFO - Win rate 0.87 is above threshold 0.85 (1/3)
2025-03-01 11:07:24,195 - dqn_train - INFO - Episode 1200/6000 | Reward: 2.78 | Length: 4.99 | Loss: 1.0727 | Epsilon: 0.0500 | Buffer: 61502
2025-03-01 11:07:24,529 - dqn_train - INFO - Evaluation at episode 1200: 2.60 reward, Win rate: 0.60
2025-03-01 11:07:26,752 - dqn_train - INFO - Episode 1300/6000 | Reward: 2.84 | Length: 5.11 | Loss: 1.0964 | Epsilon: 0.0500 | Buffer: 62013
2025-03-01 11:07:27,110 - dqn_train - INFO - Evaluation at episode 1300: 2.66 reward, Win rate: 0.60
2025-03-01 11:07:29,249 - dqn_train - INFO - Episode 1400/6000 | Reward: 2.96 | Length: 4.97 | Loss: 1.0976 | Epsilon: 0.0500 | Buffer: 62510
2025-03-01 11:07:29,567 - dqn_train - INFO - Evaluation at episode 1400: 2.30 reward, Win rate: 0.67
2025-03-01 11:07:31,746 - dqn_train - INFO - Episode 1500/6000 | Reward: 2.48 | Length: 4.90 | Loss: 1.0982 | Epsilon: 0.0500 | Buffer: 63000
2025-03-01 11:07:32,094 - dqn_train - INFO - Evaluation at episode 1500: 2.78 reward, Win rate: 0.63
2025-03-01 11:07:34,249 - dqn_train - INFO - Episode 1600/6000 | Reward: 2.78 | Length: 4.81 | Loss: 1.1097 | Epsilon: 0.0500 | Buffer: 63481
2025-03-01 11:07:34,598 - dqn_train - INFO - Evaluation at episode 1600: 3.26 reward, Win rate: 0.67
2025-03-01 11:07:37,034 - dqn_train - INFO - Episode 1700/6000 | Reward: 2.96 | Length: 5.20 | Loss: 1.1325 | Epsilon: 0.0500 | Buffer: 64001
2025-03-01 11:07:37,371 - dqn_train - INFO - Evaluation at episode 1700: 3.02 reward, Win rate: 0.70
2025-03-01 11:07:39,544 - dqn_train - INFO - Episode 1800/6000 | Reward: 2.24 | Length: 4.64 | Loss: 1.1574 | Epsilon: 0.0500 | Buffer: 64465
2025-03-01 11:07:39,884 - dqn_train - INFO - Evaluation at episode 1800: 2.84 reward, Win rate: 0.63
2025-03-01 11:07:42,034 - dqn_train - INFO - Episode 1900/6000 | Reward: 2.30 | Length: 4.76 | Loss: 1.1785 | Epsilon: 0.0500 | Buffer: 64941
2025-03-01 11:07:42,379 - dqn_train - INFO - Evaluation at episode 1900: 2.66 reward, Win rate: 0.67
2025-03-01 11:07:44,508 - dqn_train - INFO - Episode 2000/6000 | Reward: 2.24 | Length: 4.71 | Loss: 1.1783 | Epsilon: 0.0500 | Buffer: 65412
2025-03-01 11:07:44,517 - dqn_train - INFO - Saved checkpoint to results\checkpoints\level_4_strategic\dqn_episode_2000
2025-03-01 11:07:44,852 - dqn_train - INFO - Evaluation at episode 2000: 2.72 reward, Win rate: 0.67
2025-03-01 11:07:47,154 - dqn_train - INFO - Episode 2100/6000 | Reward: 2.60 | Length: 4.70 | Loss: 1.1996 | Epsilon: 0.0500 | Buffer: 65882
2025-03-01 11:07:47,483 - dqn_train - INFO - Evaluation at episode 2100: 2.60 reward, Win rate: 0.57
2025-03-01 11:07:49,541 - dqn_train - INFO - Episode 2200/6000 | Reward: 1.76 | Length: 4.47 | Loss: 1.1929 | Epsilon: 0.0500 | Buffer: 66329
2025-03-01 11:07:49,868 - dqn_train - INFO - Evaluation at episode 2200: 2.90 reward, Win rate: 0.63
2025-03-01 11:07:51,827 - dqn_train - INFO - Episode 2300/6000 | Reward: 1.70 | Length: 4.45 | Loss: 1.2093 | Epsilon: 0.0500 | Buffer: 66774
2025-03-01 11:07:52,165 - dqn_train - INFO - Evaluation at episode 2300: 2.72 reward, Win rate: 0.53
2025-03-01 11:07:54,263 - dqn_train - INFO - Episode 2400/6000 | Reward: 2.54 | Length: 4.71 | Loss: 1.2312 | Epsilon: 0.0500 | Buffer: 67245
2025-03-01 11:07:54,589 - dqn_train - INFO - Evaluation at episode 2400: 2.60 reward, Win rate: 0.67
2025-03-01 11:07:56,676 - dqn_train - INFO - Episode 2500/6000 | Reward: 1.94 | Length: 4.61 | Loss: 1.2766 | Epsilon: 0.0500 | Buffer: 67706
2025-03-01 11:07:56,994 - dqn_train - INFO - Evaluation at episode 2500: 2.84 reward, Win rate: 0.70
2025-03-01 11:07:59,166 - dqn_train - INFO - Episode 2600/6000 | Reward: 2.12 | Length: 4.67 | Loss: 1.2650 | Epsilon: 0.0500 | Buffer: 68173
2025-03-01 11:07:59,492 - dqn_train - INFO - Evaluation at episode 2600: 2.90 reward, Win rate: 0.57
2025-03-01 11:08:01,836 - dqn_train - INFO - Episode 2700/6000 | Reward: 2.96 | Length: 5.08 | Loss: 1.2809 | Epsilon: 0.0500 | Buffer: 68681
2025-03-01 11:08:02,157 - dqn_train - INFO - Evaluation at episode 2700: 3.02 reward, Win rate: 0.47
2025-03-01 11:08:04,248 - dqn_train - INFO - Episode 2800/6000 | Reward: 2.12 | Length: 4.52 | Loss: 1.2854 | Epsilon: 0.0500 | Buffer: 69133
2025-03-01 11:08:04,545 - dqn_train - INFO - Evaluation at episode 2800: 2.48 reward, Win rate: 0.57
2025-03-01 11:08:06,764 - dqn_train - INFO - Episode 2900/6000 | Reward: 2.48 | Length: 4.64 | Loss: 1.3047 | Epsilon: 0.0500 | Buffer: 69597
2025-03-01 11:08:07,121 - dqn_train - INFO - Evaluation at episode 2900: 2.72 reward, Win rate: 0.60
2025-03-01 11:08:09,483 - dqn_train - INFO - Episode 3000/6000 | Reward: 2.54 | Length: 4.95 | Loss: 1.3261 | Epsilon: 0.0500 | Buffer: 70092
2025-03-01 11:08:09,494 - dqn_train - INFO - Saved checkpoint to results\checkpoints\level_4_strategic\dqn_episode_3000
2025-03-01 11:08:09,829 - dqn_train - INFO - Evaluation at episode 3000: 3.08 reward, Win rate: 0.70
2025-03-01 11:08:12,193 - dqn_train - INFO - Episode 3100/6000 | Reward: 2.30 | Length: 4.89 | Loss: 1.3447 | Epsilon: 0.0500 | Buffer: 70581
2025-03-01 11:08:12,530 - dqn_train - INFO - Evaluation at episode 3100: 2.48 reward, Win rate: 0.67
2025-03-01 11:08:14,708 - dqn_train - INFO - Episode 3200/6000 | Reward: 2.18 | Length: 4.63 | Loss: 1.3735 | Epsilon: 0.0500 | Buffer: 71044
2025-03-01 11:08:15,045 - dqn_train - INFO - Evaluation at episode 3200: 2.54 reward, Win rate: 0.60
2025-03-01 11:08:17,424 - dqn_train - INFO - Episode 3300/6000 | Reward: 2.48 | Length: 4.79 | Loss: 1.3908 | Epsilon: 0.0500 | Buffer: 71523
2025-03-01 11:08:17,737 - dqn_train - INFO - Evaluation at episode 3300: 1.82 reward, Win rate: 0.63
2025-03-01 11:08:19,849 - dqn_train - INFO - Episode 3400/6000 | Reward: 1.70 | Length: 4.47 | Loss: 1.3908 | Epsilon: 0.0500 | Buffer: 71970
2025-03-01 11:08:20,165 - dqn_train - INFO - Evaluation at episode 3400: 2.12 reward, Win rate: 0.57
2025-03-01 11:08:22,168 - dqn_train - INFO - Episode 3500/6000 | Reward: 1.70 | Length: 4.43 | Loss: 1.4090 | Epsilon: 0.0500 | Buffer: 72413
2025-03-01 11:08:22,481 - dqn_train - INFO - Evaluation at episode 3500: 2.60 reward, Win rate: 0.67
2025-03-01 11:08:24,643 - dqn_train - INFO - Episode 3600/6000 | Reward: 2.42 | Length: 4.64 | Loss: 1.4030 | Epsilon: 0.0500 | Buffer: 72877
2025-03-01 11:08:24,984 - dqn_train - INFO - Evaluation at episode 3600: 2.90 reward, Win rate: 0.50
2025-03-01 11:08:27,263 - dqn_train - INFO - Episode 3700/6000 | Reward: 2.18 | Length: 4.51 | Loss: 1.4278 | Epsilon: 0.0500 | Buffer: 73328
2025-03-01 11:08:27,610 - dqn_train - INFO - Evaluation at episode 3700: 2.18 reward, Win rate: 0.60
2025-03-01 11:08:29,772 - dqn_train - INFO - Episode 3800/6000 | Reward: 2.42 | Length: 4.55 | Loss: 1.4457 | Epsilon: 0.0500 | Buffer: 73783
2025-03-01 11:08:30,100 - dqn_train - INFO - Evaluation at episode 3800: 2.12 reward, Win rate: 0.57
2025-03-01 11:08:32,284 - dqn_train - INFO - Episode 3900/6000 | Reward: 2.12 | Length: 4.55 | Loss: 1.4761 | Epsilon: 0.0500 | Buffer: 74238
2025-03-01 11:08:32,597 - dqn_train - INFO - Evaluation at episode 3900: 2.18 reward, Win rate: 0.53
2025-03-01 11:08:34,970 - dqn_train - INFO - Episode 4000/6000 | Reward: 2.42 | Length: 4.93 | Loss: 1.4853 | Epsilon: 0.0500 | Buffer: 74731
2025-03-01 11:08:34,980 - dqn_train - INFO - Saved checkpoint to results\checkpoints\level_4_strategic\dqn_episode_4000
2025-03-01 11:08:35,341 - dqn_train - INFO - Evaluation at episode 4000: 2.48 reward, Win rate: 0.63
2025-03-01 11:08:37,559 - dqn_train - INFO - Episode 4100/6000 | Reward: 1.88 | Length: 4.46 | Loss: 1.5487 | Epsilon: 0.0500 | Buffer: 75177
2025-03-01 11:08:37,926 - dqn_train - INFO - Evaluation at episode 4100: 3.08 reward, Win rate: 0.53
2025-03-01 11:08:40,260 - dqn_train - INFO - Episode 4200/6000 | Reward: 2.72 | Length: 4.74 | Loss: 1.5504 | Epsilon: 0.0500 | Buffer: 75651
2025-03-01 11:08:40,568 - dqn_train - INFO - Evaluation at episode 4200: 1.94 reward, Win rate: 0.47
2025-03-01 11:08:42,792 - dqn_train - INFO - Episode 4300/6000 | Reward: 2.42 | Length: 4.64 | Loss: 1.5676 | Epsilon: 0.0500 | Buffer: 76115
2025-03-01 11:08:43,120 - dqn_train - INFO - Evaluation at episode 4300: 2.66 reward, Win rate: 0.63
2025-03-01 11:08:45,262 - dqn_train - INFO - Episode 4400/6000 | Reward: 2.54 | Length: 4.49 | Loss: 1.5448 | Epsilon: 0.0500 | Buffer: 76564
2025-03-01 11:08:45,561 - dqn_train - INFO - Evaluation at episode 4400: 2.42 reward, Win rate: 0.53
2025-03-01 11:08:47,751 - dqn_train - INFO - Episode 4500/6000 | Reward: 2.18 | Length: 4.40 | Loss: 1.5693 | Epsilon: 0.0500 | Buffer: 77004
2025-03-01 11:08:48,052 - dqn_train - INFO - Evaluation at episode 4500: 2.30 reward, Win rate: 0.47
2025-03-01 11:08:50,110 - dqn_train - INFO - Episode 4600/6000 | Reward: 1.82 | Length: 4.16 | Loss: 1.5784 | Epsilon: 0.0500 | Buffer: 77420
2025-03-01 11:08:50,444 - dqn_train - INFO - Evaluation at episode 4600: 2.48 reward, Win rate: 0.67
2025-03-01 11:08:52,751 - dqn_train - INFO - Episode 4700/6000 | Reward: 2.12 | Length: 4.66 | Loss: 1.5612 | Epsilon: 0.0500 | Buffer: 77886
2025-03-01 11:08:53,073 - dqn_train - INFO - Evaluation at episode 4700: 2.90 reward, Win rate: 0.63
2025-03-01 11:08:55,408 - dqn_train - INFO - Episode 4800/6000 | Reward: 2.30 | Length: 4.76 | Loss: 1.6011 | Epsilon: 0.0500 | Buffer: 78362
2025-03-01 11:08:55,734 - dqn_train - INFO - Evaluation at episode 4800: 3.14 reward, Win rate: 0.67
2025-03-01 11:08:58,061 - dqn_train - INFO - Episode 4900/6000 | Reward: 2.06 | Length: 4.42 | Loss: 1.6489 | Epsilon: 0.0500 | Buffer: 78804
2025-03-01 11:08:58,387 - dqn_train - INFO - Evaluation at episode 4900: 2.96 reward, Win rate: 0.63
2025-03-01 11:09:00,691 - dqn_train - INFO - Episode 5000/6000 | Reward: 2.12 | Length: 4.31 | Loss: 1.6491 | Epsilon: 0.0500 | Buffer: 79235
2025-03-01 11:09:00,703 - dqn_train - INFO - Saved checkpoint to results\checkpoints\level_4_strategic\dqn_episode_5000
2025-03-01 11:09:01,015 - dqn_train - INFO - Evaluation at episode 5000: 2.72 reward, Win rate: 0.57
2025-03-01 11:09:03,154 - dqn_train - INFO - Episode 5100/6000 | Reward: 1.88 | Length: 4.29 | Loss: 1.6805 | Epsilon: 0.0500 | Buffer: 79664
2025-03-01 11:09:03,447 - dqn_train - INFO - Evaluation at episode 5100: 2.84 reward, Win rate: 0.67
2025-03-01 11:09:05,815 - dqn_train - INFO - Episode 5200/6000 | Reward: 2.66 | Length: 4.63 | Loss: 1.7033 | Epsilon: 0.0500 | Buffer: 80127
2025-03-01 11:09:06,141 - dqn_train - INFO - Evaluation at episode 5200: 3.26 reward, Win rate: 0.67
2025-03-01 11:09:08,377 - dqn_train - INFO - Episode 5300/6000 | Reward: 2.24 | Length: 4.45 | Loss: 1.7011 | Epsilon: 0.0500 | Buffer: 80572
2025-03-01 11:09:08,695 - dqn_train - INFO - Evaluation at episode 5300: 2.60 reward, Win rate: 0.60
2025-03-01 11:09:10,988 - dqn_train - INFO - Episode 5400/6000 | Reward: 2.42 | Length: 4.59 | Loss: 1.6917 | Epsilon: 0.0500 | Buffer: 81031
2025-03-01 11:09:11,316 - dqn_train - INFO - Evaluation at episode 5400: 2.78 reward, Win rate: 0.57
2025-03-01 11:09:13,395 - dqn_train - INFO - Episode 5500/6000 | Reward: 1.82 | Length: 4.30 | Loss: 1.6841 | Epsilon: 0.0500 | Buffer: 81461
2025-03-01 11:09:13,703 - dqn_train - INFO - Evaluation at episode 5500: 2.90 reward, Win rate: 0.60
2025-03-01 11:09:15,789 - dqn_train - INFO - Episode 5600/6000 | Reward: 2.12 | Length: 4.33 | Loss: 1.6495 | Epsilon: 0.0500 | Buffer: 81894
2025-03-01 11:09:16,097 - dqn_train - INFO - Evaluation at episode 5600: 2.84 reward, Win rate: 0.60
2025-03-01 11:09:18,434 - dqn_train - INFO - Episode 5700/6000 | Reward: 2.96 | Length: 4.80 | Loss: 1.7122 | Epsilon: 0.0500 | Buffer: 82374
2025-03-01 11:09:18,765 - dqn_train - INFO - Evaluation at episode 5700: 2.90 reward, Win rate: 0.60
2025-03-01 11:09:21,031 - dqn_train - INFO - Episode 5800/6000 | Reward: 1.88 | Length: 4.46 | Loss: 1.7154 | Epsilon: 0.0500 | Buffer: 82820
2025-03-01 11:09:21,375 - dqn_train - INFO - Evaluation at episode 5800: 2.78 reward, Win rate: 0.57
2025-03-01 11:09:23,697 - dqn_train - INFO - Episode 5900/6000 | Reward: 2.42 | Length: 4.63 | Loss: 1.6951 | Epsilon: 0.0500 | Buffer: 83283
2025-03-01 11:09:24,024 - dqn_train - INFO - Evaluation at episode 5900: 2.90 reward, Win rate: 0.50
2025-03-01 11:09:26,410 - dqn_train - INFO - Episode 6000/6000 | Reward: 2.66 | Length: 4.80 | Loss: 1.7623 | Epsilon: 0.0500 | Buffer: 83763
2025-03-01 11:09:26,422 - dqn_train - INFO - Saved checkpoint to results\checkpoints\level_4_strategic\dqn_episode_6000
2025-03-01 11:09:26,751 - dqn_train - INFO - Evaluation at episode 6000: 2.66 reward, Win rate: 0.67
2025-03-01 11:09:26,752 - dqn_train - INFO - Training completed!
2025-03-01 11:09:27,219 - dqn_train - INFO - Final evaluation: 2.90 reward
2025-03-01 11:10:40,631 - dqn_train - INFO - Starting DQN training for 6000 episodes
2025-03-01 11:10:40,631 - dqn_train - INFO - Agent config: {'epsilon': 0.05, 'buffer_size': 83763, 'learning_rate': 0.00010289999999999997, 'training_steps': 29170}
