2025-03-02 10:16:54,401 - train - INFO - Starting training for 10500 episodes with agent type: DQNAgent
2025-03-02 10:16:54,401 - train - INFO - Agent config: {'epsilon': 0.09999999999999992, 'buffer_size': 54533, 'update_counter': 48767, 'total_steps': 48830, 'learning_rate': 0.0005, 'network_size': [256, 128, 64], 'device': 'cuda', 'avg_loss': 23.70051837682724, 'double_dqn': True}
2025-03-02 10:16:57,709 - train - INFO - Episode 100/10500 | Reward: -2.33 | Length: 6.34 | Loss: 66.4057
2025-03-02 10:16:58,313 - train - INFO - Evaluation at episode 100: 3.00 reward, Win rate: 0.33
2025-03-02 10:17:01,549 - train - INFO - Episode 200/10500 | Reward: -2.07 | Length: 6.27 | Loss: 41.5912
2025-03-02 10:17:02,056 - train - INFO - Evaluation at episode 200: 3.00 reward, Win rate: 0.23
2025-03-02 10:17:05,460 - train - INFO - Episode 300/10500 | Reward: -1.48 | Length: 6.55 | Loss: 31.1734
2025-03-02 10:17:05,967 - train - INFO - Evaluation at episode 300: -3.00 reward, Win rate: 0.33
2025-03-02 10:17:09,406 - train - INFO - Episode 400/10500 | Reward: -1.99 | Length: 6.52 | Loss: 19.6334
2025-03-02 10:17:09,966 - train - INFO - Evaluation at episode 400: -3.00 reward, Win rate: 0.33
2025-03-02 10:17:13,392 - train - INFO - Episode 500/10500 | Reward: -1.49 | Length: 6.65 | Loss: 11.2726
2025-03-02 10:17:14,000 - train - INFO - Evaluation at episode 500: -3.00 reward, Win rate: 0.53
2025-03-02 10:17:17,659 - train - INFO - Episode 600/10500 | Reward: -1.02 | Length: 6.93 | Loss: 4.4877
2025-03-02 10:17:18,180 - train - INFO - Evaluation at episode 600: -3.00 reward, Win rate: 0.40
2025-03-02 10:17:21,644 - train - INFO - Episode 700/10500 | Reward: -0.82 | Length: 6.70 | Loss: 1.9250
2025-03-02 10:17:22,180 - train - INFO - Evaluation at episode 700: 4.00 reward, Win rate: 0.40
2025-03-02 10:17:25,833 - train - INFO - Episode 800/10500 | Reward: -0.51 | Length: 7.23 | Loss: 0.4854
2025-03-02 10:17:26,430 - train - INFO - Evaluation at episode 800: -3.00 reward, Win rate: 0.53
2025-03-02 10:17:30,053 - train - INFO - Episode 900/10500 | Reward: -0.82 | Length: 7.09 | Loss: 0.2529
2025-03-02 10:17:30,673 - train - INFO - Evaluation at episode 900: 3.00 reward, Win rate: 0.50
2025-03-02 10:17:34,449 - train - INFO - Episode 1000/10500 | Reward: 0.38 | Length: 7.54 | Loss: 0.2315
2025-03-02 10:17:34,457 - train - INFO - Saved checkpoint to results/dqn_3dice\dqn_basic_2p3d_20250302_101148\checkpoints\level_4_strategic\agent_episode_1000
2025-03-02 10:17:35,050 - train - INFO - Evaluation at episode 1000: 4.00 reward, Win rate: 0.63
2025-03-02 10:17:39,125 - train - INFO - Episode 1100/10500 | Reward: 0.79 | Length: 7.86 | Loss: 0.2251
2025-03-02 10:17:39,754 - train - INFO - Evaluation at episode 1100: 3.00 reward, Win rate: 0.73
2025-03-02 10:17:43,794 - train - INFO - Episode 1200/10500 | Reward: 1.40 | Length: 7.92 | Loss: 0.2164
2025-03-02 10:17:44,467 - train - INFO - Evaluation at episode 1200: 3.00 reward, Win rate: 0.80
2025-03-02 10:17:44,467 - train - INFO - Win rate 0.80 is above threshold 0.75 (1/3)
2025-03-02 10:17:48,419 - train - INFO - Episode 1300/10500 | Reward: 0.81 | Length: 7.71 | Loss: 0.2253
2025-03-02 10:17:49,048 - train - INFO - Evaluation at episode 1300: -3.00 reward, Win rate: 0.87
2025-03-02 10:17:49,048 - train - INFO - Win rate 0.87 is above threshold 0.75 (2/3)
2025-03-02 10:17:53,249 - train - INFO - Episode 1400/10500 | Reward: 1.78 | Length: 8.15 | Loss: 0.2318
2025-03-02 10:17:53,923 - train - INFO - Evaluation at episode 1400: 4.00 reward, Win rate: 0.73
2025-03-02 10:17:58,011 - train - INFO - Episode 1500/10500 | Reward: 1.33 | Length: 8.11 | Loss: 0.2208
2025-03-02 10:17:58,700 - train - INFO - Evaluation at episode 1500: 4.00 reward, Win rate: 0.70
2025-03-02 10:18:02,770 - train - INFO - Episode 1600/10500 | Reward: 1.24 | Length: 7.89 | Loss: 0.2342
2025-03-02 10:18:03,467 - train - INFO - Evaluation at episode 1600: -3.00 reward, Win rate: 0.83
2025-03-02 10:18:03,467 - train - INFO - Win rate 0.83 is above threshold 0.75 (1/3)
2025-03-02 10:18:07,711 - train - INFO - Episode 1700/10500 | Reward: 1.95 | Length: 8.38 | Loss: 0.2321
2025-03-02 10:18:08,408 - train - INFO - Evaluation at episode 1700: -3.00 reward, Win rate: 0.70
2025-03-02 10:18:12,570 - train - INFO - Episode 1800/10500 | Reward: 2.12 | Length: 8.04 | Loss: 0.2437
2025-03-02 10:18:13,232 - train - INFO - Evaluation at episode 1800: -3.00 reward, Win rate: 0.93
2025-03-02 10:18:13,232 - train - INFO - Win rate 0.93 is above threshold 0.75 (1/3)
2025-03-02 10:18:17,364 - train - INFO - Episode 1900/10500 | Reward: 1.91 | Length: 8.01 | Loss: 0.2620
2025-03-02 10:18:18,044 - train - INFO - Evaluation at episode 1900: 5.00 reward, Win rate: 0.80
2025-03-02 10:18:18,045 - train - INFO - Win rate 0.80 is above threshold 0.75 (2/3)
2025-03-02 10:18:22,165 - train - INFO - Episode 2000/10500 | Reward: 1.84 | Length: 7.93 | Loss: 0.2743
2025-03-02 10:18:22,174 - train - INFO - Saved checkpoint to results/dqn_3dice\dqn_basic_2p3d_20250302_101148\checkpoints\level_4_strategic\agent_episode_2000
2025-03-02 10:18:22,776 - train - INFO - Evaluation at episode 2000: 4.00 reward, Win rate: 0.90
2025-03-02 10:18:22,776 - train - INFO - Win rate 0.90 is above threshold 0.75 (3/3)
2025-03-02 10:18:22,776 - train - INFO - Early stopping triggered at episode 2000 with win rate 0.90
2025-03-02 10:18:22,789 - train - INFO - Training completed!
2025-03-02 10:18:23,773 - train - INFO - Final evaluation: 2.33 reward
