2025-03-02 15:57:31,014 - train - INFO - Starting training for 10000 episodes with agent type: PPOAgent
2025-03-02 15:57:31,014 - train - INFO - Agent config: {'obs_dim': 35, 'action_dim': 37, 'hidden_dims': [256, 128, 64], 'learning_rate': 0.0003, 'min_learning_rate': 3e-05, 'gamma': 0.99, 'gae_lambda': 0.95, 'policy_clip': 0.2, 'value_coef': 0.5, 'entropy_coef': 0.0038771650526258873, 'batch_size': 64, 'update_frequency': 2048, 'max_grad_norm': 0.5, 'update_counter': 56, 'step_counter': 1834, 'total_training_steps': 1000000, 'current_lr': 0.000484893452474516, 'device': 'cuda', 'memory_size': 0, 'avg_policy_loss': 0.0, 'avg_value_loss': 0.0, 'avg_entropy': 0.0, 'avg_reward': 0.0}
2025-03-02 15:57:32,938 - train - INFO - Episode 100/10000 | Reward: 1.52 | Length: 5.81 | Loss: 0.0000
2025-03-02 15:57:34,568 - train - INFO - Episode 200/10000 | Reward: 1.09 | Length: 5.68 | Loss: 0.0000
2025-03-02 15:57:36,121 - train - INFO - Episode 300/10000 | Reward: 1.36 | Length: 5.44 | Loss: 0.0000
2025-03-02 15:57:37,709 - train - INFO - Episode 400/10000 | Reward: 1.32 | Length: 5.46 | Loss: 0.0000
2025-03-02 15:57:39,935 - train - INFO - Episode 500/10000 | Reward: 1.14 | Length: 5.79 | Loss: 0.0000
2025-03-02 15:57:39,943 - train - INFO - Saved checkpoint to results/self_play\self_play_ppo_2p3d_20250302_155730\checkpoints\round_1\agent_episode_500
2025-03-02 15:57:48,237 - train - INFO - Evaluation at episode 500: 4.00 reward, Win rate: 0.67
2025-03-02 15:57:50,060 - train - INFO - Episode 600/10000 | Reward: 1.63 | Length: 5.74 | Loss: 0.0000
2025-03-02 15:57:51,770 - train - INFO - Episode 700/10000 | Reward: 0.87 | Length: 5.31 | Loss: 0.0000
2025-03-02 15:57:54,013 - train - INFO - Episode 800/10000 | Reward: 1.26 | Length: 5.41 | Loss: 0.0000
2025-03-02 15:57:55,806 - train - INFO - Episode 900/10000 | Reward: 0.84 | Length: 5.65 | Loss: 0.0000
2025-03-02 15:57:57,513 - train - INFO - Episode 1000/10000 | Reward: 1.09 | Length: 5.36 | Loss: 0.0000
2025-03-02 15:57:57,520 - train - INFO - Saved checkpoint to results/self_play\self_play_ppo_2p3d_20250302_155730\checkpoints\round_1\agent_episode_1000
2025-03-02 15:58:05,674 - train - INFO - Evaluation at episode 1000: 3.00 reward, Win rate: 0.70
2025-03-02 15:58:07,482 - train - INFO - Episode 1100/10000 | Reward: 0.38 | Length: 5.72 | Loss: 0.0000
2025-03-02 15:58:09,667 - train - INFO - Episode 1200/10000 | Reward: 2.00 | Length: 5.57 | Loss: 0.0000
2025-03-02 15:58:11,375 - train - INFO - Episode 1300/10000 | Reward: 1.20 | Length: 5.74 | Loss: 0.0000
2025-03-02 15:58:13,141 - train - INFO - Episode 1400/10000 | Reward: 1.51 | Length: 5.54 | Loss: 0.0000
2025-03-02 15:58:14,885 - train - INFO - Episode 1500/10000 | Reward: 1.36 | Length: 5.45 | Loss: 0.0000
2025-03-02 15:58:14,893 - train - INFO - Saved checkpoint to results/self_play\self_play_ppo_2p3d_20250302_155730\checkpoints\round_1\agent_episode_1500
2025-03-02 15:58:23,424 - train - INFO - Evaluation at episode 1500: 4.00 reward, Win rate: 0.83
2025-03-02 15:58:23,438 - train - INFO - Training stopped early by callback at episode 1500
2025-03-02 15:58:23,438 - train - INFO - Training completed!
2025-03-02 15:58:39,276 - train - INFO - Final evaluation: 1.79 reward
