2025-03-02 15:57:30,489 - self_play - INFO - Starting self-play learning for Liar's Dice with loaded ppo agent
2025-03-02 15:57:30,489 - self_play - INFO - Game setup: 2 players, 3 dice, 6 faces
2025-03-02 15:57:30,489 - self_play - INFO - Self-play: 5 rounds with 10000 episodes per round
2025-03-02 15:57:30,500 - self_play - INFO - Using device: cuda
2025-03-02 15:57:30,501 - self_play - INFO - Observation dimension: 35, Action dimension: 37
2025-03-02 15:57:30,988 - self_play - INFO - Loading pre-trained model from results\ppo_3dice\models\ppo_2p3d_0.85wr_20250302_152449
2025-03-02 15:57:31,013 - self_play - INFO - 
=== Starting Self-Play Round 1/5 ===
2025-03-02 15:57:48,244 - self_play - INFO - New best model for round 1: 0.667 win rate
2025-03-02 15:57:48,255 - self_play - INFO - New best overall model: 0.667 win rate
2025-03-02 15:58:05,680 - self_play - INFO - New best model for round 1: 0.700 win rate
2025-03-02 15:58:05,686 - self_play - INFO - New best overall model: 0.700 win rate
2025-03-02 15:58:23,432 - self_play - INFO - New best model for round 1: 0.833 win rate
2025-03-02 15:58:23,438 - self_play - INFO - New best overall model: 0.833 win rate
2025-03-02 15:58:23,438 - self_play - INFO - Win rate threshold 0.800 reached with 0.833
2025-03-02 15:58:39,276 - self_play - INFO - Completed self-play round 1
2025-03-02 15:58:39,276 - self_play - INFO - Duration: 68.26 seconds
2025-03-02 15:58:39,277 - self_play - INFO - Best win rate: 0.833
2025-03-02 15:58:39,277 - self_play - INFO - Updating opponent with best model from round 1
2025-03-02 15:58:39,316 - self_play - INFO - Evaluating against rule-based agents...
2025-03-02 15:59:18,260 - self_play - INFO - Evaluation results vs rule-based agents:
2025-03-02 15:59:18,261 - self_play - INFO -   vs random: win rate = 0.993
2025-03-02 15:59:18,261 - self_play - INFO -   vs naive: win rate = 0.900
2025-03-02 15:59:18,261 - self_play - INFO -   vs conservative: win rate = 0.703
2025-03-02 15:59:18,261 - self_play - INFO -   vs anti_exploitation: win rate = 0.840
2025-03-02 15:59:18,261 - self_play - INFO -   vs aggressive: win rate = 1.000
2025-03-02 15:59:18,261 - self_play - INFO -   vs strategic: win rate = 0.700
2025-03-02 15:59:18,261 - self_play - INFO -   vs adaptive: win rate = 0.767
2025-03-02 15:59:18,261 - self_play - INFO -   vs counter_strategy: win rate = 0.763
2025-03-02 15:59:18,262 - self_play - INFO -   vs optimal: win rate = 0.897
2025-03-02 15:59:18,262 - self_play - INFO -   Overall win rate: 0.840
2025-03-02 15:59:18,675 - self_play - INFO - 
=== Starting Self-Play Round 2/5 ===
2025-03-02 15:59:35,939 - self_play - INFO - New best model for round 2: 0.667 win rate
2025-03-02 15:59:52,465 - self_play - INFO - New best model for round 2: 0.733 win rate
