2025-03-05 22:12:14,985 - train - INFO - Starting training for 180000 episodes with agent type: PPOAgent
2025-03-05 22:12:14,985 - train - INFO - Agent config: {'obs_dim': 52, 'action_dim': 61, 'hidden_dims': [256, 128, 64], 'learning_rate': 0.0001, 'min_learning_rate': 3e-05, 'gamma': 0.99, 'gae_lambda': 0.97, 'policy_clip': 0.1, 'value_coef': 0.8, 'entropy_coef': 0.002, 'batch_size': 256, 'update_frequency': 2048, 'max_grad_norm': 0.5, 'update_counter': 1857, 'step_counter': 1605, 'total_training_steps': 1000000, 'current_lr': 3e-05, 'device': 'cuda', 'memory_size': 1616, 'avg_policy_loss': 0.0, 'avg_value_loss': 0.0, 'avg_entropy': 0.0, 'avg_reward': 11.433}
2025-03-05 22:12:17,588 - train - INFO - Episode 100/180000 | Reward: 1.05 | Length: 12.01 | Loss: 0.0000
2025-03-05 22:12:19,896 - train - INFO - Episode 200/180000 | Reward: 1.88 | Length: 12.02 | Loss: 0.0000
2025-03-05 22:12:22,419 - train - INFO - Episode 300/180000 | Reward: 0.94 | Length: 11.99 | Loss: 0.0000
2025-03-05 22:12:24,943 - train - INFO - Episode 400/180000 | Reward: 1.60 | Length: 11.67 | Loss: 0.0000
2025-03-05 22:12:27,275 - train - INFO - Episode 500/180000 | Reward: 1.01 | Length: 12.21 | Loss: 0.0000
2025-03-05 22:12:39,701 - train - INFO - Evaluation at episode 500: 2.00 reward, Win rate: 0.63
2025-03-05 22:12:39,711 - train - INFO - New best model with win rate 0.63 saved to new_results/curriculum_learning/ppo_5dice_2person\ppo_standard_2p5d_20250305_173542\checkpoints\level_8_counter_strategy\best_model_episode_500
2025-03-05 22:12:42,476 - train - INFO - Episode 600/180000 | Reward: 0.94 | Length: 12.16 | Loss: 0.0000
2025-03-05 22:12:44,801 - train - INFO - Episode 700/180000 | Reward: 0.43 | Length: 11.97 | Loss: 0.0000
2025-03-05 22:12:47,338 - train - INFO - Episode 800/180000 | Reward: 1.74 | Length: 11.75 | Loss: 0.0000
2025-03-05 22:12:49,946 - train - INFO - Episode 900/180000 | Reward: 1.25 | Length: 11.95 | Loss: 0.0000
2025-03-05 22:12:52,282 - train - INFO - Episode 1000/180000 | Reward: 1.40 | Length: 12.20 | Loss: 0.0000
2025-03-05 22:13:04,379 - train - INFO - Evaluation at episode 1000: 3.00 reward, Win rate: 0.90
2025-03-05 22:13:04,389 - train - INFO - New best model with win rate 0.90 saved to new_results/curriculum_learning/ppo_5dice_2person\ppo_standard_2p5d_20250305_173542\checkpoints\level_8_counter_strategy\best_model_episode_1000
2025-03-05 22:13:04,389 - train - INFO - Win rate 0.90 is above threshold 0.90 (1/1)
2025-03-05 22:13:04,389 - train - INFO - Early stopping triggered at episode 1000 with win rate 0.90
2025-03-05 22:13:04,399 - train - INFO - Training completed!
2025-03-05 22:13:04,399 - train - INFO - Loading best model with win rate 0.90 for final evaluation
2025-03-05 22:13:27,828 - train - INFO - Final evaluation: 1.48 reward
