2025-03-05 23:50:19,806 - train - INFO - Starting training for 3000 episodes with agent type: PPOAgent
2025-03-05 23:50:19,807 - train - INFO - Agent config: {'obs_dim': 52, 'action_dim': 61, 'hidden_dims': [256, 128, 64], 'learning_rate': 0.0001, 'min_learning_rate': 3e-05, 'gamma': 0.99, 'gae_lambda': 0.97, 'policy_clip': 0.1, 'value_coef': 0.8, 'entropy_coef': 0.002, 'batch_size': 256, 'update_frequency': 2048, 'max_grad_norm': 0.5, 'update_counter': 333, 'step_counter': 1404, 'total_training_steps': 1000000, 'current_lr': 4.6025904982491995e-05, 'device': 'cuda', 'memory_size': 1343, 'avg_policy_loss': 0.0, 'avg_value_loss': 0.0, 'avg_entropy': 0.0, 'avg_reward': 11.088}
2025-03-05 23:50:22,413 - train - INFO - Episode 100/3000 | Reward: -2.49 | Length: 12.05 | Loss: 0.0000
2025-03-05 23:50:24,732 - train - INFO - Episode 200/3000 | Reward: -2.01 | Length: 12.01 | Loss: 0.0000
2025-03-05 23:50:27,372 - train - INFO - Episode 300/3000 | Reward: -2.12 | Length: 12.53 | Loss: 0.0000
2025-03-05 23:50:30,007 - train - INFO - Episode 400/3000 | Reward: -2.96 | Length: 12.15 | Loss: 0.0000
2025-03-05 23:50:32,293 - train - INFO - Episode 500/3000 | Reward: -2.04 | Length: 12.27 | Loss: 0.0000
2025-03-05 23:50:44,570 - train - INFO - Evaluation at episode 500: 1.00 reward, Win rate: 0.20
2025-03-05 23:50:44,581 - train - INFO - New best model with win rate 0.20 saved to new_results/curriculum_learning/ppo_5dice_2person\ppo_standard_2p5d_20250305_173542\checkpoints\remedial_bluff_punisher\best_model_episode_500
2025-03-05 23:50:47,286 - train - INFO - Episode 600/3000 | Reward: -2.18 | Length: 12.26 | Loss: 0.0000
2025-03-05 23:50:49,545 - train - INFO - Episode 700/3000 | Reward: -1.94 | Length: 11.79 | Loss: 0.0000
2025-03-05 23:50:52,177 - train - INFO - Episode 800/3000 | Reward: -2.50 | Length: 12.08 | Loss: 0.0000
2025-03-05 23:50:54,894 - train - INFO - Episode 900/3000 | Reward: -2.49 | Length: 12.13 | Loss: 0.0000
2025-03-05 23:50:57,141 - train - INFO - Episode 1000/3000 | Reward: -1.39 | Length: 12.20 | Loss: 0.0000
2025-03-05 23:51:09,470 - train - INFO - Evaluation at episode 1000: -5.00 reward, Win rate: 0.37
2025-03-05 23:51:09,479 - train - INFO - New best model with win rate 0.37 saved to new_results/curriculum_learning/ppo_5dice_2person\ppo_standard_2p5d_20250305_173542\checkpoints\remedial_bluff_punisher\best_model_episode_1000
2025-03-05 23:51:12,212 - train - INFO - Episode 1100/3000 | Reward: -2.51 | Length: 12.28 | Loss: 0.0000
2025-03-05 23:51:14,475 - train - INFO - Episode 1200/3000 | Reward: -1.52 | Length: 12.02 | Loss: 0.0000
2025-03-05 23:51:17,029 - train - INFO - Episode 1300/3000 | Reward: -1.24 | Length: 12.11 | Loss: 0.0000
2025-03-05 23:51:19,396 - train - INFO - Episode 1400/3000 | Reward: -1.56 | Length: 12.47 | Loss: 0.0000
2025-03-05 23:51:21,921 - train - INFO - Episode 1500/3000 | Reward: -2.63 | Length: 12.22 | Loss: 0.0000
2025-03-05 23:51:33,872 - train - INFO - Evaluation at episode 1500: -5.00 reward, Win rate: 0.30
2025-03-05 23:51:36,570 - train - INFO - Episode 1600/3000 | Reward: -2.47 | Length: 12.35 | Loss: 0.0000
2025-03-05 23:51:38,821 - train - INFO - Episode 1700/3000 | Reward: -2.15 | Length: 11.97 | Loss: 0.0000
2025-03-05 23:51:41,385 - train - INFO - Episode 1800/3000 | Reward: -2.28 | Length: 11.84 | Loss: 0.0000
2025-03-05 23:51:43,672 - train - INFO - Episode 1900/3000 | Reward: -1.20 | Length: 12.14 | Loss: 0.0000
2025-03-05 23:51:46,214 - train - INFO - Episode 2000/3000 | Reward: -1.61 | Length: 12.05 | Loss: 0.0000
2025-03-05 23:51:58,679 - train - INFO - Evaluation at episode 2000: 5.00 reward, Win rate: 0.40
2025-03-05 23:51:58,687 - train - INFO - New best model with win rate 0.40 saved to new_results/curriculum_learning/ppo_5dice_2person\ppo_standard_2p5d_20250305_173542\checkpoints\remedial_bluff_punisher\best_model_episode_2000
2025-03-05 23:52:01,460 - train - INFO - Episode 2100/3000 | Reward: -2.04 | Length: 12.20 | Loss: 0.0000
2025-03-05 23:52:03,792 - train - INFO - Episode 2200/3000 | Reward: -1.54 | Length: 12.41 | Loss: 0.0000
2025-03-05 23:52:06,660 - train - INFO - Episode 2300/3000 | Reward: -1.61 | Length: 12.49 | Loss: 0.0000
2025-03-05 23:52:09,010 - train - INFO - Episode 2400/3000 | Reward: -2.37 | Length: 11.87 | Loss: 0.0000
2025-03-05 23:52:11,572 - train - INFO - Episode 2500/3000 | Reward: -1.92 | Length: 11.93 | Loss: 0.0000
2025-03-05 23:52:23,847 - train - INFO - Evaluation at episode 2500: 3.00 reward, Win rate: 0.30
2025-03-05 23:52:26,557 - train - INFO - Episode 2600/3000 | Reward: -1.80 | Length: 11.82 | Loss: 0.0000
2025-03-05 23:52:28,782 - train - INFO - Episode 2700/3000 | Reward: -1.64 | Length: 11.96 | Loss: 0.0000
2025-03-05 23:52:31,332 - train - INFO - Episode 2800/3000 | Reward: -3.01 | Length: 11.53 | Loss: 0.0000
2025-03-05 23:52:33,698 - train - INFO - Episode 2900/3000 | Reward: -1.11 | Length: 12.45 | Loss: 0.0000
2025-03-05 23:52:36,205 - train - INFO - Episode 3000/3000 | Reward: -1.91 | Length: 11.58 | Loss: 0.0000
2025-03-05 23:52:48,198 - train - INFO - Evaluation at episode 3000: -5.00 reward, Win rate: 0.30
2025-03-05 23:52:48,198 - train - INFO - Training completed!
2025-03-05 23:53:11,512 - train - INFO - Final evaluation: -2.00 reward
