2025-03-02 11:01:39,385 - train - INFO - Starting training for 30000 episodes with agent type: PPOAgent
2025-03-02 11:01:39,385 - train - INFO - Agent config: {'update_counter': 12, 'step_counter': 339, 'current_lr': 0.0004992991187154038, 'current_entropy': 0.015710937500000004, 'network_size': [256, 128, 64], 'device': 'cuda', 'memory_size': 1107, 'avg_policy_loss': 0.0, 'avg_value_loss': 0.0, 'avg_entropy': 0.0, 'avg_reward': 8.894000000000004}
2025-03-02 11:01:40,380 - train - INFO - Episode 100/30000 | Reward: -2.80 | Length: 5.35 | Loss: 0.0000
2025-03-02 11:01:41,533 - train - INFO - Evaluation at episode 100: -3.00 reward, Win rate: 0.07
2025-03-02 11:01:42,485 - train - INFO - Episode 200/30000 | Reward: -2.76 | Length: 5.17 | Loss: 0.0000
2025-03-02 11:01:43,624 - train - INFO - Evaluation at episode 200: -3.00 reward, Win rate: 0.07
2025-03-02 11:01:44,553 - train - INFO - Episode 300/30000 | Reward: -2.76 | Length: 5.07 | Loss: 0.0000
2025-03-02 11:01:45,702 - train - INFO - Evaluation at episode 300: -3.00 reward, Win rate: 0.07
2025-03-02 11:01:47,678 - train - INFO - Episode 400/30000 | Reward: -2.88 | Length: 5.07 | Loss: 0.0000
2025-03-02 11:01:48,804 - train - INFO - Evaluation at episode 400: -3.00 reward, Win rate: 0.07
2025-03-02 11:01:49,753 - train - INFO - Episode 500/30000 | Reward: -2.73 | Length: 5.21 | Loss: 0.0000
2025-03-02 11:01:50,869 - train - INFO - Evaluation at episode 500: -3.00 reward, Win rate: 0.00
2025-03-02 11:01:51,819 - train - INFO - Episode 600/30000 | Reward: -2.63 | Length: 5.35 | Loss: 0.0000
2025-03-02 11:01:52,921 - train - INFO - Evaluation at episode 600: -3.00 reward, Win rate: 0.03
2025-03-02 11:01:53,707 - train - INFO - Episode 700/30000 | Reward: -2.71 | Length: 5.17 | Loss: 0.0000
2025-03-02 11:01:54,664 - train - INFO - Evaluation at episode 700: -3.00 reward, Win rate: 0.00
2025-03-02 11:01:55,966 - train - INFO - Episode 800/30000 | Reward: -2.66 | Length: 5.31 | Loss: 0.0000
2025-03-02 11:01:57,078 - train - INFO - Evaluation at episode 800: -3.00 reward, Win rate: 0.00
2025-03-02 11:01:58,058 - train - INFO - Episode 900/30000 | Reward: -2.59 | Length: 5.26 | Loss: 0.0000
2025-03-02 11:01:59,290 - train - INFO - Evaluation at episode 900: -3.00 reward, Win rate: 0.07
2025-03-02 11:02:00,326 - train - INFO - Episode 1000/30000 | Reward: -2.69 | Length: 5.23 | Loss: 0.0000
2025-03-02 11:02:00,335 - train - INFO - Saved checkpoint to results/ppo_3dice\ppo_basic_2p3d_20250302_105939\checkpoints\level_2_conservative\agent_episode_1000
2025-03-02 11:02:01,505 - train - INFO - Evaluation at episode 1000: -3.00 reward, Win rate: 0.17
2025-03-02 11:02:02,458 - train - INFO - Episode 1100/30000 | Reward: -2.62 | Length: 5.38 | Loss: 0.0000
2025-03-02 11:02:03,572 - train - INFO - Evaluation at episode 1100: -3.00 reward, Win rate: 0.00
2025-03-02 11:02:05,094 - train - INFO - Episode 1200/30000 | Reward: -2.15 | Length: 5.57 | Loss: 0.0000
2025-03-02 11:02:06,287 - train - INFO - Evaluation at episode 1200: -3.00 reward, Win rate: 0.03
2025-03-02 11:02:07,454 - train - INFO - Episode 1300/30000 | Reward: -2.29 | Length: 5.87 | Loss: 0.0000
2025-03-02 11:02:08,836 - train - INFO - Evaluation at episode 1300: -3.00 reward, Win rate: 0.13
2025-03-02 11:02:09,909 - train - INFO - Episode 1400/30000 | Reward: -2.48 | Length: 5.75 | Loss: 0.0000
2025-03-02 11:02:11,115 - train - INFO - Evaluation at episode 1400: -3.00 reward, Win rate: 0.03
2025-03-02 11:02:12,580 - train - INFO - Episode 1500/30000 | Reward: -2.61 | Length: 5.56 | Loss: 0.0000
2025-03-02 11:02:13,766 - train - INFO - Evaluation at episode 1500: -3.00 reward, Win rate: 0.17
2025-03-02 11:02:14,808 - train - INFO - Episode 1600/30000 | Reward: -2.08 | Length: 5.88 | Loss: 0.0000
2025-03-02 11:02:16,057 - train - INFO - Evaluation at episode 1600: -3.00 reward, Win rate: 0.07
2025-03-02 11:02:17,112 - train - INFO - Episode 1700/30000 | Reward: -2.48 | Length: 5.85 | Loss: 0.0000
2025-03-02 11:02:18,380 - train - INFO - Evaluation at episode 1700: -3.00 reward, Win rate: 0.10
2025-03-02 11:02:19,598 - train - INFO - Episode 1800/30000 | Reward: -2.59 | Length: 6.05 | Loss: 0.0000
2025-03-02 11:02:20,870 - train - INFO - Evaluation at episode 1800: -3.00 reward, Win rate: 0.13
2025-03-02 11:02:22,437 - train - INFO - Episode 1900/30000 | Reward: -2.03 | Length: 6.01 | Loss: 0.0000
2025-03-02 11:02:23,706 - train - INFO - Evaluation at episode 1900: -3.00 reward, Win rate: 0.03
2025-03-02 11:02:24,807 - train - INFO - Episode 2000/30000 | Reward: -2.25 | Length: 6.09 | Loss: 0.0000
2025-03-02 11:02:24,817 - train - INFO - Saved checkpoint to results/ppo_3dice\ppo_basic_2p3d_20250302_105939\checkpoints\level_2_conservative\agent_episode_2000
2025-03-02 11:02:26,153 - train - INFO - Evaluation at episode 2000: -3.00 reward, Win rate: 0.13
2025-03-02 11:02:27,245 - train - INFO - Episode 2100/30000 | Reward: -2.50 | Length: 6.07 | Loss: 0.0000
2025-03-02 11:02:28,589 - train - INFO - Evaluation at episode 2100: -3.00 reward, Win rate: 0.07
2025-03-02 11:02:30,275 - train - INFO - Episode 2200/30000 | Reward: -2.02 | Length: 6.28 | Loss: 0.0000
2025-03-02 11:02:31,580 - train - INFO - Evaluation at episode 2200: -3.00 reward, Win rate: 0.07
2025-03-02 11:02:32,740 - train - INFO - Episode 2300/30000 | Reward: -1.96 | Length: 6.35 | Loss: 0.0000
2025-03-02 11:02:34,146 - train - INFO - Evaluation at episode 2300: -3.00 reward, Win rate: 0.13
2025-03-02 11:02:35,414 - train - INFO - Episode 2400/30000 | Reward: -2.20 | Length: 6.23 | Loss: 0.0000
2025-03-02 11:02:36,858 - train - INFO - Evaluation at episode 2400: -3.00 reward, Win rate: 0.13
2025-03-02 11:02:38,500 - train - INFO - Episode 2500/30000 | Reward: -2.22 | Length: 6.21 | Loss: 0.0000
2025-03-02 11:02:39,915 - train - INFO - Evaluation at episode 2500: -3.00 reward, Win rate: 0.17
2025-03-02 11:02:41,079 - train - INFO - Episode 2600/30000 | Reward: -1.75 | Length: 6.62 | Loss: 0.0000
2025-03-02 11:02:42,418 - train - INFO - Evaluation at episode 2600: -3.00 reward, Win rate: 0.10
2025-03-02 11:02:43,531 - train - INFO - Episode 2700/30000 | Reward: -2.08 | Length: 6.19 | Loss: 0.0000
2025-03-02 11:02:44,859 - train - INFO - Evaluation at episode 2700: -3.00 reward, Win rate: 0.03
2025-03-02 11:02:46,014 - train - INFO - Episode 2800/30000 | Reward: -1.44 | Length: 6.38 | Loss: 0.0000
2025-03-02 11:02:47,363 - train - INFO - Evaluation at episode 2800: -3.00 reward, Win rate: 0.37
2025-03-02 11:02:48,970 - train - INFO - Episode 2900/30000 | Reward: -1.66 | Length: 6.57 | Loss: 0.0000
2025-03-02 11:02:50,303 - train - INFO - Evaluation at episode 2900: -3.00 reward, Win rate: 0.13
2025-03-02 11:02:51,409 - train - INFO - Episode 3000/30000 | Reward: -1.48 | Length: 6.19 | Loss: 0.0000
2025-03-02 11:02:51,418 - train - INFO - Saved checkpoint to results/ppo_3dice\ppo_basic_2p3d_20250302_105939\checkpoints\level_2_conservative\agent_episode_3000
2025-03-02 11:02:52,809 - train - INFO - Evaluation at episode 3000: -3.00 reward, Win rate: 0.23
2025-03-02 11:02:53,926 - train - INFO - Episode 3100/30000 | Reward: -1.82 | Length: 6.30 | Loss: 0.0000
2025-03-02 11:02:55,376 - train - INFO - Evaluation at episode 3100: -3.00 reward, Win rate: 0.30
2025-03-02 11:02:57,056 - train - INFO - Episode 3200/30000 | Reward: -0.93 | Length: 6.59 | Loss: 0.0000
2025-03-02 11:02:58,366 - train - INFO - Evaluation at episode 3200: 3.00 reward, Win rate: 0.27
2025-03-02 11:02:59,629 - train - INFO - Episode 3300/30000 | Reward: -1.25 | Length: 6.68 | Loss: 0.0000
2025-03-02 11:03:01,171 - train - INFO - Evaluation at episode 3300: -3.00 reward, Win rate: 0.30
2025-03-02 11:03:02,461 - train - INFO - Episode 3400/30000 | Reward: -0.51 | Length: 6.25 | Loss: 0.0000
2025-03-02 11:03:03,933 - train - INFO - Evaluation at episode 3400: 4.00 reward, Win rate: 0.43
2025-03-02 11:03:05,609 - train - INFO - Episode 3500/30000 | Reward: -1.20 | Length: 6.60 | Loss: 0.0000
2025-03-02 11:03:06,941 - train - INFO - Evaluation at episode 3500: -3.00 reward, Win rate: 0.20
2025-03-02 11:03:08,136 - train - INFO - Episode 3600/30000 | Reward: -0.15 | Length: 6.70 | Loss: 0.0000
2025-03-02 11:03:09,544 - train - INFO - Evaluation at episode 3600: 3.00 reward, Win rate: 0.40
2025-03-02 11:03:10,890 - train - INFO - Episode 3700/30000 | Reward: -0.67 | Length: 6.93 | Loss: 0.0000
2025-03-02 11:03:12,402 - train - INFO - Evaluation at episode 3700: -3.00 reward, Win rate: 0.53
2025-03-02 11:03:14,188 - train - INFO - Episode 3800/30000 | Reward: -0.67 | Length: 6.95 | Loss: 0.0000
2025-03-02 11:03:15,703 - train - INFO - Evaluation at episode 3800: 4.00 reward, Win rate: 0.43
2025-03-02 11:03:17,028 - train - INFO - Episode 3900/30000 | Reward: -0.87 | Length: 6.70 | Loss: 0.0000
2025-03-02 11:03:18,511 - train - INFO - Evaluation at episode 3900: -3.00 reward, Win rate: 0.27
2025-03-02 11:03:19,767 - train - INFO - Episode 4000/30000 | Reward: -1.02 | Length: 6.86 | Loss: 0.0000
2025-03-02 11:03:19,775 - train - INFO - Saved checkpoint to results/ppo_3dice\ppo_basic_2p3d_20250302_105939\checkpoints\level_2_conservative\agent_episode_4000
2025-03-02 11:03:21,309 - train - INFO - Evaluation at episode 4000: -3.00 reward, Win rate: 0.33
2025-03-02 11:03:23,143 - train - INFO - Episode 4100/30000 | Reward: -0.82 | Length: 6.91 | Loss: 0.0000
2025-03-02 11:03:24,612 - train - INFO - Evaluation at episode 4100: 3.00 reward, Win rate: 0.50
2025-03-02 11:03:25,804 - train - INFO - Episode 4200/30000 | Reward: -0.02 | Length: 6.63 | Loss: 0.0000
2025-03-02 11:03:27,235 - train - INFO - Evaluation at episode 4200: 5.00 reward, Win rate: 0.40
2025-03-02 11:03:28,483 - train - INFO - Episode 4300/30000 | Reward: -1.10 | Length: 7.02 | Loss: 0.0000
2025-03-02 11:03:29,940 - train - INFO - Evaluation at episode 4300: -3.00 reward, Win rate: 0.17
2025-03-02 11:03:31,696 - train - INFO - Episode 4400/30000 | Reward: -0.42 | Length: 7.06 | Loss: 0.0000
2025-03-02 11:03:33,129 - train - INFO - Evaluation at episode 4400: -3.00 reward, Win rate: 0.30
2025-03-02 11:03:34,419 - train - INFO - Episode 4500/30000 | Reward: -0.27 | Length: 7.17 | Loss: 0.0000
2025-03-02 11:03:35,905 - train - INFO - Evaluation at episode 4500: 4.00 reward, Win rate: 0.43
2025-03-02 11:03:37,129 - train - INFO - Episode 4600/30000 | Reward: 0.12 | Length: 6.83 | Loss: 0.0000
2025-03-02 11:03:38,631 - train - INFO - Evaluation at episode 4600: -3.00 reward, Win rate: 0.47
2025-03-02 11:03:40,411 - train - INFO - Episode 4700/30000 | Reward: 0.05 | Length: 6.91 | Loss: 0.0000
2025-03-02 11:03:41,804 - train - INFO - Evaluation at episode 4700: -3.00 reward, Win rate: 0.60
2025-03-02 11:03:43,129 - train - INFO - Episode 4800/30000 | Reward: 0.15 | Length: 7.02 | Loss: 0.0000
2025-03-02 11:03:44,830 - train - INFO - Evaluation at episode 4800: 5.00 reward, Win rate: 0.53
2025-03-02 11:03:46,093 - train - INFO - Episode 4900/30000 | Reward: 0.53 | Length: 7.17 | Loss: 0.0000
2025-03-02 11:03:47,543 - train - INFO - Evaluation at episode 4900: -3.00 reward, Win rate: 0.47
2025-03-02 11:03:49,278 - train - INFO - Episode 5000/30000 | Reward: 0.74 | Length: 6.83 | Loss: 0.0000
2025-03-02 11:03:49,286 - train - INFO - Saved checkpoint to results/ppo_3dice\ppo_basic_2p3d_20250302_105939\checkpoints\level_2_conservative\agent_episode_5000
2025-03-02 11:03:50,755 - train - INFO - Evaluation at episode 5000: 3.00 reward, Win rate: 0.50
2025-03-02 11:03:52,014 - train - INFO - Episode 5100/30000 | Reward: 0.89 | Length: 6.99 | Loss: 0.0000
2025-03-02 11:03:53,580 - train - INFO - Evaluation at episode 5100: -3.00 reward, Win rate: 0.60
2025-03-02 11:03:54,972 - train - INFO - Episode 5200/30000 | Reward: 0.79 | Length: 6.99 | Loss: 0.0000
2025-03-02 11:03:56,541 - train - INFO - Evaluation at episode 5200: 4.00 reward, Win rate: 0.33
2025-03-02 11:03:58,428 - train - INFO - Episode 5300/30000 | Reward: 0.39 | Length: 6.92 | Loss: 0.0000
2025-03-02 11:03:59,953 - train - INFO - Evaluation at episode 5300: 4.00 reward, Win rate: 0.47
2025-03-02 11:04:01,163 - train - INFO - Episode 5400/30000 | Reward: 0.70 | Length: 6.87 | Loss: 0.0000
2025-03-02 11:04:02,615 - train - INFO - Evaluation at episode 5400: 5.00 reward, Win rate: 0.70
2025-03-02 11:04:03,929 - train - INFO - Episode 5500/30000 | Reward: 0.49 | Length: 7.11 | Loss: 0.0000
2025-03-02 11:04:05,368 - train - INFO - Evaluation at episode 5500: 4.00 reward, Win rate: 0.30
2025-03-02 11:04:07,116 - train - INFO - Episode 5600/30000 | Reward: 0.69 | Length: 7.08 | Loss: 0.0000
2025-03-02 11:04:08,622 - train - INFO - Evaluation at episode 5600: 5.00 reward, Win rate: 0.53
2025-03-02 11:04:09,943 - train - INFO - Episode 5700/30000 | Reward: 0.83 | Length: 7.00 | Loss: 0.0000
2025-03-02 11:04:11,548 - train - INFO - Evaluation at episode 5700: 5.00 reward, Win rate: 0.60
2025-03-02 11:04:12,869 - train - INFO - Episode 5800/30000 | Reward: 0.87 | Length: 6.81 | Loss: 0.0000
2025-03-02 11:04:14,360 - train - INFO - Evaluation at episode 5800: -3.00 reward, Win rate: 0.73
2025-03-02 11:04:16,151 - train - INFO - Episode 5900/30000 | Reward: 0.94 | Length: 7.06 | Loss: 0.0000
2025-03-02 11:04:17,604 - train - INFO - Evaluation at episode 5900: 4.00 reward, Win rate: 0.67
2025-03-02 11:04:18,837 - train - INFO - Episode 6000/30000 | Reward: 0.20 | Length: 7.04 | Loss: 0.0000
2025-03-02 11:04:18,847 - train - INFO - Saved checkpoint to results/ppo_3dice\ppo_basic_2p3d_20250302_105939\checkpoints\level_2_conservative\agent_episode_6000
2025-03-02 11:04:20,345 - train - INFO - Evaluation at episode 6000: 3.00 reward, Win rate: 0.53
2025-03-02 11:04:22,098 - train - INFO - Episode 6100/30000 | Reward: 1.12 | Length: 7.12 | Loss: 0.0000
2025-03-02 11:04:23,665 - train - INFO - Evaluation at episode 6100: 4.00 reward, Win rate: 0.57
2025-03-02 11:04:25,024 - train - INFO - Episode 6200/30000 | Reward: 0.57 | Length: 7.03 | Loss: 0.0000
2025-03-02 11:04:26,645 - train - INFO - Evaluation at episode 6200: 3.00 reward, Win rate: 0.67
2025-03-02 11:04:28,026 - train - INFO - Episode 6300/30000 | Reward: 1.15 | Length: 7.09 | Loss: 0.0000
2025-03-02 11:04:29,703 - train - INFO - Evaluation at episode 6300: 4.00 reward, Win rate: 0.50
2025-03-02 11:04:31,673 - train - INFO - Episode 6400/30000 | Reward: 0.74 | Length: 6.99 | Loss: 0.0000
2025-03-02 11:04:33,127 - train - INFO - Evaluation at episode 6400: 4.00 reward, Win rate: 0.57
2025-03-02 11:04:34,343 - train - INFO - Episode 6500/30000 | Reward: 1.19 | Length: 6.95 | Loss: 0.0000
2025-03-02 11:04:35,831 - train - INFO - Evaluation at episode 6500: -3.00 reward, Win rate: 0.50
2025-03-02 11:04:37,051 - train - INFO - Episode 6600/30000 | Reward: 0.72 | Length: 6.86 | Loss: 0.0000
2025-03-02 11:04:38,509 - train - INFO - Evaluation at episode 6600: -3.00 reward, Win rate: 0.60
2025-03-02 11:04:40,280 - train - INFO - Episode 6700/30000 | Reward: 0.48 | Length: 7.10 | Loss: 0.0000
2025-03-02 11:04:41,745 - train - INFO - Evaluation at episode 6700: 3.00 reward, Win rate: 0.67
2025-03-02 11:04:42,942 - train - INFO - Episode 6800/30000 | Reward: 0.74 | Length: 6.97 | Loss: 0.0000
2025-03-02 11:04:44,430 - train - INFO - Evaluation at episode 6800: 4.00 reward, Win rate: 0.57
2025-03-02 11:04:45,865 - train - INFO - Episode 6900/30000 | Reward: 0.82 | Length: 7.35 | Loss: 0.0000
2025-03-02 11:04:47,347 - train - INFO - Evaluation at episode 6900: -3.00 reward, Win rate: 0.47
2025-03-02 11:04:49,135 - train - INFO - Episode 7000/30000 | Reward: 1.63 | Length: 7.05 | Loss: 0.0000
2025-03-02 11:04:49,144 - train - INFO - Saved checkpoint to results/ppo_3dice\ppo_basic_2p3d_20250302_105939\checkpoints\level_2_conservative\agent_episode_7000
2025-03-02 11:04:50,621 - train - INFO - Evaluation at episode 7000: 4.00 reward, Win rate: 0.47
2025-03-02 11:04:51,846 - train - INFO - Episode 7100/30000 | Reward: 1.16 | Length: 7.00 | Loss: 0.0000
2025-03-02 11:04:53,309 - train - INFO - Evaluation at episode 7100: 4.00 reward, Win rate: 0.53
2025-03-02 11:04:54,560 - train - INFO - Episode 7200/30000 | Reward: 0.97 | Length: 6.96 | Loss: 0.0000
2025-03-02 11:04:56,298 - train - INFO - Evaluation at episode 7200: 3.00 reward, Win rate: 0.57
2025-03-02 11:04:58,245 - train - INFO - Episode 7300/30000 | Reward: 1.67 | Length: 7.16 | Loss: 0.0000
2025-03-02 11:04:59,650 - train - INFO - Evaluation at episode 7300: -3.00 reward, Win rate: 0.67
2025-03-02 11:05:00,856 - train - INFO - Episode 7400/30000 | Reward: 1.43 | Length: 6.92 | Loss: 0.0000
2025-03-02 11:05:02,491 - train - INFO - Evaluation at episode 7400: -3.00 reward, Win rate: 0.60
2025-03-02 11:05:03,912 - train - INFO - Episode 7500/30000 | Reward: 1.43 | Length: 7.01 | Loss: 0.0000
2025-03-02 11:05:05,554 - train - INFO - Evaluation at episode 7500: -3.00 reward, Win rate: 0.63
2025-03-02 11:05:07,342 - train - INFO - Episode 7600/30000 | Reward: 1.57 | Length: 6.96 | Loss: 0.0000
2025-03-02 11:05:08,955 - train - INFO - Evaluation at episode 7600: 3.00 reward, Win rate: 0.73
2025-03-02 11:05:10,328 - train - INFO - Episode 7700/30000 | Reward: 1.55 | Length: 7.00 | Loss: 0.0000
2025-03-02 11:05:11,815 - train - INFO - Evaluation at episode 7700: -3.00 reward, Win rate: 0.70
2025-03-02 11:05:13,068 - train - INFO - Episode 7800/30000 | Reward: 1.72 | Length: 7.08 | Loss: 0.0000
2025-03-02 11:05:14,557 - train - INFO - Evaluation at episode 7800: 4.00 reward, Win rate: 0.63
2025-03-02 11:05:16,181 - train - INFO - Episode 7900/30000 | Reward: 1.83 | Length: 7.11 | Loss: 0.0000
2025-03-02 11:05:17,528 - train - INFO - Evaluation at episode 7900: 3.00 reward, Win rate: 0.63
2025-03-02 11:05:18,807 - train - INFO - Episode 8000/30000 | Reward: 1.83 | Length: 7.17 | Loss: 0.0000
2025-03-02 11:05:18,816 - train - INFO - Saved checkpoint to results/ppo_3dice\ppo_basic_2p3d_20250302_105939\checkpoints\level_2_conservative\agent_episode_8000
2025-03-02 11:05:20,312 - train - INFO - Evaluation at episode 8000: -3.00 reward, Win rate: 0.80
2025-03-02 11:05:20,312 - train - INFO - Win rate 0.80 is above threshold 0.75 (1/3)
2025-03-02 11:05:21,612 - train - INFO - Episode 8100/30000 | Reward: 1.75 | Length: 6.87 | Loss: 0.0000
2025-03-02 11:05:23,054 - train - INFO - Evaluation at episode 8100: 3.00 reward, Win rate: 0.63
2025-03-02 11:05:24,800 - train - INFO - Episode 8200/30000 | Reward: 2.02 | Length: 7.10 | Loss: 0.0000
2025-03-02 11:05:26,255 - train - INFO - Evaluation at episode 8200: 3.00 reward, Win rate: 0.67
2025-03-02 11:05:27,599 - train - INFO - Episode 8300/30000 | Reward: 1.56 | Length: 6.93 | Loss: 0.0000
2025-03-02 11:05:29,240 - train - INFO - Evaluation at episode 8300: 3.00 reward, Win rate: 0.77
2025-03-02 11:05:29,240 - train - INFO - Win rate 0.77 is above threshold 0.75 (1/3)
2025-03-02 11:05:30,629 - train - INFO - Episode 8400/30000 | Reward: 1.75 | Length: 7.07 | Loss: 0.0000
2025-03-02 11:05:32,293 - train - INFO - Evaluation at episode 8400: 4.00 reward, Win rate: 0.73
2025-03-02 11:05:34,131 - train - INFO - Episode 8500/30000 | Reward: 1.70 | Length: 7.15 | Loss: 0.0000
2025-03-02 11:05:35,654 - train - INFO - Evaluation at episode 8500: 3.00 reward, Win rate: 0.63
2025-03-02 11:05:36,947 - train - INFO - Episode 8600/30000 | Reward: 2.11 | Length: 7.10 | Loss: 0.0000
2025-03-02 11:05:38,376 - train - INFO - Evaluation at episode 8600: -3.00 reward, Win rate: 0.77
2025-03-02 11:05:38,377 - train - INFO - Win rate 0.77 is above threshold 0.75 (1/3)
2025-03-02 11:05:39,629 - train - INFO - Episode 8700/30000 | Reward: 1.87 | Length: 7.14 | Loss: 0.0000
2025-03-02 11:05:41,109 - train - INFO - Evaluation at episode 8700: -3.00 reward, Win rate: 0.73
2025-03-02 11:05:42,770 - train - INFO - Episode 8800/30000 | Reward: 2.06 | Length: 6.74 | Loss: 0.0000
2025-03-02 11:05:44,171 - train - INFO - Evaluation at episode 8800: -3.00 reward, Win rate: 0.77
2025-03-02 11:05:44,171 - train - INFO - Win rate 0.77 is above threshold 0.75 (1/3)
2025-03-02 11:05:45,392 - train - INFO - Episode 8900/30000 | Reward: 1.91 | Length: 6.86 | Loss: 0.0000
2025-03-02 11:05:46,799 - train - INFO - Evaluation at episode 8900: 3.00 reward, Win rate: 0.73
2025-03-02 11:05:48,057 - train - INFO - Episode 9000/30000 | Reward: 2.24 | Length: 6.95 | Loss: 0.0000
2025-03-02 11:05:48,068 - train - INFO - Saved checkpoint to results/ppo_3dice\ppo_basic_2p3d_20250302_105939\checkpoints\level_2_conservative\agent_episode_9000
2025-03-02 11:05:49,559 - train - INFO - Evaluation at episode 9000: 3.00 reward, Win rate: 0.87
2025-03-02 11:05:49,559 - train - INFO - Win rate 0.87 is above threshold 0.75 (1/3)
2025-03-02 11:05:51,291 - train - INFO - Episode 9100/30000 | Reward: 2.10 | Length: 6.47 | Loss: 0.0000
2025-03-02 11:05:52,821 - train - INFO - Evaluation at episode 9100: 4.00 reward, Win rate: 0.73
2025-03-02 11:05:54,161 - train - INFO - Episode 9200/30000 | Reward: 2.28 | Length: 7.00 | Loss: 0.0000
2025-03-02 11:05:55,770 - train - INFO - Evaluation at episode 9200: -3.00 reward, Win rate: 0.73
2025-03-02 11:05:57,047 - train - INFO - Episode 9300/30000 | Reward: 1.78 | Length: 6.88 | Loss: 0.0000
2025-03-02 11:05:58,558 - train - INFO - Evaluation at episode 9300: 5.00 reward, Win rate: 0.73
2025-03-02 11:06:00,325 - train - INFO - Episode 9400/30000 | Reward: 2.00 | Length: 6.95 | Loss: 0.0000
2025-03-02 11:06:01,776 - train - INFO - Evaluation at episode 9400: -3.00 reward, Win rate: 0.63
2025-03-02 11:06:03,054 - train - INFO - Episode 9500/30000 | Reward: 2.33 | Length: 7.02 | Loss: 0.0000
2025-03-02 11:06:04,482 - train - INFO - Evaluation at episode 9500: 4.00 reward, Win rate: 0.83
2025-03-02 11:06:04,482 - train - INFO - Win rate 0.83 is above threshold 0.75 (1/3)
2025-03-02 11:06:05,757 - train - INFO - Episode 9600/30000 | Reward: 2.64 | Length: 6.99 | Loss: 0.0000
2025-03-02 11:06:07,231 - train - INFO - Evaluation at episode 9600: 4.00 reward, Win rate: 0.70
2025-03-02 11:06:08,965 - train - INFO - Episode 9700/30000 | Reward: 2.46 | Length: 6.77 | Loss: 0.0000
2025-03-02 11:06:10,550 - train - INFO - Evaluation at episode 9700: 3.00 reward, Win rate: 0.73
2025-03-02 11:06:11,808 - train - INFO - Episode 9800/30000 | Reward: 2.31 | Length: 6.90 | Loss: 0.0000
2025-03-02 11:06:13,508 - train - INFO - Evaluation at episode 9800: 5.00 reward, Win rate: 0.73
2025-03-02 11:06:14,788 - train - INFO - Episode 9900/30000 | Reward: 1.86 | Length: 6.92 | Loss: 0.0000
2025-03-02 11:06:16,235 - train - INFO - Evaluation at episode 9900: 3.00 reward, Win rate: 0.67
2025-03-02 11:06:17,981 - train - INFO - Episode 10000/30000 | Reward: 1.57 | Length: 7.03 | Loss: 0.0000
2025-03-02 11:06:17,990 - train - INFO - Saved checkpoint to results/ppo_3dice\ppo_basic_2p3d_20250302_105939\checkpoints\level_2_conservative\agent_episode_10000
2025-03-02 11:06:19,610 - train - INFO - Evaluation at episode 10000: -3.00 reward, Win rate: 0.73
2025-03-02 11:06:21,011 - train - INFO - Episode 10100/30000 | Reward: 1.83 | Length: 7.17 | Loss: 0.0000
2025-03-02 11:06:22,587 - train - INFO - Evaluation at episode 10100: -3.00 reward, Win rate: 0.70
2025-03-02 11:06:23,857 - train - INFO - Episode 10200/30000 | Reward: 2.16 | Length: 6.74 | Loss: 0.0000
2025-03-02 11:06:25,353 - train - INFO - Evaluation at episode 10200: 5.00 reward, Win rate: 0.73
2025-03-02 11:06:27,005 - train - INFO - Episode 10300/30000 | Reward: 2.01 | Length: 6.96 | Loss: 0.0000
2025-03-02 11:06:28,489 - train - INFO - Evaluation at episode 10300: 4.00 reward, Win rate: 0.87
2025-03-02 11:06:28,490 - train - INFO - Win rate 0.87 is above threshold 0.75 (1/3)
2025-03-02 11:06:29,792 - train - INFO - Episode 10400/30000 | Reward: 1.76 | Length: 7.33 | Loss: 0.0000
2025-03-02 11:06:31,238 - train - INFO - Evaluation at episode 10400: -3.00 reward, Win rate: 0.73
2025-03-02 11:06:33,266 - train - INFO - Episode 10500/30000 | Reward: 2.02 | Length: 7.03 | Loss: 0.0000
2025-03-02 11:06:34,854 - train - INFO - Evaluation at episode 10500: 5.00 reward, Win rate: 0.73
2025-03-02 11:06:36,179 - train - INFO - Episode 10600/30000 | Reward: 1.72 | Length: 7.16 | Loss: 0.0000
2025-03-02 11:06:37,744 - train - INFO - Evaluation at episode 10600: -3.00 reward, Win rate: 0.83
2025-03-02 11:06:37,744 - train - INFO - Win rate 0.83 is above threshold 0.75 (1/3)
2025-03-02 11:06:39,189 - train - INFO - Episode 10700/30000 | Reward: 1.97 | Length: 7.01 | Loss: 0.0000
2025-03-02 11:06:40,982 - train - INFO - Evaluation at episode 10700: 4.00 reward, Win rate: 0.80
2025-03-02 11:06:40,982 - train - INFO - Win rate 0.80 is above threshold 0.75 (2/3)
2025-03-02 11:06:42,755 - train - INFO - Episode 10800/30000 | Reward: 1.46 | Length: 7.13 | Loss: 0.0000
2025-03-02 11:06:44,136 - train - INFO - Evaluation at episode 10800: -3.00 reward, Win rate: 0.73
2025-03-02 11:06:45,359 - train - INFO - Episode 10900/30000 | Reward: 1.92 | Length: 7.05 | Loss: 0.0000
2025-03-02 11:06:47,054 - train - INFO - Evaluation at episode 10900: 5.00 reward, Win rate: 0.73
2025-03-02 11:06:48,444 - train - INFO - Episode 11000/30000 | Reward: 2.45 | Length: 6.87 | Loss: 0.0000
2025-03-02 11:06:48,453 - train - INFO - Saved checkpoint to results/ppo_3dice\ppo_basic_2p3d_20250302_105939\checkpoints\level_2_conservative\agent_episode_11000
2025-03-02 11:06:50,104 - train - INFO - Evaluation at episode 11000: 5.00 reward, Win rate: 0.73
2025-03-02 11:06:51,999 - train - INFO - Episode 11100/30000 | Reward: 1.88 | Length: 7.05 | Loss: 0.0000
2025-03-02 11:06:53,546 - train - INFO - Evaluation at episode 11100: 5.00 reward, Win rate: 0.80
2025-03-02 11:06:53,546 - train - INFO - Win rate 0.80 is above threshold 0.75 (1/3)
2025-03-02 11:06:54,835 - train - INFO - Episode 11200/30000 | Reward: 2.31 | Length: 6.91 | Loss: 0.0000
2025-03-02 11:06:56,245 - train - INFO - Evaluation at episode 11200: 5.00 reward, Win rate: 0.77
2025-03-02 11:06:56,245 - train - INFO - Win rate 0.77 is above threshold 0.75 (2/3)
2025-03-02 11:06:57,563 - train - INFO - Episode 11300/30000 | Reward: 2.50 | Length: 6.83 | Loss: 0.0000
2025-03-02 11:06:59,160 - train - INFO - Evaluation at episode 11300: 4.00 reward, Win rate: 0.70
2025-03-02 11:07:01,031 - train - INFO - Episode 11400/30000 | Reward: 2.23 | Length: 6.79 | Loss: 0.0000
2025-03-02 11:07:02,638 - train - INFO - Evaluation at episode 11400: 3.00 reward, Win rate: 0.70
2025-03-02 11:07:04,003 - train - INFO - Episode 11500/30000 | Reward: 2.17 | Length: 7.17 | Loss: 0.0000
2025-03-02 11:07:05,546 - train - INFO - Evaluation at episode 11500: -3.00 reward, Win rate: 0.67
2025-03-02 11:07:06,743 - train - INFO - Episode 11600/30000 | Reward: 2.42 | Length: 6.83 | Loss: 0.0000
2025-03-02 11:07:08,300 - train - INFO - Evaluation at episode 11600: 4.00 reward, Win rate: 0.87
2025-03-02 11:07:08,301 - train - INFO - Win rate 0.87 is above threshold 0.75 (1/3)
2025-03-02 11:07:10,012 - train - INFO - Episode 11700/30000 | Reward: 2.45 | Length: 6.86 | Loss: 0.0000
2025-03-02 11:07:11,405 - train - INFO - Evaluation at episode 11700: 3.00 reward, Win rate: 0.73
2025-03-02 11:07:12,606 - train - INFO - Episode 11800/30000 | Reward: 2.67 | Length: 6.61 | Loss: 0.0000
2025-03-02 11:07:14,142 - train - INFO - Evaluation at episode 11800: 5.00 reward, Win rate: 0.87
2025-03-02 11:07:14,143 - train - INFO - Win rate 0.87 is above threshold 0.75 (1/3)
2025-03-02 11:07:15,510 - train - INFO - Episode 11900/30000 | Reward: 2.12 | Length: 6.90 | Loss: 0.0000
2025-03-02 11:07:16,818 - train - INFO - Evaluation at episode 11900: 3.00 reward, Win rate: 0.70
2025-03-02 11:07:18,376 - train - INFO - Episode 12000/30000 | Reward: 2.25 | Length: 6.99 | Loss: 0.0000
2025-03-02 11:07:18,386 - train - INFO - Saved checkpoint to results/ppo_3dice\ppo_basic_2p3d_20250302_105939\checkpoints\level_2_conservative\agent_episode_12000
2025-03-02 11:07:19,744 - train - INFO - Evaluation at episode 12000: 4.00 reward, Win rate: 0.83
2025-03-02 11:07:19,744 - train - INFO - Win rate 0.83 is above threshold 0.75 (1/3)
2025-03-02 11:07:20,997 - train - INFO - Episode 12100/30000 | Reward: 2.42 | Length: 6.81 | Loss: 0.0000
2025-03-02 11:07:22,490 - train - INFO - Evaluation at episode 12100: 3.00 reward, Win rate: 0.80
2025-03-02 11:07:22,490 - train - INFO - Win rate 0.80 is above threshold 0.75 (2/3)
2025-03-02 11:07:23,771 - train - INFO - Episode 12200/30000 | Reward: 2.63 | Length: 6.71 | Loss: 0.0000
2025-03-02 11:07:25,315 - train - INFO - Evaluation at episode 12200: 4.00 reward, Win rate: 0.83
2025-03-02 11:07:25,315 - train - INFO - Win rate 0.83 is above threshold 0.75 (3/3)
2025-03-02 11:07:25,315 - train - INFO - Early stopping triggered at episode 12200 with win rate 0.83
2025-03-02 11:07:25,324 - train - INFO - Training completed!
2025-03-02 11:07:27,717 - train - INFO - Final evaluation: 2.21 reward
