2025-03-02 19:45:02,614 - train - INFO - Starting training for 26000 episodes with agent type: PPOAgent
2025-03-02 19:45:02,614 - train - INFO - Agent config: {'obs_dim': 47, 'action_dim': 61, 'hidden_dims': [1024, 512, 256, 128, 64], 'learning_rate': 0.0003, 'min_learning_rate': 3e-05, 'gamma': 0.99, 'gae_lambda': 0.95, 'policy_clip': 0.2, 'value_coef': 0.5, 'entropy_coef': 0.002, 'batch_size': 64, 'update_frequency': 4096, 'max_grad_norm': 0.5, 'update_counter': 80, 'step_counter': 300, 'total_training_steps': 1000000, 'current_lr': 0.00023449702820382712, 'device': 'cuda', 'memory_size': 1855, 'avg_policy_loss': 0.0, 'avg_value_loss': 0.0, 'avg_entropy': 0.0, 'avg_reward': 10.44}
2025-03-02 19:45:05,985 - train - INFO - Episode 100/26000 | Reward: 0.78 | Length: 16.46 | Loss: 0.0000
2025-03-02 19:45:22,393 - train - INFO - Evaluation at episode 100: -5.00 reward, Win rate: 0.73
2025-03-02 19:45:25,815 - train - INFO - Episode 200/26000 | Reward: 1.14 | Length: 16.43 | Loss: 0.0000
2025-03-02 19:45:42,006 - train - INFO - Evaluation at episode 200: 4.00 reward, Win rate: 0.70
2025-03-02 19:45:46,847 - train - INFO - Episode 300/26000 | Reward: 1.53 | Length: 16.51 | Loss: 0.0000
2025-03-02 19:46:02,622 - train - INFO - Evaluation at episode 300: 3.00 reward, Win rate: 0.87
2025-03-02 19:46:02,622 - train - INFO - Win rate 0.87 is above threshold 0.75 (1/3)
2025-03-02 19:46:05,865 - train - INFO - Episode 400/26000 | Reward: 2.51 | Length: 16.10 | Loss: 0.0000
2025-03-02 19:46:21,890 - train - INFO - Evaluation at episode 400: 1.00 reward, Win rate: 0.90
2025-03-02 19:46:21,890 - train - INFO - Win rate 0.90 is above threshold 0.75 (2/3)
2025-03-02 19:46:26,383 - train - INFO - Episode 500/26000 | Reward: 1.81 | Length: 16.31 | Loss: 0.0000
2025-03-02 19:46:41,725 - train - INFO - Evaluation at episode 500: 4.00 reward, Win rate: 0.70
2025-03-02 19:46:44,863 - train - INFO - Episode 600/26000 | Reward: 1.92 | Length: 16.08 | Loss: 0.0000
2025-03-02 19:47:00,697 - train - INFO - Evaluation at episode 600: 1.00 reward, Win rate: 0.80
2025-03-02 19:47:00,697 - train - INFO - Win rate 0.80 is above threshold 0.75 (1/3)
2025-03-02 19:47:03,963 - train - INFO - Episode 700/26000 | Reward: 1.91 | Length: 16.25 | Loss: 0.0000
2025-03-02 19:47:19,853 - train - INFO - Evaluation at episode 700: 3.00 reward, Win rate: 0.97
2025-03-02 19:47:19,853 - train - INFO - Win rate 0.97 is above threshold 0.75 (2/3)
2025-03-02 19:47:24,417 - train - INFO - Episode 800/26000 | Reward: 2.17 | Length: 15.49 | Loss: 0.0000
2025-03-02 19:47:39,164 - train - INFO - Evaluation at episode 800: 3.00 reward, Win rate: 0.90
2025-03-02 19:47:39,164 - train - INFO - Win rate 0.90 is above threshold 0.75 (3/3)
2025-03-02 19:47:39,164 - train - INFO - Early stopping triggered at episode 800 with win rate 0.90
2025-03-02 19:47:39,185 - train - INFO - Training completed!
2025-03-02 19:48:08,263 - train - INFO - Final evaluation: 2.16 reward
