2025-03-02 18:30:17,575 - train - INFO - Starting training for 6000 episodes with agent type: PPOAgent
2025-03-02 18:30:17,575 - train - INFO - Agent config: {'obs_dim': 47, 'action_dim': 61, 'hidden_dims': [1024, 512, 256, 128, 64], 'learning_rate': 0.0003, 'min_learning_rate': 3e-05, 'gamma': 0.99, 'gae_lambda': 0.95, 'policy_clip': 0.2, 'value_coef': 0.5, 'entropy_coef': 0.020208333333333342, 'batch_size': 64, 'update_frequency': 4096, 'max_grad_norm': 0.5, 'update_counter': 5, 'step_counter': 2700, 'total_training_steps': 1000000, 'current_lr': 0.00029972035060845564, 'device': 'cuda', 'memory_size': 38, 'avg_policy_loss': 0.0, 'avg_value_loss': 0.0, 'avg_entropy': 0.0, 'avg_reward': 7.718000000000002}
2025-03-02 18:30:19,673 - train - INFO - Episode 100/6000 | Reward: -5.00 | Length: 9.96 | Loss: 0.0000
2025-03-02 18:30:29,295 - train - INFO - Evaluation at episode 100: -5.00 reward, Win rate: 0.00
2025-03-02 18:30:31,694 - train - INFO - Episode 200/6000 | Reward: -4.88 | Length: 10.30 | Loss: 0.0000
2025-03-02 18:30:41,573 - train - INFO - Evaluation at episode 200: -5.00 reward, Win rate: 0.00
2025-03-02 18:30:43,637 - train - INFO - Episode 300/6000 | Reward: -5.00 | Length: 10.26 | Loss: 0.0000
2025-03-02 18:30:53,676 - train - INFO - Evaluation at episode 300: -5.00 reward, Win rate: 0.00
2025-03-02 18:30:55,859 - train - INFO - Episode 400/6000 | Reward: -5.00 | Length: 10.54 | Loss: 0.0000
2025-03-02 18:31:05,956 - train - INFO - Evaluation at episode 400: -5.00 reward, Win rate: 0.00
2025-03-02 18:31:08,100 - train - INFO - Episode 500/6000 | Reward: -5.00 | Length: 10.57 | Loss: 0.0000
2025-03-02 18:31:18,318 - train - INFO - Evaluation at episode 500: -5.00 reward, Win rate: 0.00
2025-03-02 18:31:21,573 - train - INFO - Episode 600/6000 | Reward: -5.00 | Length: 11.01 | Loss: 0.0000
2025-03-02 18:31:32,535 - train - INFO - Evaluation at episode 600: -5.00 reward, Win rate: 0.03
2025-03-02 18:31:34,917 - train - INFO - Episode 700/6000 | Reward: -4.81 | Length: 11.66 | Loss: 0.0000
2025-03-02 18:31:46,082 - train - INFO - Evaluation at episode 700: -5.00 reward, Win rate: 0.00
2025-03-02 18:31:48,261 - train - INFO - Episode 800/6000 | Reward: -4.93 | Length: 10.94 | Loss: 0.0000
2025-03-02 18:31:58,878 - train - INFO - Evaluation at episode 800: -5.00 reward, Win rate: 0.00
2025-03-02 18:32:02,208 - train - INFO - Episode 900/6000 | Reward: -5.00 | Length: 11.43 | Loss: 0.0000
2025-03-02 18:32:15,398 - train - INFO - Evaluation at episode 900: -5.00 reward, Win rate: 0.07
2025-03-02 18:32:18,271 - train - INFO - Episode 1000/6000 | Reward: -4.94 | Length: 12.70 | Loss: 0.0000
2025-03-02 18:32:18,288 - train - INFO - Saved checkpoint to curriculum_learning/ppo_5dice\ppo_standard_2p5d_20250302_182515\checkpoints\level_1_naive\agent_episode_1000
2025-03-02 18:32:30,657 - train - INFO - Evaluation at episode 1000: -5.00 reward, Win rate: 0.03
2025-03-02 18:32:33,090 - train - INFO - Episode 1100/6000 | Reward: -4.84 | Length: 11.79 | Loss: 0.0000
2025-03-02 18:32:45,173 - train - INFO - Evaluation at episode 1100: -5.00 reward, Win rate: 0.03
2025-03-02 18:32:47,684 - train - INFO - Episode 1200/6000 | Reward: -4.54 | Length: 12.35 | Loss: 0.0000
2025-03-02 18:33:00,611 - train - INFO - Evaluation at episode 1200: -5.00 reward, Win rate: 0.00
2025-03-02 18:33:04,685 - train - INFO - Episode 1300/6000 | Reward: -4.59 | Length: 14.15 | Loss: 0.0000
2025-03-02 18:33:20,672 - train - INFO - Evaluation at episode 1300: -5.00 reward, Win rate: 0.00
2025-03-02 18:33:23,789 - train - INFO - Episode 1400/6000 | Reward: -4.29 | Length: 14.46 | Loss: 0.0000
2025-03-02 18:33:37,809 - train - INFO - Evaluation at episode 1400: -5.00 reward, Win rate: 0.10
2025-03-02 18:33:40,944 - train - INFO - Episode 1500/6000 | Reward: -4.35 | Length: 14.05 | Loss: 0.0000
2025-03-02 18:33:54,178 - train - INFO - Evaluation at episode 1500: -5.00 reward, Win rate: 0.10
2025-03-02 18:33:57,941 - train - INFO - Episode 1600/6000 | Reward: -4.27 | Length: 14.40 | Loss: 0.0000
2025-03-02 18:34:11,703 - train - INFO - Evaluation at episode 1600: -5.00 reward, Win rate: 0.13
2025-03-02 18:34:14,650 - train - INFO - Episode 1700/6000 | Reward: -4.13 | Length: 14.69 | Loss: 0.0000
2025-03-02 18:34:28,394 - train - INFO - Evaluation at episode 1700: -5.00 reward, Win rate: 0.13
2025-03-02 18:34:31,322 - train - INFO - Episode 1800/6000 | Reward: -3.76 | Length: 14.49 | Loss: 0.0000
2025-03-02 18:34:45,594 - train - INFO - Evaluation at episode 1800: -5.00 reward, Win rate: 0.10
2025-03-02 18:34:49,771 - train - INFO - Episode 1900/6000 | Reward: -3.00 | Length: 15.76 | Loss: 0.0000
2025-03-02 18:35:04,141 - train - INFO - Evaluation at episode 1900: -5.00 reward, Win rate: 0.17
2025-03-02 18:35:07,067 - train - INFO - Episode 2000/6000 | Reward: -3.27 | Length: 14.75 | Loss: 0.0000
2025-03-02 18:35:07,085 - train - INFO - Saved checkpoint to curriculum_learning/ppo_5dice\ppo_standard_2p5d_20250302_182515\checkpoints\level_1_naive\agent_episode_2000
2025-03-02 18:35:21,538 - train - INFO - Evaluation at episode 2000: -5.00 reward, Win rate: 0.40
2025-03-02 18:35:25,826 - train - INFO - Episode 2100/6000 | Reward: -2.66 | Length: 15.18 | Loss: 0.0000
2025-03-02 18:35:40,355 - train - INFO - Evaluation at episode 2100: -5.00 reward, Win rate: 0.47
2025-03-02 18:35:43,405 - train - INFO - Episode 2200/6000 | Reward: -2.57 | Length: 15.26 | Loss: 0.0000
2025-03-02 18:35:57,758 - train - INFO - Evaluation at episode 2200: 2.00 reward, Win rate: 0.37
2025-03-02 18:36:00,693 - train - INFO - Episode 2300/6000 | Reward: -1.46 | Length: 14.93 | Loss: 0.0000
2025-03-02 18:36:15,195 - train - INFO - Evaluation at episode 2300: -5.00 reward, Win rate: 0.40
2025-03-02 18:36:19,544 - train - INFO - Episode 2400/6000 | Reward: -1.46 | Length: 15.78 | Loss: 0.0000
2025-03-02 18:36:34,076 - train - INFO - Evaluation at episode 2400: 4.00 reward, Win rate: 0.50
2025-03-02 18:36:37,180 - train - INFO - Episode 2500/6000 | Reward: -0.83 | Length: 15.90 | Loss: 0.0000
2025-03-02 18:36:51,734 - train - INFO - Evaluation at episode 2500: 1.00 reward, Win rate: 0.63
2025-03-02 18:36:54,673 - train - INFO - Episode 2600/6000 | Reward: -0.30 | Length: 15.08 | Loss: 0.0000
2025-03-02 18:37:09,299 - train - INFO - Evaluation at episode 2600: 2.00 reward, Win rate: 0.60
2025-03-02 18:37:13,319 - train - INFO - Episode 2700/6000 | Reward: 1.13 | Length: 15.19 | Loss: 0.0000
2025-03-02 18:37:27,620 - train - INFO - Evaluation at episode 2700: 2.00 reward, Win rate: 0.77
2025-03-02 18:37:27,620 - train - INFO - Win rate 0.77 is above threshold 0.75 (1/3)
2025-03-02 18:37:30,555 - train - INFO - Episode 2800/6000 | Reward: 0.89 | Length: 15.05 | Loss: 0.0000
2025-03-02 18:37:44,793 - train - INFO - Evaluation at episode 2800: 5.00 reward, Win rate: 0.73
2025-03-02 18:37:48,917 - train - INFO - Episode 2900/6000 | Reward: 1.34 | Length: 14.98 | Loss: 0.0000
2025-03-02 18:38:02,639 - train - INFO - Evaluation at episode 2900: 4.00 reward, Win rate: 0.83
2025-03-02 18:38:02,639 - train - INFO - Win rate 0.83 is above threshold 0.75 (1/3)
2025-03-02 18:38:05,467 - train - INFO - Episode 3000/6000 | Reward: 2.01 | Length: 14.50 | Loss: 0.0000
2025-03-02 18:38:05,483 - train - INFO - Saved checkpoint to curriculum_learning/ppo_5dice\ppo_standard_2p5d_20250302_182515\checkpoints\level_1_naive\agent_episode_3000
2025-03-02 18:38:19,487 - train - INFO - Evaluation at episode 3000: 5.00 reward, Win rate: 0.87
2025-03-02 18:38:19,487 - train - INFO - Win rate 0.87 is above threshold 0.75 (2/3)
2025-03-02 18:38:22,419 - train - INFO - Episode 3100/6000 | Reward: 2.06 | Length: 14.77 | Loss: 0.0000
2025-03-02 18:38:36,232 - train - INFO - Evaluation at episode 3100: 2.00 reward, Win rate: 0.90
2025-03-02 18:38:36,233 - train - INFO - Win rate 0.90 is above threshold 0.75 (3/3)
2025-03-02 18:38:36,233 - train - INFO - Early stopping triggered at episode 3100 with win rate 0.90
2025-03-02 18:38:36,252 - train - INFO - Training completed!
2025-03-02 18:39:02,521 - train - INFO - Final evaluation: 1.97 reward
