2025-03-02 10:12:11,050 - train - INFO - Starting training for 7500 episodes with agent type: DQNAgent
2025-03-02 10:12:11,050 - train - INFO - Agent config: {'epsilon': 0.49999999999999994, 'buffer_size': 4571, 'update_counter': 1461, 'total_steps': 1524, 'learning_rate': 0.0005, 'network_size': [256, 128, 64], 'device': 'cuda', 'avg_loss': 0.4716478046774864, 'double_dqn': True}
2025-03-02 10:12:13,074 - train - INFO - Episode 100/7500 | Reward: -3.00 | Length: 4.86 | Loss: 0.5098
2025-03-02 10:12:13,578 - train - INFO - Evaluation at episode 100: -3.00 reward, Win rate: 0.13
2025-03-02 10:12:15,508 - train - INFO - Episode 200/7500 | Reward: -2.88 | Length: 4.62 | Loss: 0.6284
2025-03-02 10:12:15,907 - train - INFO - Evaluation at episode 200: -3.00 reward, Win rate: 0.07
2025-03-02 10:12:17,749 - train - INFO - Episode 300/7500 | Reward: -2.94 | Length: 4.38 | Loss: 0.6544
2025-03-02 10:12:18,184 - train - INFO - Evaluation at episode 300: -3.00 reward, Win rate: 0.10
2025-03-02 10:12:20,263 - train - INFO - Episode 400/7500 | Reward: -2.94 | Length: 4.94 | Loss: 0.7880
2025-03-02 10:12:20,779 - train - INFO - Evaluation at episode 400: -3.00 reward, Win rate: 0.03
2025-03-02 10:12:22,933 - train - INFO - Episode 500/7500 | Reward: -3.00 | Length: 5.14 | Loss: 0.8708
2025-03-02 10:12:23,491 - train - INFO - Evaluation at episode 500: -3.00 reward, Win rate: 0.17
2025-03-02 10:12:25,688 - train - INFO - Episode 600/7500 | Reward: -2.75 | Length: 5.23 | Loss: 0.8836
2025-03-02 10:12:26,236 - train - INFO - Evaluation at episode 600: 3.00 reward, Win rate: 0.10
2025-03-02 10:12:28,382 - train - INFO - Episode 700/7500 | Reward: -2.76 | Length: 5.06 | Loss: 1.0255
2025-03-02 10:12:28,951 - train - INFO - Evaluation at episode 700: -3.00 reward, Win rate: 0.13
2025-03-02 10:12:31,256 - train - INFO - Episode 800/7500 | Reward: -2.70 | Length: 5.52 | Loss: 1.1410
2025-03-02 10:12:31,844 - train - INFO - Evaluation at episode 800: 3.00 reward, Win rate: 0.10
2025-03-02 10:12:34,133 - train - INFO - Episode 900/7500 | Reward: -2.94 | Length: 5.48 | Loss: 1.2040
2025-03-02 10:12:34,746 - train - INFO - Evaluation at episode 900: -3.00 reward, Win rate: 0.17
2025-03-02 10:12:37,048 - train - INFO - Episode 1000/7500 | Reward: -2.94 | Length: 5.49 | Loss: 1.2843
2025-03-02 10:12:37,056 - train - INFO - Saved checkpoint to results/dqn_3dice\dqn_basic_2p3d_20250302_101148\checkpoints\level_2_conservative\agent_episode_1000
2025-03-02 10:12:37,643 - train - INFO - Evaluation at episode 1000: -3.00 reward, Win rate: 0.17
2025-03-02 10:12:40,215 - train - INFO - Episode 1100/7500 | Reward: -2.76 | Length: 5.78 | Loss: 1.2893
2025-03-02 10:12:40,845 - train - INFO - Evaluation at episode 1100: -3.00 reward, Win rate: 0.17
2025-03-02 10:12:43,311 - train - INFO - Episode 1200/7500 | Reward: -2.87 | Length: 5.80 | Loss: 1.2594
2025-03-02 10:12:43,999 - train - INFO - Evaluation at episode 1200: 4.00 reward, Win rate: 0.17
2025-03-02 10:12:46,483 - train - INFO - Episode 1300/7500 | Reward: -2.81 | Length: 5.88 | Loss: 1.2943
2025-03-02 10:12:47,103 - train - INFO - Evaluation at episode 1300: -3.00 reward, Win rate: 0.20
2025-03-02 10:12:49,507 - train - INFO - Episode 1400/7500 | Reward: -2.94 | Length: 5.60 | Loss: 1.4025
2025-03-02 10:12:50,097 - train - INFO - Evaluation at episode 1400: -3.00 reward, Win rate: 0.07
2025-03-02 10:12:52,496 - train - INFO - Episode 1500/7500 | Reward: -2.88 | Length: 5.53 | Loss: 1.4298
2025-03-02 10:12:53,141 - train - INFO - Evaluation at episode 1500: -3.00 reward, Win rate: 0.17
2025-03-02 10:12:55,530 - train - INFO - Episode 1600/7500 | Reward: -2.75 | Length: 5.70 | Loss: 1.5714
2025-03-02 10:12:56,159 - train - INFO - Evaluation at episode 1600: -3.00 reward, Win rate: 0.13
2025-03-02 10:12:58,528 - train - INFO - Episode 1700/7500 | Reward: -3.00 | Length: 5.60 | Loss: 1.7902
2025-03-02 10:12:59,143 - train - INFO - Evaluation at episode 1700: -3.00 reward, Win rate: 0.17
2025-03-02 10:13:01,580 - train - INFO - Episode 1800/7500 | Reward: -2.81 | Length: 5.56 | Loss: 2.2489
2025-03-02 10:13:02,158 - train - INFO - Evaluation at episode 1800: -3.00 reward, Win rate: 0.07
2025-03-02 10:13:04,376 - train - INFO - Episode 1900/7500 | Reward: -2.82 | Length: 5.13 | Loss: 2.8168
2025-03-02 10:13:04,930 - train - INFO - Evaluation at episode 1900: -3.00 reward, Win rate: 0.13
2025-03-02 10:13:07,204 - train - INFO - Episode 2000/7500 | Reward: -2.93 | Length: 5.32 | Loss: 3.1026
2025-03-02 10:13:07,213 - train - INFO - Saved checkpoint to results/dqn_3dice\dqn_basic_2p3d_20250302_101148\checkpoints\level_2_conservative\agent_episode_2000
2025-03-02 10:13:07,799 - train - INFO - Evaluation at episode 2000: -3.00 reward, Win rate: 0.10
2025-03-02 10:13:10,283 - train - INFO - Episode 2100/7500 | Reward: -2.94 | Length: 5.73 | Loss: 3.5444
2025-03-02 10:13:10,893 - train - INFO - Evaluation at episode 2100: -3.00 reward, Win rate: 0.07
2025-03-02 10:13:13,537 - train - INFO - Episode 2200/7500 | Reward: -3.00 | Length: 6.05 | Loss: 4.3004
2025-03-02 10:13:14,179 - train - INFO - Evaluation at episode 2200: -3.00 reward, Win rate: 0.10
2025-03-02 10:13:16,823 - train - INFO - Episode 2300/7500 | Reward: -2.52 | Length: 6.20 | Loss: 4.8227
2025-03-02 10:13:17,481 - train - INFO - Evaluation at episode 2300: -3.00 reward, Win rate: 0.20
2025-03-02 10:13:20,161 - train - INFO - Episode 2400/7500 | Reward: -2.82 | Length: 6.22 | Loss: 5.3559
2025-03-02 10:13:20,811 - train - INFO - Evaluation at episode 2400: -3.00 reward, Win rate: 0.13
2025-03-02 10:13:23,423 - train - INFO - Episode 2500/7500 | Reward: -2.88 | Length: 5.94 | Loss: 7.3795
2025-03-02 10:13:24,067 - train - INFO - Evaluation at episode 2500: -3.00 reward, Win rate: 0.20
2025-03-02 10:13:26,600 - train - INFO - Episode 2600/7500 | Reward: -2.88 | Length: 5.79 | Loss: 8.6274
2025-03-02 10:13:27,088 - train - INFO - Evaluation at episode 2600: -3.00 reward, Win rate: 0.03
2025-03-02 10:13:29,209 - train - INFO - Episode 2700/7500 | Reward: -2.94 | Length: 4.90 | Loss: 10.8303
2025-03-02 10:13:29,692 - train - INFO - Evaluation at episode 2700: -3.00 reward, Win rate: 0.10
2025-03-02 10:13:31,874 - train - INFO - Episode 2800/7500 | Reward: -2.70 | Length: 4.92 | Loss: 13.2454
2025-03-02 10:13:32,448 - train - INFO - Evaluation at episode 2800: -3.00 reward, Win rate: 0.00
2025-03-02 10:13:35,094 - train - INFO - Episode 2900/7500 | Reward: -2.94 | Length: 5.71 | Loss: 15.9359
2025-03-02 10:13:35,668 - train - INFO - Evaluation at episode 2900: -3.00 reward, Win rate: 0.13
2025-03-02 10:13:38,190 - train - INFO - Episode 3000/7500 | Reward: -2.70 | Length: 5.68 | Loss: 18.8279
2025-03-02 10:13:38,201 - train - INFO - Saved checkpoint to results/dqn_3dice\dqn_basic_2p3d_20250302_101148\checkpoints\level_2_conservative\agent_episode_3000
2025-03-02 10:13:38,806 - train - INFO - Evaluation at episode 3000: -3.00 reward, Win rate: 0.07
2025-03-02 10:13:41,265 - train - INFO - Episode 3100/7500 | Reward: -2.69 | Length: 5.60 | Loss: 23.5447
2025-03-02 10:13:41,862 - train - INFO - Evaluation at episode 3100: -3.00 reward, Win rate: 0.13
2025-03-02 10:13:44,513 - train - INFO - Episode 3200/7500 | Reward: -2.50 | Length: 5.94 | Loss: 27.3773
2025-03-02 10:13:45,051 - train - INFO - Evaluation at episode 3200: -3.00 reward, Win rate: 0.20
2025-03-02 10:13:47,577 - train - INFO - Episode 3300/7500 | Reward: -2.81 | Length: 5.64 | Loss: 33.1241
2025-03-02 10:13:48,138 - train - INFO - Evaluation at episode 3300: -3.00 reward, Win rate: 0.13
2025-03-02 10:13:50,620 - train - INFO - Episode 3400/7500 | Reward: -2.82 | Length: 5.56 | Loss: 40.2731
2025-03-02 10:13:51,175 - train - INFO - Evaluation at episode 3400: 3.00 reward, Win rate: 0.10
2025-03-02 10:13:53,666 - train - INFO - Episode 3500/7500 | Reward: -2.86 | Length: 5.57 | Loss: 45.3260
2025-03-02 10:13:54,179 - train - INFO - Evaluation at episode 3500: -3.00 reward, Win rate: 0.07
2025-03-02 10:13:56,682 - train - INFO - Episode 3600/7500 | Reward: -2.75 | Length: 5.54 | Loss: 51.4321
2025-03-02 10:13:57,255 - train - INFO - Evaluation at episode 3600: -3.00 reward, Win rate: 0.07
2025-03-02 10:13:59,777 - train - INFO - Episode 3700/7500 | Reward: -2.93 | Length: 5.63 | Loss: 60.8153
2025-03-02 10:14:00,345 - train - INFO - Evaluation at episode 3700: -3.00 reward, Win rate: 0.03
2025-03-02 10:14:02,983 - train - INFO - Episode 3800/7500 | Reward: -2.88 | Length: 5.80 | Loss: 67.9489
2025-03-02 10:14:03,528 - train - INFO - Evaluation at episode 3800: -3.00 reward, Win rate: 0.03
2025-03-02 10:14:06,196 - train - INFO - Episode 3900/7500 | Reward: -2.88 | Length: 5.82 | Loss: 75.9205
2025-03-02 10:14:06,761 - train - INFO - Evaluation at episode 3900: -3.00 reward, Win rate: 0.27
2025-03-02 10:14:09,430 - train - INFO - Episode 4000/7500 | Reward: -2.76 | Length: 5.77 | Loss: 83.0726
2025-03-02 10:14:09,442 - train - INFO - Saved checkpoint to results/dqn_3dice\dqn_basic_2p3d_20250302_101148\checkpoints\level_2_conservative\agent_episode_4000
2025-03-02 10:14:09,973 - train - INFO - Evaluation at episode 4000: -3.00 reward, Win rate: 0.00
2025-03-02 10:14:12,426 - train - INFO - Episode 4100/7500 | Reward: -2.81 | Length: 5.46 | Loss: 96.8573
2025-03-02 10:14:12,982 - train - INFO - Evaluation at episode 4100: -3.00 reward, Win rate: 0.07
2025-03-02 10:14:15,509 - train - INFO - Episode 4200/7500 | Reward: -2.75 | Length: 5.53 | Loss: 102.5723
2025-03-02 10:14:16,041 - train - INFO - Evaluation at episode 4200: -3.00 reward, Win rate: 0.03
2025-03-02 10:14:18,720 - train - INFO - Episode 4300/7500 | Reward: -2.81 | Length: 5.79 | Loss: 117.8811
2025-03-02 10:14:19,300 - train - INFO - Evaluation at episode 4300: -3.00 reward, Win rate: 0.07
2025-03-02 10:14:21,882 - train - INFO - Episode 4400/7500 | Reward: -2.94 | Length: 5.72 | Loss: 121.9389
2025-03-02 10:14:22,408 - train - INFO - Evaluation at episode 4400: -3.00 reward, Win rate: 0.00
2025-03-02 10:14:25,109 - train - INFO - Episode 4500/7500 | Reward: -2.87 | Length: 5.93 | Loss: 131.8644
2025-03-02 10:14:25,741 - train - INFO - Evaluation at episode 4500: -3.00 reward, Win rate: 0.07
2025-03-02 10:14:28,589 - train - INFO - Episode 4600/7500 | Reward: -2.82 | Length: 6.17 | Loss: 139.6054
2025-03-02 10:14:29,180 - train - INFO - Evaluation at episode 4600: -3.00 reward, Win rate: 0.03
2025-03-02 10:14:31,983 - train - INFO - Episode 4700/7500 | Reward: -2.94 | Length: 5.96 | Loss: 150.1441
2025-03-02 10:14:32,599 - train - INFO - Evaluation at episode 4700: 4.00 reward, Win rate: 0.07
2025-03-02 10:14:35,157 - train - INFO - Episode 4800/7500 | Reward: -2.88 | Length: 5.62 | Loss: 171.1260
2025-03-02 10:14:35,708 - train - INFO - Evaluation at episode 4800: 3.00 reward, Win rate: 0.07
2025-03-02 10:14:38,458 - train - INFO - Episode 4900/7500 | Reward: -2.88 | Length: 5.97 | Loss: 180.2835
2025-03-02 10:14:39,036 - train - INFO - Evaluation at episode 4900: -3.00 reward, Win rate: 0.10
2025-03-02 10:14:41,851 - train - INFO - Episode 5000/7500 | Reward: -2.69 | Length: 6.04 | Loss: 185.7666
2025-03-02 10:14:41,863 - train - INFO - Saved checkpoint to results/dqn_3dice\dqn_basic_2p3d_20250302_101148\checkpoints\level_2_conservative\agent_episode_5000
2025-03-02 10:14:42,408 - train - INFO - Evaluation at episode 5000: -3.00 reward, Win rate: 0.00
2025-03-02 10:14:45,239 - train - INFO - Episode 5100/7500 | Reward: -3.00 | Length: 6.12 | Loss: 193.2495
2025-03-02 10:14:45,805 - train - INFO - Evaluation at episode 5100: -3.00 reward, Win rate: 0.03
2025-03-02 10:14:48,466 - train - INFO - Episode 5200/7500 | Reward: -3.00 | Length: 5.60 | Loss: 224.8792
2025-03-02 10:14:48,977 - train - INFO - Evaluation at episode 5200: -3.00 reward, Win rate: 0.07
2025-03-02 10:14:51,572 - train - INFO - Episode 5300/7500 | Reward: -2.94 | Length: 5.43 | Loss: 227.4196
2025-03-02 10:14:52,115 - train - INFO - Evaluation at episode 5300: -3.00 reward, Win rate: 0.07
2025-03-02 10:14:54,779 - train - INFO - Episode 5400/7500 | Reward: -2.94 | Length: 5.62 | Loss: 240.6728
2025-03-02 10:14:55,284 - train - INFO - Evaluation at episode 5400: -3.00 reward, Win rate: 0.07
2025-03-02 10:14:57,811 - train - INFO - Episode 5500/7500 | Reward: -2.81 | Length: 5.40 | Loss: 249.6946
2025-03-02 10:14:58,357 - train - INFO - Evaluation at episode 5500: -3.00 reward, Win rate: 0.07
2025-03-02 10:15:01,165 - train - INFO - Episode 5600/7500 | Reward: -2.88 | Length: 5.92 | Loss: 250.8540
2025-03-02 10:15:01,728 - train - INFO - Evaluation at episode 5600: -3.00 reward, Win rate: 0.03
2025-03-02 10:15:04,331 - train - INFO - Episode 5700/7500 | Reward: -2.93 | Length: 5.56 | Loss: 266.3958
2025-03-02 10:15:04,883 - train - INFO - Evaluation at episode 5700: -3.00 reward, Win rate: 0.07
2025-03-02 10:15:07,546 - train - INFO - Episode 5800/7500 | Reward: -2.82 | Length: 5.66 | Loss: 259.9651
2025-03-02 10:15:08,089 - train - INFO - Evaluation at episode 5800: 3.00 reward, Win rate: 0.13
2025-03-02 10:15:10,524 - train - INFO - Episode 5900/7500 | Reward: -2.88 | Length: 5.11 | Loss: 259.9342
2025-03-02 10:15:11,047 - train - INFO - Evaluation at episode 5900: -3.00 reward, Win rate: 0.00
2025-03-02 10:15:13,807 - train - INFO - Episode 6000/7500 | Reward: -2.72 | Length: 5.65 | Loss: 254.5373
2025-03-02 10:15:13,821 - train - INFO - Saved checkpoint to results/dqn_3dice\dqn_basic_2p3d_20250302_101148\checkpoints\level_2_conservative\agent_episode_6000
2025-03-02 10:15:14,294 - train - INFO - Evaluation at episode 6000: -3.00 reward, Win rate: 0.00
2025-03-02 10:15:16,858 - train - INFO - Episode 6100/7500 | Reward: -2.81 | Length: 5.44 | Loss: 238.7510
2025-03-02 10:15:17,387 - train - INFO - Evaluation at episode 6100: -3.00 reward, Win rate: 0.00
2025-03-02 10:15:20,162 - train - INFO - Episode 6200/7500 | Reward: -2.80 | Length: 5.73 | Loss: 234.3357
2025-03-02 10:15:20,722 - train - INFO - Evaluation at episode 6200: -3.00 reward, Win rate: 0.03
2025-03-02 10:15:23,428 - train - INFO - Episode 6300/7500 | Reward: -2.88 | Length: 5.63 | Loss: 229.0035
2025-03-02 10:15:23,877 - train - INFO - Evaluation at episode 6300: -3.00 reward, Win rate: 0.03
2025-03-02 10:15:26,527 - train - INFO - Episode 6400/7500 | Reward: -2.94 | Length: 5.63 | Loss: 224.7467
2025-03-02 10:15:27,089 - train - INFO - Evaluation at episode 6400: -3.00 reward, Win rate: 0.10
2025-03-02 10:15:29,839 - train - INFO - Episode 6500/7500 | Reward: -2.82 | Length: 5.69 | Loss: 220.6404
2025-03-02 10:15:30,361 - train - INFO - Evaluation at episode 6500: -3.00 reward, Win rate: 0.00
2025-03-02 10:15:33,163 - train - INFO - Episode 6600/7500 | Reward: -2.74 | Length: 5.56 | Loss: 216.2360
2025-03-02 10:15:33,786 - train - INFO - Evaluation at episode 6600: -3.00 reward, Win rate: 0.20
2025-03-02 10:15:36,761 - train - INFO - Episode 6700/7500 | Reward: -2.88 | Length: 6.22 | Loss: 218.4528
2025-03-02 10:15:37,329 - train - INFO - Evaluation at episode 6700: -3.00 reward, Win rate: 0.07
2025-03-02 10:15:40,616 - train - INFO - Episode 6800/7500 | Reward: -2.82 | Length: 6.78 | Loss: 231.0242
2025-03-02 10:15:41,287 - train - INFO - Evaluation at episode 6800: -3.00 reward, Win rate: 0.03
2025-03-02 10:15:44,330 - train - INFO - Episode 6900/7500 | Reward: -3.00 | Length: 6.07 | Loss: 226.1352
2025-03-02 10:15:45,127 - train - INFO - Evaluation at episode 6900: -3.00 reward, Win rate: 0.07
2025-03-02 10:15:48,009 - train - INFO - Episode 7000/7500 | Reward: -2.72 | Length: 5.58 | Loss: 215.7913
2025-03-02 10:15:48,023 - train - INFO - Saved checkpoint to results/dqn_3dice\dqn_basic_2p3d_20250302_101148\checkpoints\level_2_conservative\agent_episode_7000
2025-03-02 10:15:48,562 - train - INFO - Evaluation at episode 7000: -3.00 reward, Win rate: 0.10
2025-03-02 10:15:51,149 - train - INFO - Episode 7100/7500 | Reward: -2.94 | Length: 5.17 | Loss: 222.8331
2025-03-02 10:15:51,612 - train - INFO - Evaluation at episode 7100: -3.00 reward, Win rate: 0.00
2025-03-02 10:15:54,105 - train - INFO - Episode 7200/7500 | Reward: -2.75 | Length: 4.93 | Loss: 233.9095
2025-03-02 10:15:54,462 - train - INFO - Evaluation at episode 7200: -3.00 reward, Win rate: 0.03
2025-03-02 10:15:56,882 - train - INFO - Episode 7300/7500 | Reward: -3.00 | Length: 4.92 | Loss: 219.3448
2025-03-02 10:15:57,272 - train - INFO - Evaluation at episode 7300: -3.00 reward, Win rate: 0.00
2025-03-02 10:15:59,509 - train - INFO - Episode 7400/7500 | Reward: -2.94 | Length: 4.54 | Loss: 190.1809
2025-03-02 10:15:59,916 - train - INFO - Evaluation at episode 7400: -3.00 reward, Win rate: 0.03
2025-03-02 10:16:02,380 - train - INFO - Episode 7500/7500 | Reward: -3.00 | Length: 4.60 | Loss: 201.9552
2025-03-02 10:16:02,890 - train - INFO - Evaluation at episode 7500: -3.00 reward, Win rate: 0.10
2025-03-02 10:16:02,891 - train - INFO - Training completed!
2025-03-02 10:16:03,642 - train - INFO - Final evaluation: -2.62 reward
