2025-03-02 18:25:15,402 - curriculum - INFO - Starting curriculum learning for Liar's Dice with ppo agent
2025-03-02 18:25:15,402 - curriculum - INFO - Game setup: 2 players, 5 dice, 6 faces
2025-03-02 18:25:15,403 - curriculum - INFO - Curriculum: 200000 episodes
2025-03-02 18:25:15,454 - curriculum - INFO - Using device: cuda
2025-03-02 18:25:15,455 - curriculum - INFO - Observation dimension: 47, Action dimension: 61
2025-03-02 18:25:16,496 - curriculum - INFO - Created ppo agent with 61 actions
2025-03-02 18:25:16,496 - curriculum - INFO - Curriculum schedule:
2025-03-02 18:25:16,496 - curriculum - INFO -   random: 6000 episodes (3.0%)
2025-03-02 18:25:16,497 - curriculum - INFO -   naive: 6000 episodes (3.0%)
2025-03-02 18:25:16,497 - curriculum - INFO -   conservative: 40000 episodes (20.0%)
2025-03-02 18:25:16,497 - curriculum - INFO -   anti_exploitation: 30000 episodes (15.0%)
2025-03-02 18:25:16,497 - curriculum - INFO -   aggressive: 8000 episodes (4.0%)
2025-03-02 18:25:16,497 - curriculum - INFO -   strategic: 26000 episodes (13.0%)
2025-03-02 18:25:16,497 - curriculum - INFO -   adaptive: 26000 episodes (13.0%)
2025-03-02 18:25:16,497 - curriculum - INFO -   counter_strategy: 28000 episodes (14.0%)
2025-03-02 18:25:16,497 - curriculum - INFO -   optimal: 30000 episodes (15.0%)
2025-03-02 18:25:16,498 - curriculum - INFO - 
=== Training against random (6000 episodes) ===
2025-03-02 18:25:32,275 - curriculum - INFO - New best model for random: 0.40 win rate
2025-03-02 18:25:32,285 - curriculum - INFO - New best overall model: 0.40 win rate
2025-03-02 18:26:56,635 - curriculum - INFO - New best model for random: 0.53 win rate
2025-03-02 18:26:56,655 - curriculum - INFO - New best overall model: 0.53 win rate
2025-03-02 18:27:29,512 - curriculum - INFO - New best model for random: 0.67 win rate
2025-03-02 18:27:29,532 - curriculum - INFO - New best overall model: 0.67 win rate
2025-03-02 18:28:19,058 - curriculum - INFO - New best model for random: 0.73 win rate
2025-03-02 18:28:19,080 - curriculum - INFO - New best overall model: 0.73 win rate
2025-03-02 18:28:35,763 - curriculum - INFO - New best model for random: 0.77 win rate
2025-03-02 18:28:35,781 - curriculum - INFO - New best overall model: 0.77 win rate
2025-03-02 18:28:35,781 - curriculum - INFO - Win rate 0.77 above threshold 0.75 (1/3)
2025-03-02 18:29:23,568 - curriculum - INFO - New best model for random: 0.87 win rate
2025-03-02 18:29:23,588 - curriculum - INFO - New best overall model: 0.87 win rate
2025-03-02 18:29:23,588 - curriculum - INFO - Win rate 0.87 above threshold 0.75 (1/3)
2025-03-02 18:29:38,848 - curriculum - INFO - New best model for random: 0.90 win rate
2025-03-02 18:29:38,862 - curriculum - INFO - New best overall model: 0.90 win rate
2025-03-02 18:29:38,862 - curriculum - INFO - Win rate 0.90 above threshold 0.75 (2/3)
2025-03-02 18:30:17,519 - curriculum - INFO - Loading best model for random (win rate: 0.90)
2025-03-02 18:30:17,572 - curriculum - INFO - Completed training against random
2025-03-02 18:30:17,572 - curriculum - INFO - Episodes: 6000, Duration: 301.02 seconds
2025-03-02 18:30:17,572 - curriculum - INFO - Final evaluation reward: 2.31
2025-03-02 18:30:17,572 - curriculum - INFO - Best win rate: 0.90
2025-03-02 18:30:17,572 - curriculum - INFO - 
=== Training against naive (6000 episodes) ===
2025-03-02 18:31:32,587 - curriculum - INFO - New best model for naive: 0.03 win rate
2025-03-02 18:32:15,415 - curriculum - INFO - New best model for naive: 0.07 win rate
2025-03-02 18:33:37,829 - curriculum - INFO - New best model for naive: 0.10 win rate
2025-03-02 18:34:11,722 - curriculum - INFO - New best model for naive: 0.13 win rate
2025-03-02 18:35:04,158 - curriculum - INFO - New best model for naive: 0.17 win rate
2025-03-02 18:35:21,555 - curriculum - INFO - New best model for naive: 0.40 win rate
2025-03-02 18:35:40,373 - curriculum - INFO - New best model for naive: 0.47 win rate
2025-03-02 18:36:34,094 - curriculum - INFO - New best model for naive: 0.50 win rate
2025-03-02 18:36:51,752 - curriculum - INFO - New best model for naive: 0.63 win rate
2025-03-02 18:37:27,639 - curriculum - INFO - New best model for naive: 0.77 win rate
2025-03-02 18:37:27,639 - curriculum - INFO - Win rate 0.77 above threshold 0.75 (1/3)
2025-03-02 18:38:02,655 - curriculum - INFO - New best model for naive: 0.83 win rate
2025-03-02 18:38:02,656 - curriculum - INFO - Win rate 0.83 above threshold 0.75 (1/3)
2025-03-02 18:38:19,504 - curriculum - INFO - New best model for naive: 0.87 win rate
2025-03-02 18:38:19,504 - curriculum - INFO - Win rate 0.87 above threshold 0.75 (2/3)
2025-03-02 18:39:02,521 - curriculum - INFO - Loading best model for naive (win rate: 0.87)
2025-03-02 18:39:02,567 - curriculum - INFO - Completed training against naive
2025-03-02 18:39:02,567 - curriculum - INFO - Episodes: 6000, Duration: 524.95 seconds
2025-03-02 18:39:02,567 - curriculum - INFO - Final evaluation reward: 1.97
2025-03-02 18:39:02,567 - curriculum - INFO - Best win rate: 0.87
2025-03-02 18:39:02,567 - curriculum - INFO - Evaluating against all previous levels...
2025-03-02 18:39:03,903 - curriculum - INFO -   vs random: win rate = 1.00
2025-03-02 18:39:06,055 - curriculum - INFO -   vs naive: win rate = 0.83
2025-03-02 18:39:06,055 - curriculum - INFO -   Average win rate across all levels: 0.92
2025-03-02 18:39:06,055 - curriculum - INFO - 
=== Training against conservative (40000 episodes) ===
2025-03-02 18:43:32,045 - curriculum - INFO - New best model for conservative: 0.03 win rate
2025-03-02 18:51:25,425 - curriculum - INFO - New best model for conservative: 0.10 win rate
2025-03-02 18:55:40,428 - curriculum - INFO - New best model for conservative: 0.13 win rate
2025-03-02 18:58:21,540 - curriculum - INFO - New best model for conservative: 0.17 win rate
2025-03-02 18:59:52,638 - curriculum - INFO - New best model for conservative: 0.23 win rate
2025-03-02 19:01:05,897 - curriculum - INFO - New best model for conservative: 0.37 win rate
2025-03-02 19:05:09,361 - curriculum - INFO - New best model for conservative: 0.63 win rate
2025-03-02 19:13:00,768 - curriculum - INFO - New best model for conservative: 0.70 win rate
2025-03-02 19:13:37,472 - curriculum - INFO - New best model for conservative: 0.73 win rate
2025-03-02 19:17:41,934 - curriculum - INFO - New best model for conservative: 0.80 win rate
2025-03-02 19:17:41,935 - curriculum - INFO - Win rate 0.80 above threshold 0.75 (1/3)
2025-03-02 19:21:04,889 - curriculum - INFO - Win rate 0.80 above threshold 0.75 (1/3)
2025-03-02 19:21:23,693 - curriculum - INFO - Win rate 0.77 above threshold 0.75 (2/3)
2025-03-02 19:24:43,527 - curriculum - INFO - Win rate 0.77 above threshold 0.75 (1/3)
2025-03-02 19:25:38,185 - curriculum - INFO - Win rate 0.80 above threshold 0.75 (1/3)
2025-03-02 19:28:58,592 - curriculum - INFO - Win rate 0.80 above threshold 0.75 (1/3)
2025-03-02 19:31:57,262 - curriculum - INFO - New best model for conservative: 0.87 win rate
2025-03-02 19:31:57,262 - curriculum - INFO - Win rate 0.87 above threshold 0.75 (1/3)
2025-03-02 19:32:49,105 - curriculum - INFO - Win rate 0.83 above threshold 0.75 (1/3)
2025-03-02 19:33:24,021 - curriculum - INFO - Win rate 0.77 above threshold 0.75 (1/3)
2025-03-02 19:34:16,165 - curriculum - INFO - Win rate 0.77 above threshold 0.75 (1/3)
2025-03-02 19:34:32,991 - curriculum - INFO - Win rate 0.77 above threshold 0.75 (2/3)
2025-03-02 19:35:07,872 - curriculum - INFO - Win rate 0.83 above threshold 0.75 (1/3)
2025-03-02 19:36:16,901 - curriculum - INFO - Win rate 0.83 above threshold 0.75 (1/3)
2025-03-02 19:36:33,835 - curriculum - INFO - Win rate 0.77 above threshold 0.75 (2/3)
2025-03-02 19:37:42,529 - curriculum - INFO - Win rate 0.77 above threshold 0.75 (1/3)
2025-03-02 19:38:16,064 - curriculum - INFO - Win rate 0.87 above threshold 0.75 (1/3)
2025-03-02 19:39:41,385 - curriculum - INFO - Win rate 0.77 above threshold 0.75 (1/3)
2025-03-02 19:40:16,056 - curriculum - INFO - Win rate 0.77 above threshold 0.75 (1/3)
2025-03-02 19:41:23,868 - curriculum - INFO - Win rate 0.77 above threshold 0.75 (1/3)
2025-03-02 19:41:41,438 - curriculum - INFO - Win rate 0.77 above threshold 0.75 (2/3)
2025-03-02 19:42:24,120 - curriculum - INFO - Loading best model for conservative (win rate: 0.87)
2025-03-02 19:42:24,179 - curriculum - INFO - Completed training against conservative
2025-03-02 19:42:24,179 - curriculum - INFO - Episodes: 40000, Duration: 3798.06 seconds
2025-03-02 19:42:24,179 - curriculum - INFO - Final evaluation reward: 1.02
2025-03-02 19:42:24,179 - curriculum - INFO - Best win rate: 0.87
2025-03-02 19:42:24,179 - curriculum - INFO - Evaluating against all previous levels...
2025-03-02 19:42:25,343 - curriculum - INFO -   vs random: win rate = 1.00
2025-03-02 19:42:27,555 - curriculum - INFO -   vs naive: win rate = 0.97
2025-03-02 19:42:29,730 - curriculum - INFO -   vs conservative: win rate = 0.70
2025-03-02 19:42:29,730 - curriculum - INFO -   Average win rate across all levels: 0.89
2025-03-02 19:42:29,730 - curriculum - INFO - 
=== Training against anti_exploitation (30000 episodes) ===
2025-03-02 19:42:46,405 - curriculum - INFO - New best model for anti_exploitation: 0.70 win rate
2025-03-02 19:43:03,628 - curriculum - INFO - New best model for anti_exploitation: 0.87 win rate
2025-03-02 19:43:03,628 - curriculum - INFO - Win rate 0.87 above threshold 0.75 (1/3)
2025-03-02 19:43:21,406 - curriculum - INFO - Win rate 0.87 above threshold 0.75 (2/3)
2025-03-02 19:44:03,363 - curriculum - INFO - Loading best model for anti_exploitation (win rate: 0.87)
2025-03-02 19:44:03,425 - curriculum - INFO - Completed training against anti_exploitation
2025-03-02 19:44:03,426 - curriculum - INFO - Episodes: 30000, Duration: 93.63 seconds
2025-03-02 19:44:03,426 - curriculum - INFO - Final evaluation reward: 1.37
2025-03-02 19:44:03,426 - curriculum - INFO - Best win rate: 0.87
2025-03-02 19:44:03,426 - curriculum - INFO - Evaluating against all previous levels...
2025-03-02 19:44:04,582 - curriculum - INFO -   vs random: win rate = 1.00
2025-03-02 19:44:06,730 - curriculum - INFO -   vs naive: win rate = 0.97
2025-03-02 19:44:08,892 - curriculum - INFO -   vs conservative: win rate = 0.63
2025-03-02 19:44:10,978 - curriculum - INFO -   vs anti_exploitation: win rate = 0.70
2025-03-02 19:44:10,978 - curriculum - INFO -   Average win rate across all levels: 0.82
2025-03-02 19:44:10,978 - curriculum - INFO - 
=== Training against aggressive (8000 episodes) ===
2025-03-02 19:44:20,836 - curriculum - INFO - New best model for aggressive: 1.00 win rate
2025-03-02 19:44:20,851 - curriculum - INFO - New best overall model: 1.00 win rate
2025-03-02 19:44:20,851 - curriculum - INFO - Win rate 1.00 above threshold 0.75 (1/3)
2025-03-02 19:44:30,053 - curriculum - INFO - Win rate 1.00 above threshold 0.75 (2/3)
2025-03-02 19:44:53,739 - curriculum - INFO - Loading best model for aggressive (win rate: 1.00)
2025-03-02 19:44:53,787 - curriculum - INFO - Completed training against aggressive
2025-03-02 19:44:53,788 - curriculum - INFO - Episodes: 8000, Duration: 42.76 seconds
2025-03-02 19:44:53,788 - curriculum - INFO - Final evaluation reward: 4.68
2025-03-02 19:44:53,788 - curriculum - INFO - Best win rate: 1.00
2025-03-02 19:44:53,788 - curriculum - INFO - Evaluating against all previous levels...
2025-03-02 19:44:54,918 - curriculum - INFO -   vs random: win rate = 1.00
2025-03-02 19:44:57,060 - curriculum - INFO -   vs naive: win rate = 1.00
2025-03-02 19:44:59,263 - curriculum - INFO -   vs conservative: win rate = 0.67
2025-03-02 19:45:01,276 - curriculum - INFO -   vs anti_exploitation: win rate = 0.93
2025-03-02 19:45:02,612 - curriculum - INFO -   vs aggressive: win rate = 1.00
2025-03-02 19:45:02,612 - curriculum - INFO -   Average win rate across all levels: 0.92
2025-03-02 19:45:02,612 - curriculum - INFO - 
=== Training against strategic (26000 episodes) ===
2025-03-02 19:45:22,410 - curriculum - INFO - New best model for strategic: 0.73 win rate
2025-03-02 19:46:02,641 - curriculum - INFO - New best model for strategic: 0.87 win rate
2025-03-02 19:46:02,642 - curriculum - INFO - Win rate 0.87 above threshold 0.75 (1/3)
2025-03-02 19:46:21,907 - curriculum - INFO - New best model for strategic: 0.90 win rate
2025-03-02 19:46:21,907 - curriculum - INFO - Win rate 0.90 above threshold 0.75 (2/3)
2025-03-02 19:47:00,697 - curriculum - INFO - Win rate 0.80 above threshold 0.75 (1/3)
2025-03-02 19:47:19,870 - curriculum - INFO - New best model for strategic: 0.97 win rate
2025-03-02 19:47:19,870 - curriculum - INFO - Win rate 0.97 above threshold 0.75 (2/3)
2025-03-02 19:48:08,264 - curriculum - INFO - Loading best model for strategic (win rate: 0.97)
2025-03-02 19:48:08,306 - curriculum - INFO - Completed training against strategic
2025-03-02 19:48:08,306 - curriculum - INFO - Episodes: 26000, Duration: 185.65 seconds
2025-03-02 19:48:08,306 - curriculum - INFO - Final evaluation reward: 2.16
2025-03-02 19:48:08,306 - curriculum - INFO - Best win rate: 0.97
2025-03-02 19:48:08,306 - curriculum - INFO - Evaluating against all previous levels...
2025-03-02 19:48:09,456 - curriculum - INFO -   vs random: win rate = 1.00
2025-03-02 19:48:11,681 - curriculum - INFO -   vs naive: win rate = 0.97
2025-03-02 19:48:13,926 - curriculum - INFO -   vs conservative: win rate = 0.60
2025-03-02 19:48:15,955 - curriculum - INFO -   vs anti_exploitation: win rate = 0.77
2025-03-02 19:48:17,268 - curriculum - INFO -   vs aggressive: win rate = 1.00
2025-03-02 19:48:19,742 - curriculum - INFO -   vs strategic: win rate = 0.83
2025-03-02 19:48:19,742 - curriculum - INFO -   Average win rate across all levels: 0.86
2025-03-02 19:48:19,742 - curriculum - INFO - 
=== Training against adaptive (26000 episodes) ===
2025-03-02 19:48:38,937 - curriculum - INFO - New best model for adaptive: 0.90 win rate
2025-03-02 19:48:38,937 - curriculum - INFO - Win rate 0.90 above threshold 0.75 (1/3)
2025-03-02 19:48:57,308 - curriculum - INFO - New best model for adaptive: 0.93 win rate
2025-03-02 19:48:57,309 - curriculum - INFO - Win rate 0.93 above threshold 0.75 (2/3)
2025-03-02 19:49:45,320 - curriculum - INFO - Loading best model for adaptive (win rate: 0.93)
2025-03-02 19:49:45,359 - curriculum - INFO - Completed training against adaptive
2025-03-02 19:49:45,359 - curriculum - INFO - Episodes: 26000, Duration: 85.58 seconds
2025-03-02 19:49:45,359 - curriculum - INFO - Final evaluation reward: 2.65
2025-03-02 19:49:45,359 - curriculum - INFO - Best win rate: 0.93
2025-03-02 19:49:45,359 - curriculum - INFO - Evaluating against all previous levels...
2025-03-02 19:49:46,536 - curriculum - INFO -   vs random: win rate = 1.00
2025-03-02 19:49:48,641 - curriculum - INFO -   vs naive: win rate = 1.00
2025-03-02 19:49:50,874 - curriculum - INFO -   vs conservative: win rate = 0.63
2025-03-02 19:49:52,913 - curriculum - INFO -   vs anti_exploitation: win rate = 0.67
2025-03-02 19:49:54,132 - curriculum - INFO -   vs aggressive: win rate = 1.00
2025-03-02 19:49:56,512 - curriculum - INFO -   vs strategic: win rate = 0.87
2025-03-02 19:49:58,823 - curriculum - INFO -   vs adaptive: win rate = 0.93
2025-03-02 19:49:58,823 - curriculum - INFO -   Average win rate across all levels: 0.87
2025-03-02 19:49:58,823 - curriculum - INFO - 
=== Training against counter_strategy (28000 episodes) ===
2025-03-02 19:50:16,443 - curriculum - INFO - New best model for counter_strategy: 0.73 win rate
2025-03-02 19:50:38,836 - curriculum - INFO - New best model for counter_strategy: 0.77 win rate
2025-03-02 19:50:38,836 - curriculum - INFO - Win rate 0.77 above threshold 0.75 (1/3)
2025-03-02 19:53:41,785 - curriculum - INFO - New best model for counter_strategy: 0.83 win rate
2025-03-02 19:53:41,786 - curriculum - INFO - Win rate 0.83 above threshold 0.75 (1/3)
2025-03-02 19:54:21,337 - curriculum - INFO - Win rate 0.83 above threshold 0.75 (2/3)
2025-03-02 19:55:48,902 - curriculum - INFO - Win rate 0.80 above threshold 0.75 (1/3)
2025-03-02 19:57:25,252 - curriculum - INFO - Win rate 0.80 above threshold 0.75 (1/3)
2025-03-02 19:58:18,956 - curriculum - INFO - Win rate 0.83 above threshold 0.75 (2/3)
2025-03-02 20:02:12,101 - curriculum - INFO - Win rate 0.77 above threshold 0.75 (1/3)
2025-03-02 20:03:15,013 - curriculum - INFO - New best model for counter_strategy: 0.87 win rate
2025-03-02 20:03:15,014 - curriculum - INFO - Win rate 0.87 above threshold 0.75 (2/3)
2025-03-02 20:06:17,369 - curriculum - INFO - Loading best model for counter_strategy (win rate: 0.87)
2025-03-02 20:06:17,434 - curriculum - INFO - Completed training against counter_strategy
2025-03-02 20:06:17,434 - curriculum - INFO - Episodes: 28000, Duration: 978.55 seconds
2025-03-02 20:06:17,434 - curriculum - INFO - Final evaluation reward: 1.47
2025-03-02 20:06:17,434 - curriculum - INFO - Best win rate: 0.87
2025-03-02 20:06:17,434 - curriculum - INFO - Evaluating against all previous levels...
2025-03-02 20:06:18,620 - curriculum - INFO -   vs random: win rate = 1.00
2025-03-02 20:06:20,657 - curriculum - INFO -   vs naive: win rate = 1.00
2025-03-02 20:06:22,894 - curriculum - INFO -   vs conservative: win rate = 0.60
2025-03-02 20:06:24,812 - curriculum - INFO -   vs anti_exploitation: win rate = 0.90
2025-03-02 20:06:25,989 - curriculum - INFO -   vs aggressive: win rate = 1.00
2025-03-02 20:06:28,219 - curriculum - INFO -   vs strategic: win rate = 0.77
2025-03-02 20:06:30,511 - curriculum - INFO -   vs adaptive: win rate = 1.00
2025-03-02 20:06:32,442 - curriculum - INFO -   vs counter_strategy: win rate = 0.83
2025-03-02 20:06:32,443 - curriculum - INFO -   Average win rate across all levels: 0.89
2025-03-02 20:06:32,443 - curriculum - INFO - 
=== Training against optimal (30000 episodes) ===
2025-03-02 20:13:24,593 - curriculum - INFO - New best model for optimal: 1.00 win rate
2025-03-02 20:13:24,593 - curriculum - INFO - Win rate 1.00 above threshold 0.75 (1/3)
2025-03-02 20:52:18,091 - curriculum - INFO - Win rate 1.00 above threshold 0.75 (2/3)
