2025-03-02 10:16:04,619 - train - INFO - Starting training for 3000 episodes with agent type: DQNAgent
2025-03-02 10:16:04,620 - train - INFO - Agent config: {'epsilon': 0.29999999999999993, 'buffer_size': 46309, 'update_counter': 43199, 'total_steps': 43262, 'learning_rate': 0.0005, 'network_size': [256, 128, 64], 'device': 'cuda', 'avg_loss': 202.79118186950683, 'double_dqn': True}
2025-03-02 10:16:07,330 - train - INFO - Episode 100/3000 | Reward: -1.96 | Length: 5.30 | Loss: 211.9762
2025-03-02 10:16:07,791 - train - INFO - Evaluation at episode 100: 3.00 reward, Win rate: 0.53
2025-03-02 10:16:10,391 - train - INFO - Episode 200/3000 | Reward: -1.58 | Length: 5.59 | Loss: 193.7661
2025-03-02 10:16:10,869 - train - INFO - Evaluation at episode 200: -3.00 reward, Win rate: 0.30
2025-03-02 10:16:13,566 - train - INFO - Episode 300/3000 | Reward: -1.58 | Length: 5.53 | Loss: 182.1843
2025-03-02 10:16:14,052 - train - INFO - Evaluation at episode 300: 3.00 reward, Win rate: 0.33
2025-03-02 10:16:16,967 - train - INFO - Episode 400/3000 | Reward: -1.60 | Length: 5.97 | Loss: 186.7912
2025-03-02 10:16:17,440 - train - INFO - Evaluation at episode 400: 3.00 reward, Win rate: 0.23
2025-03-02 10:16:20,471 - train - INFO - Episode 500/3000 | Reward: -1.15 | Length: 6.27 | Loss: 165.2709
2025-03-02 10:16:20,999 - train - INFO - Evaluation at episode 500: -3.00 reward, Win rate: 0.53
2025-03-02 10:16:24,208 - train - INFO - Episode 600/3000 | Reward: -0.69 | Length: 6.46 | Loss: 146.0828
2025-03-02 10:16:24,744 - train - INFO - Evaluation at episode 600: 3.00 reward, Win rate: 0.67
2025-03-02 10:16:28,261 - train - INFO - Episode 700/3000 | Reward: -0.68 | Length: 6.88 | Loss: 133.8587
2025-03-02 10:16:28,821 - train - INFO - Evaluation at episode 700: 3.00 reward, Win rate: 0.70
2025-03-02 10:16:32,321 - train - INFO - Episode 800/3000 | Reward: -0.60 | Length: 6.94 | Loss: 111.8792
2025-03-02 10:16:32,912 - train - INFO - Evaluation at episode 800: 3.00 reward, Win rate: 0.73
2025-03-02 10:16:36,314 - train - INFO - Episode 900/3000 | Reward: -0.03 | Length: 6.74 | Loss: 82.0173
2025-03-02 10:16:36,861 - train - INFO - Evaluation at episode 900: -3.00 reward, Win rate: 0.83
2025-03-02 10:16:36,862 - train - INFO - Win rate 0.83 is above threshold 0.75 (1/3)
2025-03-02 10:16:40,250 - train - INFO - Episode 1000/3000 | Reward: -0.05 | Length: 6.81 | Loss: 69.4132
2025-03-02 10:16:40,259 - train - INFO - Saved checkpoint to results/dqn_3dice\dqn_basic_2p3d_20250302_101148\checkpoints\level_3_aggressive\agent_episode_1000
2025-03-02 10:16:40,776 - train - INFO - Evaluation at episode 1000: 4.00 reward, Win rate: 0.73
2025-03-02 10:16:44,102 - train - INFO - Episode 1100/3000 | Reward: 0.41 | Length: 6.60 | Loss: 54.4096
2025-03-02 10:16:44,605 - train - INFO - Evaluation at episode 1100: 3.00 reward, Win rate: 0.83
2025-03-02 10:16:44,605 - train - INFO - Win rate 0.83 is above threshold 0.75 (1/3)
2025-03-02 10:16:47,925 - train - INFO - Episode 1200/3000 | Reward: 0.47 | Length: 6.56 | Loss: 42.1651
2025-03-02 10:16:48,409 - train - INFO - Evaluation at episode 1200: 4.00 reward, Win rate: 0.77
2025-03-02 10:16:48,409 - train - INFO - Win rate 0.77 is above threshold 0.75 (2/3)
2025-03-02 10:16:51,814 - train - INFO - Episode 1300/3000 | Reward: 0.72 | Length: 6.59 | Loss: 28.8487
2025-03-02 10:16:52,309 - train - INFO - Evaluation at episode 1300: 4.00 reward, Win rate: 0.90
2025-03-02 10:16:52,309 - train - INFO - Win rate 0.90 is above threshold 0.75 (3/3)
2025-03-02 10:16:52,309 - train - INFO - Early stopping triggered at episode 1300 with win rate 0.90
2025-03-02 10:16:52,317 - train - INFO - Training completed!
2025-03-02 10:16:53,082 - train - INFO - Final evaluation: 2.60 reward
