2025-03-05 22:13:44,690 - train - INFO - Starting training for 60000 episodes with agent type: PPOAgent
2025-03-05 22:13:44,690 - train - INFO - Agent config: {'obs_dim': 52, 'action_dim': 61, 'hidden_dims': [256, 128, 64], 'learning_rate': 0.0001, 'min_learning_rate': 3e-05, 'gamma': 0.99, 'gae_lambda': 0.97, 'policy_clip': 0.1, 'value_coef': 0.8, 'entropy_coef': 0.002, 'batch_size': 256, 'update_frequency': 2048, 'max_grad_norm': 0.5, 'update_counter': 1863, 'step_counter': 1292, 'total_training_steps': 1000000, 'current_lr': 3e-05, 'device': 'cuda', 'memory_size': 1293, 'avg_policy_loss': 0.0, 'avg_value_loss': 0.0, 'avg_entropy': 0.0, 'avg_reward': 10.295499999999999}
2025-03-05 22:13:47,144 - train - INFO - Episode 100/60000 | Reward: -1.98 | Length: 10.79 | Loss: 0.0000
2025-03-05 22:13:49,352 - train - INFO - Episode 200/60000 | Reward: -1.64 | Length: 11.23 | Loss: 0.0000
2025-03-05 22:13:51,840 - train - INFO - Episode 300/60000 | Reward: -1.60 | Length: 11.01 | Loss: 0.0000
2025-03-05 22:13:54,003 - train - INFO - Episode 400/60000 | Reward: -2.96 | Length: 10.84 | Loss: 0.0000
2025-03-05 22:13:56,652 - train - INFO - Episode 500/60000 | Reward: -1.61 | Length: 10.93 | Loss: 0.0000
2025-03-05 22:14:08,571 - train - INFO - Evaluation at episode 500: 5.00 reward, Win rate: 0.47
2025-03-05 22:14:08,580 - train - INFO - New best model with win rate 0.47 saved to new_results/curriculum_learning/ppo_5dice_2person\ppo_standard_2p5d_20250305_173542\checkpoints\level_9_optimal\best_model_episode_500
2025-03-05 22:14:10,703 - train - INFO - Episode 600/60000 | Reward: -2.13 | Length: 10.60 | Loss: 0.0000
2025-03-05 22:14:13,112 - train - INFO - Episode 700/60000 | Reward: -2.10 | Length: 11.06 | Loss: 0.0000
2025-03-05 22:14:15,472 - train - INFO - Episode 800/60000 | Reward: -1.54 | Length: 11.75 | Loss: 0.0000
2025-03-05 22:14:17,855 - train - INFO - Episode 900/60000 | Reward: -2.24 | Length: 11.23 | Loss: 0.0000
2025-03-05 22:14:20,698 - train - INFO - Episode 1000/60000 | Reward: -1.48 | Length: 11.26 | Loss: 0.0000
2025-03-05 22:14:33,186 - train - INFO - Evaluation at episode 1000: 1.00 reward, Win rate: 0.30
2025-03-05 22:14:35,661 - train - INFO - Episode 1100/60000 | Reward: -1.90 | Length: 11.27 | Loss: 0.0000
2025-03-05 22:14:38,439 - train - INFO - Episode 1200/60000 | Reward: -2.26 | Length: 10.76 | Loss: 0.0000
2025-03-05 22:14:40,562 - train - INFO - Episode 1300/60000 | Reward: -2.11 | Length: 10.88 | Loss: 0.0000
2025-03-05 22:14:43,039 - train - INFO - Episode 1400/60000 | Reward: -1.56 | Length: 11.16 | Loss: 0.0000
2025-03-05 22:14:45,263 - train - INFO - Episode 1500/60000 | Reward: -1.12 | Length: 11.12 | Loss: 0.0000
2025-03-05 22:14:56,955 - train - INFO - Evaluation at episode 1500: -5.00 reward, Win rate: 0.40
2025-03-05 22:14:59,445 - train - INFO - Episode 1600/60000 | Reward: -2.25 | Length: 10.99 | Loss: 0.0000
2025-03-05 22:15:01,654 - train - INFO - Episode 1700/60000 | Reward: -1.78 | Length: 10.79 | Loss: 0.0000
2025-03-05 22:15:04,165 - train - INFO - Episode 1800/60000 | Reward: -1.61 | Length: 10.90 | Loss: 0.0000
2025-03-05 22:15:06,776 - train - INFO - Episode 1900/60000 | Reward: -1.36 | Length: 10.99 | Loss: 0.0000
2025-03-05 22:15:09,755 - train - INFO - Episode 2000/60000 | Reward: -0.99 | Length: 10.89 | Loss: 0.0000
2025-03-05 22:15:21,035 - train - INFO - Evaluation at episode 2000: -5.00 reward, Win rate: 0.33
2025-03-05 22:15:23,406 - train - INFO - Episode 2100/60000 | Reward: -1.41 | Length: 11.30 | Loss: 0.0000
2025-03-05 22:15:25,925 - train - INFO - Episode 2200/60000 | Reward: -2.02 | Length: 11.35 | Loss: 0.0000
2025-03-05 22:15:28,486 - train - INFO - Episode 2300/60000 | Reward: -1.85 | Length: 11.15 | Loss: 0.0000
2025-03-05 22:15:30,671 - train - INFO - Episode 2400/60000 | Reward: -1.29 | Length: 11.09 | Loss: 0.0000
2025-03-05 22:15:33,049 - train - INFO - Episode 2500/60000 | Reward: -2.11 | Length: 10.67 | Loss: 0.0000
2025-03-05 22:15:44,711 - train - INFO - Evaluation at episode 2500: -5.00 reward, Win rate: 0.50
2025-03-05 22:15:44,722 - train - INFO - New best model with win rate 0.50 saved to new_results/curriculum_learning/ppo_5dice_2person\ppo_standard_2p5d_20250305_173542\checkpoints\level_9_optimal\best_model_episode_2500
2025-03-05 22:15:47,033 - train - INFO - Episode 2600/60000 | Reward: -1.27 | Length: 11.22 | Loss: 0.0000
2025-03-05 22:15:49,671 - train - INFO - Episode 2700/60000 | Reward: -1.37 | Length: 11.22 | Loss: 0.0000
2025-03-05 22:15:51,871 - train - INFO - Episode 2800/60000 | Reward: -2.27 | Length: 11.07 | Loss: 0.0000
2025-03-05 22:15:54,163 - train - INFO - Episode 2900/60000 | Reward: -2.14 | Length: 10.18 | Loss: 0.0000
2025-03-05 22:15:56,400 - train - INFO - Episode 3000/60000 | Reward: -1.38 | Length: 10.73 | Loss: 0.0000
2025-03-05 22:16:08,196 - train - INFO - Evaluation at episode 3000: -5.00 reward, Win rate: 0.37
2025-03-05 22:16:10,697 - train - INFO - Episode 3100/60000 | Reward: -2.18 | Length: 10.74 | Loss: 0.0000
2025-03-05 22:16:13,040 - train - INFO - Episode 3200/60000 | Reward: -1.61 | Length: 11.39 | Loss: 0.0000
2025-03-05 22:16:15,701 - train - INFO - Episode 3300/60000 | Reward: -1.38 | Length: 11.32 | Loss: 0.0000
2025-03-05 22:16:18,274 - train - INFO - Episode 3400/60000 | Reward: -2.00 | Length: 10.64 | Loss: 0.0000
2025-03-05 22:16:20,959 - train - INFO - Episode 3500/60000 | Reward: -1.92 | Length: 10.88 | Loss: 0.0000
2025-03-05 22:16:32,487 - train - INFO - Evaluation at episode 3500: 3.00 reward, Win rate: 0.47
2025-03-05 22:16:35,136 - train - INFO - Episode 3600/60000 | Reward: -1.53 | Length: 11.38 | Loss: 0.0000
2025-03-05 22:16:37,268 - train - INFO - Episode 3700/60000 | Reward: -1.69 | Length: 10.86 | Loss: 0.0000
2025-03-05 22:16:39,699 - train - INFO - Episode 3800/60000 | Reward: -2.33 | Length: 10.62 | Loss: 0.0000
2025-03-05 22:16:41,836 - train - INFO - Episode 3900/60000 | Reward: -1.93 | Length: 11.10 | Loss: 0.0000
2025-03-05 22:16:44,329 - train - INFO - Episode 4000/60000 | Reward: -2.78 | Length: 10.97 | Loss: 0.0000
2025-03-05 22:16:55,878 - train - INFO - Evaluation at episode 4000: 3.00 reward, Win rate: 0.47
2025-03-05 22:16:58,163 - train - INFO - Episode 4100/60000 | Reward: -0.99 | Length: 11.23 | Loss: 0.0000
2025-03-05 22:17:00,661 - train - INFO - Episode 4200/60000 | Reward: -1.94 | Length: 11.08 | Loss: 0.0000
2025-03-05 22:17:02,939 - train - INFO - Episode 4300/60000 | Reward: -1.10 | Length: 11.35 | Loss: 0.0000
2025-03-05 22:17:05,523 - train - INFO - Episode 4400/60000 | Reward: -1.98 | Length: 11.25 | Loss: 0.0000
2025-03-05 22:17:07,776 - train - INFO - Episode 4500/60000 | Reward: -1.65 | Length: 10.95 | Loss: 0.0000
2025-03-05 22:17:19,379 - train - INFO - Evaluation at episode 4500: 2.00 reward, Win rate: 0.43
2025-03-05 22:17:21,859 - train - INFO - Episode 4600/60000 | Reward: -1.53 | Length: 10.80 | Loss: 0.0000
2025-03-05 22:17:24,331 - train - INFO - Episode 4700/60000 | Reward: -2.15 | Length: 10.63 | Loss: 0.0000
2025-03-05 22:17:26,858 - train - INFO - Episode 4800/60000 | Reward: -1.53 | Length: 10.96 | Loss: 0.0000
2025-03-05 22:17:29,027 - train - INFO - Episode 4900/60000 | Reward: -1.94 | Length: 10.47 | Loss: 0.0000
2025-03-05 22:17:31,377 - train - INFO - Episode 5000/60000 | Reward: -1.65 | Length: 10.48 | Loss: 0.0000
2025-03-05 22:17:43,077 - train - INFO - Evaluation at episode 5000: -5.00 reward, Win rate: 0.43
2025-03-05 22:17:45,360 - train - INFO - Episode 5100/60000 | Reward: -1.62 | Length: 10.84 | Loss: 0.0000
2025-03-05 22:17:47,810 - train - INFO - Episode 5200/60000 | Reward: -1.17 | Length: 11.00 | Loss: 0.0000
2025-03-05 22:17:50,276 - train - INFO - Episode 5300/60000 | Reward: -1.69 | Length: 11.11 | Loss: 0.0000
2025-03-05 22:17:52,559 - train - INFO - Episode 5400/60000 | Reward: -1.52 | Length: 11.31 | Loss: 0.0000
2025-03-05 22:17:55,140 - train - INFO - Episode 5500/60000 | Reward: -1.67 | Length: 11.63 | Loss: 0.0000
2025-03-05 22:18:06,911 - train - INFO - Evaluation at episode 5500: -5.00 reward, Win rate: 0.27
2025-03-05 22:18:09,090 - train - INFO - Episode 5600/60000 | Reward: -2.08 | Length: 10.60 | Loss: 0.0000
2025-03-05 22:18:11,547 - train - INFO - Episode 5700/60000 | Reward: -1.23 | Length: 11.00 | Loss: 0.0000
2025-03-05 22:18:13,646 - train - INFO - Episode 5800/60000 | Reward: -2.06 | Length: 10.70 | Loss: 0.0000
2025-03-05 22:18:16,017 - train - INFO - Episode 5900/60000 | Reward: -2.11 | Length: 10.64 | Loss: 0.0000
2025-03-05 22:18:18,244 - train - INFO - Episode 6000/60000 | Reward: -1.88 | Length: 11.11 | Loss: 0.0000
2025-03-05 22:18:29,952 - train - INFO - Evaluation at episode 6000: -5.00 reward, Win rate: 0.53
2025-03-05 22:18:29,961 - train - INFO - New best model with win rate 0.53 saved to new_results/curriculum_learning/ppo_5dice_2person\ppo_standard_2p5d_20250305_173542\checkpoints\level_9_optimal\best_model_episode_6000
2025-03-05 22:18:32,504 - train - INFO - Episode 6100/60000 | Reward: -1.39 | Length: 11.15 | Loss: 0.0000
2025-03-05 22:18:34,887 - train - INFO - Episode 6200/60000 | Reward: -1.43 | Length: 10.84 | Loss: 0.0000
2025-03-05 22:18:37,373 - train - INFO - Episode 6300/60000 | Reward: -2.00 | Length: 10.74 | Loss: 0.0000
2025-03-05 22:18:39,747 - train - INFO - Episode 6400/60000 | Reward: -1.50 | Length: 10.80 | Loss: 0.0000
2025-03-05 22:18:42,320 - train - INFO - Episode 6500/60000 | Reward: -1.75 | Length: 10.83 | Loss: 0.0000
2025-03-05 22:18:53,854 - train - INFO - Evaluation at episode 6500: -5.00 reward, Win rate: 0.50
2025-03-05 22:18:56,594 - train - INFO - Episode 6600/60000 | Reward: -1.46 | Length: 11.23 | Loss: 0.0000
2025-03-05 22:18:58,800 - train - INFO - Episode 6700/60000 | Reward: -1.58 | Length: 10.89 | Loss: 0.0000
2025-03-05 22:19:01,301 - train - INFO - Episode 6800/60000 | Reward: -1.26 | Length: 10.89 | Loss: 0.0000
2025-03-05 22:19:03,474 - train - INFO - Episode 6900/60000 | Reward: -2.27 | Length: 10.76 | Loss: 0.0000
2025-03-05 22:19:06,125 - train - INFO - Episode 7000/60000 | Reward: -1.44 | Length: 10.95 | Loss: 0.0000
2025-03-05 22:19:18,864 - train - INFO - Evaluation at episode 7000: 1.00 reward, Win rate: 0.40
2025-03-05 22:19:21,044 - train - INFO - Episode 7100/60000 | Reward: -1.86 | Length: 10.62 | Loss: 0.0000
2025-03-05 22:19:23,578 - train - INFO - Episode 7200/60000 | Reward: -1.54 | Length: 11.31 | Loss: 0.0000
2025-03-05 22:19:25,733 - train - INFO - Episode 7300/60000 | Reward: -2.34 | Length: 10.94 | Loss: 0.0000
2025-03-05 22:19:28,192 - train - INFO - Episode 7400/60000 | Reward: -1.12 | Length: 10.72 | Loss: 0.0000
2025-03-05 22:19:30,335 - train - INFO - Episode 7500/60000 | Reward: -2.61 | Length: 10.81 | Loss: 0.0000
2025-03-05 22:19:42,128 - train - INFO - Evaluation at episode 7500: -5.00 reward, Win rate: 0.47
2025-03-05 22:19:44,521 - train - INFO - Episode 7600/60000 | Reward: -1.69 | Length: 10.66 | Loss: 0.0000
2025-03-05 22:19:46,718 - train - INFO - Episode 7700/60000 | Reward: -1.17 | Length: 10.98 | Loss: 0.0000
2025-03-05 22:19:49,124 - train - INFO - Episode 7800/60000 | Reward: -1.72 | Length: 10.78 | Loss: 0.0000
2025-03-05 22:19:51,290 - train - INFO - Episode 7900/60000 | Reward: -1.58 | Length: 11.08 | Loss: 0.0000
2025-03-05 22:19:53,739 - train - INFO - Episode 8000/60000 | Reward: -1.51 | Length: 11.15 | Loss: 0.0000
2025-03-05 22:20:05,729 - train - INFO - Evaluation at episode 8000: -5.00 reward, Win rate: 0.47
2025-03-05 22:20:08,507 - train - INFO - Episode 8100/60000 | Reward: -1.82 | Length: 10.96 | Loss: 0.0000
2025-03-05 22:20:10,753 - train - INFO - Episode 8200/60000 | Reward: -1.38 | Length: 11.04 | Loss: 0.0000
2025-03-05 22:20:13,266 - train - INFO - Episode 8300/60000 | Reward: -1.34 | Length: 11.07 | Loss: 0.0000
2025-03-05 22:20:15,516 - train - INFO - Episode 8400/60000 | Reward: -1.18 | Length: 11.38 | Loss: 0.0000
2025-03-05 22:20:17,919 - train - INFO - Episode 8500/60000 | Reward: -1.78 | Length: 10.64 | Loss: 0.0000
2025-03-05 22:20:29,217 - train - INFO - Evaluation at episode 8500: 3.00 reward, Win rate: 0.53
2025-03-05 22:20:31,390 - train - INFO - Episode 8600/60000 | Reward: -2.08 | Length: 10.79 | Loss: 0.0000
2025-03-05 22:20:33,850 - train - INFO - Episode 8700/60000 | Reward: -1.71 | Length: 10.82 | Loss: 0.0000
2025-03-05 22:20:35,969 - train - INFO - Episode 8800/60000 | Reward: -1.82 | Length: 10.81 | Loss: 0.0000
2025-03-05 22:20:38,466 - train - INFO - Episode 8900/60000 | Reward: -1.64 | Length: 11.21 | Loss: 0.0000
2025-03-05 22:20:40,673 - train - INFO - Episode 9000/60000 | Reward: -2.36 | Length: 10.84 | Loss: 0.0000
2025-03-05 22:20:52,023 - train - INFO - Evaluation at episode 9000: 3.00 reward, Win rate: 0.53
2025-03-05 22:20:54,427 - train - INFO - Episode 9100/60000 | Reward: -0.64 | Length: 10.93 | Loss: 0.0000
2025-03-05 22:20:56,649 - train - INFO - Episode 9200/60000 | Reward: -1.69 | Length: 11.13 | Loss: 0.0000
2025-03-05 22:20:59,037 - train - INFO - Episode 9300/60000 | Reward: -1.80 | Length: 10.95 | Loss: 0.0000
2025-03-05 22:21:01,222 - train - INFO - Episode 9400/60000 | Reward: -2.31 | Length: 10.94 | Loss: 0.0000
2025-03-05 22:21:03,689 - train - INFO - Episode 9500/60000 | Reward: -0.67 | Length: 11.14 | Loss: 0.0000
2025-03-05 22:21:15,041 - train - INFO - Evaluation at episode 9500: -5.00 reward, Win rate: 0.33
2025-03-05 22:21:17,623 - train - INFO - Episode 9600/60000 | Reward: -2.35 | Length: 10.90 | Loss: 0.0000
2025-03-05 22:21:19,759 - train - INFO - Episode 9700/60000 | Reward: -2.12 | Length: 11.19 | Loss: 0.0000
2025-03-05 22:21:22,303 - train - INFO - Episode 9800/60000 | Reward: -1.65 | Length: 11.41 | Loss: 0.0000
2025-03-05 22:21:24,458 - train - INFO - Episode 9900/60000 | Reward: -1.58 | Length: 11.04 | Loss: 0.0000
2025-03-05 22:21:27,050 - train - INFO - Episode 10000/60000 | Reward: -1.07 | Length: 11.10 | Loss: 0.0000
2025-03-05 22:21:38,787 - train - INFO - Evaluation at episode 10000: 2.00 reward, Win rate: 0.50
2025-03-05 22:21:41,043 - train - INFO - Episode 10100/60000 | Reward: -1.96 | Length: 10.96 | Loss: 0.0000
2025-03-05 22:21:43,493 - train - INFO - Episode 10200/60000 | Reward: -1.32 | Length: 11.17 | Loss: 0.0000
2025-03-05 22:21:45,675 - train - INFO - Episode 10300/60000 | Reward: -1.87 | Length: 11.03 | Loss: 0.0000
2025-03-05 22:21:48,100 - train - INFO - Episode 10400/60000 | Reward: -1.42 | Length: 11.09 | Loss: 0.0000
2025-03-05 22:21:50,489 - train - INFO - Episode 10500/60000 | Reward: -1.60 | Length: 11.20 | Loss: 0.0000
2025-03-05 22:22:02,142 - train - INFO - Evaluation at episode 10500: 3.00 reward, Win rate: 0.37
2025-03-05 22:22:04,920 - train - INFO - Episode 10600/60000 | Reward: -1.35 | Length: 11.11 | Loss: 0.0000
2025-03-05 22:22:07,927 - train - INFO - Episode 10700/60000 | Reward: -1.67 | Length: 11.18 | Loss: 0.0000
2025-03-05 22:22:10,287 - train - INFO - Episode 10800/60000 | Reward: -1.14 | Length: 11.03 | Loss: 0.0000
2025-03-05 22:22:12,877 - train - INFO - Episode 10900/60000 | Reward: -1.66 | Length: 10.55 | Loss: 0.0000
2025-03-05 22:22:15,300 - train - INFO - Episode 11000/60000 | Reward: -2.11 | Length: 11.46 | Loss: 0.0000
2025-03-05 22:22:27,510 - train - INFO - Evaluation at episode 11000: -5.00 reward, Win rate: 0.43
2025-03-05 22:22:30,107 - train - INFO - Episode 11100/60000 | Reward: -1.37 | Length: 10.84 | Loss: 0.0000
2025-03-05 22:22:32,271 - train - INFO - Episode 11200/60000 | Reward: -1.49 | Length: 10.95 | Loss: 0.0000
2025-03-05 22:22:34,670 - train - INFO - Episode 11300/60000 | Reward: -0.87 | Length: 11.05 | Loss: 0.0000
2025-03-05 22:22:36,781 - train - INFO - Episode 11400/60000 | Reward: -1.56 | Length: 10.68 | Loss: 0.0000
2025-03-05 22:22:39,097 - train - INFO - Episode 11500/60000 | Reward: -2.07 | Length: 10.49 | Loss: 0.0000
2025-03-05 22:22:50,436 - train - INFO - Evaluation at episode 11500: -5.00 reward, Win rate: 0.30
2025-03-05 22:22:52,432 - train - INFO - Episode 11600/60000 | Reward: -2.01 | Length: 10.51 | Loss: 0.0000
2025-03-05 22:22:54,964 - train - INFO - Episode 11700/60000 | Reward: -2.38 | Length: 10.84 | Loss: 0.0000
2025-03-05 22:22:57,299 - train - INFO - Episode 11800/60000 | Reward: -2.17 | Length: 10.98 | Loss: 0.0000
2025-03-05 22:22:59,711 - train - INFO - Episode 11900/60000 | Reward: -2.12 | Length: 10.51 | Loss: 0.0000
2025-03-05 22:23:01,825 - train - INFO - Episode 12000/60000 | Reward: -1.57 | Length: 10.76 | Loss: 0.0000
2025-03-05 22:23:13,493 - train - INFO - Evaluation at episode 12000: -5.00 reward, Win rate: 0.33
2025-03-05 22:23:16,083 - train - INFO - Episode 12100/60000 | Reward: -1.68 | Length: 10.87 | Loss: 0.0000
2025-03-05 22:23:18,757 - train - INFO - Episode 12200/60000 | Reward: -1.33 | Length: 11.21 | Loss: 0.0000
2025-03-05 22:23:21,395 - train - INFO - Episode 12300/60000 | Reward: -1.38 | Length: 10.58 | Loss: 0.0000
2025-03-05 22:23:24,027 - train - INFO - Episode 12400/60000 | Reward: -1.89 | Length: 10.82 | Loss: 0.0000
2025-03-05 22:23:26,119 - train - INFO - Episode 12500/60000 | Reward: -1.83 | Length: 10.34 | Loss: 0.0000
2025-03-05 22:23:37,907 - train - INFO - Evaluation at episode 12500: 1.00 reward, Win rate: 0.60
2025-03-05 22:23:37,919 - train - INFO - New best model with win rate 0.60 saved to new_results/curriculum_learning/ppo_5dice_2person\ppo_standard_2p5d_20250305_173542\checkpoints\level_9_optimal\best_model_episode_12500
2025-03-05 22:23:40,629 - train - INFO - Episode 12600/60000 | Reward: -2.01 | Length: 10.77 | Loss: 0.0000
2025-03-05 22:23:42,905 - train - INFO - Episode 12700/60000 | Reward: -0.99 | Length: 10.93 | Loss: 0.0000
2025-03-05 22:23:45,275 - train - INFO - Episode 12800/60000 | Reward: -1.42 | Length: 10.76 | Loss: 0.0000
2025-03-05 22:23:47,414 - train - INFO - Episode 12900/60000 | Reward: -1.32 | Length: 10.90 | Loss: 0.0000
2025-03-05 22:23:49,867 - train - INFO - Episode 13000/60000 | Reward: -1.90 | Length: 11.06 | Loss: 0.0000
2025-03-05 22:24:01,364 - train - INFO - Evaluation at episode 13000: 1.00 reward, Win rate: 0.37
2025-03-05 22:24:03,486 - train - INFO - Episode 13100/60000 | Reward: -2.03 | Length: 10.61 | Loss: 0.0000
2025-03-05 22:24:06,019 - train - INFO - Episode 13200/60000 | Reward: -1.69 | Length: 10.94 | Loss: 0.0000
2025-03-05 22:24:08,215 - train - INFO - Episode 13300/60000 | Reward: -2.19 | Length: 11.00 | Loss: 0.0000
2025-03-05 22:24:10,670 - train - INFO - Episode 13400/60000 | Reward: -2.06 | Length: 10.92 | Loss: 0.0000
2025-03-05 22:24:12,946 - train - INFO - Episode 13500/60000 | Reward: -1.80 | Length: 10.87 | Loss: 0.0000
2025-03-05 22:24:24,630 - train - INFO - Evaluation at episode 13500: 2.00 reward, Win rate: 0.53
2025-03-05 22:24:26,927 - train - INFO - Episode 13600/60000 | Reward: -1.49 | Length: 10.87 | Loss: 0.0000
2025-03-05 22:24:29,002 - train - INFO - Episode 13700/60000 | Reward: -1.53 | Length: 10.64 | Loss: 0.0000
2025-03-05 22:24:31,395 - train - INFO - Episode 13800/60000 | Reward: -1.71 | Length: 11.00 | Loss: 0.0000
2025-03-05 22:24:33,681 - train - INFO - Episode 13900/60000 | Reward: -2.11 | Length: 11.15 | Loss: 0.0000
2025-03-05 22:24:36,080 - train - INFO - Episode 14000/60000 | Reward: -1.88 | Length: 10.76 | Loss: 0.0000
2025-03-05 22:24:47,579 - train - INFO - Evaluation at episode 14000: -5.00 reward, Win rate: 0.47
2025-03-05 22:24:50,191 - train - INFO - Episode 14100/60000 | Reward: -1.77 | Length: 11.24 | Loss: 0.0000
2025-03-05 22:24:52,325 - train - INFO - Episode 14200/60000 | Reward: -2.36 | Length: 10.84 | Loss: 0.0000
2025-03-05 22:24:54,772 - train - INFO - Episode 14300/60000 | Reward: -2.21 | Length: 10.50 | Loss: 0.0000
2025-03-05 22:24:56,892 - train - INFO - Episode 14400/60000 | Reward: -2.21 | Length: 10.76 | Loss: 0.0000
2025-03-05 22:24:59,331 - train - INFO - Episode 14500/60000 | Reward: -1.80 | Length: 10.91 | Loss: 0.0000
2025-03-05 22:25:11,097 - train - INFO - Evaluation at episode 14500: -5.00 reward, Win rate: 0.33
2025-03-05 22:25:13,597 - train - INFO - Episode 14600/60000 | Reward: -1.72 | Length: 11.17 | Loss: 0.0000
2025-03-05 22:25:16,106 - train - INFO - Episode 14700/60000 | Reward: -1.44 | Length: 10.75 | Loss: 0.0000
2025-03-05 22:25:18,346 - train - INFO - Episode 14800/60000 | Reward: -1.81 | Length: 11.18 | Loss: 0.0000
2025-03-05 22:25:20,718 - train - INFO - Episode 14900/60000 | Reward: -1.62 | Length: 10.80 | Loss: 0.0000
2025-03-05 22:25:22,952 - train - INFO - Episode 15000/60000 | Reward: -1.55 | Length: 11.19 | Loss: 0.0000
2025-03-05 22:25:34,579 - train - INFO - Evaluation at episode 15000: -5.00 reward, Win rate: 0.27
2025-03-05 22:25:37,072 - train - INFO - Episode 15100/60000 | Reward: -1.55 | Length: 10.99 | Loss: 0.0000
2025-03-05 22:25:39,302 - train - INFO - Episode 15200/60000 | Reward: -1.35 | Length: 11.13 | Loss: 0.0000
2025-03-05 22:25:41,726 - train - INFO - Episode 15300/60000 | Reward: -1.59 | Length: 10.96 | Loss: 0.0000
2025-03-05 22:25:43,910 - train - INFO - Episode 15400/60000 | Reward: -1.78 | Length: 10.92 | Loss: 0.0000
2025-03-05 22:25:46,346 - train - INFO - Episode 15500/60000 | Reward: -1.69 | Length: 11.10 | Loss: 0.0000
2025-03-05 22:25:58,000 - train - INFO - Evaluation at episode 15500: -5.00 reward, Win rate: 0.33
2025-03-05 22:26:00,195 - train - INFO - Episode 15600/60000 | Reward: -1.83 | Length: 10.72 | Loss: 0.0000
2025-03-05 22:26:02,286 - train - INFO - Episode 15700/60000 | Reward: -1.52 | Length: 11.18 | Loss: 0.0000
2025-03-05 22:26:04,660 - train - INFO - Episode 15800/60000 | Reward: -2.29 | Length: 10.63 | Loss: 0.0000
2025-03-05 22:26:06,785 - train - INFO - Episode 15900/60000 | Reward: -1.61 | Length: 10.62 | Loss: 0.0000
2025-03-05 22:26:09,210 - train - INFO - Episode 16000/60000 | Reward: -1.91 | Length: 11.05 | Loss: 0.0000
2025-03-05 22:26:19,997 - train - INFO - Evaluation at episode 16000: -5.00 reward, Win rate: 0.33
2025-03-05 22:26:22,100 - train - INFO - Episode 16100/60000 | Reward: -1.73 | Length: 10.77 | Loss: 0.0000
2025-03-05 22:26:24,524 - train - INFO - Episode 16200/60000 | Reward: -0.97 | Length: 11.12 | Loss: 0.0000
2025-03-05 22:26:26,705 - train - INFO - Episode 16300/60000 | Reward: -1.55 | Length: 10.56 | Loss: 0.0000
2025-03-05 22:26:29,131 - train - INFO - Episode 16400/60000 | Reward: -1.81 | Length: 10.74 | Loss: 0.0000
2025-03-05 22:26:31,624 - train - INFO - Episode 16500/60000 | Reward: -1.54 | Length: 10.66 | Loss: 0.0000
2025-03-05 22:26:43,438 - train - INFO - Evaluation at episode 16500: -5.00 reward, Win rate: 0.30
2025-03-05 22:26:46,080 - train - INFO - Episode 16600/60000 | Reward: -1.81 | Length: 10.95 | Loss: 0.0000
2025-03-05 22:26:48,207 - train - INFO - Episode 16700/60000 | Reward: -1.87 | Length: 10.72 | Loss: 0.0000
2025-03-05 22:26:50,572 - train - INFO - Episode 16800/60000 | Reward: -2.14 | Length: 10.88 | Loss: 0.0000
2025-03-05 22:26:52,713 - train - INFO - Episode 16900/60000 | Reward: -1.57 | Length: 10.70 | Loss: 0.0000
2025-03-05 22:26:55,065 - train - INFO - Episode 17000/60000 | Reward: -1.95 | Length: 10.61 | Loss: 0.0000
2025-03-05 22:27:06,558 - train - INFO - Evaluation at episode 17000: -5.00 reward, Win rate: 0.40
2025-03-05 22:27:09,054 - train - INFO - Episode 17100/60000 | Reward: -1.64 | Length: 10.88 | Loss: 0.0000
2025-03-05 22:27:11,670 - train - INFO - Episode 17200/60000 | Reward: -1.86 | Length: 10.45 | Loss: 0.0000
2025-03-05 22:27:13,733 - train - INFO - Episode 17300/60000 | Reward: -2.00 | Length: 10.45 | Loss: 0.0000
2025-03-05 22:27:16,122 - train - INFO - Episode 17400/60000 | Reward: -1.81 | Length: 10.87 | Loss: 0.0000
2025-03-05 22:27:18,665 - train - INFO - Episode 17500/60000 | Reward: -1.36 | Length: 10.91 | Loss: 0.0000
2025-03-05 22:27:29,996 - train - INFO - Evaluation at episode 17500: -5.00 reward, Win rate: 0.30
2025-03-05 22:27:32,358 - train - INFO - Episode 17600/60000 | Reward: -1.09 | Length: 10.95 | Loss: 0.0000
2025-03-05 22:27:34,992 - train - INFO - Episode 17700/60000 | Reward: -1.12 | Length: 11.04 | Loss: 0.0000
2025-03-05 22:27:37,117 - train - INFO - Episode 17800/60000 | Reward: -1.84 | Length: 10.36 | Loss: 0.0000
2025-03-05 22:27:39,598 - train - INFO - Episode 17900/60000 | Reward: -1.42 | Length: 10.80 | Loss: 0.0000
2025-03-05 22:27:41,798 - train - INFO - Episode 18000/60000 | Reward: -1.80 | Length: 10.96 | Loss: 0.0000
2025-03-05 22:27:53,283 - train - INFO - Evaluation at episode 18000: 4.00 reward, Win rate: 0.43
2025-03-05 22:27:55,690 - train - INFO - Episode 18100/60000 | Reward: -1.97 | Length: 10.56 | Loss: 0.0000
2025-03-05 22:27:57,862 - train - INFO - Episode 18200/60000 | Reward: -2.11 | Length: 10.84 | Loss: 0.0000
2025-03-05 22:28:00,353 - train - INFO - Episode 18300/60000 | Reward: -0.88 | Length: 11.35 | Loss: 0.0000
2025-03-05 22:28:02,581 - train - INFO - Episode 18400/60000 | Reward: -1.79 | Length: 10.99 | Loss: 0.0000
2025-03-05 22:28:05,053 - train - INFO - Episode 18500/60000 | Reward: -1.71 | Length: 10.96 | Loss: 0.0000
2025-03-05 22:28:16,411 - train - INFO - Evaluation at episode 18500: -5.00 reward, Win rate: 0.43
2025-03-05 22:28:18,704 - train - INFO - Episode 18600/60000 | Reward: -2.11 | Length: 10.34 | Loss: 0.0000
2025-03-05 22:28:20,996 - train - INFO - Episode 18700/60000 | Reward: -1.62 | Length: 10.44 | Loss: 0.0000
2025-03-05 22:28:23,097 - train - INFO - Episode 18800/60000 | Reward: -1.96 | Length: 10.38 | Loss: 0.0000
2025-03-05 22:28:25,504 - train - INFO - Episode 18900/60000 | Reward: -1.58 | Length: 10.86 | Loss: 0.0000
2025-03-05 22:28:27,971 - train - INFO - Episode 19000/60000 | Reward: -1.99 | Length: 10.72 | Loss: 0.0000
2025-03-05 22:28:39,321 - train - INFO - Evaluation at episode 19000: -5.00 reward, Win rate: 0.57
2025-03-05 22:28:41,763 - train - INFO - Episode 19100/60000 | Reward: -1.18 | Length: 10.95 | Loss: 0.0000
2025-03-05 22:28:44,317 - train - INFO - Episode 19200/60000 | Reward: -2.28 | Length: 10.95 | Loss: 0.0000
2025-03-05 22:28:46,490 - train - INFO - Episode 19300/60000 | Reward: -1.10 | Length: 11.17 | Loss: 0.0000
2025-03-05 22:28:49,006 - train - INFO - Episode 19400/60000 | Reward: -1.72 | Length: 11.06 | Loss: 0.0000
2025-03-05 22:28:51,130 - train - INFO - Episode 19500/60000 | Reward: -1.30 | Length: 10.94 | Loss: 0.0000
2025-03-05 22:29:02,447 - train - INFO - Evaluation at episode 19500: 3.00 reward, Win rate: 0.47
2025-03-05 22:29:04,706 - train - INFO - Episode 19600/60000 | Reward: -1.61 | Length: 10.71 | Loss: 0.0000
2025-03-05 22:29:06,871 - train - INFO - Episode 19700/60000 | Reward: -1.80 | Length: 10.78 | Loss: 0.0000
2025-03-05 22:29:09,471 - train - INFO - Episode 19800/60000 | Reward: -1.04 | Length: 10.87 | Loss: 0.0000
2025-03-05 22:29:11,899 - train - INFO - Episode 19900/60000 | Reward: -1.57 | Length: 11.21 | Loss: 0.0000
2025-03-05 22:29:14,283 - train - INFO - Episode 20000/60000 | Reward: -1.63 | Length: 10.90 | Loss: 0.0000
2025-03-05 22:29:25,619 - train - INFO - Evaluation at episode 20000: -5.00 reward, Win rate: 0.47
2025-03-05 22:29:27,886 - train - INFO - Episode 20100/60000 | Reward: -1.63 | Length: 10.94 | Loss: 0.0000
2025-03-05 22:29:30,305 - train - INFO - Episode 20200/60000 | Reward: -1.82 | Length: 10.87 | Loss: 0.0000
2025-03-05 22:29:32,522 - train - INFO - Episode 20300/60000 | Reward: -2.54 | Length: 10.80 | Loss: 0.0000
2025-03-05 22:29:35,006 - train - INFO - Episode 20400/60000 | Reward: -1.59 | Length: 10.99 | Loss: 0.0000
2025-03-05 22:29:37,165 - train - INFO - Episode 20500/60000 | Reward: -1.26 | Length: 10.72 | Loss: 0.0000
2025-03-05 22:29:48,271 - train - INFO - Evaluation at episode 20500: 2.00 reward, Win rate: 0.40
2025-03-05 22:29:51,007 - train - INFO - Episode 20600/60000 | Reward: -1.76 | Length: 11.04 | Loss: 0.0000
2025-03-05 22:29:53,636 - train - INFO - Episode 20700/60000 | Reward: -1.94 | Length: 10.73 | Loss: 0.0000
2025-03-05 22:29:56,884 - train - INFO - Episode 20800/60000 | Reward: -1.17 | Length: 11.00 | Loss: 0.0000
2025-03-05 22:29:59,639 - train - INFO - Episode 20900/60000 | Reward: -1.70 | Length: 10.85 | Loss: 0.0000
2025-03-05 22:30:01,787 - train - INFO - Episode 21000/60000 | Reward: -1.81 | Length: 10.89 | Loss: 0.0000
2025-03-05 22:30:13,588 - train - INFO - Evaluation at episode 21000: -5.00 reward, Win rate: 0.33
2025-03-05 22:30:16,092 - train - INFO - Episode 21100/60000 | Reward: -1.11 | Length: 10.73 | Loss: 0.0000
2025-03-05 22:30:18,149 - train - INFO - Episode 21200/60000 | Reward: -2.03 | Length: 10.42 | Loss: 0.0000
2025-03-05 22:30:20,561 - train - INFO - Episode 21300/60000 | Reward: -1.20 | Length: 10.67 | Loss: 0.0000
2025-03-05 22:30:23,058 - train - INFO - Episode 21400/60000 | Reward: -1.21 | Length: 11.42 | Loss: 0.0000
2025-03-05 22:30:25,544 - train - INFO - Episode 21500/60000 | Reward: -1.08 | Length: 10.97 | Loss: 0.0000
2025-03-05 22:30:37,566 - train - INFO - Evaluation at episode 21500: -5.00 reward, Win rate: 0.60
2025-03-05 22:30:39,729 - train - INFO - Episode 21600/60000 | Reward: -2.30 | Length: 10.39 | Loss: 0.0000
2025-03-05 22:30:42,151 - train - INFO - Episode 21700/60000 | Reward: -1.61 | Length: 10.98 | Loss: 0.0000
2025-03-05 22:30:44,270 - train - INFO - Episode 21800/60000 | Reward: -1.85 | Length: 10.67 | Loss: 0.0000
2025-03-05 22:30:46,558 - train - INFO - Episode 21900/60000 | Reward: -1.55 | Length: 10.20 | Loss: 0.0000
2025-03-05 22:30:48,759 - train - INFO - Episode 22000/60000 | Reward: -1.18 | Length: 11.11 | Loss: 0.0000
2025-03-05 22:31:00,275 - train - INFO - Evaluation at episode 22000: -5.00 reward, Win rate: 0.43
2025-03-05 22:31:02,705 - train - INFO - Episode 22100/60000 | Reward: -1.62 | Length: 10.88 | Loss: 0.0000
2025-03-05 22:31:04,947 - train - INFO - Episode 22200/60000 | Reward: -1.37 | Length: 10.77 | Loss: 0.0000
2025-03-05 22:31:07,347 - train - INFO - Episode 22300/60000 | Reward: -1.47 | Length: 10.73 | Loss: 0.0000
2025-03-05 22:31:09,571 - train - INFO - Episode 22400/60000 | Reward: -1.92 | Length: 11.08 | Loss: 0.0000
2025-03-05 22:31:12,125 - train - INFO - Episode 22500/60000 | Reward: -2.10 | Length: 11.18 | Loss: 0.0000
2025-03-05 22:31:23,619 - train - INFO - Evaluation at episode 22500: -5.00 reward, Win rate: 0.53
2025-03-05 22:31:26,138 - train - INFO - Episode 22600/60000 | Reward: -2.26 | Length: 10.81 | Loss: 0.0000
2025-03-05 22:31:28,211 - train - INFO - Episode 22700/60000 | Reward: -2.62 | Length: 10.70 | Loss: 0.0000
2025-03-05 22:31:30,827 - train - INFO - Episode 22800/60000 | Reward: -1.14 | Length: 11.27 | Loss: 0.0000
2025-03-05 22:31:32,915 - train - INFO - Episode 22900/60000 | Reward: -1.74 | Length: 10.83 | Loss: 0.0000
2025-03-05 22:31:35,279 - train - INFO - Episode 23000/60000 | Reward: -0.88 | Length: 10.51 | Loss: 0.0000
2025-03-05 22:31:46,716 - train - INFO - Evaluation at episode 23000: 1.00 reward, Win rate: 0.40
2025-03-05 22:31:48,940 - train - INFO - Episode 23100/60000 | Reward: -1.38 | Length: 10.71 | Loss: 0.0000
2025-03-05 22:31:51,409 - train - INFO - Episode 23200/60000 | Reward: -1.21 | Length: 10.85 | Loss: 0.0000
2025-03-05 22:31:53,473 - train - INFO - Episode 23300/60000 | Reward: -1.84 | Length: 10.34 | Loss: 0.0000
2025-03-05 22:31:55,928 - train - INFO - Episode 23400/60000 | Reward: -1.70 | Length: 10.62 | Loss: 0.0000
2025-03-05 22:31:58,131 - train - INFO - Episode 23500/60000 | Reward: -1.60 | Length: 11.21 | Loss: 0.0000
2025-03-05 22:32:09,911 - train - INFO - Evaluation at episode 23500: 3.00 reward, Win rate: 0.50
2025-03-05 22:32:12,356 - train - INFO - Episode 23600/60000 | Reward: -1.76 | Length: 10.70 | Loss: 0.0000
2025-03-05 22:32:14,459 - train - INFO - Episode 23700/60000 | Reward: -1.93 | Length: 10.74 | Loss: 0.0000
2025-03-05 22:32:16,839 - train - INFO - Episode 23800/60000 | Reward: -1.87 | Length: 10.66 | Loss: 0.0000
2025-03-05 22:32:19,044 - train - INFO - Episode 23900/60000 | Reward: -1.37 | Length: 11.15 | Loss: 0.0000
2025-03-05 22:32:21,443 - train - INFO - Episode 24000/60000 | Reward: -1.24 | Length: 10.54 | Loss: 0.0000
2025-03-05 22:32:32,728 - train - INFO - Evaluation at episode 24000: 4.00 reward, Win rate: 0.47
2025-03-05 22:32:35,099 - train - INFO - Episode 24100/60000 | Reward: -1.44 | Length: 10.59 | Loss: 0.0000
2025-03-05 22:32:37,723 - train - INFO - Episode 24200/60000 | Reward: -1.29 | Length: 11.04 | Loss: 0.0000
2025-03-05 22:32:40,349 - train - INFO - Episode 24300/60000 | Reward: -1.61 | Length: 10.97 | Loss: 0.0000
2025-03-05 22:32:42,542 - train - INFO - Episode 24400/60000 | Reward: -1.49 | Length: 11.06 | Loss: 0.0000
2025-03-05 22:32:45,068 - train - INFO - Episode 24500/60000 | Reward: -1.92 | Length: 11.04 | Loss: 0.0000
2025-03-05 22:32:56,377 - train - INFO - Evaluation at episode 24500: -5.00 reward, Win rate: 0.40
2025-03-05 22:32:58,663 - train - INFO - Episode 24600/60000 | Reward: -1.27 | Length: 11.03 | Loss: 0.0000
2025-03-05 22:33:01,129 - train - INFO - Episode 24700/60000 | Reward: -1.51 | Length: 10.62 | Loss: 0.0000
2025-03-05 22:33:03,337 - train - INFO - Episode 24800/60000 | Reward: -1.58 | Length: 11.12 | Loss: 0.0000
2025-03-05 22:33:05,742 - train - INFO - Episode 24900/60000 | Reward: -1.53 | Length: 10.56 | Loss: 0.0000
2025-03-05 22:33:07,864 - train - INFO - Episode 25000/60000 | Reward: -1.95 | Length: 10.34 | Loss: 0.0000
2025-03-05 22:33:19,204 - train - INFO - Evaluation at episode 25000: -5.00 reward, Win rate: 0.37
2025-03-05 22:33:21,522 - train - INFO - Episode 25100/60000 | Reward: -1.46 | Length: 10.54 | Loss: 0.0000
2025-03-05 22:33:23,710 - train - INFO - Episode 25200/60000 | Reward: -1.39 | Length: 10.90 | Loss: 0.0000
2025-03-05 22:33:26,070 - train - INFO - Episode 25300/60000 | Reward: -2.39 | Length: 10.64 | Loss: 0.0000
2025-03-05 22:33:28,304 - train - INFO - Episode 25400/60000 | Reward: -1.53 | Length: 11.10 | Loss: 0.0000
2025-03-05 22:33:30,684 - train - INFO - Episode 25500/60000 | Reward: -1.31 | Length: 10.50 | Loss: 0.0000
2025-03-05 22:33:42,429 - train - INFO - Evaluation at episode 25500: 4.00 reward, Win rate: 0.37
2025-03-05 22:33:44,733 - train - INFO - Episode 25600/60000 | Reward: -1.45 | Length: 10.78 | Loss: 0.0000
2025-03-05 22:33:47,056 - train - INFO - Episode 25700/60000 | Reward: -1.96 | Length: 10.46 | Loss: 0.0000
2025-03-05 22:33:49,234 - train - INFO - Episode 25800/60000 | Reward: -1.69 | Length: 10.85 | Loss: 0.0000
2025-03-05 22:33:51,761 - train - INFO - Episode 25900/60000 | Reward: -1.42 | Length: 11.02 | Loss: 0.0000
2025-03-05 22:33:53,936 - train - INFO - Episode 26000/60000 | Reward: -1.47 | Length: 10.80 | Loss: 0.0000
2025-03-05 22:34:05,508 - train - INFO - Evaluation at episode 26000: 4.00 reward, Win rate: 0.47
2025-03-05 22:34:07,913 - train - INFO - Episode 26100/60000 | Reward: -1.47 | Length: 10.85 | Loss: 0.0000
2025-03-05 22:34:10,430 - train - INFO - Episode 26200/60000 | Reward: -1.27 | Length: 10.94 | Loss: 0.0000
2025-03-05 22:34:12,478 - train - INFO - Episode 26300/60000 | Reward: -1.88 | Length: 10.61 | Loss: 0.0000
2025-03-05 22:34:14,904 - train - INFO - Episode 26400/60000 | Reward: -1.07 | Length: 10.75 | Loss: 0.0000
2025-03-05 22:34:16,952 - train - INFO - Episode 26500/60000 | Reward: -1.79 | Length: 10.56 | Loss: 0.0000
2025-03-05 22:34:28,045 - train - INFO - Evaluation at episode 26500: 3.00 reward, Win rate: 0.60
2025-03-05 22:34:30,639 - train - INFO - Episode 26600/60000 | Reward: -1.69 | Length: 10.81 | Loss: 0.0000
2025-03-05 22:34:33,003 - train - INFO - Episode 26700/60000 | Reward: -1.33 | Length: 11.13 | Loss: 0.0000
2025-03-05 22:34:35,401 - train - INFO - Episode 26800/60000 | Reward: -1.83 | Length: 10.78 | Loss: 0.0000
2025-03-05 22:34:37,528 - train - INFO - Episode 26900/60000 | Reward: -1.78 | Length: 10.70 | Loss: 0.0000
2025-03-05 22:34:40,014 - train - INFO - Episode 27000/60000 | Reward: -0.66 | Length: 11.01 | Loss: 0.0000
2025-03-05 22:34:51,440 - train - INFO - Evaluation at episode 27000: 4.00 reward, Win rate: 0.37
2025-03-05 22:34:53,654 - train - INFO - Episode 27100/60000 | Reward: -1.17 | Length: 10.77 | Loss: 0.0000
2025-03-05 22:34:56,111 - train - INFO - Episode 27200/60000 | Reward: -1.63 | Length: 10.42 | Loss: 0.0000
2025-03-05 22:34:58,242 - train - INFO - Episode 27300/60000 | Reward: -1.28 | Length: 10.81 | Loss: 0.0000
2025-03-05 22:35:00,709 - train - INFO - Episode 27400/60000 | Reward: -1.49 | Length: 10.65 | Loss: 0.0000
2025-03-05 22:35:02,862 - train - INFO - Episode 27500/60000 | Reward: -1.89 | Length: 10.80 | Loss: 0.0000
2025-03-05 22:35:14,381 - train - INFO - Evaluation at episode 27500: 2.00 reward, Win rate: 0.37
2025-03-05 22:35:16,750 - train - INFO - Episode 27600/60000 | Reward: -1.79 | Length: 10.62 | Loss: 0.0000
2025-03-05 22:35:18,900 - train - INFO - Episode 27700/60000 | Reward: -1.23 | Length: 10.82 | Loss: 0.0000
2025-03-05 22:35:21,228 - train - INFO - Episode 27800/60000 | Reward: -2.26 | Length: 10.64 | Loss: 0.0000
2025-03-05 22:35:23,363 - train - INFO - Episode 27900/60000 | Reward: -1.69 | Length: 10.38 | Loss: 0.0000
2025-03-05 22:35:25,823 - train - INFO - Episode 28000/60000 | Reward: -2.69 | Length: 10.80 | Loss: 0.0000
2025-03-05 22:35:37,236 - train - INFO - Evaluation at episode 28000: 2.00 reward, Win rate: 0.47
2025-03-05 22:35:39,464 - train - INFO - Episode 28100/60000 | Reward: -1.83 | Length: 10.80 | Loss: 0.0000
2025-03-05 22:35:41,838 - train - INFO - Episode 28200/60000 | Reward: -2.25 | Length: 10.58 | Loss: 0.0000
2025-03-05 22:35:44,345 - train - INFO - Episode 28300/60000 | Reward: -1.24 | Length: 10.76 | Loss: 0.0000
2025-03-05 22:35:46,418 - train - INFO - Episode 28400/60000 | Reward: -1.76 | Length: 10.78 | Loss: 0.0000
2025-03-05 22:35:48,898 - train - INFO - Episode 28500/60000 | Reward: -1.17 | Length: 10.67 | Loss: 0.0000
2025-03-05 22:36:01,876 - train - INFO - Evaluation at episode 28500: -5.00 reward, Win rate: 0.33
2025-03-05 22:36:04,687 - train - INFO - Episode 28600/60000 | Reward: -1.40 | Length: 10.78 | Loss: 0.0000
2025-03-05 22:36:08,146 - train - INFO - Episode 28700/60000 | Reward: -1.57 | Length: 11.34 | Loss: 0.0000
2025-03-05 22:36:11,560 - train - INFO - Episode 28800/60000 | Reward: -1.51 | Length: 10.81 | Loss: 0.0000
2025-03-05 22:36:14,925 - train - INFO - Episode 28900/60000 | Reward: -1.31 | Length: 10.96 | Loss: 0.0000
2025-03-05 22:36:17,810 - train - INFO - Episode 29000/60000 | Reward: -2.08 | Length: 10.40 | Loss: 0.0000
2025-03-05 22:36:34,509 - train - INFO - Evaluation at episode 29000: 1.00 reward, Win rate: 0.57
2025-03-05 22:36:37,746 - train - INFO - Episode 29100/60000 | Reward: -2.01 | Length: 10.88 | Loss: 0.0000
2025-03-05 22:36:40,656 - train - INFO - Episode 29200/60000 | Reward: -1.93 | Length: 11.00 | Loss: 0.0000
2025-03-05 22:36:43,401 - train - INFO - Episode 29300/60000 | Reward: -1.25 | Length: 10.78 | Loss: 0.0000
2025-03-05 22:36:45,609 - train - INFO - Episode 29400/60000 | Reward: -1.62 | Length: 10.88 | Loss: 0.0000
2025-03-05 22:36:47,964 - train - INFO - Episode 29500/60000 | Reward: -2.09 | Length: 10.84 | Loss: 0.0000
2025-03-05 22:36:59,678 - train - INFO - Evaluation at episode 29500: -5.00 reward, Win rate: 0.47
2025-03-05 22:37:01,691 - train - INFO - Episode 29600/60000 | Reward: -1.05 | Length: 10.59 | Loss: 0.0000
2025-03-05 22:37:04,039 - train - INFO - Episode 29700/60000 | Reward: -1.12 | Length: 10.75 | Loss: 0.0000
2025-03-05 22:37:06,558 - train - INFO - Episode 29800/60000 | Reward: -1.62 | Length: 10.74 | Loss: 0.0000
2025-03-05 22:37:09,129 - train - INFO - Episode 29900/60000 | Reward: -1.76 | Length: 11.07 | Loss: 0.0000
2025-03-05 22:37:11,670 - train - INFO - Episode 30000/60000 | Reward: -1.47 | Length: 11.14 | Loss: 0.0000
2025-03-05 22:37:23,012 - train - INFO - Evaluation at episode 30000: 5.00 reward, Win rate: 0.60
2025-03-05 22:37:25,262 - train - INFO - Episode 30100/60000 | Reward: -2.20 | Length: 10.77 | Loss: 0.0000
2025-03-05 22:37:27,770 - train - INFO - Episode 30200/60000 | Reward: -1.74 | Length: 10.94 | Loss: 0.0000
2025-03-05 22:37:29,839 - train - INFO - Episode 30300/60000 | Reward: -1.25 | Length: 10.60 | Loss: 0.0000
2025-03-05 22:37:32,229 - train - INFO - Episode 30400/60000 | Reward: -1.26 | Length: 10.41 | Loss: 0.0000
2025-03-05 22:37:34,450 - train - INFO - Episode 30500/60000 | Reward: -1.42 | Length: 11.41 | Loss: 0.0000
2025-03-05 22:37:45,898 - train - INFO - Evaluation at episode 30500: -5.00 reward, Win rate: 0.27
2025-03-05 22:37:48,332 - train - INFO - Episode 30600/60000 | Reward: -1.79 | Length: 11.01 | Loss: 0.0000
2025-03-05 22:37:50,290 - train - INFO - Episode 30700/60000 | Reward: -1.55 | Length: 10.74 | Loss: 0.0000
2025-03-05 22:37:52,625 - train - INFO - Episode 30800/60000 | Reward: -0.99 | Length: 11.04 | Loss: 0.0000
2025-03-05 22:37:54,706 - train - INFO - Episode 30900/60000 | Reward: -1.67 | Length: 10.66 | Loss: 0.0000
2025-03-05 22:37:57,214 - train - INFO - Episode 31000/60000 | Reward: -0.88 | Length: 11.52 | Loss: 0.0000
2025-03-05 22:38:08,690 - train - INFO - Evaluation at episode 31000: 3.00 reward, Win rate: 0.43
2025-03-05 22:38:10,896 - train - INFO - Episode 31100/60000 | Reward: -1.66 | Length: 10.70 | Loss: 0.0000
2025-03-05 22:38:13,467 - train - INFO - Episode 31200/60000 | Reward: -1.76 | Length: 11.00 | Loss: 0.0000
2025-03-05 22:38:15,974 - train - INFO - Episode 31300/60000 | Reward: -1.66 | Length: 10.65 | Loss: 0.0000
2025-03-05 22:38:18,788 - train - INFO - Episode 31400/60000 | Reward: -1.94 | Length: 10.82 | Loss: 0.0000
2025-03-05 22:38:21,421 - train - INFO - Episode 31500/60000 | Reward: -1.38 | Length: 11.37 | Loss: 0.0000
2025-03-05 22:38:33,235 - train - INFO - Evaluation at episode 31500: 4.00 reward, Win rate: 0.53
2025-03-05 22:38:35,683 - train - INFO - Episode 31600/60000 | Reward: -1.08 | Length: 11.16 | Loss: 0.0000
2025-03-05 22:38:38,193 - train - INFO - Episode 31700/60000 | Reward: -2.66 | Length: 10.86 | Loss: 0.0000
2025-03-05 22:38:40,306 - train - INFO - Episode 31800/60000 | Reward: -1.61 | Length: 10.81 | Loss: 0.0000
2025-03-05 22:38:42,869 - train - INFO - Episode 31900/60000 | Reward: -1.05 | Length: 11.03 | Loss: 0.0000
2025-03-05 22:38:45,137 - train - INFO - Episode 32000/60000 | Reward: -1.92 | Length: 10.65 | Loss: 0.0000
2025-03-05 22:38:57,662 - train - INFO - Evaluation at episode 32000: 1.00 reward, Win rate: 0.60
2025-03-05 22:39:00,242 - train - INFO - Episode 32100/60000 | Reward: -0.88 | Length: 11.25 | Loss: 0.0000
2025-03-05 22:39:02,616 - train - INFO - Episode 32200/60000 | Reward: -1.79 | Length: 10.96 | Loss: 0.0000
2025-03-05 22:39:05,293 - train - INFO - Episode 32300/60000 | Reward: -1.28 | Length: 10.69 | Loss: 0.0000
2025-03-05 22:39:07,652 - train - INFO - Episode 32400/60000 | Reward: -0.71 | Length: 11.42 | Loss: 0.0000
2025-03-05 22:39:10,433 - train - INFO - Episode 32500/60000 | Reward: -1.44 | Length: 11.07 | Loss: 0.0000
2025-03-05 22:39:21,501 - train - INFO - Evaluation at episode 32500: 4.00 reward, Win rate: 0.57
2025-03-05 22:39:23,984 - train - INFO - Episode 32600/60000 | Reward: -1.48 | Length: 11.39 | Loss: 0.0000
2025-03-05 22:39:26,843 - train - INFO - Episode 32700/60000 | Reward: -1.49 | Length: 11.21 | Loss: 0.0000
2025-03-05 22:39:29,364 - train - INFO - Episode 32800/60000 | Reward: -1.20 | Length: 10.91 | Loss: 0.0000
2025-03-05 22:39:31,563 - train - INFO - Episode 32900/60000 | Reward: -1.77 | Length: 10.98 | Loss: 0.0000
2025-03-05 22:39:34,127 - train - INFO - Episode 33000/60000 | Reward: -1.68 | Length: 10.86 | Loss: 0.0000
2025-03-05 22:39:45,517 - train - INFO - Evaluation at episode 33000: -5.00 reward, Win rate: 0.47
2025-03-05 22:39:47,824 - train - INFO - Episode 33100/60000 | Reward: -1.60 | Length: 11.04 | Loss: 0.0000
2025-03-05 22:39:50,255 - train - INFO - Episode 33200/60000 | Reward: -1.35 | Length: 10.51 | Loss: 0.0000
2025-03-05 22:39:52,458 - train - INFO - Episode 33300/60000 | Reward: -1.17 | Length: 11.33 | Loss: 0.0000
2025-03-05 22:39:54,920 - train - INFO - Episode 33400/60000 | Reward: -0.99 | Length: 10.83 | Loss: 0.0000
2025-03-05 22:39:57,119 - train - INFO - Episode 33500/60000 | Reward: -1.74 | Length: 11.11 | Loss: 0.0000
2025-03-05 22:40:08,712 - train - INFO - Evaluation at episode 33500: 1.00 reward, Win rate: 0.63
2025-03-05 22:40:08,721 - train - INFO - New best model with win rate 0.63 saved to new_results/curriculum_learning/ppo_5dice_2person\ppo_standard_2p5d_20250305_173542\checkpoints\level_9_optimal\best_model_episode_33500
2025-03-05 22:40:11,020 - train - INFO - Episode 33600/60000 | Reward: -1.40 | Length: 10.88 | Loss: 0.0000
2025-03-05 22:40:13,509 - train - INFO - Episode 33700/60000 | Reward: -1.10 | Length: 11.08 | Loss: 0.0000
2025-03-05 22:40:17,482 - train - INFO - Episode 33800/60000 | Reward: -1.83 | Length: 11.08 | Loss: 0.0000
2025-03-05 22:40:20,922 - train - INFO - Episode 33900/60000 | Reward: -1.46 | Length: 10.85 | Loss: 0.0000
2025-03-05 22:40:23,877 - train - INFO - Episode 34000/60000 | Reward: -2.37 | Length: 10.16 | Loss: 0.0000
2025-03-05 22:40:40,716 - train - INFO - Evaluation at episode 34000: -5.00 reward, Win rate: 0.43
2025-03-05 22:40:43,932 - train - INFO - Episode 34100/60000 | Reward: -1.35 | Length: 10.88 | Loss: 0.0000
2025-03-05 22:40:47,246 - train - INFO - Episode 34200/60000 | Reward: -1.27 | Length: 11.07 | Loss: 0.0000
2025-03-05 22:40:49,170 - train - INFO - Episode 34300/60000 | Reward: -1.71 | Length: 10.42 | Loss: 0.0000
2025-03-05 22:40:51,427 - train - INFO - Episode 34400/60000 | Reward: -1.65 | Length: 10.89 | Loss: 0.0000
2025-03-05 22:40:53,716 - train - INFO - Episode 34500/60000 | Reward: -1.78 | Length: 10.70 | Loss: 0.0000
2025-03-05 22:41:04,781 - train - INFO - Evaluation at episode 34500: -5.00 reward, Win rate: 0.50
2025-03-05 22:41:07,134 - train - INFO - Episode 34600/60000 | Reward: -1.04 | Length: 10.71 | Loss: 0.0000
2025-03-05 22:41:09,646 - train - INFO - Episode 34700/60000 | Reward: -2.33 | Length: 10.62 | Loss: 0.0000
2025-03-05 22:41:11,831 - train - INFO - Episode 34800/60000 | Reward: -1.74 | Length: 10.59 | Loss: 0.0000
2025-03-05 22:41:14,319 - train - INFO - Episode 34900/60000 | Reward: -1.67 | Length: 10.74 | Loss: 0.0000
2025-03-05 22:41:16,544 - train - INFO - Episode 35000/60000 | Reward: -1.40 | Length: 11.08 | Loss: 0.0000
2025-03-05 22:41:28,542 - train - INFO - Evaluation at episode 35000: 1.00 reward, Win rate: 0.43
2025-03-05 22:41:31,133 - train - INFO - Episode 35100/60000 | Reward: -2.25 | Length: 11.02 | Loss: 0.0000
2025-03-05 22:41:33,333 - train - INFO - Episode 35200/60000 | Reward: -0.96 | Length: 10.75 | Loss: 0.0000
2025-03-05 22:41:35,924 - train - INFO - Episode 35300/60000 | Reward: -1.26 | Length: 11.20 | Loss: 0.0000
2025-03-05 22:41:38,286 - train - INFO - Episode 35400/60000 | Reward: -1.60 | Length: 11.43 | Loss: 0.0000
2025-03-05 22:41:40,751 - train - INFO - Episode 35500/60000 | Reward: -1.05 | Length: 10.88 | Loss: 0.0000
2025-03-05 22:41:51,829 - train - INFO - Evaluation at episode 35500: 5.00 reward, Win rate: 0.27
2025-03-05 22:41:54,226 - train - INFO - Episode 35600/60000 | Reward: -1.09 | Length: 10.95 | Loss: 0.0000
2025-03-05 22:41:56,633 - train - INFO - Episode 35700/60000 | Reward: -1.31 | Length: 10.86 | Loss: 0.0000
2025-03-05 22:41:58,783 - train - INFO - Episode 35800/60000 | Reward: -0.97 | Length: 10.39 | Loss: 0.0000
2025-03-05 22:42:01,145 - train - INFO - Episode 35900/60000 | Reward: -1.18 | Length: 10.59 | Loss: 0.0000
2025-03-05 22:42:03,361 - train - INFO - Episode 36000/60000 | Reward: -1.90 | Length: 10.74 | Loss: 0.0000
2025-03-05 22:42:14,929 - train - INFO - Evaluation at episode 36000: 3.00 reward, Win rate: 0.47
2025-03-05 22:42:17,523 - train - INFO - Episode 36100/60000 | Reward: -2.06 | Length: 11.06 | Loss: 0.0000
2025-03-05 22:42:20,161 - train - INFO - Episode 36200/60000 | Reward: -1.81 | Length: 10.78 | Loss: 0.0000
2025-03-05 22:42:22,395 - train - INFO - Episode 36300/60000 | Reward: -2.03 | Length: 10.76 | Loss: 0.0000
2025-03-05 22:42:25,004 - train - INFO - Episode 36400/60000 | Reward: -1.28 | Length: 10.79 | Loss: 0.0000
2025-03-05 22:42:27,246 - train - INFO - Episode 36500/60000 | Reward: -1.46 | Length: 11.16 | Loss: 0.0000
2025-03-05 22:42:38,654 - train - INFO - Evaluation at episode 36500: 2.00 reward, Win rate: 0.50
2025-03-05 22:42:41,240 - train - INFO - Episode 36600/60000 | Reward: -2.20 | Length: 11.08 | Loss: 0.0000
2025-03-05 22:42:43,508 - train - INFO - Episode 36700/60000 | Reward: -2.04 | Length: 11.24 | Loss: 0.0000
2025-03-05 22:42:46,015 - train - INFO - Episode 36800/60000 | Reward: -0.64 | Length: 10.95 | Loss: 0.0000
2025-03-05 22:42:48,429 - train - INFO - Episode 36900/60000 | Reward: -1.77 | Length: 10.56 | Loss: 0.0000
2025-03-05 22:42:50,996 - train - INFO - Episode 37000/60000 | Reward: -1.57 | Length: 10.93 | Loss: 0.0000
2025-03-05 22:43:02,156 - train - INFO - Evaluation at episode 37000: -5.00 reward, Win rate: 0.27
2025-03-05 22:43:04,581 - train - INFO - Episode 37100/60000 | Reward: -1.03 | Length: 11.17 | Loss: 0.0000
2025-03-05 22:43:07,030 - train - INFO - Episode 37200/60000 | Reward: -1.11 | Length: 10.72 | Loss: 0.0000
2025-03-05 22:43:09,274 - train - INFO - Episode 37300/60000 | Reward: -1.10 | Length: 10.85 | Loss: 0.0000
2025-03-05 22:43:11,730 - train - INFO - Episode 37400/60000 | Reward: -1.22 | Length: 10.84 | Loss: 0.0000
2025-03-05 22:43:13,956 - train - INFO - Episode 37500/60000 | Reward: -1.51 | Length: 10.53 | Loss: 0.0000
2025-03-05 22:43:25,285 - train - INFO - Evaluation at episode 37500: -5.00 reward, Win rate: 0.37
2025-03-05 22:43:27,736 - train - INFO - Episode 37600/60000 | Reward: -2.14 | Length: 10.94 | Loss: 0.0000
2025-03-05 22:43:30,297 - train - INFO - Episode 37700/60000 | Reward: -2.21 | Length: 10.94 | Loss: 0.0000
2025-03-05 22:43:32,424 - train - INFO - Episode 37800/60000 | Reward: -1.24 | Length: 10.61 | Loss: 0.0000
2025-03-05 22:43:34,992 - train - INFO - Episode 37900/60000 | Reward: -1.23 | Length: 10.85 | Loss: 0.0000
2025-03-05 22:43:37,093 - train - INFO - Episode 38000/60000 | Reward: -1.85 | Length: 10.53 | Loss: 0.0000
2025-03-05 22:43:48,466 - train - INFO - Evaluation at episode 38000: -5.00 reward, Win rate: 0.33
2025-03-05 22:43:51,225 - train - INFO - Episode 38100/60000 | Reward: -1.68 | Length: 10.61 | Loss: 0.0000
2025-03-05 22:43:53,428 - train - INFO - Episode 38200/60000 | Reward: -1.86 | Length: 11.01 | Loss: 0.0000
2025-03-05 22:43:55,751 - train - INFO - Episode 38300/60000 | Reward: -1.63 | Length: 10.64 | Loss: 0.0000
2025-03-05 22:43:57,752 - train - INFO - Episode 38400/60000 | Reward: -2.34 | Length: 10.37 | Loss: 0.0000
2025-03-05 22:44:00,133 - train - INFO - Episode 38500/60000 | Reward: -2.49 | Length: 10.73 | Loss: 0.0000
2025-03-05 22:44:11,131 - train - INFO - Evaluation at episode 38500: 5.00 reward, Win rate: 0.77
2025-03-05 22:44:11,139 - train - INFO - New best model with win rate 0.77 saved to new_results/curriculum_learning/ppo_5dice_2person\ppo_standard_2p5d_20250305_173542\checkpoints\level_9_optimal\best_model_episode_38500
2025-03-05 22:44:13,477 - train - INFO - Episode 38600/60000 | Reward: -1.27 | Length: 10.60 | Loss: 0.0000
2025-03-05 22:44:16,237 - train - INFO - Episode 38700/60000 | Reward: -1.67 | Length: 10.58 | Loss: 0.0000
2025-03-05 22:44:18,500 - train - INFO - Episode 38800/60000 | Reward: -1.40 | Length: 10.94 | Loss: 0.0000
2025-03-05 22:44:21,160 - train - INFO - Episode 38900/60000 | Reward: -1.69 | Length: 10.91 | Loss: 0.0000
2025-03-05 22:44:23,352 - train - INFO - Episode 39000/60000 | Reward: -1.77 | Length: 11.00 | Loss: 0.0000
2025-03-05 22:44:35,517 - train - INFO - Evaluation at episode 39000: -5.00 reward, Win rate: 0.53
2025-03-05 22:44:38,915 - train - INFO - Episode 39100/60000 | Reward: -1.66 | Length: 11.20 | Loss: 0.0000
2025-03-05 22:44:41,436 - train - INFO - Episode 39200/60000 | Reward: -1.37 | Length: 10.65 | Loss: 0.0000
2025-03-05 22:44:43,981 - train - INFO - Episode 39300/60000 | Reward: -1.41 | Length: 10.59 | Loss: 0.0000
2025-03-05 22:44:46,387 - train - INFO - Episode 39400/60000 | Reward: -1.37 | Length: 11.05 | Loss: 0.0000
2025-03-05 22:44:48,911 - train - INFO - Episode 39500/60000 | Reward: -2.11 | Length: 10.64 | Loss: 0.0000
2025-03-05 22:45:01,908 - train - INFO - Evaluation at episode 39500: 5.00 reward, Win rate: 0.37
2025-03-05 22:45:04,869 - train - INFO - Episode 39600/60000 | Reward: -1.39 | Length: 11.06 | Loss: 0.0000
2025-03-05 22:45:07,392 - train - INFO - Episode 39700/60000 | Reward: -2.56 | Length: 10.69 | Loss: 0.0000
2025-03-05 22:45:10,151 - train - INFO - Episode 39800/60000 | Reward: -1.30 | Length: 10.91 | Loss: 0.0000
2025-03-05 22:45:12,606 - train - INFO - Episode 39900/60000 | Reward: -1.40 | Length: 10.60 | Loss: 0.0000
2025-03-05 22:45:15,205 - train - INFO - Episode 40000/60000 | Reward: -1.17 | Length: 11.02 | Loss: 0.0000
2025-03-05 22:45:27,353 - train - INFO - Evaluation at episode 40000: -5.00 reward, Win rate: 0.33
2025-03-05 22:45:29,807 - train - INFO - Episode 40100/60000 | Reward: -2.30 | Length: 10.69 | Loss: 0.0000
2025-03-05 22:45:32,517 - train - INFO - Episode 40200/60000 | Reward: -1.68 | Length: 10.96 | Loss: 0.0000
2025-03-05 22:45:35,198 - train - INFO - Episode 40300/60000 | Reward: -0.95 | Length: 11.36 | Loss: 0.0000
2025-03-05 22:45:38,133 - train - INFO - Episode 40400/60000 | Reward: -1.75 | Length: 10.73 | Loss: 0.0000
2025-03-05 22:45:40,253 - train - INFO - Episode 40500/60000 | Reward: -1.78 | Length: 11.25 | Loss: 0.0000
2025-03-05 22:45:52,188 - train - INFO - Evaluation at episode 40500: 4.00 reward, Win rate: 0.40
2025-03-05 22:45:54,819 - train - INFO - Episode 40600/60000 | Reward: -1.70 | Length: 11.18 | Loss: 0.0000
2025-03-05 22:45:57,176 - train - INFO - Episode 40700/60000 | Reward: -1.31 | Length: 11.17 | Loss: 0.0000
2025-03-05 22:45:59,939 - train - INFO - Episode 40800/60000 | Reward: -1.41 | Length: 10.80 | Loss: 0.0000
2025-03-05 22:46:02,695 - train - INFO - Episode 40900/60000 | Reward: -1.70 | Length: 10.48 | Loss: 0.0000
2025-03-05 22:46:06,560 - train - INFO - Episode 41000/60000 | Reward: -1.02 | Length: 11.35 | Loss: 0.0000
2025-03-05 22:46:19,621 - train - INFO - Evaluation at episode 41000: -5.00 reward, Win rate: 0.37
2025-03-05 22:46:22,529 - train - INFO - Episode 41100/60000 | Reward: -1.57 | Length: 10.85 | Loss: 0.0000
2025-03-05 22:46:24,784 - train - INFO - Episode 41200/60000 | Reward: -1.62 | Length: 10.89 | Loss: 0.0000
2025-03-05 22:46:27,329 - train - INFO - Episode 41300/60000 | Reward: -1.30 | Length: 10.74 | Loss: 0.0000
2025-03-05 22:46:29,457 - train - INFO - Episode 41400/60000 | Reward: -1.65 | Length: 10.51 | Loss: 0.0000
2025-03-05 22:46:32,066 - train - INFO - Episode 41500/60000 | Reward: -0.78 | Length: 10.72 | Loss: 0.0000
2025-03-05 22:46:43,708 - train - INFO - Evaluation at episode 41500: -5.00 reward, Win rate: 0.37
2025-03-05 22:46:46,133 - train - INFO - Episode 41600/60000 | Reward: -1.27 | Length: 10.72 | Loss: 0.0000
2025-03-05 22:46:48,745 - train - INFO - Episode 41700/60000 | Reward: -0.78 | Length: 11.09 | Loss: 0.0000
2025-03-05 22:46:51,104 - train - INFO - Episode 41800/60000 | Reward: -0.33 | Length: 10.92 | Loss: 0.0000
2025-03-05 22:46:53,692 - train - INFO - Episode 41900/60000 | Reward: -1.84 | Length: 11.02 | Loss: 0.0000
2025-03-05 22:46:55,897 - train - INFO - Episode 42000/60000 | Reward: -1.62 | Length: 10.89 | Loss: 0.0000
2025-03-05 22:47:07,415 - train - INFO - Evaluation at episode 42000: -5.00 reward, Win rate: 0.40
2025-03-05 22:47:09,798 - train - INFO - Episode 42100/60000 | Reward: -1.33 | Length: 11.01 | Loss: 0.0000
2025-03-05 22:47:11,917 - train - INFO - Episode 42200/60000 | Reward: -1.85 | Length: 10.88 | Loss: 0.0000
2025-03-05 22:47:14,230 - train - INFO - Episode 42300/60000 | Reward: -1.51 | Length: 10.79 | Loss: 0.0000
2025-03-05 22:47:16,375 - train - INFO - Episode 42400/60000 | Reward: -1.31 | Length: 10.84 | Loss: 0.0000
2025-03-05 22:47:18,989 - train - INFO - Episode 42500/60000 | Reward: -0.99 | Length: 11.08 | Loss: 0.0000
2025-03-05 22:47:30,421 - train - INFO - Evaluation at episode 42500: -5.00 reward, Win rate: 0.47
2025-03-05 22:47:32,537 - train - INFO - Episode 42600/60000 | Reward: -1.39 | Length: 10.82 | Loss: 0.0000
2025-03-05 22:47:34,895 - train - INFO - Episode 42700/60000 | Reward: -1.18 | Length: 10.92 | Loss: 0.0000
2025-03-05 22:47:37,431 - train - INFO - Episode 42800/60000 | Reward: -1.19 | Length: 10.84 | Loss: 0.0000
2025-03-05 22:47:39,557 - train - INFO - Episode 42900/60000 | Reward: -2.43 | Length: 11.02 | Loss: 0.0000
2025-03-05 22:47:42,080 - train - INFO - Episode 43000/60000 | Reward: -2.11 | Length: 11.20 | Loss: 0.0000
2025-03-05 22:47:53,043 - train - INFO - Evaluation at episode 43000: -5.00 reward, Win rate: 0.50
2025-03-05 22:47:55,387 - train - INFO - Episode 43100/60000 | Reward: -1.44 | Length: 10.81 | Loss: 0.0000
2025-03-05 22:47:57,990 - train - INFO - Episode 43200/60000 | Reward: -1.08 | Length: 11.13 | Loss: 0.0000
2025-03-05 22:48:00,152 - train - INFO - Episode 43300/60000 | Reward: -1.93 | Length: 10.96 | Loss: 0.0000
2025-03-05 22:48:02,592 - train - INFO - Episode 43400/60000 | Reward: -1.65 | Length: 10.71 | Loss: 0.0000
2025-03-05 22:48:04,703 - train - INFO - Episode 43500/60000 | Reward: -1.89 | Length: 10.36 | Loss: 0.0000
2025-03-05 22:48:16,183 - train - INFO - Evaluation at episode 43500: 4.00 reward, Win rate: 0.57
2025-03-05 22:48:18,586 - train - INFO - Episode 43600/60000 | Reward: -1.56 | Length: 10.49 | Loss: 0.0000
2025-03-05 22:48:20,691 - train - INFO - Episode 43700/60000 | Reward: -1.03 | Length: 10.59 | Loss: 0.0000
2025-03-05 22:48:23,103 - train - INFO - Episode 43800/60000 | Reward: -1.56 | Length: 10.72 | Loss: 0.0000
2025-03-05 22:48:25,273 - train - INFO - Episode 43900/60000 | Reward: -1.47 | Length: 10.88 | Loss: 0.0000
2025-03-05 22:48:27,653 - train - INFO - Episode 44000/60000 | Reward: -1.47 | Length: 10.80 | Loss: 0.0000
2025-03-05 22:48:39,009 - train - INFO - Evaluation at episode 44000: 2.00 reward, Win rate: 0.53
2025-03-05 22:48:41,257 - train - INFO - Episode 44100/60000 | Reward: -2.03 | Length: 10.70 | Loss: 0.0000
2025-03-05 22:48:43,650 - train - INFO - Episode 44200/60000 | Reward: -1.80 | Length: 10.78 | Loss: 0.0000
2025-03-05 22:48:45,908 - train - INFO - Episode 44300/60000 | Reward: -0.89 | Length: 10.96 | Loss: 0.0000
2025-03-05 22:48:48,405 - train - INFO - Episode 44400/60000 | Reward: -1.38 | Length: 10.80 | Loss: 0.0000
2025-03-05 22:48:50,672 - train - INFO - Episode 44500/60000 | Reward: -1.27 | Length: 10.69 | Loss: 0.0000
2025-03-05 22:49:01,895 - train - INFO - Evaluation at episode 44500: -5.00 reward, Win rate: 0.47
2025-03-05 22:49:04,319 - train - INFO - Episode 44600/60000 | Reward: -1.64 | Length: 10.89 | Loss: 0.0000
2025-03-05 22:49:06,860 - train - INFO - Episode 44700/60000 | Reward: -1.33 | Length: 11.26 | Loss: 0.0000
2025-03-05 22:49:09,079 - train - INFO - Episode 44800/60000 | Reward: -1.83 | Length: 11.10 | Loss: 0.0000
2025-03-05 22:49:11,561 - train - INFO - Episode 44900/60000 | Reward: -1.96 | Length: 10.94 | Loss: 0.0000
2025-03-05 22:49:13,622 - train - INFO - Episode 45000/60000 | Reward: -1.84 | Length: 10.41 | Loss: 0.0000
2025-03-05 22:49:25,481 - train - INFO - Evaluation at episode 45000: -5.00 reward, Win rate: 0.40
2025-03-05 22:49:28,063 - train - INFO - Episode 45100/60000 | Reward: -1.35 | Length: 10.69 | Loss: 0.0000
2025-03-05 22:49:30,276 - train - INFO - Episode 45200/60000 | Reward: -1.73 | Length: 10.80 | Loss: 0.0000
2025-03-05 22:49:32,825 - train - INFO - Episode 45300/60000 | Reward: -0.69 | Length: 10.88 | Loss: 0.0000
2025-03-05 22:49:35,091 - train - INFO - Episode 45400/60000 | Reward: -1.14 | Length: 10.82 | Loss: 0.0000
2025-03-05 22:49:37,656 - train - INFO - Episode 45500/60000 | Reward: -1.31 | Length: 10.73 | Loss: 0.0000
2025-03-05 22:49:49,211 - train - INFO - Evaluation at episode 45500: -5.00 reward, Win rate: 0.37
2025-03-05 22:49:51,635 - train - INFO - Episode 45600/60000 | Reward: -2.11 | Length: 10.92 | Loss: 0.0000
2025-03-05 22:49:54,104 - train - INFO - Episode 45700/60000 | Reward: -2.07 | Length: 10.94 | Loss: 0.0000
2025-03-05 22:49:56,201 - train - INFO - Episode 45800/60000 | Reward: -1.38 | Length: 10.42 | Loss: 0.0000
2025-03-05 22:49:58,676 - train - INFO - Episode 45900/60000 | Reward: -1.32 | Length: 10.95 | Loss: 0.0000
2025-03-05 22:50:00,893 - train - INFO - Episode 46000/60000 | Reward: -1.41 | Length: 10.82 | Loss: 0.0000
2025-03-05 22:50:12,505 - train - INFO - Evaluation at episode 46000: -5.00 reward, Win rate: 0.43
2025-03-05 22:50:14,880 - train - INFO - Episode 46100/60000 | Reward: -1.71 | Length: 10.89 | Loss: 0.0000
2025-03-05 22:50:17,014 - train - INFO - Episode 46200/60000 | Reward: -2.17 | Length: 10.48 | Loss: 0.0000
2025-03-05 22:50:19,411 - train - INFO - Episode 46300/60000 | Reward: -1.79 | Length: 10.81 | Loss: 0.0000
2025-03-05 22:50:21,819 - train - INFO - Episode 46400/60000 | Reward: -1.80 | Length: 10.35 | Loss: 0.0000
2025-03-05 22:50:23,934 - train - INFO - Episode 46500/60000 | Reward: -1.19 | Length: 10.87 | Loss: 0.0000
2025-03-05 22:50:35,129 - train - INFO - Evaluation at episode 46500: -5.00 reward, Win rate: 0.40
2025-03-05 22:50:37,678 - train - INFO - Episode 46600/60000 | Reward: -0.94 | Length: 10.64 | Loss: 0.0000
2025-03-05 22:50:40,061 - train - INFO - Episode 46700/60000 | Reward: -0.97 | Length: 11.13 | Loss: 0.0000
2025-03-05 22:50:42,351 - train - INFO - Episode 46800/60000 | Reward: -2.48 | Length: 10.58 | Loss: 0.0000
2025-03-05 22:50:44,463 - train - INFO - Episode 46900/60000 | Reward: -0.77 | Length: 10.91 | Loss: 0.0000
2025-03-05 22:50:46,964 - train - INFO - Episode 47000/60000 | Reward: -1.69 | Length: 10.87 | Loss: 0.0000
2025-03-05 22:50:58,475 - train - INFO - Evaluation at episode 47000: 2.00 reward, Win rate: 0.57
2025-03-05 22:51:00,853 - train - INFO - Episode 47100/60000 | Reward: -1.47 | Length: 10.97 | Loss: 0.0000
2025-03-05 22:51:03,451 - train - INFO - Episode 47200/60000 | Reward: -0.97 | Length: 10.66 | Loss: 0.0000
2025-03-05 22:51:05,880 - train - INFO - Episode 47300/60000 | Reward: -1.72 | Length: 11.01 | Loss: 0.0000
2025-03-05 22:51:08,519 - train - INFO - Episode 47400/60000 | Reward: -1.09 | Length: 11.16 | Loss: 0.0000
2025-03-05 22:51:10,703 - train - INFO - Episode 47500/60000 | Reward: -0.79 | Length: 10.92 | Loss: 0.0000
2025-03-05 22:51:22,368 - train - INFO - Evaluation at episode 47500: 2.00 reward, Win rate: 0.50
2025-03-05 22:51:24,876 - train - INFO - Episode 47600/60000 | Reward: -1.21 | Length: 11.19 | Loss: 0.0000
2025-03-05 22:51:27,128 - train - INFO - Episode 47700/60000 | Reward: -1.59 | Length: 10.84 | Loss: 0.0000
2025-03-05 22:51:29,613 - train - INFO - Episode 47800/60000 | Reward: -1.41 | Length: 10.91 | Loss: 0.0000
2025-03-05 22:51:31,879 - train - INFO - Episode 47900/60000 | Reward: -1.02 | Length: 10.99 | Loss: 0.0000
2025-03-05 22:51:34,416 - train - INFO - Episode 48000/60000 | Reward: -1.38 | Length: 11.10 | Loss: 0.0000
2025-03-05 22:51:46,961 - train - INFO - Evaluation at episode 48000: -5.00 reward, Win rate: 0.43
2025-03-05 22:51:49,303 - train - INFO - Episode 48100/60000 | Reward: -0.90 | Length: 10.88 | Loss: 0.0000
2025-03-05 22:51:51,340 - train - INFO - Episode 48200/60000 | Reward: -1.57 | Length: 11.25 | Loss: 0.0000
2025-03-05 22:51:53,678 - train - INFO - Episode 48300/60000 | Reward: -1.39 | Length: 10.87 | Loss: 0.0000
2025-03-05 22:51:55,808 - train - INFO - Episode 48400/60000 | Reward: -1.48 | Length: 11.08 | Loss: 0.0000
2025-03-05 22:51:58,250 - train - INFO - Episode 48500/60000 | Reward: -2.04 | Length: 10.83 | Loss: 0.0000
2025-03-05 22:52:10,007 - train - INFO - Evaluation at episode 48500: -5.00 reward, Win rate: 0.20
2025-03-05 22:52:12,264 - train - INFO - Episode 48600/60000 | Reward: -1.73 | Length: 10.67 | Loss: 0.0000
2025-03-05 22:52:14,674 - train - INFO - Episode 48700/60000 | Reward: -1.46 | Length: 10.64 | Loss: 0.0000
2025-03-05 22:52:16,889 - train - INFO - Episode 48800/60000 | Reward: -2.10 | Length: 11.24 | Loss: 0.0000
2025-03-05 22:52:19,341 - train - INFO - Episode 48900/60000 | Reward: -1.77 | Length: 11.15 | Loss: 0.0000
2025-03-05 22:52:21,546 - train - INFO - Episode 49000/60000 | Reward: -1.22 | Length: 11.03 | Loss: 0.0000
2025-03-05 22:52:32,644 - train - INFO - Evaluation at episode 49000: 3.00 reward, Win rate: 0.43
2025-03-05 22:52:35,008 - train - INFO - Episode 49100/60000 | Reward: -1.66 | Length: 10.99 | Loss: 0.0000
2025-03-05 22:52:37,107 - train - INFO - Episode 49200/60000 | Reward: -1.30 | Length: 10.53 | Loss: 0.0000
2025-03-05 22:52:39,462 - train - INFO - Episode 49300/60000 | Reward: -1.51 | Length: 10.90 | Loss: 0.0000
2025-03-05 22:52:41,634 - train - INFO - Episode 49400/60000 | Reward: -1.52 | Length: 10.64 | Loss: 0.0000
2025-03-05 22:52:43,927 - train - INFO - Episode 49500/60000 | Reward: -1.64 | Length: 10.46 | Loss: 0.0000
2025-03-05 22:52:54,965 - train - INFO - Evaluation at episode 49500: -5.00 reward, Win rate: 0.43
2025-03-05 22:52:57,538 - train - INFO - Episode 49600/60000 | Reward: -1.24 | Length: 11.03 | Loss: 0.0000
2025-03-05 22:52:59,690 - train - INFO - Episode 49700/60000 | Reward: -1.35 | Length: 10.97 | Loss: 0.0000
2025-03-05 22:53:02,166 - train - INFO - Episode 49800/60000 | Reward: -0.90 | Length: 10.90 | Loss: 0.0000
2025-03-05 22:53:04,418 - train - INFO - Episode 49900/60000 | Reward: -1.21 | Length: 11.36 | Loss: 0.0000
2025-03-05 22:53:06,890 - train - INFO - Episode 50000/60000 | Reward: -1.74 | Length: 10.74 | Loss: 0.0000
2025-03-05 22:53:06,960 - train - INFO - Saved checkpoint to new_results/curriculum_learning/ppo_5dice_2person\ppo_standard_2p5d_20250305_173542\checkpoints\level_9_optimal\agent_episode_50000
2025-03-05 22:53:18,419 - train - INFO - Evaluation at episode 50000: 3.00 reward, Win rate: 0.50
2025-03-05 22:53:20,892 - train - INFO - Episode 50100/60000 | Reward: -1.51 | Length: 11.47 | Loss: 0.0000
2025-03-05 22:53:23,279 - train - INFO - Episode 50200/60000 | Reward: -1.87 | Length: 10.61 | Loss: 0.0000
2025-03-05 22:53:25,506 - train - INFO - Episode 50300/60000 | Reward: -1.42 | Length: 11.16 | Loss: 0.0000
2025-03-05 22:53:27,894 - train - INFO - Episode 50400/60000 | Reward: -1.67 | Length: 10.82 | Loss: 0.0000
2025-03-05 22:53:30,038 - train - INFO - Episode 50500/60000 | Reward: -1.82 | Length: 10.61 | Loss: 0.0000
2025-03-05 22:53:41,584 - train - INFO - Evaluation at episode 50500: 4.00 reward, Win rate: 0.77
2025-03-05 22:53:44,043 - train - INFO - Episode 50600/60000 | Reward: -1.39 | Length: 11.09 | Loss: 0.0000
2025-03-05 22:53:46,244 - train - INFO - Episode 50700/60000 | Reward: -1.60 | Length: 10.84 | Loss: 0.0000
2025-03-05 22:53:48,566 - train - INFO - Episode 50800/60000 | Reward: -1.96 | Length: 10.60 | Loss: 0.0000
2025-03-05 22:53:50,713 - train - INFO - Episode 50900/60000 | Reward: -1.31 | Length: 10.43 | Loss: 0.0000
2025-03-05 22:53:53,098 - train - INFO - Episode 51000/60000 | Reward: -1.52 | Length: 10.94 | Loss: 0.0000
2025-03-05 22:54:04,813 - train - INFO - Evaluation at episode 51000: -5.00 reward, Win rate: 0.40
2025-03-05 22:54:07,429 - train - INFO - Episode 51100/60000 | Reward: -2.15 | Length: 10.56 | Loss: 0.0000
2025-03-05 22:54:09,544 - train - INFO - Episode 51200/60000 | Reward: -1.55 | Length: 10.83 | Loss: 0.0000
2025-03-05 22:54:11,948 - train - INFO - Episode 51300/60000 | Reward: -1.45 | Length: 10.47 | Loss: 0.0000
2025-03-05 22:54:13,998 - train - INFO - Episode 51400/60000 | Reward: -1.69 | Length: 10.68 | Loss: 0.0000
2025-03-05 22:54:16,452 - train - INFO - Episode 51500/60000 | Reward: -0.97 | Length: 10.79 | Loss: 0.0000
2025-03-05 22:54:27,452 - train - INFO - Evaluation at episode 51500: -5.00 reward, Win rate: 0.37
2025-03-05 22:54:29,722 - train - INFO - Episode 51600/60000 | Reward: -1.55 | Length: 11.07 | Loss: 0.0000
2025-03-05 22:54:32,175 - train - INFO - Episode 51700/60000 | Reward: -1.93 | Length: 10.93 | Loss: 0.0000
2025-03-05 22:54:34,273 - train - INFO - Episode 51800/60000 | Reward: -1.52 | Length: 10.77 | Loss: 0.0000
2025-03-05 22:54:36,739 - train - INFO - Episode 51900/60000 | Reward: -2.27 | Length: 10.74 | Loss: 0.0000
2025-03-05 22:54:38,815 - train - INFO - Episode 52000/60000 | Reward: -0.94 | Length: 10.56 | Loss: 0.0000
2025-03-05 22:54:50,472 - train - INFO - Evaluation at episode 52000: -5.00 reward, Win rate: 0.47
2025-03-05 22:54:52,858 - train - INFO - Episode 52100/60000 | Reward: -1.66 | Length: 10.41 | Loss: 0.0000
2025-03-05 22:54:55,086 - train - INFO - Episode 52200/60000 | Reward: -1.97 | Length: 11.18 | Loss: 0.0000
2025-03-05 22:54:57,493 - train - INFO - Episode 52300/60000 | Reward: -1.58 | Length: 10.81 | Loss: 0.0000
2025-03-05 22:54:59,708 - train - INFO - Episode 52400/60000 | Reward: -0.95 | Length: 10.95 | Loss: 0.0000
2025-03-05 22:55:02,176 - train - INFO - Episode 52500/60000 | Reward: -1.36 | Length: 11.13 | Loss: 0.0000
2025-03-05 22:55:13,687 - train - INFO - Evaluation at episode 52500: 5.00 reward, Win rate: 0.53
2025-03-05 22:55:15,919 - train - INFO - Episode 52600/60000 | Reward: -2.42 | Length: 10.65 | Loss: 0.0000
2025-03-05 22:55:18,252 - train - INFO - Episode 52700/60000 | Reward: -2.07 | Length: 10.56 | Loss: 0.0000
2025-03-05 22:55:20,480 - train - INFO - Episode 52800/60000 | Reward: -1.56 | Length: 10.93 | Loss: 0.0000
2025-03-05 22:55:22,807 - train - INFO - Episode 52900/60000 | Reward: -1.06 | Length: 10.73 | Loss: 0.0000
2025-03-05 22:55:25,359 - train - INFO - Episode 53000/60000 | Reward: -1.19 | Length: 11.16 | Loss: 0.0000
2025-03-05 22:55:36,628 - train - INFO - Evaluation at episode 53000: 4.00 reward, Win rate: 0.40
2025-03-05 22:55:38,910 - train - INFO - Episode 53100/60000 | Reward: -1.28 | Length: 10.90 | Loss: 0.0000
2025-03-05 22:55:41,411 - train - INFO - Episode 53200/60000 | Reward: -1.87 | Length: 10.67 | Loss: 0.0000
2025-03-05 22:55:43,520 - train - INFO - Episode 53300/60000 | Reward: -1.14 | Length: 10.90 | Loss: 0.0000
2025-03-05 22:55:46,048 - train - INFO - Episode 53400/60000 | Reward: -0.78 | Length: 10.83 | Loss: 0.0000
2025-03-05 22:55:48,246 - train - INFO - Episode 53500/60000 | Reward: -1.54 | Length: 10.87 | Loss: 0.0000
2025-03-05 22:55:59,473 - train - INFO - Evaluation at episode 53500: 3.00 reward, Win rate: 0.70
2025-03-05 22:56:01,935 - train - INFO - Episode 53600/60000 | Reward: -1.02 | Length: 10.84 | Loss: 0.0000
2025-03-05 22:56:04,054 - train - INFO - Episode 53700/60000 | Reward: -1.47 | Length: 10.91 | Loss: 0.0000
2025-03-05 22:56:06,546 - train - INFO - Episode 53800/60000 | Reward: -1.39 | Length: 10.68 | Loss: 0.0000
2025-03-05 22:56:08,673 - train - INFO - Episode 53900/60000 | Reward: -1.00 | Length: 10.63 | Loss: 0.0000
2025-03-05 22:56:11,158 - train - INFO - Episode 54000/60000 | Reward: -1.98 | Length: 10.54 | Loss: 0.0000
2025-03-05 22:56:22,335 - train - INFO - Evaluation at episode 54000: -5.00 reward, Win rate: 0.50
2025-03-05 22:56:24,584 - train - INFO - Episode 54100/60000 | Reward: -0.86 | Length: 11.05 | Loss: 0.0000
2025-03-05 22:56:26,943 - train - INFO - Episode 54200/60000 | Reward: -1.04 | Length: 10.57 | Loss: 0.0000
2025-03-05 22:56:29,324 - train - INFO - Episode 54300/60000 | Reward: -1.45 | Length: 10.77 | Loss: 0.0000
2025-03-05 22:56:31,764 - train - INFO - Episode 54400/60000 | Reward: -1.63 | Length: 10.30 | Loss: 0.0000
2025-03-05 22:56:33,989 - train - INFO - Episode 54500/60000 | Reward: -1.66 | Length: 10.97 | Loss: 0.0000
2025-03-05 22:56:45,137 - train - INFO - Evaluation at episode 54500: -5.00 reward, Win rate: 0.53
2025-03-05 22:56:47,986 - train - INFO - Episode 54600/60000 | Reward: -1.40 | Length: 10.72 | Loss: 0.0000
2025-03-05 22:56:50,160 - train - INFO - Episode 54700/60000 | Reward: -1.85 | Length: 10.72 | Loss: 0.0000
2025-03-05 22:56:52,444 - train - INFO - Episode 54800/60000 | Reward: -1.65 | Length: 10.35 | Loss: 0.0000
2025-03-05 22:56:54,532 - train - INFO - Episode 54900/60000 | Reward: -1.24 | Length: 10.33 | Loss: 0.0000
2025-03-05 22:56:56,819 - train - INFO - Episode 55000/60000 | Reward: -1.82 | Length: 10.55 | Loss: 0.0000
2025-03-05 22:57:08,043 - train - INFO - Evaluation at episode 55000: -5.00 reward, Win rate: 0.47
2025-03-05 22:57:10,583 - train - INFO - Episode 55100/60000 | Reward: -2.11 | Length: 11.07 | Loss: 0.0000
2025-03-05 22:57:12,614 - train - INFO - Episode 55200/60000 | Reward: -1.02 | Length: 10.58 | Loss: 0.0000
2025-03-05 22:57:15,068 - train - INFO - Episode 55300/60000 | Reward: -1.99 | Length: 10.78 | Loss: 0.0000
2025-03-05 22:57:17,158 - train - INFO - Episode 55400/60000 | Reward: -0.97 | Length: 10.81 | Loss: 0.0000
2025-03-05 22:57:19,654 - train - INFO - Episode 55500/60000 | Reward: -1.12 | Length: 10.85 | Loss: 0.0000
2025-03-05 22:57:31,172 - train - INFO - Evaluation at episode 55500: 2.00 reward, Win rate: 0.53
2025-03-05 22:57:33,522 - train - INFO - Episode 55600/60000 | Reward: -1.47 | Length: 11.06 | Loss: 0.0000
2025-03-05 22:57:36,056 - train - INFO - Episode 55700/60000 | Reward: -0.72 | Length: 10.95 | Loss: 0.0000
2025-03-05 22:57:38,204 - train - INFO - Episode 55800/60000 | Reward: -1.25 | Length: 10.69 | Loss: 0.0000
2025-03-05 22:57:40,644 - train - INFO - Episode 55900/60000 | Reward: -2.46 | Length: 10.85 | Loss: 0.0000
2025-03-05 22:57:42,820 - train - INFO - Episode 56000/60000 | Reward: -1.63 | Length: 10.83 | Loss: 0.0000
2025-03-05 22:57:54,342 - train - INFO - Evaluation at episode 56000: -5.00 reward, Win rate: 0.40
2025-03-05 22:57:56,812 - train - INFO - Episode 56100/60000 | Reward: -1.45 | Length: 10.73 | Loss: 0.0000
2025-03-05 22:57:58,945 - train - INFO - Episode 56200/60000 | Reward: -1.04 | Length: 10.49 | Loss: 0.0000
2025-03-05 22:58:01,490 - train - INFO - Episode 56300/60000 | Reward: -1.80 | Length: 11.33 | Loss: 0.0000
2025-03-05 22:58:03,710 - train - INFO - Episode 56400/60000 | Reward: -1.39 | Length: 10.86 | Loss: 0.0000
2025-03-05 22:58:06,368 - train - INFO - Episode 56500/60000 | Reward: -1.18 | Length: 10.94 | Loss: 0.0000
2025-03-05 22:58:18,203 - train - INFO - Evaluation at episode 56500: -5.00 reward, Win rate: 0.33
2025-03-05 22:58:20,413 - train - INFO - Episode 56600/60000 | Reward: -1.25 | Length: 10.93 | Loss: 0.0000
2025-03-05 22:58:22,771 - train - INFO - Episode 56700/60000 | Reward: -2.09 | Length: 10.81 | Loss: 0.0000
2025-03-05 22:58:25,223 - train - INFO - Episode 56800/60000 | Reward: -1.01 | Length: 10.62 | Loss: 0.0000
2025-03-05 22:58:27,311 - train - INFO - Episode 56900/60000 | Reward: -1.94 | Length: 10.91 | Loss: 0.0000
2025-03-05 22:58:29,780 - train - INFO - Episode 57000/60000 | Reward: -1.86 | Length: 11.00 | Loss: 0.0000
2025-03-05 22:58:41,065 - train - INFO - Evaluation at episode 57000: 4.00 reward, Win rate: 0.50
2025-03-05 22:58:43,316 - train - INFO - Episode 57100/60000 | Reward: -1.37 | Length: 10.84 | Loss: 0.0000
2025-03-05 22:58:45,725 - train - INFO - Episode 57200/60000 | Reward: -1.16 | Length: 10.48 | Loss: 0.0000
2025-03-05 22:58:47,933 - train - INFO - Episode 57300/60000 | Reward: -1.84 | Length: 11.01 | Loss: 0.0000
2025-03-05 22:58:50,520 - train - INFO - Episode 57400/60000 | Reward: -0.97 | Length: 11.12 | Loss: 0.0000
2025-03-05 22:58:52,709 - train - INFO - Episode 57500/60000 | Reward: -1.13 | Length: 10.85 | Loss: 0.0000
2025-03-05 22:59:04,687 - train - INFO - Evaluation at episode 57500: -5.00 reward, Win rate: 0.47
2025-03-05 22:59:07,559 - train - INFO - Episode 57600/60000 | Reward: -1.61 | Length: 11.16 | Loss: 0.0000
2025-03-05 22:59:09,803 - train - INFO - Episode 57700/60000 | Reward: -1.32 | Length: 10.83 | Loss: 0.0000
2025-03-05 22:59:12,232 - train - INFO - Episode 57800/60000 | Reward: -1.85 | Length: 10.52 | Loss: 0.0000
2025-03-05 22:59:14,410 - train - INFO - Episode 57900/60000 | Reward: -0.88 | Length: 10.76 | Loss: 0.0000
2025-03-05 22:59:16,858 - train - INFO - Episode 58000/60000 | Reward: -1.88 | Length: 10.86 | Loss: 0.0000
2025-03-05 22:59:28,458 - train - INFO - Evaluation at episode 58000: -5.00 reward, Win rate: 0.40
2025-03-05 22:59:30,811 - train - INFO - Episode 58100/60000 | Reward: -1.24 | Length: 10.84 | Loss: 0.0000
2025-03-05 22:59:33,260 - train - INFO - Episode 58200/60000 | Reward: -1.50 | Length: 10.94 | Loss: 0.0000
2025-03-05 22:59:35,541 - train - INFO - Episode 58300/60000 | Reward: -2.04 | Length: 11.06 | Loss: 0.0000
2025-03-05 22:59:37,959 - train - INFO - Episode 58400/60000 | Reward: -1.48 | Length: 10.99 | Loss: 0.0000
2025-03-05 22:59:40,488 - train - INFO - Episode 58500/60000 | Reward: -1.61 | Length: 10.72 | Loss: 0.0000
2025-03-05 22:59:51,662 - train - INFO - Evaluation at episode 58500: -5.00 reward, Win rate: 0.50
2025-03-05 22:59:53,969 - train - INFO - Episode 58600/60000 | Reward: -1.25 | Length: 11.23 | Loss: 0.0000
2025-03-05 22:59:56,439 - train - INFO - Episode 58700/60000 | Reward: -1.31 | Length: 10.73 | Loss: 0.0000
2025-03-05 22:59:58,528 - train - INFO - Episode 58800/60000 | Reward: -1.48 | Length: 10.58 | Loss: 0.0000
2025-03-05 23:00:00,961 - train - INFO - Episode 58900/60000 | Reward: -1.61 | Length: 10.69 | Loss: 0.0000
2025-03-05 23:00:03,052 - train - INFO - Episode 59000/60000 | Reward: -1.34 | Length: 10.65 | Loss: 0.0000
2025-03-05 23:00:14,482 - train - INFO - Evaluation at episode 59000: -5.00 reward, Win rate: 0.53
2025-03-05 23:00:16,921 - train - INFO - Episode 59100/60000 | Reward: -1.03 | Length: 10.71 | Loss: 0.0000
2025-03-05 23:00:19,105 - train - INFO - Episode 59200/60000 | Reward: -0.90 | Length: 10.84 | Loss: 0.0000
2025-03-05 23:00:21,583 - train - INFO - Episode 59300/60000 | Reward: -1.06 | Length: 10.81 | Loss: 0.0000
2025-03-05 23:00:23,774 - train - INFO - Episode 59400/60000 | Reward: -1.34 | Length: 10.75 | Loss: 0.0000
2025-03-05 23:00:26,224 - train - INFO - Episode 59500/60000 | Reward: -1.58 | Length: 10.55 | Loss: 0.0000
2025-03-05 23:00:37,838 - train - INFO - Evaluation at episode 59500: 2.00 reward, Win rate: 0.57
2025-03-05 23:00:40,233 - train - INFO - Episode 59600/60000 | Reward: -1.12 | Length: 11.04 | Loss: 0.0000
2025-03-05 23:00:42,677 - train - INFO - Episode 59700/60000 | Reward: -1.90 | Length: 10.74 | Loss: 0.0000
2025-03-05 23:00:44,957 - train - INFO - Episode 59800/60000 | Reward: -1.15 | Length: 11.04 | Loss: 0.0000
2025-03-05 23:00:47,396 - train - INFO - Episode 59900/60000 | Reward: -1.49 | Length: 10.89 | Loss: 0.0000
2025-03-05 23:00:49,743 - train - INFO - Episode 60000/60000 | Reward: -0.65 | Length: 11.29 | Loss: 0.0000
2025-03-05 23:01:01,750 - train - INFO - Evaluation at episode 60000: 3.00 reward, Win rate: 0.60
2025-03-05 23:01:01,751 - train - INFO - Training completed!
2025-03-05 23:01:01,751 - train - INFO - Loading best model with win rate 0.77 for final evaluation
2025-03-05 23:01:23,698 - train - INFO - Final evaluation: -1.40 reward
